[12:10:29] [GET] [NORMAL] (ID : 0) - /
[12:10:29] [GET] [NORMAL] (ID : 0) - /home
[12:10:36] [GET] [NORMAL] (ID : 0) - /my_space
[12:10:36] [GET] [NORMAL] (ID : 0) - /auth
[12:10:51] [GET] [NORMAL] (ID : 3) - /my_space
[12:11:15] [GET] [NORMAL] (ID : 3) - /setting
[12:11:31] [GET] [NORMAL] (ID : 3) - /my_space
[12:11:36] [GET] [NORMAL] (ID : 3) - /setting
[12:11:41] [GET] [NORMAL] (ID : 3) - /setting
[12:11:47] [GET] [NORMAL] (ID : 3) - /my_space
[12:11:54] [GET] [NORMAL] (ID : 3) - /setting
[12:12:07] [GET] [NORMAL] (ID : 3) - /setting
[12:12:23] [GET] [NORMAL] (ID : 3) - /my_space
[12:12:38] [GET] [NORMAL] (ID : 3) - /setting
[12:13:41] [GET] [NORMAL] (ID : 3) - /setting
[12:17:02] [GET] [NORMAL] (ID : 0) - /
[12:17:02] [GET] [NORMAL] (ID : 0) - /home
[12:17:06] [GET] [NORMAL] (ID : 0) - /my_space
[12:17:06] [GET] [NORMAL] (ID : 0) - /auth
[12:17:13] [GET] [NORMAL] (ID : 1) - /my_space
[12:17:36] [GET] [NORMAL] (ID : 1) - /setting
[12:17:50] [GET] [NORMAL] (ID : 1) - /setting
[12:18:01] [GET] [NORMAL] (ID : 1) - /setting
[12:18:16] [GET] [NORMAL] (ID : 1) - /setting
[12:18:48] [GET] [NORMAL] (ID : 1) - /setting
[12:19:02] [GET] [NORMAL] (ID : 1) - /setting
[12:19:14] [GET] [NORMAL] (ID : 1) - /setting
[12:19:26] [GET] [NORMAL] (ID : 1) - /setting
[12:19:44] [GET] [NORMAL] (ID : 1) - /setting
[12:20:21] [GET] [NORMAL] (ID : 1) - /setting
[12:20:30] [GET] [NORMAL] (ID : 1) - /setting
[12:20:45] [GET] [NORMAL] (ID : 1) - /setting
[12:21:13] [GET] [NORMAL] (ID : 1) - /setting
[12:21:29] [GET] [NORMAL] (ID : 1) - /setting
[12:21:47] [GET] [NORMAL] (ID : 1) - /setting
[12:22:03] [GET] [NORMAL] (ID : 1) - /setting
[12:22:44] [GET] [NORMAL] (ID : 1) - /setting
[12:22:59] [GET] [NORMAL] (ID : 1) - /setting
[12:23:29] [GET] [NORMAL] (ID : 1) - /setting
[12:23:54] [GET] [NORMAL] (ID : 1) - /setting
[12:24:06] [GET] [NORMAL] (ID : 1) - /setting
[12:24:26] [GET] [NORMAL] (ID : 1) - /setting
[12:24:33] [GET] [NORMAL] (ID : 1) - /setting
[12:24:55] [GET] [NORMAL] (ID : 1) - /setting
[12:25:20] [GET] [NORMAL] (ID : 1) - /setting
[12:25:36] [GET] [NORMAL] (ID : 1) - /setting
[12:26:38] [GET] [NORMAL] (ID : 1) - /setting
[12:27:04] [GET] [NORMAL] (ID : 1) - /setting
[12:27:31] [GET] [NORMAL] (ID : 1) - /setting
[12:28:11] [GET] [NORMAL] (ID : 1) - /setting
[12:31:54] [GET] [NORMAL] (ID : 3) - /
[12:31:54] [GET] [NORMAL] (ID : 3) - /home
[12:32:09] [GET] [NORMAL] (ID : 1) - /setting
[12:39:05] [GET] [NORMAL] (ID : 1) - /setting
[12:39:09] [POST] [NORMAL] (ID : 1) - /change_privacy_mode
[12:39:19] [GET] [NORMAL] (ID : 1) - /setting
[12:39:52] [GET] [NORMAL] (ID : 1) - /setting
[12:41:15] [GET] [NORMAL] (ID : 1) - /setting
[12:43:24] [GET] [NORMAL] (ID : 1) - /setting
[12:43:30] [GET] [NORMAL] (ID : 1) - /setting
[12:43:33] [GET] [NORMAL] (ID : 1) - /setting
[12:45:01] [GET] [NORMAL] (ID : 1) - /my_space
[12:49:50] [GET] [NORMAL] (ID : 1) - /my_space
[12:50:12] [GET] [NORMAL] (ID : 1) - /setting
[12:50:49] [GET] [NORMAL] (ID : 0) - /home
[12:50:52] [GET] [NORMAL] (ID : 0) - /cloud
[12:50:52] [GET] [NORMAL] (ID : 0) - /auth
[12:51:03] [GET] [NORMAL] (ID : 0) - /cloud
[12:51:03] [GET] [NORMAL] (ID : 0) - /auth
[12:51:09] [GET] [NORMAL] (ID : 1) - /cloud
[12:51:12] [GET] [NORMAL] (ID : 1) - /my_space
[12:53:36] [GET] [NORMAL] (ID : 1) - /my_space
[12:53:50] [GET] [NORMAL] (ID : 1) - /my_space
[12:54:09] [GET] [NORMAL] (ID : 1) - /my_space
[12:54:43] [GET] [NORMAL] (ID : 1) - /my_space
[12:54:52] [GET] [NORMAL] (ID : 1) - /my_space
[12:55:28] [GET] [NORMAL] (ID : 1) - /my_space
[12:55:53] [GET] [NORMAL] (ID : 1) - /my_space
[12:56:32] [GET] [NORMAL] (ID : 1) - /my_space
[12:56:38] [GET] [NORMAL] (ID : 1) - /my_space
[12:56:44] [GET] [NORMAL] (ID : 1) - /setting
[12:57:59] [GET] [NORMAL] (ID : 1) - /setting
[12:58:04] [GET] [NORMAL] (ID : 1) - /setting
[12:58:15] [GET] [NORMAL] (ID : 1) - /setting
[12:58:47] [GET] [NORMAL] (ID : 1) - /setting
[12:59:03] [GET] [NORMAL] (ID : 1) - /setting
[12:59:28] [GET] [NORMAL] (ID : 1) - /setting
[12:59:44] [GET] [NORMAL] (ID : 1) - /setting
[12:59:50] [GET] [NORMAL] (ID : 1) - /notification
[12:59:53] [GET] [NORMAL] (ID : 1) - /my_space
[13:01:12] [GET] [NORMAL] (ID : 1) - /my_space
[13:01:17] [GET] [NORMAL] (ID : 1) - /setting
[13:01:25] [GET] [NORMAL] (ID : 1) - /home
[13:01:29] [GET] [NORMAL] (ID : 1) - /setting
[13:01:51] [GET] [NORMAL] (ID : 1) - /setting
[13:01:55] [GET] [NORMAL] (ID : 1) - /my_space
[13:02:06] [GET] [NORMAL] (ID : 1) - /setting
[13:02:24] [GET] [NORMAL] (ID : 1) - /setting
[13:02:41] [GET] [NORMAL] (ID : 0) - /
[13:02:41] [GET] [NORMAL] (ID : 0) - /home
[13:02:46] [GET] [NORMAL] (ID : 0) - /my_space
[13:02:46] [GET] [NORMAL] (ID : 0) - /auth
[13:03:04] [GET] [NORMAL] (ID : 2) - /my_space
[13:03:46] [GET] [NORMAL] (ID : 2) - /my_space
[13:04:02] [GET] [NORMAL] (ID : 2) - /my_space
[13:04:08] [GET] [NORMAL] (ID : 2) - /notification
[13:04:11] [GET] [NORMAL] (ID : 2) - /setting
[13:04:48] [GET] [NORMAL] (ID : 2) - /setting
[13:04:51] [GET] [NORMAL] (ID : 2) - /my_space
[16:59:27] [GET] [NORMAL] (ID : 1) - /
[16:59:27] [GET] [NORMAL] (ID : 1) - /home
[16:59:31] [GET] [NORMAL] (ID : 1) - /setting
[16:59:41] [GET] [NORMAL] (ID : 1) - /my_space
[16:59:53] [GET] [NORMAL] (ID : 1) - /setting
[17:00:33] [GET] [NORMAL] (ID : 1) - /setting
[17:00:36] [GET] [NORMAL] (ID : 1) - /my_space
[17:00:40] [GET] [NORMAL] (ID : 1) - /setting
[17:00:49] [GET] [NORMAL] (ID : 1) - /home
[17:00:53] [GET] [NORMAL] (ID : 1) - /setting
[17:02:56] [GET] [NORMAL] (ID : 1) - /setting
[17:04:02] [GET] [NORMAL] (ID : 1) - /setting
[17:04:27] [GET] [NORMAL] (ID : 1) - /setting
[17:04:59] [GET] [NORMAL] (ID : 1) - /setting
[17:05:10] [GET] [NORMAL] (ID : 1) - /setting
[17:08:32] [GET] [NORMAL] (ID : 1) - /setting
[17:08:39] [GET] [NORMAL] (ID : 1) - /my_space
[17:08:45] [GET] [NORMAL] (ID : 1) - /setting
[17:09:00] [GET] [NORMAL] (ID : 1) - /setting
[17:09:18] [GET] [NORMAL] (ID : 1) - /setting
[17:09:50] [GET] [NORMAL] (ID : 1) - /setting
[17:11:23] [GET] [NORMAL] (ID : 1) - /setting
[17:11:53] [GET] [NORMAL] (ID : 1) - /setting
[17:12:27] [GET] [NORMAL] (ID : 1) - /setting
[17:13:43] [GET] [NORMAL] (ID : 1) - /setting
[17:13:49] [GET] [NORMAL] (ID : 1) - /setting
[17:13:53] [GET] [NORMAL] (ID : 1) - /setting
[17:13:57] [GET] [NORMAL] (ID : 1) - /setting
[17:14:01] [GET] [NORMAL] (ID : 1) - /setting
[17:14:06] [GET] [NORMAL] (ID : 1) - /setting
[17:14:36] [GET] [NORMAL] (ID : 1) - /setting
[17:14:49] [GET] [NORMAL] (ID : 1) - /setting
[17:15:01] [GET] [NORMAL] (ID : 1) - /setting
[17:15:06] [GET] [NORMAL] (ID : 1) - /setting
[17:15:30] [GET] [NORMAL] (ID : 1) - /setting
[17:15:47] [GET] [NORMAL] (ID : 1) - /setting
[17:16:14] [GET] [NORMAL] (ID : 1) - /my_space
