[13:28:16] [GET] [NORMAL] (ID : 0) - /
[13:28:16] [GET] [NORMAL] (ID : 0) - /home
[13:28:20] [GET] [NORMAL] (ID : 0) - /my_space
[13:28:20] [GET] [NORMAL] (ID : 0) - /auth
[13:28:29] [GET] [NORMAL] (ID : 1) - /my_space
[13:28:33] [GET] [NORMAL] (ID : 1) - /notification
[13:28:44] [GET] [NORMAL] (ID : 1) - /friend
[13:28:51] [GET] [NORMAL] (ID : 1) - /user_space/feiherui
[13:29:02] [GET] [NORMAL] (ID : 1) - /notification
[13:29:23] [GET] [NORMAL] (ID : 0) - /
[13:29:23] [GET] [NORMAL] (ID : 0) - /home
[13:29:35] [GET] [NORMAL] (ID : 0) - /my_space
[13:29:35] [GET] [NORMAL] (ID : 0) - /auth
[13:29:45] [GET] [NORMAL] (ID : 4) - /my_space
[13:30:28] [GET] [NORMAL] (ID : 4) - /praise_list
[13:30:32] [GET] [NORMAL] (ID : 4) - /user_space/AprilQM
[13:30:53] [GET] [NORMAL] (ID : 4) - /praise_list
[13:31:00] [GET] [NORMAL] (ID : 4) - /my_space
[13:32:58] [GET] [NORMAL] (ID : 1) - /notification
[13:33:02] [GET] [NORMAL] (ID : 1) - /setting
[13:33:23] [GET] [NORMAL] (ID : 1) - /friend
[13:33:29] [GET] [NORMAL] (ID : 1) - /user_space/yueyan
[13:33:44] [GET] [NORMAL] (ID : 1) - /my_space
[13:33:49] [GET] [NORMAL] (ID : 1) - /praise_list
[13:34:26] [GET] [NORMAL] (ID : 1) - /my_space
[13:34:30] [GET] [NORMAL] (ID : 1) - /praise_list
[13:35:18] [GET] [NORMAL] (ID : 1) - /praise_list
[13:36:42] [GET] [NORMAL] (ID : 1) - /praise_list
[13:37:45] [GET] [NORMAL] (ID : 1) - /praise_list
[13:39:28] [GET] [NORMAL] (ID : 4) - /my_space
[13:39:39] [GET] [NORMAL] (ID : 4) - /my_space
[13:40:06] [GET] [NORMAL] (ID : 4) - /my_space
[13:40:45] [GET] [NORMAL] (ID : 1) - /praise_list
[13:40:49] [GET] [NORMAL] (ID : 1) - /home
[13:40:59] [GET] [NORMAL] (ID : 1) - /notification
[13:42:07] [GET] [NORMAL] (ID : 1) - /my_space
[13:42:13] [GET] [NORMAL] (ID : 1) - /praise_list
[13:42:16] [GET] [NORMAL] (ID : 1) - /user_space/feiherui
[13:42:26] [GET] [NORMAL] (ID : 4) - /
[13:42:26] [GET] [NORMAL] (ID : 4) - /home
[13:42:29] [GET] [NORMAL] (ID : 4) - /notification
[13:43:02] [GET] [NORMAL] (ID : 4) - /setting
[13:43:17] [GET] [NORMAL] (ID : 4) - /change_password
[13:43:20] [GET] [NORMAL] (ID : 4) - /setting
[13:43:23] [GET] [NORMAL] (ID : 4) - /home
[13:43:26] [GET] [NORMAL] (ID : 4) - /my_space
[13:44:10] [GET] [NORMAL] (ID : 1) - /user_space/feiherui
[13:44:13] [GET] [NORMAL] (ID : 1) - /notification
[13:44:21] [GET] [NORMAL] (ID : 1) - /user_space/feiherui
[13:44:23] [GET] [NORMAL] (ID : 1) - /user_space/feiherui
[13:44:25] [GET] [NORMAL] (ID : 1) - /notification
[13:44:27] [GET] [NORMAL] (ID : 4) - /my_space
[13:44:36] [GET] [NORMAL] (ID : 4) - /home
[13:44:38] [GET] [NORMAL] (ID : 4) - /forum
[13:44:40] [GET] [NORMAL] (ID : 4) - /friend
[13:44:57] [GET] [NORMAL] (ID : 4) - /user_space/AprilQM
[13:45:03] [GET] [NORMAL] (ID : 4) - /notification
[13:45:11] [GET] [NORMAL] (ID : 4) - /user_space/AprilQM
[13:45:22] [GET] [NORMAL] (ID : 4) - /user_space/AprilQM
[13:45:24] [GET] [NORMAL] (ID : 4) - /notification
[13:45:34] [GET] [NORMAL] (ID : 4) - /notification
[13:45:35] [GET] [NORMAL] (ID : 4) - /notification
[13:45:36] [GET] [NORMAL] (ID : 4) - /notification
[13:45:37] [GET] [NORMAL] (ID : 4) - /notification
[13:45:48] [GET] [NORMAL] (ID : 4) - /notification
[13:45:49] [GET] [NORMAL] (ID : 4) - /notification
[13:45:50] [GET] [NORMAL] (ID : 4) - /notification
[13:45:51] [GET] [NORMAL] (ID : 4) - /notification
[13:45:51] [GET] [NORMAL] (ID : 4) - /notification
[13:45:52] [GET] [NORMAL] (ID : 4) - /notification
[13:45:59] [GET] [NORMAL] (ID : 4) - /notification
[13:46:05] [GET] [NORMAL] (ID : 4) - /notification
[13:46:14] [GET] [NORMAL] (ID : 4) - /notification
[13:46:15] [GET] [NORMAL] (ID : 4) - /notification
[13:46:50] [GET] [NORMAL] (ID : 4) - /notification
[13:47:02] [GET] [NORMAL] (ID : 4) - /notification
[13:47:03] [GET] [NORMAL] (ID : 4) - /notification
[13:47:11] [GET] [NORMAL] (ID : 4) - /notification
[13:47:18] [GET] [NORMAL] (ID : 4) - /user_space/AprilQM
[13:47:34] [GET] [NORMAL] (ID : 4) - /notification
[13:48:00] [GET] [NORMAL] (ID : 4) - /notification
[13:48:04] [GET] [NORMAL] (ID : 4) - /user_space/AprilQM
[13:48:13] [GET] [NORMAL] (ID : 4) - /notification
[13:48:18] [GET] [NORMAL] (ID : 4) - /my_space
[13:49:13] [GET] [NORMAL] (ID : 4) - /my_space
[13:49:25] [GET] [NORMAL] (ID : 1) - /my_space
[13:49:28] [GET] [NORMAL] (ID : 1) - /praise_list
[13:49:28] [GET] [NORMAL] (ID : 4) - /setting
[13:49:31] [GET] [NORMAL] (ID : 1) - /user_space/feiherui
[13:49:37] [GET] [NORMAL] (ID : 1) - /user_space/feiherui
[13:49:44] [GET] [NORMAL] (ID : 1) - /my_space
[13:49:47] [GET] [NORMAL] (ID : 1) - /setting
[13:49:52] [GET] [NORMAL] (ID : 1) - /my_space
[13:49:55] [GET] [NORMAL] (ID : 1) - /praise_list
[13:49:57] [GET] [NORMAL] (ID : 1) - /user_space/feiherui
[13:50:01] [GET] [NORMAL] (ID : 1) - /user_space/feiherui
[13:50:04] [GET] [NORMAL] (ID : 1) - /user_space/feiherui
[13:50:19] [GET] [NORMAL] (ID : 1) - /notification
[13:50:45] [GET] [NORMAL] (ID : 1) - /user_space/feiherui
[13:50:54] [GET] [NORMAL] (ID : 1) - /user_space/feiherui
[13:50:56] [GET] [NORMAL] (ID : 1) - /user_space/feiherui
[13:50:59] [GET] [NORMAL] (ID : 4) - /home
[13:51:02] [GET] [NORMAL] (ID : 4) - /setting
[13:51:05] [GET] [NORMAL] (ID : 4) - /notification
[13:51:21] [GET] [NORMAL] (ID : 4) - /user_space/AprilQM
[13:51:25] [GET] [NORMAL] (ID : 4) - /my_space
[13:51:28] [GET] [NORMAL] (ID : 4) - /user_space/AprilQM
[13:51:29] [GET] [NORMAL] (ID : 4) - /user_space/AprilQM
[13:51:30] [GET] [NORMAL] (ID : 4) - /user_space/AprilQM
[13:51:31] [GET] [NORMAL] (ID : 4) - /user_space/AprilQM
[13:51:31] [GET] [NORMAL] (ID : 4) - /user_space/AprilQM
[13:51:39] [GET] [NORMAL] (ID : 4) - /setting
[13:51:50] [GET] [NORMAL] (ID : 4) - /forum
[13:51:54] [GET] [NORMAL] (ID : 4) - /my_space
[13:54:14] [GET] [NORMAL] (ID : 4) - /my_space
[13:54:18] [GET] [NORMAL] (ID : 4) - /notification
[13:54:27] [GET] [NORMAL] (ID : 4) - /user_space/AprilQM
[13:54:29] [GET] [NORMAL] (ID : 4) - /user_space/AprilQM
[13:54:30] [GET] [NORMAL] (ID : 4) - /user_space/AprilQM
[13:54:31] [GET] [NORMAL] (ID : 4) - /user_space/AprilQM
[13:54:31] [GET] [NORMAL] (ID : 4) - /user_space/AprilQM
[13:54:31] [GET] [NORMAL] (ID : 4) - /user_space/AprilQM
[13:54:32] [GET] [NORMAL] (ID : 4) - /user_space/AprilQM
[13:54:32] [GET] [NORMAL] (ID : 4) - /user_space/AprilQM
[13:54:32] [GET] [NORMAL] (ID : 4) - /user_space/AprilQM
[13:54:33] [GET] [NORMAL] (ID : 4) - /user_space/AprilQM
[13:54:33] [GET] [NORMAL] (ID : 4) - /user_space/AprilQM
[13:54:33] [GET] [NORMAL] (ID : 4) - /user_space/AprilQM
[13:54:34] [GET] [NORMAL] (ID : 4) - /user_space/AprilQM
[13:54:34] [GET] [NORMAL] (ID : 4) - /user_space/AprilQM
[13:54:34] [GET] [NORMAL] (ID : 4) - /user_space/AprilQM
[13:54:35] [GET] [NORMAL] (ID : 4) - /user_space/AprilQM
[13:54:35] [GET] [NORMAL] (ID : 1) - /my_space
[13:54:35] [GET] [NORMAL] (ID : 4) - /user_space/AprilQM
[13:54:35] [GET] [NORMAL] (ID : 4) - /user_space/AprilQM
[13:54:36] [GET] [NORMAL] (ID : 4) - /user_space/AprilQM
[13:54:36] [GET] [NORMAL] (ID : 4) - /user_space/AprilQM
[13:54:36] [GET] [NORMAL] (ID : 4) - /user_space/AprilQM
[13:54:36] [GET] [NORMAL] (ID : 4) - /user_space/AprilQM
[13:54:37] [GET] [NORMAL] (ID : 4) - /user_space/AprilQM
[13:54:37] [GET] [NORMAL] (ID : 4) - /user_space/AprilQM
[13:54:37] [GET] [NORMAL] (ID : 4) - /user_space/AprilQM
[13:54:38] [GET] [NORMAL] (ID : 4) - /user_space/AprilQM
[13:54:38] [GET] [NORMAL] (ID : 4) - /user_space/AprilQM
[13:54:38] [GET] [NORMAL] (ID : 4) - /user_space/AprilQM
[13:54:38] [GET] [NORMAL] (ID : 4) - /user_space/AprilQM
[13:54:39] [GET] [NORMAL] (ID : 4) - /user_space/AprilQM
[13:54:39] [GET] [NORMAL] (ID : 4) - /user_space/AprilQM
[13:54:39] [GET] [NORMAL] (ID : 4) - /user_space/AprilQM
[13:54:40] [GET] [NORMAL] (ID : 4) - /user_space/AprilQM
[13:54:40] [GET] [NORMAL] (ID : 4) - /user_space/AprilQM
[13:54:40] [GET] [NORMAL] (ID : 4) - /user_space/AprilQM
[13:54:40] [GET] [NORMAL] (ID : 4) - /user_space/AprilQM
[13:54:41] [GET] [NORMAL] (ID : 4) - /user_space/AprilQM
