[09:18:37] [GET] [NORMAL] (ID : 1) - /
[09:18:37] [GET] [NORMAL] (ID : 1) - /home
[09:18:37] [GET] [API] (ID : 1) - /api/get_user_avatar_small/AprilQM
[09:18:40] [GET] [NORMAL] (ID : 1) - /my_space
[09:18:40] [GET] [API] (ID : 1) - /api/get_user_avatar/AprilQM
[09:18:40] [GET] [API] (ID : 1) - /api/get_user_avatar_small/AprilQM
[09:18:40] [GET] [API] (ID : 1) - /api/get_user_lv_img/AprilQM
[09:19:44] [GET] [NORMAL] (ID : 1) - /my_space
[09:19:44] [GET] [API] (ID : 1) - /api/get_user_avatar_small/AprilQM
[09:19:44] [GET] [API] (ID : 1) - /api/get_user_avatar/AprilQM
[09:19:44] [GET] [API] (ID : 1) - /api/get_user_lv_img/AprilQM
[09:21:26] [GET] [NORMAL] (ID : 1) - /my_space
[09:21:26] [GET] [API] (ID : 1) - /api/get_user_avatar_small/AprilQM
[09:21:26] [GET] [API] (ID : 1) - /api/get_user_avatar/AprilQM
[09:21:26] [GET] [API] (ID : 1) - /api/get_user_lv_img/AprilQM
[09:21:36] [GET] [NORMAL] (ID : 1) - /my_space
[09:21:36] [GET] [API] (ID : 1) - /api/get_user_avatar_small/AprilQM
[09:21:36] [GET] [API] (ID : 1) - /api/get_user_avatar/AprilQM
[09:21:36] [GET] [API] (ID : 1) - /api/get_user_lv_img/AprilQM
[09:21:41] [GET] [API] (ID : 0) - /api/get_user_avatar/AprilQM
[09:21:56] [GET] [NORMAL] (ID : 1) - /my_space
[09:21:56] [GET] [API] (ID : 1) - /api/get_user_avatar_small/AprilQM
[09:21:56] [GET] [API] (ID : 1) - /api/get_user_avatar/AprilQM
[10:05:34] [GET] [NORMAL] (ID : 1) - /my_space
[10:05:34] [GET] [API] (ID : 1) - /api/get_user_avatar/AprilQM
[10:05:34] [GET] [API] (ID : 1) - /api/get_user_avatar_small/AprilQM
[10:06:13] [GET] [NORMAL] (ID : 1) - /my_space
[10:06:13] [GET] [API] (ID : 1) - /api/get_user_avatar/AprilQM
[10:06:13] [GET] [API] (ID : 1) - /api/get_user_avatar_small/AprilQM
[10:06:13] [GET] [API] (ID : 1) - /api/get_user_lv_img/AprilQM
[10:06:43] [GET] [NORMAL] (ID : 1) - /my_space
[10:06:43] [GET] [API] (ID : 1) - /api/get_user_avatar_small/AprilQM
[10:06:43] [GET] [API] (ID : 1) - /api/get_user_avatar/AprilQM
[10:06:43] [GET] [API] (ID : 1) - /api/get_user_lv_img/AprilQM
[10:06:48] [GET] [NORMAL] (ID : 1) - /my_space
[10:06:48] [GET] [API] (ID : 1) - /api/get_user_avatar_small/AprilQM
[10:06:48] [GET] [API] (ID : 1) - /api/get_user_avatar/AprilQM
[10:06:48] [GET] [API] (ID : 1) - /api/get_user_lv_img/AprilQM
[10:07:05] [GET] [NORMAL] (ID : 1) - /my_space
[10:07:05] [GET] [API] (ID : 1) - /api/get_user_avatar_small/AprilQM
[10:07:05] [GET] [API] (ID : 1) - /api/get_user_avatar/AprilQM
[10:07:05] [GET] [API] (ID : 1) - /api/get_user_lv_img/AprilQM
[10:17:52] [GET] [NORMAL] (ID : 1) - /my_space
[10:17:52] [GET] [API] (ID : 1) - /api/get_user_avatar_small/AprilQM
[10:17:52] [GET] [API] (ID : 1) - /api/get_user_avatar/AprilQM
[10:18:16] [GET] [NORMAL] (ID : 1) - /my_space
[10:18:16] [GET] [API] (ID : 1) - /api/get_user_avatar_small/AprilQM
[10:18:16] [GET] [API] (ID : 1) - /api/get_user_avatar/AprilQM
[10:19:02] [GET] [NORMAL] (ID : 1) - /my_space
[10:19:02] [GET] [API] (ID : 1) - /api/get_user_avatar_small/AprilQM
[10:19:02] [GET] [API] (ID : 1) - /api/get_user_avatar/AprilQM
[10:19:22] [GET] [NORMAL] (ID : 1) - /my_space
[10:19:22] [GET] [API] (ID : 1) - /api/get_user_avatar_small/AprilQM
[10:19:22] [GET] [API] (ID : 1) - /api/get_user_avatar/AprilQM
[10:19:30] [GET] [NORMAL] (ID : 1) - /my_space
[10:19:30] [GET] [API] (ID : 1) - /api/get_user_avatar_small/AprilQM
[10:19:30] [GET] [API] (ID : 1) - /api/get_user_avatar/AprilQM
[10:19:44] [GET] [NORMAL] (ID : 1) - /my_space
[10:19:44] [GET] [API] (ID : 1) - /api/get_user_avatar_small/AprilQM
[10:19:44] [GET] [API] (ID : 1) - /api/get_user_avatar/AprilQM
[10:19:49] [GET] [NORMAL] (ID : 1) - /my_space
[10:19:49] [GET] [API] (ID : 1) - /api/get_user_avatar_small/AprilQM
[10:19:49] [GET] [API] (ID : 1) - /api/get_user_avatar/AprilQM
[10:19:55] [GET] [NORMAL] (ID : 1) - /my_space
[10:19:55] [GET] [API] (ID : 1) - /api/get_user_avatar_small/AprilQM
[10:19:55] [GET] [API] (ID : 1) - /api/get_user_avatar/AprilQM
[10:21:11] [GET] [NORMAL] (ID : 1) - /my_space
[10:21:11] [GET] [API] (ID : 1) - /api/get_user_avatar_small/AprilQM
[10:21:11] [GET] [API] (ID : 1) - /api/get_user_lv_img/AprilQM
[10:21:11] [GET] [API] (ID : 1) - /api/get_user_avatar/AprilQM
[10:21:52] [GET] [NORMAL] (ID : 1) - /my_space
[10:21:52] [GET] [API] (ID : 1) - /api/get_user_avatar_small/AprilQM
[10:21:52] [GET] [API] (ID : 1) - /api/get_user_avatar/AprilQM
[10:21:52] [GET] [API] (ID : 1) - /api/get_user_lv_img/AprilQM
[10:22:58] [GET] [NORMAL] (ID : 1) - /my_space
[10:22:58] [GET] [API] (ID : 1) - /api/get_user_avatar_small/AprilQM
[10:22:58] [GET] [API] (ID : 1) - /api/get_user_avatar/AprilQM
[10:22:58] [GET] [API] (ID : 1) - /api/get_user_lv_img/AprilQM
[10:23:05] [GET] [NORMAL] (ID : 1) - /my_space
[10:23:05] [GET] [API] (ID : 1) - /api/get_user_avatar_small/AprilQM
[10:23:05] [GET] [API] (ID : 1) - /api/get_user_avatar/AprilQM
[10:23:06] [GET] [API] (ID : 1) - /api/get_user_lv_img/AprilQM
[10:23:10] [GET] [NORMAL] (ID : 1) - /my_space
[10:23:10] [GET] [API] (ID : 1) - /api/get_user_avatar_small/AprilQM
[10:23:10] [GET] [API] (ID : 1) - /api/get_user_avatar/AprilQM
[10:23:10] [GET] [API] (ID : 1) - /api/get_user_lv_img/AprilQM
[10:23:12] [GET] [NORMAL] (ID : 1) - /my_space
[10:23:13] [GET] [API] (ID : 1) - /api/get_user_avatar_small/AprilQM
[10:23:13] [GET] [API] (ID : 1) - /api/get_user_avatar/AprilQM
[10:23:13] [GET] [API] (ID : 1) - /api/get_user_lv_img/AprilQM
[10:23:15] [GET] [NORMAL] (ID : 1) - /my_space
[10:23:15] [GET] [API] (ID : 1) - /api/get_user_avatar_small/AprilQM
[10:23:15] [GET] [API] (ID : 1) - /api/get_user_avatar/AprilQM
[10:23:15] [GET] [API] (ID : 1) - /api/get_user_lv_img/AprilQM
[10:23:19] [GET] [NORMAL] (ID : 1) - /my_space
[10:23:19] [GET] [API] (ID : 1) - /api/get_user_avatar_small/AprilQM
[10:23:19] [GET] [API] (ID : 1) - /api/get_user_avatar/AprilQM
[10:23:19] [GET] [API] (ID : 1) - /api/get_user_lv_img/AprilQM
[10:23:23] [GET] [NORMAL] (ID : 1) - /my_space
[10:23:23] [GET] [API] (ID : 1) - /api/get_user_avatar/AprilQM
[10:23:23] [GET] [API] (ID : 1) - /api/get_user_avatar_small/AprilQM
[10:23:23] [GET] [API] (ID : 1) - /api/get_user_lv_img/AprilQM
[10:23:27] [GET] [NORMAL] (ID : 1) - /my_space
[10:23:27] [GET] [API] (ID : 1) - /api/get_user_avatar_small/AprilQM
[10:23:27] [GET] [API] (ID : 1) - /api/get_user_avatar/AprilQM
[10:23:27] [GET] [API] (ID : 1) - /api/get_user_lv_img/AprilQM
[10:23:30] [GET] [NORMAL] (ID : 1) - /my_space
[10:23:30] [GET] [API] (ID : 1) - /api/get_user_avatar_small/AprilQM
[10:23:30] [GET] [API] (ID : 1) - /api/get_user_avatar/AprilQM
[10:23:30] [GET] [API] (ID : 1) - /api/get_user_lv_img/AprilQM
[10:23:46] [GET] [NORMAL] (ID : 1) - /my_space
[10:23:46] [GET] [API] (ID : 1) - /api/get_user_avatar_small/AprilQM
[10:23:46] [GET] [API] (ID : 1) - /api/get_user_avatar/AprilQM
[10:23:46] [GET] [API] (ID : 1) - /api/get_user_lv_img/AprilQM
[10:32:33] [GET] [NORMAL] (ID : 1) - /my_space
[10:32:33] [GET] [API] (ID : 1) - /api/get_user_avatar_small/AprilQM
[10:32:33] [GET] [API] (ID : 1) - /api/get_user_avatar/AprilQM
[10:32:33] [GET] [API] (ID : 1) - /api/get_user_lv_img/AprilQM
[10:32:41] [GET] [NORMAL] (ID : 1) - /my_space
[10:32:41] [GET] [API] (ID : 1) - /api/get_user_avatar_small/AprilQM
[10:32:41] [GET] [API] (ID : 1) - /api/get_user_avatar/AprilQM
[10:32:41] [GET] [API] (ID : 1) - /api/get_user_lv_img/AprilQM
[10:32:47] [GET] [NORMAL] (ID : 1) - /my_space
[10:32:47] [GET] [API] (ID : 1) - /api/get_user_avatar_small/AprilQM
[10:32:47] [GET] [API] (ID : 1) - /api/get_user_avatar/AprilQM
[10:32:47] [GET] [API] (ID : 1) - /api/get_user_lv_img/AprilQM
[10:33:23] [GET] [NORMAL] (ID : 1) - /my_space
[10:33:23] [GET] [API] (ID : 1) - /api/get_user_avatar_small/AprilQM
[10:33:23] [GET] [API] (ID : 1) - /api/get_user_avatar/AprilQM
[10:33:23] [GET] [API] (ID : 1) - /api/get_user_lv_img/AprilQM
[10:34:37] [GET] [NORMAL] (ID : 1) - /my_space
[10:34:37] [GET] [API] (ID : 1) - /api/get_user_avatar_small/AprilQM
[10:34:37] [GET] [API] (ID : 1) - /api/get_user_avatar/AprilQM
[10:34:37] [GET] [API] (ID : 1) - /api/get_user_lv_img/AprilQM
[10:34:45] [GET] [NORMAL] (ID : 1) - /my_space
[10:34:45] [GET] [API] (ID : 1) - /api/get_user_avatar_small/AprilQM
[10:34:45] [GET] [API] (ID : 1) - /api/get_user_avatar/AprilQM
[10:34:45] [GET] [API] (ID : 1) - /api/get_user_lv_img/AprilQM
[10:35:16] [GET] [NORMAL] (ID : 1) - /my_space
[10:35:16] [GET] [API] (ID : 1) - /api/get_user_avatar_small/AprilQM
[10:35:16] [GET] [API] (ID : 1) - /api/get_user_avatar/AprilQM
[10:35:16] [GET] [API] (ID : 1) - /api/get_user_lv_img/AprilQM
[10:35:29] [GET] [API] (ID : 0) - /api/get_user_avatar/AprilQM
[10:35:44] [GET] [NORMAL] (ID : 1) - /my_space
[10:35:44] [GET] [API] (ID : 1) - /api/get_user_avatar_small/AprilQM
[10:35:44] [GET] [API] (ID : 1) - /api/get_user_avatar/AprilQM
[10:35:44] [GET] [API] (ID : 1) - /api/get_user_lv_img/AprilQM
[10:35:48] [GET] [NORMAL] (ID : 1) - /my_space
[10:35:48] [GET] [API] (ID : 1) - /api/get_user_avatar_small/AprilQM
[10:35:48] [GET] [API] (ID : 1) - /api/get_user_avatar/AprilQM
[10:35:48] [GET] [API] (ID : 1) - /api/get_user_lv_img/AprilQM
[10:35:56] [GET] [NORMAL] (ID : 1) - /my_space
[10:35:56] [GET] [API] (ID : 1) - /api/get_user_avatar_small/AprilQM
[10:35:56] [GET] [API] (ID : 1) - /api/get_user_avatar/AprilQM
[10:35:56] [GET] [API] (ID : 1) - /api/get_user_lv_img/AprilQM
[10:36:29] [GET] [NORMAL] (ID : 1) - /my_space
[10:36:29] [GET] [API] (ID : 1) - /api/get_user_avatar_small/AprilQM
[10:36:29] [GET] [API] (ID : 1) - /api/get_user_lv_img/AprilQM
[10:36:29] [GET] [API] (ID : 1) - /api/get_user_avatar/AprilQM
[10:36:34] [GET] [NORMAL] (ID : 1) - /my_space
[10:36:34] [GET] [API] (ID : 1) - /api/get_user_avatar_small/AprilQM
[10:36:34] [GET] [API] (ID : 1) - /api/get_user_avatar/AprilQM
[10:36:34] [GET] [API] (ID : 1) - /api/get_user_lv_img/AprilQM
[10:36:44] [GET] [NORMAL] (ID : 1) - /my_space
[10:36:44] [GET] [API] (ID : 1) - /api/get_user_avatar_small/AprilQM
[10:36:44] [GET] [API] (ID : 1) - /api/get_user_lv_img/AprilQM
[10:36:44] [GET] [API] (ID : 1) - /api/get_user_avatar/AprilQM
[10:37:15] [GET] [NORMAL] (ID : 1) - /my_space
[10:37:15] [GET] [API] (ID : 1) - /api/get_user_avatar_small/AprilQM
[10:37:15] [GET] [API] (ID : 1) - /api/get_user_avatar/AprilQM
[10:37:15] [GET] [API] (ID : 1) - /api/get_user_lv_img/AprilQM
[10:37:25] [GET] [NORMAL] (ID : 1) - /my_space
[10:37:25] [GET] [API] (ID : 1) - /api/get_user_avatar/AprilQM
[10:37:25] [GET] [API] (ID : 1) - /api/get_user_avatar_small/AprilQM
[10:37:25] [GET] [API] (ID : 1) - /api/get_user_lv_img/AprilQM
[10:37:31] [GET] [NORMAL] (ID : 1) - /my_space
[10:37:31] [GET] [API] (ID : 1) - /api/get_user_avatar_small/AprilQM
[10:37:31] [GET] [API] (ID : 1) - /api/get_user_avatar/AprilQM
[10:37:31] [GET] [API] (ID : 1) - /api/get_user_lv_img/AprilQM
[10:37:37] [GET] [NORMAL] (ID : 1) - /my_space
[10:37:37] [GET] [API] (ID : 1) - /api/get_user_avatar_small/AprilQM
[10:37:37] [GET] [API] (ID : 1) - /api/get_user_avatar/AprilQM
[10:37:37] [GET] [API] (ID : 1) - /api/get_user_lv_img/AprilQM
[10:38:43] [GET] [NORMAL] (ID : 1) - /my_space
[10:38:43] [GET] [API] (ID : 1) - /api/get_user_avatar_small/AprilQM
[10:38:43] [GET] [API] (ID : 1) - /api/get_user_avatar/AprilQM
[10:38:43] [GET] [API] (ID : 1) - /api/get_user_lv_img/AprilQM
[10:39:00] [GET] [NORMAL] (ID : 1) - /my_space
[10:39:00] [GET] [API] (ID : 1) - /api/get_user_avatar_small/AprilQM
[10:39:00] [GET] [API] (ID : 1) - /api/get_user_avatar/AprilQM
[10:39:00] [GET] [API] (ID : 1) - /api/get_user_lv_img/AprilQM
[10:39:46] [GET] [NORMAL] (ID : 1) - /my_space
[10:39:46] [GET] [API] (ID : 1) - /api/get_user_avatar_small/AprilQM
[10:39:46] [GET] [API] (ID : 1) - /api/get_user_avatar/AprilQM
[10:39:46] [GET] [API] (ID : 1) - /api/get_user_lv_img/AprilQM
[10:40:00] [GET] [NORMAL] (ID : 1) - /my_space
[10:40:00] [GET] [API] (ID : 1) - /api/get_user_avatar_small/AprilQM
[10:40:00] [GET] [API] (ID : 1) - /api/get_user_avatar/AprilQM
[10:40:00] [GET] [API] (ID : 1) - /api/get_user_lv_img/AprilQM
[10:40:09] [GET] [NORMAL] (ID : 1) - /my_space
[10:40:09] [GET] [API] (ID : 1) - /api/get_user_avatar_small/AprilQM
[10:40:09] [GET] [API] (ID : 1) - /api/get_user_lv_img/AprilQM
[10:40:09] [GET] [API] (ID : 1) - /api/get_user_avatar/AprilQM
[10:40:24] [GET] [NORMAL] (ID : 1) - /my_space
[10:40:24] [GET] [API] (ID : 1) - /api/get_user_avatar_small/AprilQM
[10:40:24] [GET] [API] (ID : 1) - /api/get_user_avatar/AprilQM
[10:40:24] [GET] [API] (ID : 1) - /api/get_user_lv_img/AprilQM
[10:40:28] [GET] [NORMAL] (ID : 1) - /my_space
[10:40:28] [GET] [API] (ID : 1) - /api/get_user_avatar_small/AprilQM
[10:40:28] [GET] [API] (ID : 1) - /api/get_user_avatar/AprilQM
[10:40:28] [GET] [API] (ID : 1) - /api/get_user_lv_img/AprilQM
[10:41:25] [GET] [NORMAL] (ID : 1) - /my_space
[10:41:25] [GET] [API] (ID : 1) - /api/get_user_avatar_small/AprilQM
[10:41:25] [GET] [API] (ID : 1) - /api/get_user_avatar/AprilQM
[10:41:25] [GET] [API] (ID : 1) - /api/get_user_lv_img/AprilQM
[10:41:30] [GET] [NORMAL] (ID : 1) - /my_space
[10:41:30] [GET] [API] (ID : 1) - /api/get_user_avatar_small/AprilQM
[10:41:30] [GET] [API] (ID : 1) - /api/get_user_avatar/AprilQM
[10:41:30] [GET] [API] (ID : 1) - /api/get_user_lv_img/AprilQM
[10:41:34] [GET] [NORMAL] (ID : 1) - /my_space
[10:41:34] [GET] [API] (ID : 1) - /api/get_user_avatar_small/AprilQM
[10:41:34] [GET] [API] (ID : 1) - /api/get_user_avatar/AprilQM
[10:41:34] [GET] [API] (ID : 1) - /api/get_user_lv_img/AprilQM
[10:41:45] [GET] [NORMAL] (ID : 1) - /my_space
[10:41:45] [GET] [API] (ID : 1) - /api/get_user_avatar_small/AprilQM
[10:41:45] [GET] [API] (ID : 1) - /api/get_user_avatar/AprilQM
[10:41:45] [GET] [API] (ID : 1) - /api/get_user_lv_img/AprilQM
[10:41:49] [GET] [NORMAL] (ID : 1) - /my_space
[10:41:49] [GET] [API] (ID : 1) - /api/get_user_avatar_small/AprilQM
[10:41:49] [GET] [API] (ID : 1) - /api/get_user_avatar/AprilQM
[10:41:49] [GET] [API] (ID : 1) - /api/get_user_lv_img/AprilQM
[10:41:57] [GET] [NORMAL] (ID : 1) - /my_space
[10:41:57] [GET] [API] (ID : 1) - /api/get_user_avatar_small/AprilQM
[10:41:57] [GET] [API] (ID : 1) - /api/get_user_avatar/AprilQM
[10:41:57] [GET] [API] (ID : 1) - /api/get_user_lv_img/AprilQM
[10:42:06] [GET] [NORMAL] (ID : 1) - /my_space
[10:42:06] [GET] [API] (ID : 1) - /api/get_user_avatar_small/AprilQM
[10:42:06] [GET] [API] (ID : 1) - /api/get_user_avatar/AprilQM
[10:42:06] [GET] [API] (ID : 1) - /api/get_user_lv_img/AprilQM
[10:42:11] [GET] [NORMAL] (ID : 1) - /my_space
[10:42:11] [GET] [API] (ID : 1) - /api/get_user_avatar_small/AprilQM
[10:42:11] [GET] [API] (ID : 1) - /api/get_user_avatar/AprilQM
[10:42:11] [GET] [API] (ID : 1) - /api/get_user_lv_img/AprilQM
[10:42:19] [GET] [NORMAL] (ID : 1) - /my_space
[10:42:19] [GET] [API] (ID : 1) - /api/get_user_avatar_small/AprilQM
[10:42:19] [GET] [API] (ID : 1) - /api/get_user_avatar/AprilQM
[10:42:19] [GET] [API] (ID : 1) - /api/get_user_lv_img/AprilQM
[10:42:25] [GET] [NORMAL] (ID : 1) - /my_space
[10:42:25] [GET] [API] (ID : 1) - /api/get_user_avatar_small/AprilQM
[10:42:25] [GET] [API] (ID : 1) - /api/get_user_avatar/AprilQM
[10:42:25] [GET] [API] (ID : 1) - /api/get_user_lv_img/AprilQM
[10:42:35] [GET] [NORMAL] (ID : 1) - /my_space
[10:42:35] [GET] [API] (ID : 1) - /api/get_user_avatar_small/AprilQM
[10:42:35] [GET] [API] (ID : 1) - /api/get_user_avatar/AprilQM
[10:42:35] [GET] [API] (ID : 1) - /api/get_user_lv_img/AprilQM
[10:43:50] [GET] [NORMAL] (ID : 1) - /my_space
[10:43:50] [GET] [API] (ID : 1) - /api/get_user_avatar_small/AprilQM
[10:43:50] [GET] [API] (ID : 1) - /api/get_user_avatar/AprilQM
[10:43:50] [GET] [API] (ID : 1) - /api/get_user_lv_img/AprilQM
[10:43:57] [GET] [NORMAL] (ID : 1) - /my_space
[10:43:57] [GET] [API] (ID : 1) - /api/get_user_avatar_small/AprilQM
[10:43:57] [GET] [API] (ID : 1) - /api/get_user_avatar/AprilQM
[10:43:57] [GET] [API] (ID : 1) - /api/get_user_lv_img/AprilQM
[10:44:11] [GET] [NORMAL] (ID : 1) - /my_space
[10:44:11] [GET] [API] (ID : 1) - /api/get_user_avatar_small/AprilQM
[10:44:11] [GET] [API] (ID : 1) - /api/get_user_avatar/AprilQM
[10:44:11] [GET] [API] (ID : 1) - /api/get_user_lv_img/AprilQM
[10:44:18] [GET] [NORMAL] (ID : 1) - /my_space
[10:44:18] [GET] [API] (ID : 1) - /api/get_user_avatar_small/AprilQM
[10:44:18] [GET] [API] (ID : 1) - /api/get_user_avatar/AprilQM
[10:44:18] [GET] [API] (ID : 1) - /api/get_user_lv_img/AprilQM
[10:44:33] [GET] [NORMAL] (ID : 1) - /my_space
[10:44:33] [GET] [API] (ID : 1) - /api/get_user_avatar_small/AprilQM
[10:44:33] [GET] [API] (ID : 1) - /api/get_user_avatar/AprilQM
[10:44:33] [GET] [API] (ID : 1) - /api/get_user_lv_img/AprilQM
[10:44:43] [GET] [NORMAL] (ID : 1) - /my_space
[10:44:43] [GET] [API] (ID : 1) - /api/get_user_lv_img/AprilQM
[10:44:43] [GET] [API] (ID : 1) - /api/get_user_avatar/AprilQM
[10:44:43] [GET] [API] (ID : 1) - /api/get_user_avatar_small/AprilQM
[10:44:47] [GET] [NORMAL] (ID : 1) - /my_space
[10:44:47] [GET] [API] (ID : 1) - /api/get_user_avatar_small/AprilQM
[10:44:47] [GET] [API] (ID : 1) - /api/get_user_avatar/AprilQM
[10:44:47] [GET] [API] (ID : 1) - /api/get_user_lv_img/AprilQM
[10:44:51] [GET] [NORMAL] (ID : 1) - /my_space
[10:44:51] [GET] [API] (ID : 1) - /api/get_user_avatar_small/AprilQM
[10:44:51] [GET] [API] (ID : 1) - /api/get_user_avatar/AprilQM
[10:44:51] [GET] [API] (ID : 1) - /api/get_user_lv_img/AprilQM
[10:47:14] [GET] [NORMAL] (ID : 1) - /my_space
[10:47:14] [GET] [API] (ID : 1) - /api/get_user_avatar_small/AprilQM
[10:47:14] [GET] [API] (ID : 1) - /api/get_user_avatar/AprilQM
[10:47:29] [GET] [NORMAL] (ID : 1) - /my_space
[10:47:29] [GET] [API] (ID : 1) - /api/get_user_avatar_small/AprilQM
[10:47:29] [GET] [API] (ID : 1) - /api/get_user_avatar/AprilQM
[10:47:55] [GET] [NORMAL] (ID : 1) - /my_space
[10:47:55] [GET] [API] (ID : 1) - /api/get_user_avatar_small/AprilQM
[10:47:55] [GET] [API] (ID : 1) - /api/get_user_avatar/AprilQM
[10:48:08] [GET] [NORMAL] (ID : 1) - /my_space
[10:48:08] [GET] [API] (ID : 1) - /api/get_user_avatar_small/AprilQM
[10:48:08] [GET] [API] (ID : 1) - /api/get_user_avatar/AprilQM
[10:48:28] [GET] [NORMAL] (ID : 1) - /my_space
[10:48:28] [GET] [API] (ID : 1) - /api/get_user_avatar_small/AprilQM
[10:48:28] [GET] [API] (ID : 1) - /api/get_user_avatar/AprilQM
[10:49:02] [GET] [NORMAL] (ID : 1) - /my_space
[10:49:02] [GET] [API] (ID : 1) - /api/get_user_avatar_small/AprilQM
[10:49:02] [GET] [API] (ID : 1) - /api/get_user_avatar/AprilQM
[10:49:48] [GET] [NORMAL] (ID : 1) - /my_space
[10:49:48] [GET] [API] (ID : 1) - /api/get_user_avatar_small/AprilQM
[10:49:48] [GET] [API] (ID : 1) - /api/get_user_avatar/AprilQM
[10:49:54] [GET] [NORMAL] (ID : 1) - /my_space
[10:49:54] [GET] [API] (ID : 1) - /api/get_user_avatar_small/AprilQM
[10:49:54] [GET] [API] (ID : 1) - /api/get_user_avatar/AprilQM
[10:49:58] [GET] [NORMAL] (ID : 1) - /my_space
[10:49:58] [GET] [API] (ID : 1) - /api/get_user_avatar_small/AprilQM
[10:49:58] [GET] [API] (ID : 1) - /api/get_user_avatar/AprilQM
[10:50:01] [GET] [NORMAL] (ID : 1) - /my_space
[10:50:01] [GET] [API] (ID : 1) - /api/get_user_avatar_small/AprilQM
[10:50:01] [GET] [API] (ID : 1) - /api/get_user_avatar/AprilQM
[10:50:06] [GET] [NORMAL] (ID : 1) - /my_space
[10:50:06] [GET] [API] (ID : 1) - /api/get_user_avatar_small/AprilQM
[10:50:06] [GET] [API] (ID : 1) - /api/get_user_avatar/AprilQM
[10:51:02] [GET] [NORMAL] (ID : 1) - /my_space
[10:51:02] [GET] [API] (ID : 1) - /api/get_user_avatar_small/AprilQM
[10:51:02] [GET] [API] (ID : 1) - /api/get_user_avatar/AprilQM
[10:51:04] [GET] [NORMAL] (ID : 1) - /my_space
[10:51:04] [GET] [API] (ID : 1) - /api/get_user_avatar_small/AprilQM
[10:51:04] [GET] [API] (ID : 1) - /api/get_user_avatar/AprilQM
[10:51:25] [GET] [NORMAL] (ID : 1) - /my_space
[10:51:25] [GET] [API] (ID : 1) - /api/get_user_avatar_small/AprilQM
[10:51:25] [GET] [API] (ID : 1) - /api/get_user_avatar/AprilQM
[10:51:37] [GET] [NORMAL] (ID : 1) - /my_space
[10:51:37] [GET] [API] (ID : 1) - /api/get_user_avatar_small/AprilQM
[10:51:37] [GET] [API] (ID : 1) - /api/get_user_avatar/AprilQM
[10:51:44] [GET] [NORMAL] (ID : 1) - /my_space
[10:51:44] [GET] [API] (ID : 1) - /api/get_user_avatar_small/AprilQM
[10:51:44] [GET] [API] (ID : 1) - /api/get_user_avatar/AprilQM
