[21:27:44] [GET] [NORMAL] (ID : 1) - /
[21:27:45] [GET] [NORMAL] (ID : 1) - /home
[21:27:47] [GET] [NORMAL] (ID : 1) - /my_space
[21:28:13] [GET] [NORMAL] (ID : 1) - /my_space
[21:28:18] [GET] [NORMAL] (ID : 1) - /notification
[21:28:37] [GET] [NORMAL] (ID : 1) - /setting
[21:43:41] [GET] [NORMAL] (ID : 1) - /
[21:43:41] [GET] [NORMAL] (ID : 1) - /home
[21:43:43] [GET] [NORMAL] (ID : 1) - /test
[21:43:43] [GET] [NORMAL] (ID : 1) - /text
[21:43:43] [GET] [NORMAL] (ID : 1) - /favicon.ico
[21:43:45] [GET] [NORMAL] (ID : 1) - /test
[21:43:45] [GET] [NORMAL] (ID : 1) - /test
[21:46:20] [GET] [NORMAL] (ID : 1) - /test
[21:46:37] [GET] [NORMAL] (ID : 1) - /test
[21:47:29] [GET] [NORMAL] (ID : 1) - /test
[21:47:38] [GET] [NORMAL] (ID : 1) - /test
[21:47:43] [GET] [NORMAL] (ID : 1) - /
[21:47:43] [GET] [NORMAL] (ID : 1) - /home
[21:47:46] [GET] [NORMAL] (ID : 1) - /test
[21:49:20] [GET] [NORMAL] (ID : 1) - /test
[21:49:58] [GET] [NORMAL] (ID : 1) - /test
[21:50:30] [GET] [NORMAL] (ID : 1) - /home
[21:50:35] [GET] [NORMAL] (ID : 1) - /test
[21:50:50] [GET] [NORMAL] (ID : 1) - /home
[21:50:57] [GET] [NORMAL] (ID : 1) - /test
[21:51:09] [GET] [NORMAL] (ID : 1) - /test
[21:51:12] [GET] [NORMAL] (ID : 1) - /test
[21:51:23] [GET] [NORMAL] (ID : 1) - /test
[21:51:27] [GET] [NORMAL] (ID : 1) - /test
[21:52:36] [GET] [NORMAL] (ID : 1) - /test
[21:52:38] [GET] [NORMAL] (ID : 1) - /home
[21:52:40] [GET] [NORMAL] (ID : 1) - /test
[21:52:40] [GET] [NORMAL] (ID : 1) - /test
[21:52:40] [GET] [NORMAL] (ID : 1) - /test
[21:52:40] [GET] [NORMAL] (ID : 1) - /test
[21:52:52] [GET] [NORMAL] (ID : 1) - /test
[21:54:45] [GET] [NORMAL] (ID : 1) - /test
[21:54:56] [GET] [NORMAL] (ID : 1) - /test
[21:56:41] [GET] [NORMAL] (ID : 1) - /test
[21:57:11] [GET] [NORMAL] (ID : 1) - /test
[21:57:13] [GET] [NORMAL] (ID : 1) - /test
[21:57:19] [GET] [NORMAL] (ID : 1) - /test
[21:57:20] [GET] [NORMAL] (ID : 1) - /test
[21:57:30] [GET] [NORMAL] (ID : 1) - /test
[21:57:34] [GET] [NORMAL] (ID : 1) - /test
[21:57:35] [GET] [NORMAL] (ID : 1) - /test
[21:58:57] [GET] [NORMAL] (ID : 1) - /cloud
[21:58:59] [GET] [NORMAL] (ID : 1) - /test
[21:59:10] [GET] [NORMAL] (ID : 1) - /test
[21:59:23] [GET] [NORMAL] (ID : 1) - /test
[21:59:33] [GET] [NORMAL] (ID : 1) - /cloud
[22:03:58] [GET] [NORMAL] (ID : 1) - /test
[22:07:20] [GET] [NORMAL] (ID : 1) - /test
[22:07:51] [GET] [NORMAL] (ID : 1) - /cloud
[22:07:54] [GET] [NORMAL] (ID : 1) - /test
[22:07:57] [GET] [NORMAL] (ID : 1) - /test
[22:08:00] [GET] [NORMAL] (ID : 1) - /
[22:08:00] [GET] [NORMAL] (ID : 1) - /home
[22:08:01] [GET] [NORMAL] (ID : 1) - /home
[22:08:06] [GET] [NORMAL] (ID : 1) - /test
[22:08:07] [GET] [NORMAL] (ID : 1) - /text
[22:08:09] [GET] [NORMAL] (ID : 1) - /test
[22:08:09] [GET] [NORMAL] (ID : 1) - /teswt
[22:08:13] [GET] [NORMAL] (ID : 1) - /test
[22:08:13] [GET] [NORMAL] (ID : 1) - /test
[22:08:15] [GET] [NORMAL] (ID : 1) - /test
[22:08:25] [GET] [NORMAL] (ID : 1) - /test
[22:08:28] [GET] [NORMAL] (ID : 1) - /test
[22:08:31] [GET] [NORMAL] (ID : 1) - /test
[22:09:57] [GET] [NORMAL] (ID : 1) - /test
[22:09:59] [GET] [NORMAL] (ID : 1) - /test
[22:10:06] [GET] [NORMAL] (ID : 1) - /test
[22:10:14] [GET] [NORMAL] (ID : 1) - /
[22:10:14] [GET] [NORMAL] (ID : 1) - /home
[22:10:19] [GET] [NORMAL] (ID : 1) - /test
[22:10:21] [GET] [NORMAL] (ID : 1) - /test
[22:10:21] [GET] [NORMAL] (ID : 1) - /test
[22:10:21] [GET] [NORMAL] (ID : 1) - /test
[22:10:23] [GET] [NORMAL] (ID : 1) - /test
[22:10:23] [GET] [NORMAL] (ID : 1) - /test
[22:11:44] [GET] [NORMAL] (ID : 1) - /home
[22:11:48] [GET] [NORMAL] (ID : 1) - /test
[22:11:49] [GET] [NORMAL] (ID : 1) - /test
[22:11:50] [GET] [NORMAL] (ID : 1) - /home
[22:11:52] [GET] [NORMAL] (ID : 1) - /test
[22:11:54] [GET] [NORMAL] (ID : 1) - /
[22:11:54] [GET] [NORMAL] (ID : 1) - /home
[22:12:06] [GET] [NORMAL] (ID : 1) - /home
[22:12:16] [GET] [NORMAL] (ID : 1) - /test
[22:12:26] [GET] [NORMAL] (ID : 1) - /
[22:12:26] [GET] [NORMAL] (ID : 1) - /home
[22:12:50] [GET] [NORMAL] (ID : 1) - /test
[22:12:52] [GET] [NORMAL] (ID : 1) - /
[22:12:52] [GET] [NORMAL] (ID : 1) - /home
[22:12:54] [GET] [NORMAL] (ID : 1) - /notification
