[08:21:31] [GET] [NORMAL] (ID : 0) - /my_space
[08:21:31] [GET] [NORMAL] (ID : 0) - /auth
[08:21:37] [GET] [NORMAL] (ID : 1) - /my_space
[08:21:41] [GET] [NORMAL] (ID : 1) - /notification
[08:21:47] [GET] [NORMAL] (ID : 1) - /friend
[08:22:00] [GET] [NORMAL] (ID : 1) - /user_space/August13
[08:22:18] [GET] [NORMAL] (ID : 1) - /my_space
[08:22:27] [GET] [NORMAL] (ID : 1) - /praise_list
[08:22:31] [GET] [NORMAL] (ID : 1) - /friend
[08:22:35] [GET] [NORMAL] (ID : 0) - /
[08:22:35] [GET] [NORMAL] (ID : 0) - /home
[08:22:38] [GET] [NORMAL] (ID : 1) - /user_space/August13
[08:26:38] [GET] [NORMAL] (ID : 1) - /user_space/August13
[08:26:56] [GET] [NORMAL] (ID : 1) - /user_space/August13
[08:27:11] [GET] [NORMAL] (ID : 1) - /user_space/August13
[08:27:21] [GET] [NORMAL] (ID : 1) - /user_space/August13
[08:27:26] [GET] [NORMAL] (ID : 1) - /user_space/August13
[08:27:39] [GET] [NORMAL] (ID : 1) - /user_space/August13
[08:27:43] [GET] [NORMAL] (ID : 1) - /user_space/August13
[08:27:55] [GET] [NORMAL] (ID : 1) - /user_space/August13
[08:29:04] [GET] [NORMAL] (ID : 1) - /user_space/August13
[08:29:18] [GET] [NORMAL] (ID : 1) - /user_space/August13
[08:30:54] [GET] [NORMAL] (ID : 1) - /user_space/August13
[08:31:06] [GET] [NORMAL] (ID : 1) - /user_space/August13
[08:31:15] [GET] [NORMAL] (ID : 1) - /user_space/August13
[08:31:51] [GET] [NORMAL] (ID : 1) - /user_space/August13
[08:32:12] [GET] [NORMAL] (ID : 1) - /user_space/August13
[08:32:18] [GET] [NORMAL] (ID : 1) - /user_space/August13
[08:32:51] [GET] [NORMAL] (ID : 1) - /user_space/August13
[08:33:29] [GET] [NORMAL] (ID : 1) - /user_space/August13
[08:33:39] [GET] [NORMAL] (ID : 1) - /user_space/August13
[08:33:47] [GET] [NORMAL] (ID : 1) - /user_space/August13
[08:34:04] [GET] [NORMAL] (ID : 1) - /user_space/August13
[08:34:33] [GET] [NORMAL] (ID : 1) - /user_space/August13
[08:35:03] [GET] [NORMAL] (ID : 1) - /user_space/August13
[08:35:20] [GET] [NORMAL] (ID : 1) - /user_space/August13
[08:35:37] [GET] [NORMAL] (ID : 1) - /user_space/August13
[08:35:48] [GET] [NORMAL] (ID : 1) - /user_space/August13
[08:36:26] [GET] [NORMAL] (ID : 1) - /user_space/August13
[08:36:51] [GET] [NORMAL] (ID : 1) - /user_space/August13
[08:37:03] [GET] [NORMAL] (ID : 1) - /user_space/August13
[08:37:15] [GET] [NORMAL] (ID : 1) - /user_space/August13
[08:38:08] [GET] [NORMAL] (ID : 1) - /user_space/August13
[08:38:18] [GET] [NORMAL] (ID : 1) - /user_space/August13
[08:38:22] [GET] [NORMAL] (ID : 1) - /user_space/August13
[08:38:32] [GET] [NORMAL] (ID : 1) - /user_space/August13
[08:39:00] [GET] [NORMAL] (ID : 1) - /user_space/August13
[08:39:39] [GET] [NORMAL] (ID : 1) - /user_space/August13
[08:40:00] [GET] [NORMAL] (ID : 1) - /user_space/August13
[08:40:31] [GET] [NORMAL] (ID : 1) - /user_space/August13
[08:40:50] [GET] [NORMAL] (ID : 1) - /user_space/August13
[08:40:57] [GET] [NORMAL] (ID : 1) - /user_space/August13
[08:41:03] [GET] [NORMAL] (ID : 1) - /user_space/August13
[08:41:46] [GET] [NORMAL] (ID : 1) - /user_space/August13
[08:42:22] [GET] [NORMAL] (ID : 1) - /user_space/August13
[08:42:29] [GET] [NORMAL] (ID : 1) - /user_space/August13
[08:42:40] [GET] [NORMAL] (ID : 1) - /user_space/August13
[08:43:04] [GET] [NORMAL] (ID : 1) - /user_space/August13
[08:43:30] [GET] [NORMAL] (ID : 1) - /user_space/August13
[08:43:36] [GET] [NORMAL] (ID : 1) - /user_space/August13
[08:43:44] [GET] [NORMAL] (ID : 1) - /user_space/August13
[08:43:58] [GET] [NORMAL] (ID : 1) - /user_space/August13
[08:44:03] [GET] [NORMAL] (ID : 1) - /user_space/August13
[08:44:09] [GET] [NORMAL] (ID : 1) - /user_space/August13
[08:44:15] [GET] [NORMAL] (ID : 1) - /user_space/August13
[08:44:29] [GET] [NORMAL] (ID : 1) - /user_space/August13
[08:44:52] [GET] [NORMAL] (ID : 1) - /user_space/August13
[08:45:01] [GET] [NORMAL] (ID : 1) - /user_space/August13
[08:45:32] [GET] [NORMAL] (ID : 1) - /user_space/August13
[08:45:39] [GET] [NORMAL] (ID : 1) - /user_space/August13
[08:45:50] [GET] [NORMAL] (ID : 1) - /user_space/August13
[08:46:04] [GET] [NORMAL] (ID : 1) - /user_space/August13
[08:46:44] [GET] [NORMAL] (ID : 1) - /user_space/August13
[08:47:10] [GET] [NORMAL] (ID : 1) - /user_space/August13
[08:47:29] [GET] [NORMAL] (ID : 1) - /user_space/August13
[08:47:57] [GET] [NORMAL] (ID : 1) - /user_space/August13
[08:48:08] [GET] [NORMAL] (ID : 1) - /user_space/August13
[08:48:10] [GET] [NORMAL] (ID : 1) - /setting
[08:48:18] [GET] [NORMAL] (ID : 1) - /home
[08:48:22] [GET] [NORMAL] (ID : 1) - /home
[08:48:38] [GET] [NORMAL] (ID : 1) - /home
[08:48:55] [GET] [NORMAL] (ID : 1) - /home
[08:49:09] [GET] [NORMAL] (ID : 1) - /home
[08:49:21] [GET] [NORMAL] (ID : 1) - /home
[08:49:32] [GET] [NORMAL] (ID : 1) - /home
[08:50:11] [GET] [NORMAL] (ID : 1) - /home
[08:50:19] [GET] [NORMAL] (ID : 1) - /home
[08:50:53] [GET] [NORMAL] (ID : 1) - /home
[08:50:55] [GET] [NORMAL] (ID : 1) - /setting
[08:51:06] [GET] [NORMAL] (ID : 1) - /setting
[08:52:21] [GET] [NORMAL] (ID : 1) - /setting
[08:52:45] [GET] [NORMAL] (ID : 1) - /setting
[08:52:50] [GET] [NORMAL] (ID : 1) - /setting
[08:53:05] [GET] [NORMAL] (ID : 1) - /setting
[08:53:26] [GET] [NORMAL] (ID : 1) - /setting
[08:53:37] [GET] [NORMAL] (ID : 1) - /setting
[08:53:44] [GET] [NORMAL] (ID : 1) - /setting
[08:54:50] [GET] [NORMAL] (ID : 1) - /setting
[08:55:01] [GET] [NORMAL] (ID : 1) - /setting
[08:55:46] [GET] [NORMAL] (ID : 1) - /setting
[08:55:57] [GET] [NORMAL] (ID : 1) - /setting
[08:56:04] [GET] [NORMAL] (ID : 1) - /setting
[08:57:57] [GET] [NORMAL] (ID : 1) - /setting
[08:58:06] [GET] [NORMAL] (ID : 1) - /setting
[08:58:10] [GET] [NORMAL] (ID : 1) - /setting
[08:58:14] [GET] [NORMAL] (ID : 1) - /friend
[08:58:19] [GET] [NORMAL] (ID : 1) - /user_space/August13
[09:00:18] [GET] [NORMAL] (ID : 1) - /user_space/August13
[09:00:26] [GET] [NORMAL] (ID : 1) - /user_space/August13
[09:02:56] [GET] [NORMAL] (ID : 1) - /user_space/August13
[09:03:22] [GET] [NORMAL] (ID : 1) - /user_space/August13
[09:04:07] [GET] [NORMAL] (ID : 1) - /user_space/August13
[09:04:46] [GET] [NORMAL] (ID : 1) - /user_space/August13
[12:36:17] [GET] [NORMAL] (ID : 1) - /friend
[12:36:58] [GET] [NORMAL] (ID : 1) - /friend
[12:38:22] [GET] [NORMAL] (ID : 1) - /friend
[12:38:43] [GET] [NORMAL] (ID : 0) - /
[12:38:43] [GET] [NORMAL] (ID : 0) - /home
[12:38:45] [GET] [NORMAL] (ID : 1) - /my_space
[12:38:47] [GET] [NORMAL] (ID : 0) - /my_space
[12:38:47] [GET] [NORMAL] (ID : 0) - /auth
[12:39:03] [GET] [NORMAL] (ID : 1) - /praise_list
[12:39:06] [GET] [NORMAL] (ID : 1) - /user_space/AprilQM
[12:39:12] [GET] [NORMAL] (ID : 2) - /my_space
[12:39:21] [GET] [NORMAL] (ID : 1) - /friend
[12:39:21] [GET] [NORMAL] (ID : 2) - /home
[12:39:31] [GET] [NORMAL] (ID : 1) - /user_space/yueyan
[12:39:35] [GET] [NORMAL] (ID : 2) - /praise_list
[12:39:38] [GET] [NORMAL] (ID : 2) - /user_space/AprilQM
[12:39:52] [GET] [NORMAL] (ID : 2) - /friend
[12:39:54] [GET] [NORMAL] (ID : 2) - /my_space
[12:39:59] [GET] [NORMAL] (ID : 2) - /friend
[12:40:05] [GET] [NORMAL] (ID : 2) - /friend_request
[12:40:37] [GET] [NORMAL] (ID : 1) - /user_space/yueyan
[12:41:07] [GET] [NORMAL] (ID : 1) - /user_space/yueyan
[12:41:15] [GET] [NORMAL] (ID : 2) - /friend
[12:41:19] [GET] [NORMAL] (ID : 2) - /friend_request
[12:41:34] [GET] [NORMAL] (ID : 2) - /friend_request
[12:41:57] [GET] [NORMAL] (ID : 1) - /user_space/yueyan
[12:42:29] [GET] [NORMAL] (ID : 1) - /user_space/yueyan
[12:42:46] [GET] [NORMAL] (ID : 1) - /user_space/yueyan
[12:43:01] [GET] [NORMAL] (ID : 1) - /user_space/yueyan
[12:43:37] [GET] [NORMAL] (ID : 1) - /user_space/yueyan
[12:45:31] [GET] [NORMAL] (ID : 1) - /user_space/yueyan
[12:46:21] [GET] [NORMAL] (ID : 1) - /user_space/yueyan
[12:46:44] [GET] [NORMAL] (ID : 1) - /user_space/yueyan
[12:47:18] [GET] [NORMAL] (ID : 1) - /user_space/yueyan
[12:48:09] [GET] [NORMAL] (ID : 1) - /user_space/yueyan
[12:48:29] [GET] [NORMAL] (ID : 2) - /friend_request
[12:48:34] [GET] [NORMAL] (ID : 1) - /friend
[12:48:43] [GET] [NORMAL] (ID : 1) - /friend_request
[12:48:54] [GET] [NORMAL] (ID : 2) - /friend
[12:48:56] [GET] [NORMAL] (ID : 2) - /friend_request
[12:48:59] [GET] [NORMAL] (ID : 2) - /friend
[12:49:02] [GET] [NORMAL] (ID : 1) - /setting
[12:49:04] [GET] [NORMAL] (ID : 0) - /home
[12:49:14] [GET] [NORMAL] (ID : 2) - /user_space/April
[12:49:15] [GET] [NORMAL] (ID : 0) - /setting
[12:49:15] [GET] [NORMAL] (ID : 0) - /auth
[12:49:23] [GET] [NORMAL] (ID : 5) - /setting
[12:49:26] [GET] [NORMAL] (ID : 5) - /notification
[12:49:30] [GET] [NORMAL] (ID : 5) - /friend
[12:49:32] [GET] [NORMAL] (ID : 5) - /friend_request
[12:49:46] [GET] [NORMAL] (ID : 5) - /friend
[12:49:50] [GET] [NORMAL] (ID : 5) - /user_space/yueyan
[12:50:02] [GET] [NORMAL] (ID : 2) - /friend
[12:50:06] [GET] [NORMAL] (ID : 2) - /friend_request
[12:51:02] [GET] [NORMAL] (ID : 5) - /friend
[12:51:04] [GET] [NORMAL] (ID : 5) - /friend_request
[12:51:18] [GET] [NORMAL] (ID : 0) - /
[12:51:18] [GET] [NORMAL] (ID : 0) - /home
[12:51:21] [GET] [NORMAL] (ID : 0) - /friend
[12:51:21] [GET] [NORMAL] (ID : 0) - /auth
[12:51:28] [GET] [NORMAL] (ID : 5) - /friend
[12:51:32] [GET] [NORMAL] (ID : 5) - /friend_request
[12:51:39] [GET] [NORMAL] (ID : 5) - /friend
[12:51:41] [GET] [NORMAL] (ID : 5) - /my_space
[12:51:44] [GET] [NORMAL] (ID : 5) - /setting
[12:51:46] [GET] [NORMAL] (ID : 0) - /home
[12:51:48] [GET] [NORMAL] (ID : 0) - /my_space
[12:51:48] [GET] [NORMAL] (ID : 0) - /auth
[12:51:53] [GET] [NORMAL] (ID : 1) - /my_space
[12:51:57] [GET] [NORMAL] (ID : 1) - /notification
[12:52:00] [GET] [NORMAL] (ID : 1) - /friend
[12:52:04] [GET] [NORMAL] (ID : 1) - /user_space/April
[12:52:13] [GET] [NORMAL] (ID : 5) - /friend_request
[12:53:00] [GET] [NORMAL] (ID : 5) - /friend_request
[12:53:17] [GET] [NORMAL] (ID : 1) - /friend
[12:53:19] [GET] [NORMAL] (ID : 1) - /friend_request
[12:53:21] [GET] [NORMAL] (ID : 5) - /friend_request
[12:54:00] [GET] [NORMAL] (ID : 5) - /friend_request
[12:54:19] [GET] [NORMAL] (ID : 5) - /friend_request
[12:54:30] [GET] [NORMAL] (ID : 5) - /friend_request
[12:54:43] [GET] [NORMAL] (ID : 2) - /friend_request
[12:54:48] [GET] [NORMAL] (ID : 5) - /friend_request
[12:54:57] [GET] [NORMAL] (ID : 1) - /friend
[12:55:03] [GET] [NORMAL] (ID : 1) - /my_space
[12:55:07] [GET] [NORMAL] (ID : 1) - /friend
[12:55:26] [GET] [NORMAL] (ID : 1) - /my_space
[12:55:29] [GET] [NORMAL] (ID : 1) - /praise_list
[12:55:32] [GET] [NORMAL] (ID : 1) - /user_space/哔哩哔哩官方
[12:55:58] [GET] [NORMAL] (ID : 1) - /friend
[12:56:00] [GET] [NORMAL] (ID : 1) - /notification
[12:56:02] [GET] [NORMAL] (ID : 1) - /setting
[12:56:08] [GET] [NORMAL] (ID : 1) - /friend
[12:56:12] [GET] [NORMAL] (ID : 1) - /user_space/April
[12:56:20] [GET] [NORMAL] (ID : 1) - /friend
[12:56:22] [GET] [NORMAL] (ID : 1) - /setting
[12:56:25] [GET] [NORMAL] (ID : 1) - /change_mail
[12:56:29] [GET] [NORMAL] (ID : 1) - /setting
[12:56:35] [GET] [NORMAL] (ID : 1) - /change_password
[12:56:37] [GET] [NORMAL] (ID : 1) - /setting
[12:56:45] [GET] [NORMAL] (ID : 1) - /home
[12:56:48] [GET] [NORMAL] (ID : 1) - /my_space
[12:57:10] [GET] [NORMAL] (ID : 1) - /notification
[12:57:23] [GET] [NORMAL] (ID : 1) - /my_space
[12:57:30] [GET] [NORMAL] (ID : 1) - /friend
[12:57:39] [GET] [NORMAL] (ID : 1) - /friend_request
[12:57:43] [GET] [NORMAL] (ID : 1) - /friend
[12:57:49] [GET] [NORMAL] (ID : 1) - /notification
[12:57:56] [GET] [NORMAL] (ID : 1) - /project
[12:57:59] [GET] [NORMAL] (ID : 1) - /notification
[12:58:01] [GET] [NORMAL] (ID : 1) - /friend
[12:59:12] [GET] [NORMAL] (ID : 1) - /friend
[12:59:19] [GET] [NORMAL] (ID : 1) - /friend
[13:02:36] [GET] [NORMAL] (ID : 1) - /friend
[13:03:28] [GET] [NORMAL] (ID : 1) - /friend
[13:03:45] [GET] [NORMAL] (ID : 1) - /friend
[13:04:04] [GET] [NORMAL] (ID : 1) - /friend
[13:04:04] [GET] [NORMAL] (ID : 1) - /friend
[13:04:13] [GET] [NORMAL] (ID : 1) - /friend
[13:04:28] [GET] [NORMAL] (ID : 1) - /friend
[13:04:39] [GET] [NORMAL] (ID : 1) - /friend
[13:04:51] [GET] [NORMAL] (ID : 1) - /friend
[13:05:16] [GET] [NORMAL] (ID : 1) - /friend
[13:05:29] [GET] [NORMAL] (ID : 1) - /friend
[13:05:42] [GET] [NORMAL] (ID : 1) - /friend
[13:06:24] [GET] [NORMAL] (ID : 1) - /friend
[13:06:55] [GET] [NORMAL] (ID : 1) - /friend
[13:07:30] [GET] [NORMAL] (ID : 1) - /friend
[13:07:47] [GET] [NORMAL] (ID : 1) - /friend
[13:08:13] [GET] [NORMAL] (ID : 1) - /friend
[13:08:50] [GET] [NORMAL] (ID : 1) - /friend
[13:09:06] [GET] [NORMAL] (ID : 1) - /friend
[13:09:12] [GET] [NORMAL] (ID : 1) - /setting
[13:09:16] [GET] [NORMAL] (ID : 1) - /friend
[13:09:54] [GET] [NORMAL] (ID : 1) - /friend
[13:10:04] [GET] [NORMAL] (ID : 1) - /friend
[13:10:16] [GET] [NORMAL] (ID : 1) - /friend
[13:12:18] [GET] [NORMAL] (ID : 1) - /friend
[13:12:25] [GET] [NORMAL] (ID : 1) - /friend
[13:12:37] [GET] [NORMAL] (ID : 1) - /friend
[13:12:49] [GET] [NORMAL] (ID : 1) - /friend
[13:12:49] [GET] [NORMAL] (ID : 1) - /friend
[13:12:57] [GET] [NORMAL] (ID : 1) - /friend
[13:13:13] [GET] [NORMAL] (ID : 1) - /friend
[13:13:29] [GET] [NORMAL] (ID : 1) - /friend
[13:14:25] [GET] [NORMAL] (ID : 1) - /friend
[13:14:37] [GET] [NORMAL] (ID : 1) - /friend
[13:15:47] [GET] [NORMAL] (ID : 1) - /friend
[13:17:37] [GET] [NORMAL] (ID : 1) - /friend
[13:18:02] [GET] [NORMAL] (ID : 1) - /friend
[20:07:06] [GET] [NORMAL] (ID : 1) - /
[20:07:06] [GET] [NORMAL] (ID : 1) - /home
[20:07:08] [GET] [NORMAL] (ID : 1) - /my_space
[20:07:12] [GET] [NORMAL] (ID : 1) - /setting
[20:07:15] [GET] [NORMAL] (ID : 1) - /friend
[20:07:19] [GET] [NORMAL] (ID : 1) - /friend
[20:08:07] [GET] [NORMAL] (ID : 1) - /friend
[20:08:12] [GET] [NORMAL] (ID : 1) - /friend
[20:08:37] [GET] [NORMAL] (ID : 1) - /friend
[20:08:46] [GET] [NORMAL] (ID : 1) - /friend
[20:08:52] [GET] [NORMAL] (ID : 1) - /friend
[20:09:01] [GET] [NORMAL] (ID : 1) - /friend
[20:09:21] [GET] [NORMAL] (ID : 1) - /friend
[20:09:31] [GET] [NORMAL] (ID : 1) - /friend
[20:09:39] [GET] [NORMAL] (ID : 1) - /friend
[20:09:48] [GET] [NORMAL] (ID : 1) - /friend
[20:11:33] [GET] [NORMAL] (ID : 1) - /friend
[20:11:55] [GET] [NORMAL] (ID : 1) - /friend
[20:12:09] [GET] [NORMAL] (ID : 1) - /friend
[20:12:18] [GET] [NORMAL] (ID : 1) - /friend
[20:12:36] [GET] [NORMAL] (ID : 1) - /friend
[20:12:48] [GET] [NORMAL] (ID : 1) - /friend
[20:12:55] [GET] [NORMAL] (ID : 1) - /friend
[20:13:10] [GET] [NORMAL] (ID : 1) - /friend
[20:13:29] [GET] [NORMAL] (ID : 1) - /friend
[20:13:38] [GET] [NORMAL] (ID : 1) - /friend
[20:14:44] [GET] [NORMAL] (ID : 1) - /friend
[20:15:01] [GET] [NORMAL] (ID : 1) - /friend
[20:15:10] [GET] [NORMAL] (ID : 1) - /friend
[20:15:16] [GET] [NORMAL] (ID : 1) - /friend
[20:16:04] [GET] [NORMAL] (ID : 1) - /friend
[20:16:12] [GET] [NORMAL] (ID : 1) - /friend
[20:16:21] [GET] [NORMAL] (ID : 1) - /friend
[20:16:33] [GET] [NORMAL] (ID : 1) - /friend
[20:16:42] [GET] [NORMAL] (ID : 1) - /friend
[20:18:01] [GET] [NORMAL] (ID : 1) - /friend
[20:18:23] [GET] [NORMAL] (ID : 1) - /friend
[20:18:37] [GET] [NORMAL] (ID : 1) - /friend
[20:18:37] [GET] [NORMAL] (ID : 1) - /friend
[20:18:55] [GET] [NORMAL] (ID : 1) - /friend
[20:19:09] [GET] [NORMAL] (ID : 1) - /friend
[20:19:44] [GET] [NORMAL] (ID : 1) - /friend
[20:20:45] [GET] [NORMAL] (ID : 1) - /friend
[20:20:54] [GET] [NORMAL] (ID : 1) - /friend
[20:22:02] [GET] [NORMAL] (ID : 1) - /friend
[20:22:14] [GET] [NORMAL] (ID : 1) - /friend
[20:22:41] [GET] [NORMAL] (ID : 1) - /friend
[20:22:54] [GET] [NORMAL] (ID : 1) - /friend
[20:23:06] [GET] [NORMAL] (ID : 1) - /friend
[20:23:10] [GET] [NORMAL] (ID : 1) - /setting
[20:23:15] [GET] [NORMAL] (ID : 1) - /friend
[20:23:32] [GET] [NORMAL] (ID : 1) - /friend
[20:23:59] [GET] [NORMAL] (ID : 1) - /friend
[20:24:19] [GET] [NORMAL] (ID : 1) - /friend
[20:24:40] [GET] [NORMAL] (ID : 1) - /setting
[20:24:47] [GET] [NORMAL] (ID : 1) - /friend
[20:24:57] [GET] [NORMAL] (ID : 1) - /friend
[20:25:04] [GET] [NORMAL] (ID : 1) - /friend
[20:25:40] [GET] [NORMAL] (ID : 1) - /friend
[20:25:53] [GET] [NORMAL] (ID : 1) - /friend
[20:26:00] [GET] [NORMAL] (ID : 1) - /friend
[20:26:15] [GET] [NORMAL] (ID : 1) - /friend
[20:26:21] [GET] [NORMAL] (ID : 1) - /friend
[20:26:29] [GET] [NORMAL] (ID : 1) - /friend
[20:26:37] [GET] [NORMAL] (ID : 1) - /setting
[20:26:43] [GET] [NORMAL] (ID : 1) - /friend
[20:27:08] [GET] [NORMAL] (ID : 1) - /friend
[20:27:19] [GET] [NORMAL] (ID : 1) - /friend
[20:27:26] [GET] [NORMAL] (ID : 1) - /friend
[20:27:54] [GET] [NORMAL] (ID : 1) - /friend
[20:28:21] [GET] [NORMAL] (ID : 1) - /friend
[20:28:31] [GET] [NORMAL] (ID : 1) - /friend
[20:28:36] [GET] [NORMAL] (ID : 1) - /friend
[20:28:53] [GET] [NORMAL] (ID : 1) - /setting
[20:28:58] [GET] [NORMAL] (ID : 1) - /friend
[20:29:19] [GET] [NORMAL] (ID : 1) - /friend
[20:29:25] [GET] [NORMAL] (ID : 1) - /setting
[20:29:29] [GET] [NORMAL] (ID : 1) - /friend
[20:29:37] [GET] [NORMAL] (ID : 1) - /friend
[20:30:09] [GET] [NORMAL] (ID : 1) - /friend
[20:30:18] [GET] [NORMAL] (ID : 1) - /friend
[20:30:26] [GET] [NORMAL] (ID : 1) - /friend
[20:30:35] [GET] [NORMAL] (ID : 1) - /friend
