[09:38:39] [GET] [NORMAL] (ID : 0) - /
[09:38:39] [GET] [NORMAL] (ID : 0) - /home
[09:38:42] [GET] [NORMAL] (ID : 0) - /friend
[09:38:42] [GET] [NORMAL] (ID : 0) - /auth
[09:38:52] [GET] [NORMAL] (ID : 4) - /friend
[09:39:12] [GET] [NORMAL] (ID : 4) - /friend_request
[09:39:34] [GET] [NORMAL] (ID : 0) - /
[09:39:34] [GET] [NORMAL] (ID : 0) - /home
[09:39:37] [GET] [NORMAL] (ID : 0) - /friend
[09:39:37] [GET] [NORMAL] (ID : 0) - /auth
[09:39:43] [GET] [NORMAL] (ID : 4) - /friend
[09:39:47] [GET] [NORMAL] (ID : 1) - /friend
[09:39:50] [GET] [NORMAL] (ID : 1) - /notification
[09:40:07] [GET] [NORMAL] (ID : 4) - /user_space/AprilQM
[09:40:14] [GET] [NORMAL] (ID : 1) - /praise_list
[09:40:17] [GET] [NORMAL] (ID : 1) - /user_space/feiherui
[09:40:20] [GET] [NORMAL] (ID : 1) - /my_space
[09:40:21] [GET] [NORMAL] (ID : 4) - /favicon.ico
[09:41:09] [GET] [NORMAL] (ID : 0) - /auth
[09:41:37] [GET] [NORMAL] (ID : 0) - /my_space
[09:41:37] [GET] [NORMAL] (ID : 0) - /auth
[09:41:43] [GET] [NORMAL] (ID : 4) - /my_space
[09:41:44] [GET] [NORMAL] (ID : 1) - /setting
[09:41:58] [GET] [NORMAL] (ID : 4) - /friend
[09:42:03] [GET] [NORMAL] (ID : 1) - /setting
[09:42:07] [GET] [NORMAL] (ID : 4) - /friend_request
[09:42:15] [GET] [NORMAL] (ID : 1) - /friend
[09:42:19] [GET] [NORMAL] (ID : 4) - /friend
[09:42:27] [GET] [NORMAL] (ID : 1) - /setting
[09:42:53] [GET] [NORMAL] (ID : 4) - /user_space/AprilQM
[09:42:58] [GET] [NORMAL] (ID : 4) - /user_space/AprilQM
[09:43:00] [GET] [NORMAL] (ID : 4) - /user_space/AprilQM
[09:43:02] [GET] [NORMAL] (ID : 4) - /user_space/AprilQM
[09:43:04] [GET] [NORMAL] (ID : 4) - /user_space/AprilQM
[09:43:06] [GET] [NORMAL] (ID : 4) - /user_space/AprilQM
[09:43:07] [GET] [NORMAL] (ID : 4) - /user_space/AprilQM
[09:43:11] [GET] [NORMAL] (ID : 4) - /home
[09:43:18] [GET] [NORMAL] (ID : 4) - /my_space
[09:43:26] [GET] [NORMAL] (ID : 4) - /friend
[09:43:51] [GET] [NORMAL] (ID : 4) - /forum
[09:43:53] [GET] [NORMAL] (ID : 4) - /friend
[09:44:52] [GET] [NORMAL] (ID : 4) - /forum
[09:44:58] [GET] [NORMAL] (ID : 4) - /friend
[09:48:06] [GET] [NORMAL] (ID : 4) - /home
[09:48:12] [GET] [NORMAL] (ID : 4) - /my_space
[09:48:16] [GET] [NORMAL] (ID : 4) - /praise_list
[09:48:21] [GET] [NORMAL] (ID : 4) - /my_space
[09:48:42] [GET] [NORMAL] (ID : 4) - /notification
[09:48:53] [GET] [NORMAL] (ID : 4) - /friend
[09:50:50] [GET] [NORMAL] (ID : 1) - /friend
[09:51:09] [GET] [NORMAL] (ID : 4) - /friend
[09:51:34] [GET] [NORMAL] (ID : 4) - /friend
[09:51:49] [GET] [NORMAL] (ID : 4) - /friend
[09:52:17] [GET] [NORMAL] (ID : 1) - /friend
[09:54:43] [GET] [NORMAL] (ID : 1) - /friend
[09:54:50] [GET] [NORMAL] (ID : 4) - /friend
[09:55:30] [GET] [NORMAL] (ID : 4) - /friend
[09:55:48] [GET] [NORMAL] (ID : 4) - /friend
[09:55:50] [GET] [NORMAL] (ID : 4) - /friend
[09:56:32] [GET] [NORMAL] (ID : 4) - /friend
[09:56:48] [GET] [NORMAL] (ID : 4) - /friend
[09:56:57] [GET] [NORMAL] (ID : 4) - /friend
[09:57:18] [GET] [NORMAL] (ID : 4) - /friend
[09:57:20] [GET] [NORMAL] (ID : 4) - /friend
[09:57:23] [GET] [NORMAL] (ID : 4) - /friend
[09:57:47] [GET] [NORMAL] (ID : 4) - /friend
[09:57:50] [GET] [NORMAL] (ID : 4) - /friend_request
[09:58:23] [GET] [NORMAL] (ID : 1) - /friend
[09:58:25] [GET] [NORMAL] (ID : 1) - /friend_request
[09:58:29] [GET] [NORMAL] (ID : 1) - /friend
[09:58:50] [GET] [NORMAL] (ID : 4) - /friend
[09:59:09] [GET] [NORMAL] (ID : 4) - /friend
[09:59:11] [GET] [NORMAL] (ID : 1) - /test
[09:59:11] [GET] [NORMAL] (ID : 1) - /favicon.ico
[09:59:14] [GET] [NORMAL] (ID : 4) - /notification
[09:59:20] [GET] [NORMAL] (ID : 1) - /friend
[09:59:26] [GET] [NORMAL] (ID : 4) - /friend
[09:59:29] [GET] [NORMAL] (ID : 4) - /friend_request
[09:59:56] [GET] [NORMAL] (ID : 4) - /friend
[10:03:59] [GET] [NORMAL] (ID : 0) - /friend
[10:03:59] [GET] [NORMAL] (ID : 0) - /auth
[10:04:06] [GET] [NORMAL] (ID : 4) - /friend
[10:04:10] [GET] [NORMAL] (ID : 4) - /notification
[10:04:20] [GET] [NORMAL] (ID : 4) - /setting
[10:04:25] [GET] [NORMAL] (ID : 4) - /friend
[10:04:29] [GET] [NORMAL] (ID : 4) - /friend_request
[10:04:39] [GET] [NORMAL] (ID : 4) - /friend
[10:04:48] [GET] [NORMAL] (ID : 4) - /home
[10:04:51] [GET] [NORMAL] (ID : 4) - /cloud
[10:05:02] [GET] [NORMAL] (ID : 4) - /home
[10:05:07] [GET] [NORMAL] (ID : 4) - /forum
[10:05:12] [GET] [NORMAL] (ID : 4) - /friend
[10:05:39] [GET] [NORMAL] (ID : 4) - /home
[10:06:02] [GET] [NORMAL] (ID : 4) - /home
[10:06:05] [GET] [NORMAL] (ID : 4) - /project
[10:06:08] [GET] [NORMAL] (ID : 4) - /cloud
[10:06:17] [GET] [NORMAL] (ID : 4) - /cloud
[10:06:19] [GET] [NORMAL] (ID : 4) - /project
[10:06:21] [GET] [NORMAL] (ID : 4) - /forum
[10:06:24] [GET] [NORMAL] (ID : 4) - /friend
[10:06:30] [GET] [NORMAL] (ID : 4) - /setting
[10:06:33] [GET] [NORMAL] (ID : 1) - /home
[10:06:35] [GET] [NORMAL] (ID : 1) - /friend
[10:06:38] [GET] [NORMAL] (ID : 1) - /notification
[10:06:40] [GET] [NORMAL] (ID : 1) - /friend
[10:06:43] [GET] [NORMAL] (ID : 4) - /notification
[10:06:45] [GET] [NORMAL] (ID : 4) - /setting
[10:06:50] [GET] [NORMAL] (ID : 4) - /my_space
[10:06:50] [GET] [NORMAL] (ID : 1) - /setting
[10:06:54] [GET] [NORMAL] (ID : 1) - /friend
[10:07:01] [GET] [NORMAL] (ID : 1) - /user_space/feiherui
[10:07:07] [GET] [NORMAL] (ID : 4) - /praise_list
[10:07:09] [GET] [NORMAL] (ID : 4) - /user_space/AprilQM
[10:07:13] [GET] [NORMAL] (ID : 1) - /setting
[10:07:17] [GET] [NORMAL] (ID : 4) - /user_space/AprilQM
[10:07:57] [GET] [NORMAL] (ID : 1) - /friend
[10:08:05] [GET] [NORMAL] (ID : 1) - /user_space/feiherui
[10:08:14] [GET] [NORMAL] (ID : 4) - /user_space/AprilQM
[10:08:20] [GET] [NORMAL] (ID : 1) - /user_space/AprilQM
[10:08:25] [GET] [NORMAL] (ID : 0) - /auth
[10:08:26] [GET] [NORMAL] (ID : 0) - /auth
[10:08:26] [GET] [NORMAL] (ID : 0) - /auth
[10:08:26] [GET] [NORMAL] (ID : 0) - /auth
[10:08:26] [GET] [NORMAL] (ID : 0) - /auth
[10:08:26] [GET] [NORMAL] (ID : 0) - /auth
[10:08:26] [GET] [NORMAL] (ID : 0) - /auth
[10:08:26] [GET] [NORMAL] (ID : 0) - /auth
[10:08:27] [GET] [NORMAL] (ID : 0) - /auth
[10:08:27] [GET] [NORMAL] (ID : 0) - /auth
[10:08:38] [GET] [NORMAL] (ID : 1) - /user_space/AprilQM
[10:09:09] [GET] [NORMAL] (ID : 4) - /user_space/AprilQM
[10:09:13] [GET] [NORMAL] (ID : 4) - /user_space/AprilQM
[10:09:15] [GET] [NORMAL] (ID : 4) - /user_space/AprilQM
[10:09:18] [GET] [NORMAL] (ID : 4) - /user_space/AprilQM
[10:09:20] [GET] [NORMAL] (ID : 4) - /user_space/AprilQM
[10:09:23] [GET] [NORMAL] (ID : 4) - /user_space/AprilQM
[10:09:23] [GET] [NORMAL] (ID : 4) - /user_space/AprilQM
[10:09:24] [GET] [NORMAL] (ID : 4) - /user_space/AprilQM
[10:09:24] [GET] [NORMAL] (ID : 4) - /user_space/AprilQM
[10:09:26] [GET] [NORMAL] (ID : 4) - /user_space/AprilQM
[10:09:27] [GET] [NORMAL] (ID : 4) - /user_space/AprilQM
[10:09:39] [GET] [NORMAL] (ID : 4) - /my_space
[10:09:47] [GET] [NORMAL] (ID : 0) - /auth
[10:10:51] [GET] [NORMAL] (ID : 1) - /user_space/AprilQM
[10:11:01] [GET] [NORMAL] (ID : 4) - /user_space/AprilQM
[10:11:14] [GET] [NORMAL] (ID : 1) - /user_space/AprilQM
[10:11:20] [GET] [NORMAL] (ID : 0) - /auth
[10:11:34] [GET] [NORMAL] (ID : 0) - /auth
[10:12:41] [GET] [NORMAL] (ID : 1) - /user_space/AprilQM
[10:12:46] [GET] [NORMAL] (ID : 4) - /user_space/AprilQM
[10:12:55] [GET] [NORMAL] (ID : 0) - /auth
[10:12:56] [GET] [NORMAL] (ID : 0) - /auth
[10:12:56] [GET] [NORMAL] (ID : 0) - /auth
[10:13:06] [GET] [NORMAL] (ID : 4) - /user_space/AprilQM
[10:13:08] [GET] [NORMAL] (ID : 4) - /friend
[10:13:16] [GET] [NORMAL] (ID : 4) - /friend
[10:13:21] [GET] [NORMAL] (ID : 0) - /auth
[10:13:32] [GET] [NORMAL] (ID : 4) - /friend
[10:13:36] [GET] [NORMAL] (ID : 4) - /friend_request
[10:13:39] [GET] [NORMAL] (ID : 4) - /my_space
[10:13:40] [GET] [NORMAL] (ID : 1) - /user_space/AprilQM
[10:13:45] [GET] [NORMAL] (ID : 4) - /user_space/AprilQM
[10:13:45] [GET] [NORMAL] (ID : 1) - /my_space
[10:13:51] [GET] [NORMAL] (ID : 1) - /praise_list
[10:13:58] [GET] [NORMAL] (ID : 1) - /setting
[10:14:03] [GET] [NORMAL] (ID : 1) - /friend
[10:14:18] [GET] [NORMAL] (ID : 1) - /user_space/feiherui
[10:15:00] [GET] [NORMAL] (ID : 4) - /user_space/AprilQM
[10:15:04] [GET] [NORMAL] (ID : 1) - /notification
[10:15:06] [GET] [NORMAL] (ID : 1) - /setting
[10:15:26] [GET] [NORMAL] (ID : 1) - /setting
[10:15:36] [GET] [NORMAL] (ID : 0) - /my_space
[10:15:36] [GET] [NORMAL] (ID : 0) - /auth
[10:15:42] [GET] [NORMAL] (ID : 4) - /my_space
[10:16:02] [GET] [NORMAL] (ID : 1) - /friend
[10:16:09] [GET] [NORMAL] (ID : 1) - /user_space/feiherui
[10:16:14] [GET] [NORMAL] (ID : 4) - /user_space/AprilQM
[10:16:16] [GET] [NORMAL] (ID : 4) - /my_space
[10:16:19] [GET] [NORMAL] (ID : 4) - /setting
[10:19:06] [GET] [NORMAL] (ID : 4) - /setting
[10:19:11] [GET] [NORMAL] (ID : 4) - /my_space
[10:19:24] [GET] [NORMAL] (ID : 4) - /setting
[10:19:26] [GET] [NORMAL] (ID : 4) - /change_name
[10:19:35] [GET] [NORMAL] (ID : 4) - /setting
[10:19:38] [GET] [NORMAL] (ID : 4) - /home
[10:19:40] [GET] [NORMAL] (ID : 4) - /my_space
[10:19:45] [GET] [NORMAL] (ID : 4) - /setting
[10:19:50] [GET] [NORMAL] (ID : 4) - /my_space
[20:45:01] [GET] [NORMAL] (ID : 1) - /
[20:45:01] [GET] [NORMAL] (ID : 1) - /home
[20:45:06] [GET] [NORMAL] (ID : 1) - /friend
[20:45:08] [GET] [NORMAL] (ID : 1) - /friend_request
[22:02:07] [GET] [NORMAL] (ID : 1) - /
[22:02:07] [GET] [NORMAL] (ID : 1) - /home
[22:02:11] [GET] [NORMAL] (ID : 1) - /friend
[22:02:16] [GET] [NORMAL] (ID : 1) - /friend_request
[22:02:18] [GET] [NORMAL] (ID : 1) - /friend
[22:02:23] [GET] [NORMAL] (ID : 1) - /user_space/AprilQM
[22:02:28] [GET] [NORMAL] (ID : 1) - /my_space
[22:03:15] [GET] [NORMAL] (ID : 1) - /my_space
[22:03:18] [GET] [NORMAL] (ID : 1) - /friend
[22:03:24] [GET] [NORMAL] (ID : 1) - /friend
[22:03:26] [GET] [NORMAL] (ID : 1) - /notification
[22:03:28] [GET] [NORMAL] (ID : 1) - /home
[22:03:35] [GET] [NORMAL] (ID : 1) - /friend
[22:03:51] [GET] [NORMAL] (ID : 1) - /home
[22:04:03] [GET] [NORMAL] (ID : 1) - /home
[22:04:17] [GET] [NORMAL] (ID : 1) - /home
[22:04:24] [GET] [NORMAL] (ID : 1) - /home
[22:04:38] [GET] [NORMAL] (ID : 1) - /home
[22:04:41] [GET] [NORMAL] (ID : 1) - /cloud
[22:04:49] [GET] [NORMAL] (ID : 1) - /cloud
[22:04:52] [GET] [NORMAL] (ID : 1) - /friend
[22:04:54] [GET] [NORMAL] (ID : 1) - /notification
[22:05:03] [GET] [NORMAL] (ID : 1) - /notification
[22:05:05] [GET] [NORMAL] (ID : 1) - /forum
[22:05:07] [GET] [NORMAL] (ID : 1) - /friend
[22:05:11] [GET] [NORMAL] (ID : 1) - /friend
[22:05:13] [GET] [NORMAL] (ID : 1) - /notification
[22:05:16] [GET] [NORMAL] (ID : 1) - /home
[22:05:18] [GET] [NORMAL] (ID : 1) - /cloud
[22:05:20] [GET] [NORMAL] (ID : 1) - /friend
[22:05:33] [GET] [NORMAL] (ID : 1) - /home
[22:05:48] [GET] [NORMAL] (ID : 1) - /home
[22:05:53] [GET] [NORMAL] (ID : 1) - /home
[22:05:58] [GET] [NORMAL] (ID : 1) - /project
[22:06:02] [GET] [NORMAL] (ID : 1) - /forum
[22:06:07] [GET] [NORMAL] (ID : 1) - /setting
[22:06:13] [GET] [NORMAL] (ID : 1) - /project
[22:06:15] [GET] [NORMAL] (ID : 1) - /notification
[22:06:56] [GET] [NORMAL] (ID : 1) - /notification
[22:07:02] [GET] [NORMAL] (ID : 1) - /home
[22:07:30] [GET] [NORMAL] (ID : 1) - /home
[22:07:40] [GET] [NORMAL] (ID : 1) - /home
[22:07:59] [GET] [NORMAL] (ID : 1) - /home
[22:08:06] [GET] [NORMAL] (ID : 1) - /home
[22:10:07] [GET] [NORMAL] (ID : 1) - /home
[22:10:42] [GET] [NORMAL] (ID : 1) - /home
[22:11:02] [GET] [NORMAL] (ID : 1) - /home
[22:11:05] [GET] [NORMAL] (ID : 1) - /cloud
[22:11:19] [GET] [NORMAL] (ID : 1) - /cloud
[22:11:26] [GET] [NORMAL] (ID : 1) - /cloud
[22:11:32] [GET] [NORMAL] (ID : 1) - /cloud
[22:11:36] [GET] [NORMAL] (ID : 1) - /cloud
[22:11:45] [GET] [NORMAL] (ID : 1) - /cloud
[22:11:46] [GET] [NORMAL] (ID : 1) - /cloud
[22:11:49] [GET] [NORMAL] (ID : 1) - /setting
[22:11:54] [GET] [NORMAL] (ID : 1) - /forum
[22:11:57] [GET] [NORMAL] (ID : 1) - /friend
[22:12:19] [GET] [NORMAL] (ID : 1) - /friend
[22:12:21] [GET] [NORMAL] (ID : 1) - /project
[22:12:24] [GET] [NORMAL] (ID : 1) - /forum
[22:12:26] [GET] [NORMAL] (ID : 1) - /notification
[22:12:30] [GET] [NORMAL] (ID : 1) - /setting
[22:12:34] [GET] [NORMAL] (ID : 1) - /notification
[22:12:36] [GET] [NORMAL] (ID : 1) - /friend
[22:13:07] [GET] [NORMAL] (ID : 1) - /friend
[22:13:52] [GET] [NORMAL] (ID : 1) - /friend
[22:14:19] [GET] [NORMAL] (ID : 1) - /friend
[22:14:22] [GET] [NORMAL] (ID : 1) - /friend
[22:14:25] [GET] [NORMAL] (ID : 1) - /cloud
[22:14:27] [GET] [NORMAL] (ID : 1) - /forum
[22:14:59] [GET] [NORMAL] (ID : 1) - /forum
[22:15:03] [GET] [NORMAL] (ID : 1) - /home
[22:15:05] [GET] [NORMAL] (ID : 1) - /cloud
[22:15:07] [GET] [NORMAL] (ID : 1) - /friend
[22:15:09] [GET] [NORMAL] (ID : 1) - /notification
[22:15:17] [GET] [NORMAL] (ID : 1) - /friend
[22:15:34] [GET] [NORMAL] (ID : 1) - /my_space
[22:16:11] [GET] [NORMAL] (ID : 1) - /my_space
[22:16:19] [GET] [NORMAL] (ID : 1) - /friend
[22:16:24] [GET] [NORMAL] (ID : 1) - /friend
[22:16:27] [GET] [NORMAL] (ID : 1) - /project
[22:16:29] [GET] [NORMAL] (ID : 1) - /notification
[22:16:34] [GET] [NORMAL] (ID : 1) - /notification
[22:16:37] [GET] [NORMAL] (ID : 1) - /friend
[22:17:37] [GET] [NORMAL] (ID : 1) - /friend
[22:17:40] [GET] [NORMAL] (ID : 1) - /home
[22:17:43] [GET] [NORMAL] (ID : 1) - /cloud
[22:17:56] [GET] [NORMAL] (ID : 1) - /cloud
[22:17:59] [GET] [NORMAL] (ID : 1) - /home
[22:18:15] [GET] [NORMAL] (ID : 1) - /home
[22:18:17] [GET] [NORMAL] (ID : 1) - /cloud
[22:18:29] [GET] [NORMAL] (ID : 1) - /cloud
[22:18:31] [GET] [NORMAL] (ID : 1) - /project
[22:18:33] [GET] [NORMAL] (ID : 1) - /forum
[22:18:35] [GET] [NORMAL] (ID : 1) - /friend
[22:18:38] [GET] [NORMAL] (ID : 1) - /setting
[22:18:43] [GET] [NORMAL] (ID : 1) - /home
[22:18:46] [GET] [NORMAL] (ID : 1) - /my_space
[22:18:53] [GET] [NORMAL] (ID : 1) - /friend
[22:19:00] [GET] [NORMAL] (ID : 1) - /friend
[22:19:05] [GET] [NORMAL] (ID : 1) - /home
[22:19:07] [GET] [NORMAL] (ID : 1) - /cloud
