[11:06:56] [GET] [NORMAL] (ID : 1) - /
[11:06:56] [GET] [NORMAL] (ID : 1) - /home
[11:06:59] [GET] [NORMAL] (ID : 1) - /friend
[11:11:09] [GET] [NORMAL] (ID : 1) - /friend
[11:11:38] [GET] [NORMAL] (ID : 1) - /friend
[11:12:28] [GET] [NORMAL] (ID : 1) - /friend
[11:13:29] [GET] [NORMAL] (ID : 1) - /friend
[11:14:01] [GET] [NORMAL] (ID : 1) - /friend
[11:14:09] [GET] [NORMAL] (ID : 1) - /friend
[11:15:01] [GET] [NORMAL] (ID : 1) - /friend
[11:15:31] [GET] [NORMAL] (ID : 1) - /friend
[11:15:42] [GET] [NORMAL] (ID : 1) - /friend
[11:16:33] [GET] [NORMAL] (ID : 1) - /friend
[11:16:48] [GET] [NORMAL] (ID : 1) - /friend
[11:17:14] [GET] [NORMAL] (ID : 1) - /friend
[11:19:03] [GET] [NORMAL] (ID : 1) - /friend
[11:19:37] [GET] [NORMAL] (ID : 1) - /friend
[11:20:40] [GET] [NORMAL] (ID : 1) - /friend
[11:20:58] [GET] [NORMAL] (ID : 1) - /friend
[11:22:03] [GET] [NORMAL] (ID : 1) - /friend
[11:22:17] [GET] [NORMAL] (ID : 1) - /friend
[11:22:33] [GET] [NORMAL] (ID : 1) - /friend
[11:22:52] [GET] [NORMAL] (ID : 1) - /friend
[11:23:27] [GET] [NORMAL] (ID : 1) - /friend
[11:23:50] [GET] [NORMAL] (ID : 1) - /friend
[11:24:23] [GET] [NORMAL] (ID : 1) - /friend
[11:24:30] [GET] [NORMAL] (ID : 1) - /friend
[11:24:36] [GET] [NORMAL] (ID : 1) - /friend
[11:24:54] [GET] [NORMAL] (ID : 1) - /friend
[11:26:41] [GET] [NORMAL] (ID : 1) - /friend
[11:26:50] [GET] [NORMAL] (ID : 1) - /friend
[11:27:12] [GET] [NORMAL] (ID : 5) - /
[11:27:12] [GET] [NORMAL] (ID : 5) - /home
[11:27:14] [GET] [NORMAL] (ID : 5) - /notification
[11:28:48] [GET] [NORMAL] (ID : 1) - /friend
[11:28:55] [GET] [NORMAL] (ID : 5) - /friend
[11:29:08] [GET] [NORMAL] (ID : 5) - /user_space/AprilQM
[11:29:30] [GET] [NORMAL] (ID : 1) - /my_space
[11:29:32] [GET] [NORMAL] (ID : 1) - /friend
[11:29:35] [GET] [NORMAL] (ID : 1) - /user_space/April
[11:30:47] [GET] [NORMAL] (ID : 1) - /user_space/April
[11:30:55] [GET] [NORMAL] (ID : 1) - /user_space/April
[11:31:13] [GET] [NORMAL] (ID : 5) - /user_space/AprilQM
[11:31:25] [GET] [NORMAL] (ID : 1) - /user_space/April
[11:31:40] [GET] [NORMAL] (ID : 5) - /user_space/AprilQM
[11:31:49] [GET] [NORMAL] (ID : 1) - /user_space/April
[11:31:56] [GET] [NORMAL] (ID : 5) - /user_space/AprilQM
[11:32:32] [GET] [NORMAL] (ID : 1) - /user_space/April
[11:32:41] [GET] [NORMAL] (ID : 1) - /user_space/April
[11:33:06] [GET] [NORMAL] (ID : 1) - /user_space/April
[11:33:15] [GET] [NORMAL] (ID : 5) - /user_space/AprilQM
[11:33:30] [GET] [NORMAL] (ID : 1) - /user_space/April
[11:33:35] [GET] [NORMAL] (ID : 5) - /user_space/AprilQM
[11:33:56] [GET] [NORMAL] (ID : 1) - /user_space/April
[11:34:04] [GET] [NORMAL] (ID : 5) - /user_space/AprilQM
[11:34:16] [GET] [NORMAL] (ID : 1) - /user_space/April
[11:34:22] [GET] [NORMAL] (ID : 5) - /user_space/AprilQM
[11:34:34] [GET] [NORMAL] (ID : 1) - /friend_request
[11:34:38] [GET] [NORMAL] (ID : 1) - /friend
[11:34:46] [GET] [NORMAL] (ID : 1) - /friend
[11:35:34] [GET] [NORMAL] (ID : 1) - /friend_request
[11:35:41] [GET] [NORMAL] (ID : 1) - /friend
[11:37:56] [GET] [NORMAL] (ID : 1) - /friend
[11:38:11] [GET] [NORMAL] (ID : 1) - /friend
[11:38:14] [GET] [NORMAL] (ID : 1) - /my_space
[11:38:28] [GET] [NORMAL] (ID : 1) - /notification
[11:38:33] [GET] [NORMAL] (ID : 1) - /friend
[11:38:35] [GET] [NORMAL] (ID : 1) - /friend_request
[11:38:38] [GET] [NORMAL] (ID : 1) - /friend
[11:39:07] [GET] [NORMAL] (ID : 1) - /friend
[11:39:21] [GET] [NORMAL] (ID : 1) - /friend_request
[11:39:25] [GET] [NORMAL] (ID : 1) - /friend
[11:39:54] [GET] [NORMAL] (ID : 1) - /friend
[11:40:04] [GET] [NORMAL] (ID : 1) - /friend_request
[11:40:07] [GET] [NORMAL] (ID : 1) - /friend
[11:40:31] [GET] [NORMAL] (ID : 1) - /friend
[11:40:36] [GET] [NORMAL] (ID : 5) - /user_space/AprilQM
[11:40:45] [GET] [NORMAL] (ID : 1) - /friend_request
[11:40:48] [GET] [NORMAL] (ID : 1) - /friend
[11:44:20] [GET] [NORMAL] (ID : 1) - /friend
[11:44:31] [GET] [NORMAL] (ID : 1) - /friend_request
[11:44:34] [GET] [NORMAL] (ID : 1) - /friend
[11:44:52] [GET] [NORMAL] (ID : 1) - /friend
[11:45:00] [GET] [NORMAL] (ID : 1) - /friend_request
[11:45:04] [GET] [NORMAL] (ID : 1) - /friend
[11:50:07] [GET] [NORMAL] (ID : 1) - /friend
[11:50:19] [GET] [NORMAL] (ID : 1) - /friend_request
[11:50:22] [GET] [NORMAL] (ID : 1) - /friend
[11:50:30] [GET] [NORMAL] (ID : 1) - /friend
[11:52:31] [GET] [NORMAL] (ID : 1) - /friend
[11:52:42] [GET] [NORMAL] (ID : 1) - /friend_request
[11:52:45] [GET] [NORMAL] (ID : 1) - /friend
[11:53:12] [GET] [NORMAL] (ID : 1) - /friend
[11:53:21] [GET] [NORMAL] (ID : 1) - /friend
[11:53:24] [GET] [NORMAL] (ID : 1) - /friend_request
[11:53:27] [GET] [NORMAL] (ID : 1) - /friend
[11:54:15] [GET] [NORMAL] (ID : 1) - /friend
[11:54:25] [GET] [NORMAL] (ID : 1) - /friend_request
[11:54:28] [GET] [NORMAL] (ID : 1) - /friend
[11:54:38] [GET] [NORMAL] (ID : 1) - /friend
[11:54:50] [GET] [NORMAL] (ID : 1) - /friend
[11:54:57] [GET] [NORMAL] (ID : 1) - /user_space/April
[11:55:07] [GET] [NORMAL] (ID : 5) - /friend_request
[11:55:12] [GET] [NORMAL] (ID : 5) - /friend
[11:55:29] [GET] [NORMAL] (ID : 1) - /friend
[11:55:31] [GET] [NORMAL] (ID : 1) - /notification
[11:55:39] [GET] [NORMAL] (ID : 5) - /notification
[11:55:49] [GET] [NORMAL] (ID : 1) - /setting
[11:55:53] [GET] [NORMAL] (ID : 1) - /friend
[11:56:12] [GET] [NORMAL] (ID : 1) - /friend_request
[11:56:15] [GET] [NORMAL] (ID : 1) - /friend
[11:57:09] [GET] [NORMAL] (ID : 1) - /friend
[11:57:27] [GET] [NORMAL] (ID : 1) - /friend
[11:57:45] [GET] [NORMAL] (ID : 1) - /friend
[11:59:31] [GET] [NORMAL] (ID : 1) - /friend
[12:00:35] [GET] [NORMAL] (ID : 1) - /friend
[12:00:51] [GET] [NORMAL] (ID : 1) - /friend
[12:01:06] [GET] [NORMAL] (ID : 1) - /friend
[12:01:21] [GET] [NORMAL] (ID : 1) - /friend
[12:01:29] [GET] [NORMAL] (ID : 1) - /friend
[12:01:54] [GET] [NORMAL] (ID : 1) - /friend
[12:02:39] [GET] [NORMAL] (ID : 1) - /friend
[12:03:20] [GET] [NORMAL] (ID : 1) - /friend
[12:03:39] [GET] [NORMAL] (ID : 1) - /friend
[12:04:08] [GET] [NORMAL] (ID : 1) - /friend
[12:04:41] [GET] [NORMAL] (ID : 1) - /friend
[12:05:03] [GET] [NORMAL] (ID : 1) - /friend
[12:05:35] [GET] [NORMAL] (ID : 1) - /friend
[12:05:40] [GET] [NORMAL] (ID : 1) - /setting
[12:05:44] [GET] [NORMAL] (ID : 1) - /friend
[12:05:51] [GET] [NORMAL] (ID : 1) - /friend
[12:05:56] [GET] [NORMAL] (ID : 1) - /setting
[12:05:59] [GET] [NORMAL] (ID : 1) - /friend
[12:06:11] [GET] [NORMAL] (ID : 1) - /setting
[12:06:14] [GET] [NORMAL] (ID : 1) - /friend
[12:06:45] [GET] [NORMAL] (ID : 1) - /friend
[12:07:38] [GET] [NORMAL] (ID : 1) - /friend
[12:07:51] [GET] [NORMAL] (ID : 1) - /friend_request
[12:07:54] [GET] [NORMAL] (ID : 1) - /friend
[12:08:37] [GET] [NORMAL] (ID : 1) - /friend
[12:08:47] [GET] [NORMAL] (ID : 1) - /friend_request
[12:08:51] [GET] [NORMAL] (ID : 1) - /friend
[12:09:33] [GET] [NORMAL] (ID : 1) - /friend_request
[12:09:36] [GET] [NORMAL] (ID : 1) - /friend
[12:09:51] [GET] [NORMAL] (ID : 1) - /setting
[12:09:56] [GET] [NORMAL] (ID : 1) - /notification
[12:10:00] [GET] [NORMAL] (ID : 1) - /friend
[12:10:35] [GET] [NORMAL] (ID : 1) - /friend
[12:10:43] [GET] [NORMAL] (ID : 1) - /setting
[12:10:47] [GET] [NORMAL] (ID : 1) - /friend
