[12:38:44] [GET] [NORMAL] (ID : 0) - /
[12:38:44] [GET] [NORMAL] (ID : 0) - /home
[12:38:48] [GET] [NORMAL] (ID : 0) - /friend
[12:38:48] [GET] [NORMAL] (ID : 0) - /auth
[12:39:07] [GET] [NORMAL] (ID : 2) - /friend
[12:39:11] [GET] [NORMAL] (ID : 2) - /notification
[12:39:16] [GET] [NORMAL] (ID : 2) - /my_space
[12:43:26] [GET] [NORMAL] (ID : 0) - /
[12:43:26] [GET] [NORMAL] (ID : 0) - /home
[12:43:29] [GET] [NORMAL] (ID : 0) - /my_space
[12:43:29] [GET] [NORMAL] (ID : 0) - /auth
[12:43:36] [GET] [NORMAL] (ID : 1) - /my_space
[12:43:52] [GET] [NORMAL] (ID : 1) - /praise_list
[12:43:55] [GET] [NORMAL] (ID : 1) - /user_space/AprilQM
[12:44:34] [GET] [NORMAL] (ID : 1) - /user_space/AprilQM
[12:45:24] [GET] [NORMAL] (ID : 1) - /user_space/AprilQM
[12:47:48] [GET] [NORMAL] (ID : 1) - /user_space/AprilQM
[12:48:17] [GET] [NORMAL] (ID : 1) - /user_space/AprilQM
[12:48:35] [GET] [NORMAL] (ID : 1) - /user_space/AprilQM
[12:49:15] [GET] [NORMAL] (ID : 1) - /user_space/AprilQM
[12:49:24] [GET] [NORMAL] (ID : 1) - /user_space/AprilQM
[12:50:28] [GET] [NORMAL] (ID : 1) - /user_space/AprilQM
[12:50:58] [GET] [NORMAL] (ID : 1) - /user_space/AprilQM
[12:51:07] [GET] [NORMAL] (ID : 1) - /user_space/AprilQM
[12:51:15] [GET] [NORMAL] (ID : 1) - /user_space/AprilQM
[12:51:22] [GET] [NORMAL] (ID : 1) - /user_space/AprilQM
[12:51:28] [GET] [NORMAL] (ID : 1) - /user_space/AprilQM
[12:53:21] [GET] [NORMAL] (ID : 1) - /user_space/AprilQM
[12:53:33] [GET] [NORMAL] (ID : 1) - /user_space/AprilQM
[12:53:46] [GET] [NORMAL] (ID : 1) - /user_space/AprilQM
[12:53:59] [GET] [NORMAL] (ID : 1) - /user_space/AprilQM
[12:54:13] [GET] [NORMAL] (ID : 1) - /user_space/AprilQM
[13:06:21] [GET] [NORMAL] (ID : 1) - /user_space/AprilQM
[13:07:02] [GET] [NORMAL] (ID : 1) - /user_space/AprilQM
[13:07:05] [GET] [NORMAL] (ID : 1) - /friend_request
[13:07:37] [GET] [NORMAL] (ID : 1) - /notification
[13:11:26] [GET] [NORMAL] (ID : 1) - /notification
[13:11:28] [GET] [NORMAL] (ID : 1) - /my_space
[13:11:31] [GET] [NORMAL] (ID : 1) - /friend
[13:11:39] [GET] [NORMAL] (ID : 1) - /user_space/yueyan
[13:12:17] [GET] [NORMAL] (ID : 0) - /
[13:12:18] [GET] [NORMAL] (ID : 0) - /home
[13:12:34] [GET] [NORMAL] (ID : 0) - /my_space
[13:12:34] [GET] [NORMAL] (ID : 0) - /auth
[13:12:52] [GET] [NORMAL] (ID : 2) - /my_space
[13:12:56] [GET] [NORMAL] (ID : 2) - /notification
[13:13:01] [GET] [NORMAL] (ID : 2) - /friend_request
[13:13:20] [GET] [NORMAL] (ID : 2) - /my_space
[13:13:22] [GET] [NORMAL] (ID : 2) - /friend
[13:13:24] [GET] [NORMAL] (ID : 2) - /friend_request
[13:13:28] [GET] [NORMAL] (ID : 2) - /my_space
[13:13:35] [GET] [NORMAL] (ID : 2) - /praise_list
[13:14:56] [GET] [NORMAL] (ID : 1) - /praise_list
[13:14:58] [GET] [NORMAL] (ID : 1) - /my_space
[13:15:02] [GET] [NORMAL] (ID : 1) - /friend
[13:15:06] [GET] [NORMAL] (ID : 1) - /user_space/yueyan
[13:15:46] [GET] [NORMAL] (ID : 1) - /user_space/yueyan
[13:15:54] [GET] [NORMAL] (ID : 1) - /friend
[13:15:56] [GET] [NORMAL] (ID : 1) - /friend_request
[13:16:00] [GET] [NORMAL] (ID : 2) - /friend_request
[13:16:04] [GET] [NORMAL] (ID : 1) - /friend
[13:16:08] [GET] [NORMAL] (ID : 1) - /friend_request
[13:16:11] [GET] [NORMAL] (ID : 1) - /setting
