[13:13:48] [GET] [NORMAL] (ID : 0) - /
[13:13:48] [GET] [NORMAL] (ID : 0) - /home
[13:13:52] [GET] [NORMAL] (ID : 0) - /my_space
[13:13:52] [GET] [NORMAL] (ID : 0) - /auth
[13:14:01] [GET] [NORMAL] (ID : 1) - /my_space
[13:14:05] [GET] [NORMAL] (ID : 1) - /notification
[13:16:56] [GET] [NORMAL] (ID : 1) - /friend_request
[13:17:03] [GET] [NORMAL] (ID : 1) - /notification
[13:17:43] [GET] [NORMAL] (ID : 1) - /my_space
[13:17:45] [GET] [NORMAL] (ID : 1) - /praise_list
[13:19:04] [GET] [NORMAL] (ID : 1) - /friend_request
[13:19:41] [GET] [NORMAL] (ID : 1) - /friend_request
[13:20:19] [GET] [NORMAL] (ID : 1) - /friend_request
[13:20:47] [GET] [NORMAL] (ID : 1) - /friend_request
[18:07:38] [GET] [NORMAL] (ID : 1) - /
[18:07:38] [GET] [NORMAL] (ID : 1) - /home
[18:07:41] [GET] [NORMAL] (ID : 1) - /friend_request
[18:10:15] [GET] [NORMAL] (ID : 1) - /friend_request
[18:10:46] [GET] [NORMAL] (ID : 1) - /friend_request
[18:11:44] [GET] [NORMAL] (ID : 1) - /friend_request
[18:12:19] [GET] [NORMAL] (ID : 1) - /friend_request
[18:12:34] [GET] [NORMAL] (ID : 1) - /friend_request
[18:13:03] [GET] [NORMAL] (ID : 1) - /friend_request
[18:13:16] [GET] [NORMAL] (ID : 1) - /friend_request
[18:14:57] [GET] [NORMAL] (ID : 1) - /friend_request
[18:15:00] [GET] [NORMAL] (ID : 1) - /my_space
[18:15:04] [GET] [NORMAL] (ID : 1) - /notification
[18:15:06] [GET] [NORMAL] (ID : 1) - /setting
[18:16:09] [GET] [NORMAL] (ID : 1) - /setting
[18:16:13] [GET] [NORMAL] (ID : 1) - /setting
[18:16:16] [GET] [NORMAL] (ID : 1) - /setting
[18:17:04] [GET] [NORMAL] (ID : 1) - /setting
[18:33:29] [GET] [NORMAL] (ID : 1) - /setting
[18:33:34] [GET] [NORMAL] (ID : 1) - /setting
[18:33:38] [GET] [NORMAL] (ID : 1) - /setting
[18:34:33] [GET] [NORMAL] (ID : 1) - /setting
[18:34:40] [GET] [NORMAL] (ID : 1) - /setting
[18:34:43] [GET] [NORMAL] (ID : 1) - /setting
[18:34:45] [GET] [NORMAL] (ID : 1) - /setting
[18:34:52] [GET] [NORMAL] (ID : 1) - /my_space
[18:34:55] [GET] [NORMAL] (ID : 1) - /friend
[18:34:59] [GET] [NORMAL] (ID : 1) - /user_space/AprilQM
[18:35:22] [GET] [NORMAL] (ID : 1) - /user_space/AprilQM
[18:36:23] [GET] [NORMAL] (ID : 1) - /
[18:36:23] [GET] [NORMAL] (ID : 1) - /home
[18:36:28] [GET] [NORMAL] (ID : 1) - /setting
[18:36:30] [GET] [NORMAL] (ID : 0) - /home
[18:36:33] [GET] [NORMAL] (ID : 0) - /my_space
[18:36:33] [GET] [NORMAL] (ID : 0) - /auth
[18:36:36] [GET] [NORMAL] (ID : 5) - /my_space
[18:36:39] [GET] [NORMAL] (ID : 5) - /notification
[18:36:50] [GET] [NORMAL] (ID : 5) - /friend
[18:36:59] [GET] [NORMAL] (ID : 5) - /user_space/AprilQM
[18:37:04] [GET] [NORMAL] (ID : 1) - /setting
[18:37:07] [GET] [NORMAL] (ID : 5) - /user_space/AprilQM
[18:37:10] [GET] [NORMAL] (ID : 5) - /user_space/AprilQM
[18:37:14] [GET] [NORMAL] (ID : 5) - /user_space/AprilQM
[18:37:17] [GET] [NORMAL] (ID : 5) - /user_space/AprilQM
[18:37:21] [GET] [NORMAL] (ID : 1) - /setting
[18:38:41] [GET] [NORMAL] (ID : 5) - /user_space/AprilQM
[18:38:45] [GET] [NORMAL] (ID : 5) - /user_space/AprilQM
[18:38:48] [GET] [NORMAL] (ID : 5) - /user_space/AprilQM
[18:39:10] [GET] [NORMAL] (ID : 1) - /setting
[18:39:11] [GET] [NORMAL] (ID : 5) - /user_space/AprilQM
[18:39:51] [GET] [NORMAL] (ID : 5) - /user_space/AprilQM
[18:42:16] [GET] [NORMAL] (ID : 1) - /setting
[18:42:21] [GET] [NORMAL] (ID : 5) - /user_space/AprilQM
[18:42:23] [GET] [NORMAL] (ID : 5) - /user_space/AprilQM
[18:42:24] [GET] [NORMAL] (ID : 5) - /user_space/AprilQM
[18:42:26] [GET] [NORMAL] (ID : 5) - /user_space/AprilQM
[18:42:28] [GET] [NORMAL] (ID : 5) - /user_space/AprilQM
[18:42:37] [GET] [NORMAL] (ID : 5) - /setting
[18:42:49] [GET] [NORMAL] (ID : 1) - /friend
[18:42:53] [GET] [NORMAL] (ID : 1) - /user_space/April
[18:42:58] [GET] [NORMAL] (ID : 1) - /user_space/April
[18:43:01] [GET] [NORMAL] (ID : 1) - /user_space/April
[18:43:26] [GET] [NORMAL] (ID : 1) - /user_space/April
[18:43:34] [GET] [NORMAL] (ID : 5) - /praise_list
[18:43:52] [GET] [NORMAL] (ID : 5) - /praise_list
[18:43:56] [GET] [NORMAL] (ID : 1) - /user_space/April
[18:44:00] [GET] [NORMAL] (ID : 5) - /setting
[18:44:08] [GET] [NORMAL] (ID : 0) - /auth
[18:44:11] [GET] [NORMAL] (ID : 0) - /auth
[18:44:11] [GET] [NORMAL] (ID : 0) - /auth
[18:44:16] [GET] [NORMAL] (ID : 0) - /auth
[18:44:41] [GET] [NORMAL] (ID : 1) - /user_space/April
[18:44:45] [GET] [NORMAL] (ID : 1) - /user_space/April
[18:44:48] [GET] [NORMAL] (ID : 1) - /user_space/April
[18:44:51] [GET] [NORMAL] (ID : 1) - /user_space/April
[18:44:53] [GET] [NORMAL] (ID : 1) - /user_space/April
[18:44:57] [GET] [NORMAL] (ID : 1) - /user_space/April
[18:45:18] [GET] [NORMAL] (ID : 1) - /friend_request
[18:45:36] [GET] [NORMAL] (ID : 1) - /friend_request
[18:53:30] [GET] [NORMAL] (ID : 1) - /friend_request
[18:53:57] [GET] [NORMAL] (ID : 1) - /friend_request
[18:54:02] [GET] [NORMAL] (ID : 1) - /friend_request
[18:54:34] [GET] [NORMAL] (ID : 1) - /friend_request
[18:54:57] [GET] [NORMAL] (ID : 1) - /friend_request
[18:55:04] [GET] [NORMAL] (ID : 1) - /friend_request
[18:55:53] [GET] [NORMAL] (ID : 1) - /friend_request
[18:55:59] [GET] [NORMAL] (ID : 1) - /friend_request
[18:56:23] [GET] [NORMAL] (ID : 1) - /friend_request
[18:56:36] [GET] [NORMAL] (ID : 1) - /friend_request
[18:56:56] [GET] [NORMAL] (ID : 1) - /friend_request
[18:57:01] [GET] [NORMAL] (ID : 1) - /friend_request
[18:57:26] [GET] [NORMAL] (ID : 1) - /friend_request
[18:58:18] [GET] [NORMAL] (ID : 1) - /friend_request
[18:58:27] [GET] [NORMAL] (ID : 1) - /friend_request
[18:58:37] [GET] [NORMAL] (ID : 1) - /friend_request
[18:59:21] [GET] [NORMAL] (ID : 1) - /friend_request
[18:59:29] [GET] [NORMAL] (ID : 1) - /friend_request
[18:59:39] [GET] [NORMAL] (ID : 1) - /friend_request
[18:59:59] [GET] [NORMAL] (ID : 1) - /friend_request
[19:00:09] [GET] [NORMAL] (ID : 1) - /friend_request
[19:00:22] [GET] [NORMAL] (ID : 1) - /friend_request
[19:00:28] [GET] [NORMAL] (ID : 1) - /friend_request
[19:00:37] [GET] [NORMAL] (ID : 1) - /friend_request
[19:00:45] [GET] [NORMAL] (ID : 1) - /friend_request
[19:00:49] [GET] [NORMAL] (ID : 1) - /friend_request
[19:00:56] [GET] [NORMAL] (ID : 1) - /friend_request
[19:07:56] [GET] [NORMAL] (ID : 1) - /setting
[19:08:00] [GET] [NORMAL] (ID : 1) - /friend_request
[19:08:14] [GET] [NORMAL] (ID : 1) - /friend_request
[19:08:26] [GET] [NORMAL] (ID : 1) - /friend_request
[19:08:31] [GET] [NORMAL] (ID : 1) - /friend_request
[19:08:44] [GET] [NORMAL] (ID : 1) - /friend_request
[19:08:51] [GET] [NORMAL] (ID : 1) - /friend_request
[19:08:59] [GET] [NORMAL] (ID : 1) - /friend_request
[19:09:03] [GET] [NORMAL] (ID : 1) - /friend_request
[19:09:09] [GET] [NORMAL] (ID : 1) - /friend_request
[19:09:18] [GET] [NORMAL] (ID : 1) - /friend_request
[19:09:25] [GET] [NORMAL] (ID : 1) - /friend_request
[19:09:30] [GET] [NORMAL] (ID : 1) - /friend_request
[19:09:36] [GET] [NORMAL] (ID : 1) - /friend_request
[19:10:13] [GET] [NORMAL] (ID : 1) - /friend_request
[19:10:27] [GET] [NORMAL] (ID : 1) - /friend_request
[19:10:39] [GET] [NORMAL] (ID : 1) - /friend_request
[19:10:45] [GET] [NORMAL] (ID : 1) - /friend_request
[19:10:50] [GET] [NORMAL] (ID : 1) - /friend_request
[19:11:06] [GET] [NORMAL] (ID : 1) - /friend_request
[19:11:13] [GET] [NORMAL] (ID : 1) - /friend_request
[19:11:53] [GET] [NORMAL] (ID : 1) - /friend_request
[19:22:44] [GET] [NORMAL] (ID : 1) - /friend_request
[19:22:54] [GET] [NORMAL] (ID : 1) - /friend_request
[19:57:39] [GET] [NORMAL] (ID : 1) - /
[19:57:39] [GET] [NORMAL] (ID : 1) - /home
[19:57:42] [GET] [NORMAL] (ID : 1) - /my_space
[20:00:04] [GET] [NORMAL] (ID : 1) - /my_space
[20:01:06] [GET] [NORMAL] (ID : 1) - /my_space
[20:05:43] [GET] [NORMAL] (ID : 1) - /my_space
[20:06:02] [GET] [NORMAL] (ID : 1) - /my_space
[20:06:12] [GET] [NORMAL] (ID : 1) - /my_space
[20:06:18] [GET] [NORMAL] (ID : 1) - /my_space
[20:07:07] [GET] [NORMAL] (ID : 1) - /my_space
[20:07:53] [GET] [NORMAL] (ID : 1) - /my_space
