[10:18:55] [GET] [NORMAL] (ID : 0) - /
[10:18:55] [GET] [NORMAL] (ID : 0) - /home
[10:19:07] [GET] [NORMAL] (ID : 0) - /setting
[10:19:07] [GET] [NORMAL] (ID : 0) - /auth
[12:09:49] [GET] [NORMAL] (ID : 0) - /
[12:09:49] [GET] [NORMAL] (ID : 0) - /home
[12:09:53] [GET] [NORMAL] (ID : 0) - /my_space
[12:09:53] [GET] [NORMAL] (ID : 0) - /auth
[12:10:01] [GET] [NORMAL] (ID : 1) - /my_space
[12:10:04] [GET] [NORMAL] (ID : 0) - /
[12:10:05] [GET] [NORMAL] (ID : 1) - /praise_list
[12:10:07] [GET] [NORMAL] (ID : 0) - /home
[12:10:18] [GET] [NORMAL] (ID : 1) - /user_space/AprilQM
[12:10:21] [GET] [NORMAL] (ID : 1) - /my_space
[12:10:40] [GET] [NORMAL] (ID : 1) - /friend
[12:11:08] [GET] [NORMAL] (ID : 0) - /my_space
[12:11:08] [GET] [NORMAL] (ID : 0) - /auth
[12:11:13] [GET] [NORMAL] (ID : 1) - /setting
[12:11:18] [GET] [NORMAL] (ID : 3) - /my_space
[12:11:35] [GET] [NORMAL] (ID : 1) - /my_space
[12:11:43] [GET] [NORMAL] (ID : 1) - /praise_list
[12:11:48] [GET] [NORMAL] (ID : 3) - /my_space
[12:11:54] [GET] [NORMAL] (ID : 1) - /user_space/August13
[12:11:55] [GET] [NORMAL] (ID : 3) - /my_space
[12:12:23] [GET] [NORMAL] (ID : 1) - /my_space
[12:12:26] [GET] [NORMAL] (ID : 1) - /friend
[12:12:46] [GET] [NORMAL] (ID : 3) - /friend
[12:12:50] [GET] [NORMAL] (ID : 3) - /notification
[12:15:39] [GET] [NORMAL] (ID : 1) - /friend
[12:15:54] [GET] [NORMAL] (ID : 1) - /friend
[12:18:23] [GET] [NORMAL] (ID : 1) - /my_space
[12:18:26] [GET] [NORMAL] (ID : 1) - /praise_list
[12:18:41] [GET] [NORMAL] (ID : 1) - /user_space/yueyan
[12:18:51] [GET] [NORMAL] (ID : 1) - /
[12:18:51] [GET] [NORMAL] (ID : 1) - /home
[12:18:53] [GET] [NORMAL] (ID : 1) - /
[12:18:53] [GET] [NORMAL] (ID : 1) - /home
[12:19:29] [GET] [NORMAL] (ID : 0) - /user_space/yueyan
[12:19:29] [GET] [NORMAL] (ID : 0) - /auth
[12:19:35] [GET] [NORMAL] (ID : 1) - /user_space/yueyan
[12:20:21] [GET] [NORMAL] (ID : 1) - /user_space/yueyan
[12:20:23] [GET] [NORMAL] (ID : 1) - /my_space
[12:20:53] [GET] [NORMAL] (ID : 1) - /my_space
[12:21:03] [GET] [NORMAL] (ID : 1) - /my_space
[12:21:50] [GET] [NORMAL] (ID : 1) - /my_space
[12:22:06] [GET] [NORMAL] (ID : 1) - /my_space
[12:22:26] [GET] [NORMAL] (ID : 1) - /my_space
[12:22:45] [GET] [NORMAL] (ID : 3) - /my_space
[12:22:47] [GET] [NORMAL] (ID : 1) - /my_space
[12:22:59] [GET] [NORMAL] (ID : 1) - /praise_list
[12:23:03] [GET] [NORMAL] (ID : 1) - /user_space/August13
[12:23:09] [GET] [NORMAL] (ID : 1) - /setting
[12:23:15] [GET] [NORMAL] (ID : 1) - /my_space
[12:24:04] [GET] [NORMAL] (ID : 1) - /friend
[12:25:35] [GET] [NORMAL] (ID : 1) - /friend
[12:25:51] [GET] [NORMAL] (ID : 1) - /friend
[12:26:02] [GET] [NORMAL] (ID : 1) - /friend
[12:26:09] [GET] [NORMAL] (ID : 1) - /friend
[12:26:25] [GET] [NORMAL] (ID : 1) - /friend
[12:26:34] [GET] [NORMAL] (ID : 1) - /friend
[12:26:44] [GET] [NORMAL] (ID : 1) - /friend
[12:27:03] [GET] [NORMAL] (ID : 1) - /friend
[12:27:35] [GET] [NORMAL] (ID : 1) - /friend
[12:27:56] [GET] [NORMAL] (ID : 1) - /friend
[12:28:01] [GET] [NORMAL] (ID : 1) - /friend
[12:28:13] [GET] [NORMAL] (ID : 1) - /setting
[12:29:05] [GET] [NORMAL] (ID : 1) - /change_name
[12:29:08] [GET] [NORMAL] (ID : 1) - /setting
[12:29:24] [GET] [NORMAL] (ID : 1) - /friend
[12:29:31] [GET] [NORMAL] (ID : 1) - /friend
[12:29:40] [GET] [NORMAL] (ID : 1) - /friend
[12:31:03] [GET] [NORMAL] (ID : 1) - /friend
[12:33:02] [GET] [NORMAL] (ID : 1) - /friend
[12:33:31] [GET] [NORMAL] (ID : 1) - /friend
[12:34:32] [GET] [NORMAL] (ID : 1) - /friend
[12:35:25] [GET] [NORMAL] (ID : 1) - /friend
[12:36:01] [GET] [NORMAL] (ID : 1) - /friend
[12:36:17] [GET] [NORMAL] (ID : 1) - /friend
[12:36:55] [GET] [NORMAL] (ID : 1) - /friend
[12:37:07] [GET] [NORMAL] (ID : 1) - /friend
[12:37:18] [GET] [NORMAL] (ID : 1) - /friend
[12:37:31] [GET] [NORMAL] (ID : 1) - /friend
[12:37:43] [GET] [NORMAL] (ID : 1) - /friend
[12:37:49] [GET] [NORMAL] (ID : 1) - /friend
[12:38:07] [GET] [NORMAL] (ID : 1) - /friend
[12:38:29] [GET] [NORMAL] (ID : 1) - /friend
[12:38:39] [GET] [NORMAL] (ID : 1) - /friend
[12:38:46] [GET] [NORMAL] (ID : 1) - /friend
[12:38:57] [GET] [NORMAL] (ID : 1) - /friend
[12:39:05] [GET] [NORMAL] (ID : 1) - /setting
[12:39:20] [GET] [NORMAL] (ID : 1) - /my_space
[12:39:27] [GET] [NORMAL] (ID : 1) - /setting
[12:39:34] [GET] [NORMAL] (ID : 1) - /friend
[12:39:49] [GET] [NORMAL] (ID : 1) - /friend
[12:40:37] [GET] [NORMAL] (ID : 0) - /friend
[12:40:37] [GET] [NORMAL] (ID : 0) - /auth
[12:40:43] [GET] [NORMAL] (ID : 3) - /
[12:40:43] [GET] [NORMAL] (ID : 3) - /home
[12:40:45] [GET] [NORMAL] (ID : 1) - /friend
[12:40:51] [GET] [NORMAL] (ID : 1) - /setting
[12:41:03] [GET] [NORMAL] (ID : 1) - /friend
[12:41:18] [GET] [NORMAL] (ID : 1) - /friend
[12:41:26] [GET] [NORMAL] (ID : 1) - /friend
[12:41:42] [GET] [NORMAL] (ID : 1) - /friend
[12:41:45] [GET] [NORMAL] (ID : 1) - /setting
[12:41:54] [GET] [NORMAL] (ID : 1) - /friend
[12:43:02] [GET] [NORMAL] (ID : 1) - /friend
[12:43:55] [GET] [NORMAL] (ID : 1) - /friend
[12:45:25] [GET] [NORMAL] (ID : 1) - /friend
[12:45:45] [GET] [NORMAL] (ID : 1) - /friend
[12:48:50] [GET] [NORMAL] (ID : 1) - /test
[12:49:32] [GET] [NORMAL] (ID : 1) - /test
[12:50:08] [GET] [NORMAL] (ID : 1) - /test
[12:50:14] [GET] [NORMAL] (ID : 1) - /test
[12:51:02] [GET] [NORMAL] (ID : 1) - /test
[12:51:39] [GET] [NORMAL] (ID : 1) - /test
[12:52:37] [GET] [NORMAL] (ID : 1) - /test
[12:53:00] [GET] [NORMAL] (ID : 1) - /test
[12:53:46] [GET] [NORMAL] (ID : 1) - /test
[12:54:19] [GET] [NORMAL] (ID : 1) - /test
[12:54:19] [GET] [NORMAL] (ID : 1) - /favicon.ico
[12:54:43] [GET] [NORMAL] (ID : 1) - /friend
[12:54:46] [GET] [NORMAL] (ID : 1) - /my_space
[12:54:49] [GET] [NORMAL] (ID : 1) - /setting
[12:54:52] [GET] [NORMAL] (ID : 0) - /home
[12:54:55] [GET] [NORMAL] (ID : 0) - /my_space
[12:54:55] [GET] [NORMAL] (ID : 0) - /auth
[12:55:04] [GET] [NORMAL] (ID : 5) - /my_space
[12:55:08] [GET] [NORMAL] (ID : 5) - /friend
[12:55:14] [GET] [NORMAL] (ID : 5) - /my_space
[12:55:27] [GET] [NORMAL] (ID : 5) - /my_space
[12:55:31] [GET] [NORMAL] (ID : 5) - /setting
[12:55:34] [GET] [NORMAL] (ID : 0) - /home
[12:55:38] [GET] [NORMAL] (ID : 0) - /my_space
[12:55:38] [GET] [NORMAL] (ID : 0) - /auth
[12:55:48] [GET] [NORMAL] (ID : 1) - /my_space
[12:56:10] [GET] [NORMAL] (ID : 1) - /praise_list
[12:56:47] [GET] [NORMAL] (ID : 1) - /user_space/AprilQM
[12:56:51] [GET] [NORMAL] (ID : 1) - /friend
[12:59:56] [GET] [NORMAL] (ID : 1) - /friend
[13:01:37] [GET] [NORMAL] (ID : 1) - /friend
[13:02:04] [GET] [NORMAL] (ID : 1) - /friend
[13:02:10] [GET] [NORMAL] (ID : 1) - /friend
[13:02:16] [GET] [NORMAL] (ID : 1) - /friend
[13:05:39] [GET] [NORMAL] (ID : 1) - /friend
[13:06:22] [GET] [NORMAL] (ID : 1) - /friend
[13:08:02] [GET] [NORMAL] (ID : 1) - /friend
[13:08:15] [GET] [NORMAL] (ID : 1) - /friend
[13:09:41] [GET] [NORMAL] (ID : 1) - /friend
[13:09:51] [GET] [NORMAL] (ID : 1) - /friend
[13:11:07] [GET] [NORMAL] (ID : 1) - /friend
[13:11:57] [GET] [NORMAL] (ID : 1) - /friend
[13:12:01] [GET] [NORMAL] (ID : 1) - /friend
[13:12:09] [GET] [NORMAL] (ID : 1) - /friend
[13:12:16] [GET] [NORMAL] (ID : 1) - /friend
[13:12:59] [GET] [NORMAL] (ID : 1) - /friend
[13:13:28] [GET] [NORMAL] (ID : 1) - /friend
[13:13:49] [GET] [NORMAL] (ID : 1) - /friend
[13:14:04] [GET] [NORMAL] (ID : 0) - /my_space
[13:14:04] [GET] [NORMAL] (ID : 0) - /auth
[13:14:31] [GET] [NORMAL] (ID : 1) - /friend
[13:14:46] [GET] [NORMAL] (ID : 1) - /friend
[13:16:06] [GET] [NORMAL] (ID : 1) - /friend
[13:16:27] [GET] [NORMAL] (ID : 1) - /friend
[13:16:36] [GET] [NORMAL] (ID : 1) - /friend
[13:17:19] [GET] [NORMAL] (ID : 1) - /friend
[13:17:31] [GET] [NORMAL] (ID : 1) - /friend
[13:17:46] [GET] [NORMAL] (ID : 1) - /friend
[18:06:24] [GET] [NORMAL] (ID : 1) - /
[18:06:24] [GET] [NORMAL] (ID : 1) - /home
[18:06:27] [GET] [NORMAL] (ID : 1) - /setting
[18:35:42] [GET] [NORMAL] (ID : 1) - /friend
[18:37:49] [GET] [NORMAL] (ID : 1) - /friend
[18:38:20] [GET] [NORMAL] (ID : 1) - /friend
[18:38:23] [GET] [NORMAL] (ID : 1) - /friend
[18:38:49] [GET] [NORMAL] (ID : 1) - /friend
[18:39:20] [GET] [NORMAL] (ID : 1) - /friend
[18:39:41] [GET] [NORMAL] (ID : 1) - /friend
[18:39:48] [GET] [NORMAL] (ID : 1) - /friend
[18:40:33] [GET] [NORMAL] (ID : 1) - /friend
[18:40:48] [GET] [NORMAL] (ID : 1) - /friend
[18:41:21] [GET] [NORMAL] (ID : 1) - /friend
[18:41:36] [GET] [NORMAL] (ID : 1) - /friend
[18:43:01] [GET] [NORMAL] (ID : 1) - /friend
[18:44:24] [GET] [NORMAL] (ID : 1) - /friend
[18:44:37] [GET] [NORMAL] (ID : 1) - /friend
[18:45:17] [GET] [NORMAL] (ID : 1) - /friend
[18:45:41] [GET] [NORMAL] (ID : 1) - /friend
[18:45:45] [GET] [NORMAL] (ID : 1) - /friend
[18:45:48] [GET] [NORMAL] (ID : 1) - /friend
[18:46:13] [GET] [NORMAL] (ID : 1) - /friend
[18:46:38] [GET] [NORMAL] (ID : 1) - /friend
[18:46:41] [GET] [NORMAL] (ID : 1) - /friend
[18:47:40] [GET] [NORMAL] (ID : 1) - /friend
[18:49:56] [GET] [NORMAL] (ID : 1) - /friend
[18:51:36] [GET] [NORMAL] (ID : 1) - /friend
[18:52:17] [GET] [NORMAL] (ID : 1) - /friend
[18:52:28] [GET] [NORMAL] (ID : 1) - /friend
[18:52:40] [GET] [NORMAL] (ID : 1) - /friend
[18:52:43] [GET] [NORMAL] (ID : 1) - /friend
[18:52:48] [GET] [NORMAL] (ID : 1) - /friend
[18:53:14] [GET] [NORMAL] (ID : 1) - /friend
[18:53:21] [GET] [NORMAL] (ID : 1) - /friend
[18:53:43] [GET] [NORMAL] (ID : 1) - /friend
[18:54:04] [GET] [NORMAL] (ID : 1) - /friend
[18:54:19] [GET] [NORMAL] (ID : 1) - /friend
[18:54:45] [GET] [NORMAL] (ID : 1) - /friend
[18:54:59] [GET] [NORMAL] (ID : 1) - /friend
[18:55:06] [GET] [NORMAL] (ID : 1) - /friend
[18:55:11] [GET] [NORMAL] (ID : 1) - /friend
[18:55:39] [GET] [NORMAL] (ID : 1) - /friend
[18:55:44] [GET] [NORMAL] (ID : 1) - /friend
[18:55:54] [GET] [NORMAL] (ID : 1) - /friend
[18:56:00] [GET] [NORMAL] (ID : 1) - /friend
[18:56:38] [GET] [NORMAL] (ID : 1) - /friend
[18:56:42] [GET] [NORMAL] (ID : 1) - /friend
[18:56:59] [GET] [NORMAL] (ID : 1) - /friend
[18:57:31] [GET] [NORMAL] (ID : 1) - /friend
[18:57:57] [GET] [NORMAL] (ID : 1) - /friend
[18:58:08] [GET] [NORMAL] (ID : 1) - /friend
[18:59:37] [GET] [NORMAL] (ID : 1) - /friend
[18:59:47] [GET] [NORMAL] (ID : 1) - /friend
[19:00:04] [GET] [NORMAL] (ID : 1) - /friend
[19:00:11] [GET] [NORMAL] (ID : 1) - /friend
[19:01:21] [GET] [NORMAL] (ID : 1) - /friend
[19:01:39] [GET] [NORMAL] (ID : 1) - /friend
[19:02:30] [GET] [NORMAL] (ID : 1) - /friend
[19:02:37] [GET] [NORMAL] (ID : 1) - /friend
[19:03:24] [GET] [NORMAL] (ID : 1) - /friend
[19:03:33] [GET] [NORMAL] (ID : 1) - /friend
[19:03:53] [GET] [NORMAL] (ID : 1) - /friend
[19:04:17] [GET] [NORMAL] (ID : 1) - /friend
[19:04:37] [GET] [NORMAL] (ID : 1) - /friend
[19:04:44] [GET] [NORMAL] (ID : 1) - /friend
[19:05:34] [GET] [NORMAL] (ID : 1) - /friend
[19:05:49] [GET] [NORMAL] (ID : 1) - /friend
[19:06:05] [GET] [NORMAL] (ID : 1) - /friend
[19:06:28] [GET] [NORMAL] (ID : 1) - /friend
[19:07:11] [GET] [NORMAL] (ID : 1) - /friend
[19:07:22] [GET] [NORMAL] (ID : 1) - /friend
[19:32:51] [GET] [NORMAL] (ID : 1) - /friend
[19:32:58] [GET] [NORMAL] (ID : 1) - /setting
[19:33:05] [GET] [NORMAL] (ID : 1) - /friend
[19:34:11] [GET] [NORMAL] (ID : 1) - /friend
[19:34:17] [GET] [NORMAL] (ID : 1) - /friend
[19:34:23] [GET] [NORMAL] (ID : 1) - /friend
[19:34:46] [GET] [NORMAL] (ID : 1) - /friend
[19:34:59] [GET] [NORMAL] (ID : 1) - /friend
[19:35:12] [GET] [NORMAL] (ID : 1) - /friend
[19:35:25] [GET] [NORMAL] (ID : 1) - /friend
[19:51:12] [GET] [NORMAL] (ID : 1) - /friend
[19:51:54] [GET] [NORMAL] (ID : 1) - /friend
[19:51:57] [GET] [NORMAL] (ID : 1) - /friend
[19:53:01] [GET] [NORMAL] (ID : 1) - /friend
[19:53:03] [GET] [NORMAL] (ID : 1) - /friend
[19:53:15] [GET] [NORMAL] (ID : 1) - /friend
[19:53:59] [GET] [NORMAL] (ID : 1) - /friend
[19:54:10] [GET] [NORMAL] (ID : 1) - /friend
[19:54:12] [GET] [NORMAL] (ID : 1) - /friend
[19:54:20] [GET] [NORMAL] (ID : 1) - /friend
[19:54:38] [GET] [NORMAL] (ID : 1) - /friend
[19:54:57] [GET] [NORMAL] (ID : 1) - /friend
[19:55:07] [GET] [NORMAL] (ID : 1) - /friend
[19:55:22] [GET] [NORMAL] (ID : 1) - /friend
[19:55:32] [GET] [NORMAL] (ID : 1) - /friend
[19:55:38] [GET] [NORMAL] (ID : 1) - /friend
[19:55:47] [GET] [NORMAL] (ID : 1) - /friend
[19:56:08] [GET] [NORMAL] (ID : 1) - /friend
[19:56:12] [GET] [NORMAL] (ID : 1) - /friend
[19:56:20] [GET] [NORMAL] (ID : 1) - /friend
[19:56:22] [GET] [NORMAL] (ID : 1) - /home
[19:56:26] [GET] [NORMAL] (ID : 1) - /home
[19:56:29] [GET] [NORMAL] (ID : 1) - /friend
[19:56:43] [GET] [NORMAL] (ID : 1) - /friend
[19:56:47] [GET] [NORMAL] (ID : 1) - /friend
[19:56:51] [GET] [NORMAL] (ID : 1) - /friend
[19:56:59] [GET] [NORMAL] (ID : 1) - /friend
[19:57:03] [GET] [NORMAL] (ID : 1) - /friend
[19:57:06] [GET] [NORMAL] (ID : 1) - /friend
[19:57:10] [GET] [NORMAL] (ID : 1) - /friend
[19:58:07] [GET] [NORMAL] (ID : 1) - /friend
[19:58:12] [GET] [NORMAL] (ID : 1) - /friend
[19:58:15] [GET] [NORMAL] (ID : 1) - /friend
[19:58:55] [GET] [NORMAL] (ID : 1) - /friend
[19:58:59] [GET] [NORMAL] (ID : 1) - /friend
[19:59:12] [GET] [NORMAL] (ID : 1) - /friend
[19:59:16] [GET] [NORMAL] (ID : 1) - /friend
[19:59:22] [GET] [NORMAL] (ID : 1) - /setting
[19:59:27] [GET] [NORMAL] (ID : 1) - /friend
[20:00:35] [GET] [NORMAL] (ID : 1) - /friend
[20:01:01] [GET] [NORMAL] (ID : 1) - /friend
[20:01:12] [GET] [NORMAL] (ID : 1) - /friend
[20:01:27] [GET] [NORMAL] (ID : 1) - /friend
[20:01:32] [GET] [NORMAL] (ID : 1) - /friend
[20:01:47] [GET] [NORMAL] (ID : 1) - /friend
[20:02:18] [GET] [NORMAL] (ID : 1) - /friend
[20:02:51] [GET] [NORMAL] (ID : 1) - /friend
[20:03:00] [GET] [NORMAL] (ID : 1) - /friend
[20:03:03] [GET] [NORMAL] (ID : 1) - /friend
[20:03:59] [GET] [NORMAL] (ID : 1) - /friend
[20:04:02] [GET] [NORMAL] (ID : 1) - /friend
[20:04:06] [GET] [NORMAL] (ID : 1) - /friend
[20:04:21] [GET] [NORMAL] (ID : 1) - /friend
[20:04:54] [GET] [NORMAL] (ID : 1) - /friend
[20:05:48] [GET] [NORMAL] (ID : 1) - /friend
[20:06:09] [GET] [NORMAL] (ID : 1) - /friend
[20:06:18] [GET] [NORMAL] (ID : 1) - /friend
[20:07:03] [GET] [NORMAL] (ID : 1) - /friend
[20:07:26] [GET] [NORMAL] (ID : 1) - /friend
[20:08:16] [GET] [NORMAL] (ID : 1) - /friend
[20:08:47] [GET] [NORMAL] (ID : 1) - /friend
[20:09:14] [GET] [NORMAL] (ID : 1) - /friend
[20:09:53] [GET] [NORMAL] (ID : 1) - /friend
[20:10:07] [GET] [NORMAL] (ID : 1) - /friend
[20:10:56] [GET] [NORMAL] (ID : 1) - /friend
[20:11:10] [GET] [NORMAL] (ID : 1) - /friend
[20:11:41] [GET] [NORMAL] (ID : 1) - /friend
[20:11:59] [GET] [NORMAL] (ID : 1) - /friend
[20:12:37] [GET] [NORMAL] (ID : 1) - /friend
[20:12:50] [GET] [NORMAL] (ID : 1) - /friend
[20:12:58] [GET] [NORMAL] (ID : 1) - /friend
[20:13:24] [GET] [NORMAL] (ID : 1) - /friend
[20:13:42] [GET] [NORMAL] (ID : 1) - /friend
[20:13:53] [GET] [NORMAL] (ID : 1) - /friend
[20:14:01] [GET] [NORMAL] (ID : 1) - /friend
[20:14:14] [GET] [NORMAL] (ID : 1) - /friend
[20:14:24] [GET] [NORMAL] (ID : 1) - /friend
[20:14:59] [GET] [NORMAL] (ID : 1) - /friend
[20:15:17] [GET] [NORMAL] (ID : 1) - /friend
[20:15:32] [GET] [NORMAL] (ID : 1) - /friend
[20:15:49] [GET] [NORMAL] (ID : 1) - /friend
[20:16:03] [GET] [NORMAL] (ID : 1) - /friend
[20:16:38] [GET] [NORMAL] (ID : 1) - /friend
[20:16:59] [GET] [NORMAL] (ID : 1) - /friend
[20:17:17] [GET] [NORMAL] (ID : 1) - /friend
[20:17:38] [GET] [NORMAL] (ID : 1) - /friend
[20:17:59] [GET] [NORMAL] (ID : 1) - /friend
[20:18:22] [GET] [NORMAL] (ID : 1) - /friend
[20:18:44] [GET] [NORMAL] (ID : 1) - /friend
[20:19:25] [GET] [NORMAL] (ID : 1) - /friend
[20:19:42] [GET] [NORMAL] (ID : 1) - /friend
[20:20:03] [GET] [NORMAL] (ID : 1) - /friend
[20:20:12] [GET] [NORMAL] (ID : 1) - /friend
[20:20:18] [GET] [NORMAL] (ID : 1) - /friend
[20:20:30] [GET] [NORMAL] (ID : 1) - /friend
[20:21:09] [GET] [NORMAL] (ID : 1) - /friend
[20:21:34] [GET] [NORMAL] (ID : 1) - /friend
[20:21:39] [GET] [NORMAL] (ID : 1) - /friend
[20:22:05] [GET] [NORMAL] (ID : 1) - /friend
[20:22:33] [GET] [NORMAL] (ID : 1) - /friend
[20:23:02] [GET] [NORMAL] (ID : 1) - /friend
[20:23:12] [GET] [NORMAL] (ID : 1) - /friend
[20:23:20] [GET] [NORMAL] (ID : 1) - /friend
[20:23:36] [GET] [NORMAL] (ID : 1) - /friend
[20:23:51] [GET] [NORMAL] (ID : 1) - /friend
[20:23:59] [GET] [NORMAL] (ID : 1) - /friend
[20:24:17] [GET] [NORMAL] (ID : 1) - /friend
[20:24:21] [GET] [NORMAL] (ID : 1) - /friend
[20:24:37] [GET] [NORMAL] (ID : 1) - /my_space
[20:24:43] [GET] [NORMAL] (ID : 1) - /setting
[20:24:47] [GET] [NORMAL] (ID : 1) - /friend
[20:25:55] [GET] [NORMAL] (ID : 1) - /friend
[20:26:00] [GET] [NORMAL] (ID : 1) - /setting
[20:26:04] [GET] [NORMAL] (ID : 1) - /friend
[20:28:13] [GET] [NORMAL] (ID : 1) - /friend
[20:28:24] [GET] [NORMAL] (ID : 1) - /friend
[20:29:21] [GET] [NORMAL] (ID : 1) - /friend
[20:29:32] [GET] [NORMAL] (ID : 1) - /friend
[20:29:46] [GET] [NORMAL] (ID : 1) - /friend
[20:31:23] [GET] [NORMAL] (ID : 1) - /friend
[20:31:37] [GET] [NORMAL] (ID : 1) - /friend
[20:33:10] [GET] [NORMAL] (ID : 1) - /friend
[20:33:24] [GET] [NORMAL] (ID : 1) - /friend
[20:34:04] [GET] [NORMAL] (ID : 1) - /friend
[20:34:10] [GET] [NORMAL] (ID : 1) - /friend
[20:34:47] [GET] [NORMAL] (ID : 1) - /friend
[20:35:14] [GET] [NORMAL] (ID : 1) - /friend
[20:35:36] [GET] [NORMAL] (ID : 1) - /friend
[20:37:06] [GET] [NORMAL] (ID : 1) - /friend
[20:37:37] [GET] [NORMAL] (ID : 1) - /friend
[20:39:38] [GET] [NORMAL] (ID : 1) - /friend
[20:39:58] [GET] [NORMAL] (ID : 1) - /friend
[20:40:29] [GET] [NORMAL] (ID : 1) - /friend
[20:42:41] [GET] [NORMAL] (ID : 1) - /friend
[20:43:39] [GET] [NORMAL] (ID : 1) - /friend
[20:43:49] [GET] [NORMAL] (ID : 1) - /friend
[20:44:17] [GET] [NORMAL] (ID : 1) - /friend
[20:45:00] [GET] [NORMAL] (ID : 1) - /friend
[20:46:01] [GET] [NORMAL] (ID : 1) - /friend
[20:51:22] [GET] [NORMAL] (ID : 1) - /friend
[20:51:46] [GET] [NORMAL] (ID : 1) - /friend
[20:51:56] [GET] [NORMAL] (ID : 1) - /friend
[20:52:27] [GET] [NORMAL] (ID : 1) - /friend
[20:52:45] [GET] [NORMAL] (ID : 1) - /friend
[20:52:50] [GET] [NORMAL] (ID : 1) - /user_space/AprilQM
[20:53:00] [GET] [NORMAL] (ID : 1) - /friend
[20:53:26] [GET] [NORMAL] (ID : 1) - /friend
[20:53:50] [GET] [NORMAL] (ID : 1) - /user_space/
[20:54:20] [GET] [NORMAL] (ID : 1) - /friend
[20:54:30] [GET] [NORMAL] (ID : 1) - /user_space/August13
[20:54:36] [GET] [NORMAL] (ID : 1) - /friend
[20:54:50] [GET] [NORMAL] (ID : 1) - /user_space/AprilQM
[20:54:55] [GET] [NORMAL] (ID : 1) - /friend
[20:55:14] [GET] [NORMAL] (ID : 1) - /friend
[20:56:02] [GET] [NORMAL] (ID : 1) - /friend
[20:56:08] [GET] [NORMAL] (ID : 1) - /user_space/AprilQM
[20:56:14] [GET] [NORMAL] (ID : 1) - /friend
[20:58:37] [GET] [NORMAL] (ID : 1) - /friend
[20:59:38] [GET] [NORMAL] (ID : 1) - /friend
[21:00:01] [GET] [NORMAL] (ID : 1) - /friend
[21:00:41] [GET] [NORMAL] (ID : 1) - /friend
[21:01:00] [GET] [NORMAL] (ID : 1) - /friend
[21:01:27] [GET] [NORMAL] (ID : 1) - /friend
[21:01:44] [GET] [NORMAL] (ID : 1) - /setting
[21:01:48] [GET] [NORMAL] (ID : 1) - /friend
[21:02:04] [GET] [NORMAL] (ID : 1) - /friend
[21:02:24] [GET] [NORMAL] (ID : 1) - /my_space
[21:02:27] [GET] [NORMAL] (ID : 1) - /user_sapce/April
[21:02:28] [GET] [NORMAL] (ID : 1) - /user_sapce/April
[21:02:38] [GET] [NORMAL] (ID : 1) - /user_space/April
[21:03:28] [GET] [NORMAL] (ID : 1) - /user_space/April
[21:03:41] [GET] [NORMAL] (ID : 1) - /my_space
[21:03:47] [GET] [NORMAL] (ID : 1) - /my_space
[21:04:06] [GET] [NORMAL] (ID : 1) - /my_space
[21:04:11] [GET] [NORMAL] (ID : 1) - /setting
[21:04:22] [GET] [NORMAL] (ID : 1) - /setting
[21:04:27] [GET] [NORMAL] (ID : 1) - /my_space
[21:04:30] [GET] [NORMAL] (ID : 1) - /setting
[21:04:36] [GET] [NORMAL] (ID : 1) - /friend
[21:04:47] [GET] [NORMAL] (ID : 1) - /user_space/April
[21:04:53] [GET] [NORMAL] (ID : 1) - /user_space/AprilQM
[21:05:25] [GET] [NORMAL] (ID : 1) - /user_space/AprilQM
[21:05:35] [GET] [NORMAL] (ID : 1) - /user_space/AprilQM
[21:06:19] [GET] [NORMAL] (ID : 1) - /user_space/AprilQM
[21:07:05] [GET] [NORMAL] (ID : 0) - /auth
[21:11:50] [GET] [NORMAL] (ID : 1) - /user_space/AprilQM
[21:14:55] [GET] [NORMAL] (ID : 1) - /user_space/AprilQM
[21:15:10] [GET] [NORMAL] (ID : 1) - /user_space/AprilQM
[21:15:53] [GET] [NORMAL] (ID : 1) - /user_space/AprilQM
[21:15:56] [GET] [NORMAL] (ID : 0) - /auth
[21:16:11] [GET] [NORMAL] (ID : 1) - /user_space/AprilQM
[21:16:23] [GET] [NORMAL] (ID : 1) - /user_space/AprilQM
[21:16:42] [GET] [NORMAL] (ID : 1) - /user_space/AprilQM
[21:17:06] [GET] [NORMAL] (ID : 1) - /user_space/AprilQM
[21:17:15] [GET] [NORMAL] (ID : 1) - /user_space/AprilQM
[21:17:45] [GET] [NORMAL] (ID : 1) - /user_space/AprilQM
[21:18:11] [GET] [NORMAL] (ID : 1) - /user_space/AprilQM
[21:18:34] [GET] [NORMAL] (ID : 1) - /user_space/AprilQM
[21:19:59] [GET] [NORMAL] (ID : 1) - /user_space/AprilQM
[21:20:27] [GET] [NORMAL] (ID : 1) - /user_space/AprilQM
[21:21:03] [GET] [NORMAL] (ID : 1) - /user_space/AprilQM
[21:21:19] [GET] [NORMAL] (ID : 1) - /user_space/AprilQM
[21:21:24] [GET] [NORMAL] (ID : 1) - /user_space/AprilQM
[21:21:50] [GET] [NORMAL] (ID : 1) - /user_space/AprilQM
[21:21:59] [GET] [NORMAL] (ID : 1) - /user_space/AprilQM
[21:22:05] [GET] [NORMAL] (ID : 1) - /user_space/AprilQM
[21:22:11] [GET] [NORMAL] (ID : 1) - /user_space/AprilQM
[21:22:36] [GET] [NORMAL] (ID : 1) - /user_space/AprilQM
[21:22:40] [GET] [NORMAL] (ID : 1) - /user_space/AprilQM
[21:23:14] [GET] [NORMAL] (ID : 1) - /user_space/AprilQM
[21:23:17] [GET] [NORMAL] (ID : 1) - /user_space/AprilQM
[21:23:29] [GET] [NORMAL] (ID : 1) - /user_space/AprilQM
[21:23:36] [GET] [NORMAL] (ID : 1) - /user_space/AprilQM
[21:23:40] [GET] [NORMAL] (ID : 1) - /user_space/AprilQM
[21:24:22] [GET] [NORMAL] (ID : 1) - /user_space/AprilQM
[21:25:17] [GET] [NORMAL] (ID : 1) - /user_space/AprilQM
[21:25:24] [GET] [NORMAL] (ID : 1) - /user_space/AprilQM
[21:25:46] [GET] [NORMAL] (ID : 1) - /user_space/AprilQM
[21:25:50] [GET] [NORMAL] (ID : 1) - /friend
[21:25:56] [GET] [NORMAL] (ID : 1) - /user_space/yueyan
[21:26:01] [GET] [NORMAL] (ID : 1) - /setting
[21:26:09] [GET] [NORMAL] (ID : 1) - /friend
[21:26:14] [GET] [NORMAL] (ID : 1) - /user_space/AprilQM
[21:26:26] [GET] [NORMAL] (ID : 1) - /friend
[21:26:28] [GET] [NORMAL] (ID : 1) - /setting
[21:26:30] [GET] [NORMAL] (ID : 1) - /friend
[21:26:35] [GET] [NORMAL] (ID : 1) - /user_space/April
[21:27:03] [GET] [NORMAL] (ID : 1) - /user_space/April
[21:27:09] [GET] [NORMAL] (ID : 1) - /user_space/April
[21:30:11] [GET] [NORMAL] (ID : 1) - /user_space/April
[21:31:37] [GET] [NORMAL] (ID : 1) - /user_space/April
[21:31:42] [GET] [NORMAL] (ID : 1) - /setting
[21:31:46] [GET] [NORMAL] (ID : 1) - /my_space
[21:31:49] [GET] [NORMAL] (ID : 1) - /friend
[21:31:54] [GET] [NORMAL] (ID : 1) - /user_space/yueyan
[21:36:08] [GET] [NORMAL] (ID : 1) - /user_space/yueyan
[21:37:36] [GET] [NORMAL] (ID : 1) - /user_space/yueyan
