[15:20:09] [GET] [NORMAL] (ID : 0) - /auth
[15:20:10] [GET] [NORMAL] (ID : 0) - /friend
[15:20:10] [GET] [NORMAL] (ID : 0) - /auth
[15:20:15] [GET] [NORMAL] (ID : 4) - /friend
[15:20:22] [GET] [NORMAL] (ID : 4) - /friend
[15:20:59] [GET] [NORMAL] (ID : 4) - /my_space
[15:21:03] [GET] [NORMAL] (ID : 4) - /praise_list
[15:21:06] [GET] [NORMAL] (ID : 4) - /user_space/AprilQM
[15:21:27] [GET] [NORMAL] (ID : 4) - /user_space/AprilQM
[15:21:30] [GET] [NORMAL] (ID : 4) - /friend
[15:21:38] [GET] [NORMAL] (ID : 0) - /
[15:21:38] [GET] [NORMAL] (ID : 0) - /home
[15:21:41] [GET] [NORMAL] (ID : 0) - /my_space
[15:21:41] [GET] [NORMAL] (ID : 0) - /auth
[15:21:47] [GET] [NORMAL] (ID : 1) - /my_space
[15:21:50] [GET] [NORMAL] (ID : 1) - /notification
[15:21:55] [GET] [NORMAL] (ID : 1) - /friend
[15:21:56] [GET] [NORMAL] (ID : 1) - /friend_request
[15:22:12] [GET] [NORMAL] (ID : 4) - /friend
[15:22:15] [GET] [NORMAL] (ID : 1) - /friend
[15:25:19] [GET] [NORMAL] (ID : 4) - /my_space
[15:25:29] [GET] [NORMAL] (ID : 4) - /praise_list
[15:25:32] [GET] [NORMAL] (ID : 4) - /user_space/哔哩哔哩官方
[15:25:49] [GET] [NORMAL] (ID : 4) - /home
[15:27:05] [GET] [NORMAL] (ID : 1) - /friend
[15:27:23] [GET] [NORMAL] (ID : 1) - /friend
[15:28:36] [GET] [NORMAL] (ID : 0) - /home
[15:28:38] [GET] [NORMAL] (ID : 0) - /my_space
[15:28:38] [GET] [NORMAL] (ID : 0) - /auth
[15:28:44] [GET] [NORMAL] (ID : 4) - /my_space
[15:28:47] [GET] [NORMAL] (ID : 4) - /notification
[15:28:53] [GET] [NORMAL] (ID : 4) - /friend
[15:28:58] [GET] [NORMAL] (ID : 4) - /friend_request
[15:29:01] [GET] [NORMAL] (ID : 4) - /my_space
[15:29:05] [GET] [NORMAL] (ID : 4) - /friend
[15:29:07] [GET] [NORMAL] (ID : 4) - /notification
[15:29:12] [GET] [NORMAL] (ID : 4) - /user_space/AprilQM
[15:29:19] [GET] [NORMAL] (ID : 4) - /friend
[15:29:19] [GET] [NORMAL] (ID : 1) - /friend_request
[15:29:24] [GET] [NORMAL] (ID : 4) - /notification
[15:29:27] [GET] [NORMAL] (ID : 4) - /user_space/AprilQM
[15:29:29] [GET] [NORMAL] (ID : 1) - /notification
[15:29:33] [GET] [NORMAL] (ID : 1) - /setting
[15:29:42] [GET] [NORMAL] (ID : 1) - /friend_request
[15:29:44] [GET] [NORMAL] (ID : 4) - /notification
[15:29:55] [GET] [NORMAL] (ID : 1) - /friend
[15:30:02] [GET] [NORMAL] (ID : 1) - /user_space/哔哩哔哩官方
[15:30:09] [GET] [NORMAL] (ID : 4) - /friend
[15:30:11] [GET] [NORMAL] (ID : 4) - /friend_request
[15:30:16] [GET] [NORMAL] (ID : 1) - /friend
[15:30:19] [GET] [NORMAL] (ID : 4) - /friend
[15:30:36] [GET] [NORMAL] (ID : 1) - /notification
[15:30:37] [GET] [NORMAL] (ID : 4) - /notification
[15:30:40] [GET] [NORMAL] (ID : 4) - /user_space/AprilQM
[15:30:51] [GET] [NORMAL] (ID : 1) - /friend_request
[15:30:55] [GET] [NORMAL] (ID : 1) - /forum
[15:30:58] [GET] [NORMAL] (ID : 4) - /home
[15:30:59] [GET] [NORMAL] (ID : 1) - /my_space
[15:31:14] [GET] [NORMAL] (ID : 1) - /notification
[15:31:19] [GET] [NORMAL] (ID : 4) - /friend
[15:31:34] [GET] [NORMAL] (ID : 4) - /home
[15:31:49] [GET] [NORMAL] (ID : 1) - /friend
[15:32:23] [GET] [NORMAL] (ID : 1) - /home
[15:32:26] [GET] [NORMAL] (ID : 1) - /project
[15:32:30] [GET] [NORMAL] (ID : 1) - /friend
[15:33:27] [GET] [NORMAL] (ID : 1) - /friend
[15:33:41] [GET] [NORMAL] (ID : 1) - /friend
[15:34:00] [GET] [NORMAL] (ID : 1) - /friend
[15:34:18] [GET] [NORMAL] (ID : 1) - /friend
[15:34:31] [GET] [NORMAL] (ID : 1) - /friend
[15:34:44] [GET] [NORMAL] (ID : 1) - /friend
[15:34:55] [GET] [NORMAL] (ID : 1) - /friend
[15:35:10] [GET] [NORMAL] (ID : 1) - /friend
[15:35:32] [GET] [NORMAL] (ID : 1) - /friend
[15:35:45] [GET] [NORMAL] (ID : 1) - /friend
[15:36:19] [GET] [NORMAL] (ID : 1) - /friend
[15:36:42] [GET] [NORMAL] (ID : 1) - /my_space
[15:36:46] [GET] [NORMAL] (ID : 1) - /praise_list
[15:36:49] [GET] [NORMAL] (ID : 1) - /user_space/哔哩哔哩官方
[15:36:56] [GET] [NORMAL] (ID : 1) - /friend
[15:37:06] [GET] [NORMAL] (ID : 0) - /home
[15:37:08] [GET] [NORMAL] (ID : 0) - /my_space
[15:37:08] [GET] [NORMAL] (ID : 0) - /auth
[15:37:14] [GET] [NORMAL] (ID : 4) - /my_space
[15:37:17] [GET] [NORMAL] (ID : 4) - /friend
[15:37:20] [GET] [NORMAL] (ID : 4) - /notification
[15:37:22] [GET] [NORMAL] (ID : 4) - /user_space/AprilQM
[15:37:34] [GET] [NORMAL] (ID : 1) - /friend_request
[15:39:09] [GET] [NORMAL] (ID : 1) - /friend
[15:41:48] [GET] [NORMAL] (ID : 1) - /home
[15:47:56] [GET] [NORMAL] (ID : 1) - /192.168.27.27
[15:47:56] [GET] [NORMAL] (ID : 1) - /favicon.ico
[15:48:12] [GET] [NORMAL] (ID : 1) - /home
