[20:03:15] [GET] [NORMAL] (ID : 1) - /home
[20:03:15] [GET] [API] (ID : 1) - /api/get_user_avatar_small
[20:24:46] [GET] [API] (ID : 1) - /api/logout
[20:24:46] [GET] [NORMAL] (ID : 0) - /home
[20:24:46] [GET] [API] (ID : 0) - /api/get_user_avatar_small
[20:24:48] [GET] [NORMAL] (ID : 0) - /cloud
[20:24:48] [GET] [NORMAL] (ID : 0) - /auth
[20:24:48] [GET] [API] (ID : 0) - /api/get_user_avatar_small
[20:24:55] [POST] [API] (ID : 0) - /api/register_1
[20:25:30] [GET] [NORMAL] (ID : 0) - /auth
[20:25:30] [GET] [API] (ID : 0) - /api/get_user_avatar_small
[20:25:39] [POST] [API] (ID : 0) - /api/register_1
[20:26:14] [GET] [NORMAL] (ID : 0) - /auth
[20:26:14] [GET] [API] (ID : 0) - /api/get_user_avatar_small
[20:26:21] [POST] [API] (ID : 0) - /api/register_1
[20:26:24] [GET] [NORMAL] (ID : 0) - /auth
[20:26:24] [GET] [API] (ID : 0) - /api/get_user_avatar_small
[20:26:38] [POST] [API] (ID : 0) - /api/register_1
[20:26:48] [POST] [API] (ID : 0) - /api/register_1
[20:26:52] [GET] [NORMAL] (ID : 0) - /auth
[20:26:52] [GET] [API] (ID : 0) - /api/get_user_avatar_small
[20:26:56] [POST] [API] (ID : 0) - /api/login
[20:26:58] [GET] [NORMAL] (ID : 1) - /cloud
[20:26:58] [GET] [API] (ID : 1) - /api/get_user_avatar_small
[20:28:12] [GET] [NORMAL] (ID : 1) - /cloud
[20:28:12] [GET] [API] (ID : 1) - /api/get_user_avatar_small
[20:30:27] [GET] [NORMAL] (ID : 1) - /cloud
[20:30:27] [GET] [API] (ID : 1) - /api/get_user_avatar_small
[20:54:43] [GET] [NORMAL] (ID : 1) - /cloud
[20:54:43] [GET] [API] (ID : 1) - /api/get_user_avatar_small
[20:54:46] [GET] [NORMAL] (ID : 1) - /
[20:54:46] [GET] [NORMAL] (ID : 1) - /home
[20:54:46] [GET] [API] (ID : 1) - /api/get_user_avatar_small
[20:55:08] [GET] [NORMAL] (ID : 1) - /user_space
[20:55:08] [GET] [API] (ID : 1) - /api/get_user_avatar_small
[20:59:25] [GET] [NORMAL] (ID : 1) - /user_space
[20:59:29] [GET] [NORMAL] (ID : 1) - /home
[20:59:29] [GET] [API] (ID : 1) - /api/get_user_avatar_small
[20:59:31] [GET] [NORMAL] (ID : 1) - /user_space
[20:59:39] [GET] [NORMAL] (ID : 1) - /home
[20:59:39] [GET] [API] (ID : 1) - /api/get_user_avatar_small
[20:59:41] [GET] [NORMAL] (ID : 1) - /my_space
[20:59:41] [GET] [API] (ID : 1) - /api/get_user_avatar_small
[20:59:45] [GET] [NORMAL] (ID : 1) - /my_space
[20:59:45] [GET] [API] (ID : 1) - /api/get_user_avatar_small
[20:59:50] [GET] [NORMAL] (ID : 1) - /my_space
[20:59:50] [GET] [API] (ID : 1) - /api/get_user_avatar_small
[21:00:00] [GET] [NORMAL] (ID : 1) - /my_space
[21:00:00] [GET] [API] (ID : 1) - /api/get_user_avatar_small
[21:00:05] [GET] [NORMAL] (ID : 1) - /cloud
[21:00:05] [GET] [API] (ID : 1) - /api/get_user_avatar_small
[21:01:01] [GET] [NORMAL] (ID : 1) - /get_user_avatar
[21:01:07] [GET] [API] (ID : 1) - /api/get_user_avatar
[21:01:08] [GET] [API] (ID : 1) - /api/get_user_avatar
[21:01:20] [GET] [API] (ID : 1) - /api/get_user_avatar
[21:01:32] [GET] [API] (ID : 1) - /api/get_user_avatar_small
[21:01:40] [GET] [API] (ID : 1) - /api/get_user_avatar
[21:02:39] [GET] [API] (ID : 1) - /api/get_user_avatar
[21:02:40] [GET] [API] (ID : 1) - /api/get_user_avatar
[21:02:48] [GET] [API] (ID : 1) - /api/get_user_avatar
[21:03:10] [GET] [API] (ID : 1) - /api/get_user_avatar
[21:03:37] [GET] [API] (ID : 1) - /api/get_user_avatar
[21:03:53] [GET] [API] (ID : 1) - /api/get_user_avatar_small
[21:04:27] [GET] [API] (ID : 1) - /api/get_user_avatar_small
[21:04:30] [GET] [API] (ID : 1) - /api/get_user_avatar
[21:04:43] [GET] [API] (ID : 1) - /api/get_user_avatar
[21:05:44] [GET] [API] (ID : 1) - /api/get_user_avatar
[21:06:25] [GET] [NORMAL] (ID : 1) - /
[21:06:25] [GET] [NORMAL] (ID : 1) - /home
[21:06:25] [GET] [API] (ID : 1) - /api/get_user_avatar_small
[21:06:26] [GET] [API] (ID : 1) - /api/logout
[21:06:26] [GET] [NORMAL] (ID : 0) - /home
[21:06:26] [GET] [API] (ID : 0) - /api/get_user_avatar_small
[21:06:29] [GET] [API] (ID : 0) - /api/get_user_avatar_small
[21:06:32] [GET] [API] (ID : 0) - /api/get_user_avatar
[21:06:52] [GET] [API] (ID : 0) - /api/get_user_avatar
[21:06:52] [GET] [API] (ID : 0) - /api/get_user_avatar
[21:06:58] [GET] [API] (ID : 0) - /api/get_user_avatar
[21:06:59] [GET] [API] (ID : 0) - /api/get_user_avatar
[21:07:08] [GET] [API] (ID : 0) - /api/get_user_avatar
[21:07:12] [GET] [API] (ID : 0) - /api/get_user_avatar
[21:07:18] [GET] [NORMAL] (ID : 0) - /home
[21:07:18] [GET] [API] (ID : 0) - /api/get_user_avatar_small
[21:07:21] [GET] [NORMAL] (ID : 0) - /cloud
[21:07:21] [GET] [NORMAL] (ID : 0) - /auth
[21:07:21] [GET] [API] (ID : 0) - /api/get_user_avatar_small
[21:07:25] [POST] [API] (ID : 0) - /api/login
[21:07:26] [GET] [NORMAL] (ID : 1) - /cloud
[21:07:26] [GET] [API] (ID : 1) - /api/get_user_avatar_small
[21:07:28] [GET] [API] (ID : 1) - /api/logout
[21:07:28] [GET] [NORMAL] (ID : 0) - /home
[21:07:28] [GET] [API] (ID : 0) - /api/get_user_avatar_small
[21:07:30] [GET] [API] (ID : 0) - /api/get_user_avatar_small
[21:07:36] [GET] [NORMAL] (ID : 0) - /cloud
[21:07:36] [GET] [NORMAL] (ID : 0) - /auth
[21:07:36] [GET] [API] (ID : 0) - /api/get_user_avatar_small
[21:07:41] [POST] [API] (ID : 0) - /api/login
[21:07:42] [GET] [NORMAL] (ID : 1) - /cloud
[21:07:42] [GET] [API] (ID : 1) - /api/get_user_avatar_small
[21:07:44] [GET] [API] (ID : 1) - /api/logout
[21:07:44] [GET] [NORMAL] (ID : 0) - /home
[21:07:44] [GET] [API] (ID : 0) - /api/get_user_avatar_small
[21:07:52] [GET] [API] (ID : 0) - /api/get_user_avatar_small
[21:08:05] [GET] [NORMAL] (ID : 0) - /cloud
[21:08:05] [GET] [NORMAL] (ID : 0) - /auth
[21:08:05] [GET] [API] (ID : 0) - /api/get_user_avatar_small
[21:08:10] [POST] [API] (ID : 0) - /api/login
[21:08:11] [GET] [NORMAL] (ID : 1) - /cloud
[21:08:11] [GET] [API] (ID : 1) - /api/get_user_avatar_small
[21:08:21] [GET] [API] (ID : 1) - /api/logout
[21:08:21] [GET] [NORMAL] (ID : 0) - /home
[21:08:21] [GET] [API] (ID : 0) - /api/get_user_avatar_small
[21:08:28] [GET] [NORMAL] (ID : 0) - /cloud
[21:08:28] [GET] [NORMAL] (ID : 0) - /auth
[21:08:28] [GET] [API] (ID : 0) - /api/get_user_avatar_small
[21:08:33] [POST] [API] (ID : 0) - /api/login
[21:08:35] [GET] [NORMAL] (ID : 1) - /cloud
[21:08:35] [GET] [API] (ID : 1) - /api/get_user_avatar_small
[21:08:44] [GET] [API] (ID : 1) - /api/get_user_avatar_small
[21:08:47] [GET] [API] (ID : 1) - /api/get_user_avatar
[21:08:58] [GET] [API] (ID : 1) - /api/get_user_avatar
[21:08:59] [GET] [API] (ID : 1) - /api/get_user_avatar
[21:09:51] [GET] [API] (ID : 1) - /api/get_user_avatar
[21:10:02] [GET] [NORMAL] (ID : 1) - /
[21:10:02] [GET] [NORMAL] (ID : 1) - /home
[21:10:02] [GET] [API] (ID : 1) - /api/get_user_avatar_small
[21:11:56] [GET] [NORMAL] (ID : 1) - /home
[21:11:56] [GET] [API] (ID : 1) - /api/get_user_avatar_small
[21:12:05] [GET] [API] (ID : 1) - /api/get_user_avatar_small
[21:12:08] [GET] [API] (ID : 1) - /api/get_user_avatar
[21:12:11] [GET] [API] (ID : 1) - /api/get_user_backgroudn
[21:12:15] [GET] [API] (ID : 1) - /api/get_user_background
[21:19:32] [GET] [API] (ID : 1) - /api/get_user_background
[21:20:06] [GET] [API] (ID : 1) - /api/get_user_background
[21:20:38] [GET] [API] (ID : 1) - /api/get_user_background
