[12:10:02] [GET] [NORMAL] (ID : 0) - /
[12:10:02] [GET] [NORMAL] (ID : 0) - /home
[12:10:07] [GET] [NORMAL] (ID : 0) - /my_space
[12:10:07] [GET] [NORMAL] (ID : 0) - /auth
[12:10:19] [GET] [NORMAL] (ID : 3) - /my_space
[12:10:39] [GET] [NORMAL] (ID : 3) - /setting
[12:10:48] [GET] [NORMAL] (ID : 3) - /change_name
[12:10:54] [GET] [NORMAL] (ID : 3) - /change_name
[12:10:59] [GET] [NORMAL] (ID : 3) - /my_space
[12:11:03] [GET] [NORMAL] (ID : 3) - /setting
[12:11:19] [GET] [NORMAL] (ID : 3) - /change_name
[12:11:26] [GET] [NORMAL] (ID : 3) - /setting
[12:11:33] [GET] [NORMAL] (ID : 3) - /change_password
[12:11:33] [GET] [NORMAL] (ID : 3) - /favicon.ico
[12:11:40] [GET] [NORMAL] (ID : 3) - /
[12:11:40] [GET] [NORMAL] (ID : 3) - /home
[12:11:43] [GET] [NORMAL] (ID : 3) - /my_space
[12:11:54] [GET] [NORMAL] (ID : 3) - /home
[12:11:57] [GET] [NORMAL] (ID : 3) - /project
[12:12:04] [GET] [NORMAL] (ID : 3) - /home
[12:14:10] [GET] [NORMAL] (ID : 0) - /
[12:14:10] [GET] [NORMAL] (ID : 0) - /home
[12:14:14] [GET] [NORMAL] (ID : 0) - /my_space
[12:14:14] [GET] [NORMAL] (ID : 0) - /auth
[12:14:21] [GET] [NORMAL] (ID : 1) - /my_space
[12:14:27] [GET] [NORMAL] (ID : 1) - /setting
[12:14:53] [GET] [NORMAL] (ID : 1) - /setting
[12:15:28] [GET] [NORMAL] (ID : 1) - /setting
[12:17:05] [GET] [NORMAL] (ID : 1) - /setting
[12:17:09] [GET] [NORMAL] (ID : 1) - /my_space
[12:17:30] [GET] [NORMAL] (ID : 1) - /my_space
[12:17:44] [GET] [NORMAL] (ID : 1) - /notification
[12:17:55] [GET] [NORMAL] (ID : 1) - /notification
[12:18:01] [GET] [NORMAL] (ID : 1) - /my_space
[12:18:18] [GET] [NORMAL] (ID : 1) - /setting
[12:23:58] [GET] [NORMAL] (ID : 1) - /setting
[12:26:04] [GET] [NORMAL] (ID : 1) - /setting
[12:26:13] [GET] [NORMAL] (ID : 1) - /change_name
[12:26:16] [GET] [NORMAL] (ID : 1) - /setting
[12:27:31] [GET] [NORMAL] (ID : 1) - /change_name
[12:27:35] [GET] [NORMAL] (ID : 1) - /setting
[12:29:44] [GET] [NORMAL] (ID : 1) - /change_password
[12:30:15] [GET] [NORMAL] (ID : 1) - /change_password
[12:30:27] [GET] [NORMAL] (ID : 1) - /change_password
[12:31:04] [GET] [NORMAL] (ID : 1) - /setting
[12:31:09] [GET] [NORMAL] (ID : 1) - /change_password
[12:31:34] [GET] [NORMAL] (ID : 1) - /change_password
[12:32:04] [GET] [NORMAL] (ID : 1) - /change_password
[12:32:14] [GET] [NORMAL] (ID : 1) - /change_password
[12:32:23] [GET] [NORMAL] (ID : 1) - /setting
[12:32:26] [GET] [NORMAL] (ID : 1) - /change_name
[12:32:30] [GET] [NORMAL] (ID : 1) - /setting
[12:32:33] [GET] [NORMAL] (ID : 1) - /change_password
[12:40:12] [GET] [NORMAL] (ID : 1) - /change_password
[12:41:02] [GET] [NORMAL] (ID : 1) - /change_password
[12:41:10] [GET] [NORMAL] (ID : 1) - /setting
[12:41:14] [GET] [NORMAL] (ID : 0) - /home
[12:41:17] [GET] [NORMAL] (ID : 0) - /my_space
[12:41:17] [GET] [NORMAL] (ID : 0) - /auth
[12:41:23] [GET] [NORMAL] (ID : 1) - /my_space
[12:41:26] [GET] [NORMAL] (ID : 1) - /setting
[12:41:30] [GET] [NORMAL] (ID : 1) - /change_password
[12:41:38] [GET] [NORMAL] (ID : 1) - /setting
[12:41:48] [GET] [NORMAL] (ID : 1) - /
[12:41:48] [GET] [NORMAL] (ID : 1) - /home
[12:42:05] [GET] [NORMAL] (ID : 0) - /my_space
[12:42:05] [GET] [NORMAL] (ID : 0) - /auth
[12:42:11] [GET] [NORMAL] (ID : 1) - /my_space
[12:42:21] [GET] [NORMAL] (ID : 1) - /setting
[12:44:13] [GET] [NORMAL] (ID : 1) - /test
[12:44:13] [GET] [NORMAL] (ID : 1) - /favicon.ico
[12:44:15] [GET] [NORMAL] (ID : 1) - /test
[12:44:46] [GET] [NORMAL] (ID : 0) - /favicon.ico
[12:44:47] [GET] [NORMAL] (ID : 0) - /favicon.ico
[12:44:47] [GET] [NORMAL] (ID : 0) - /favicon.ico
[12:44:47] [GET] [NORMAL] (ID : 0) - /
[12:44:47] [GET] [NORMAL] (ID : 0) - /home
[12:44:51] [GET] [NORMAL] (ID : 1) - /test
[12:44:59] [GET] [NORMAL] (ID : 1) - /test
[12:45:10] [GET] [NORMAL] (ID : 0) - /my_space
[12:45:10] [GET] [NORMAL] (ID : 0) - /auth
[12:45:31] [GET] [NORMAL] (ID : 0) - /cloud
[12:45:31] [GET] [NORMAL] (ID : 0) - /auth
[12:45:43] [GET] [NORMAL] (ID : 0) - /notification
[12:45:43] [GET] [NORMAL] (ID : 0) - /auth
[12:46:31] [GET] [NORMAL] (ID : 0) - /
[12:46:31] [GET] [NORMAL] (ID : 0) - /home
[12:46:38] [GET] [NORMAL] (ID : 0) - /my_space
[12:46:38] [GET] [NORMAL] (ID : 0) - /auth
[12:46:50] [GET] [NORMAL] (ID : 2) - /my_space
[12:47:00] [GET] [NORMAL] (ID : 0) - /test
[12:47:01] [GET] [NORMAL] (ID : 2) - /cloud
[12:47:04] [GET] [NORMAL] (ID : 2) - /my_space
[12:47:06] [GET] [NORMAL] (ID : 0) - /test
[12:47:08] [GET] [NORMAL] (ID : 2) - /cloud
[12:47:13] [GET] [NORMAL] (ID : 0) - /test
[12:47:37] [GET] [NORMAL] (ID : 2) - /my_space
[12:47:55] [GET] [NORMAL] (ID : 2) - /setting
[12:48:16] [GET] [NORMAL] (ID : 2) - /notification
[12:48:18] [GET] [NORMAL] (ID : 2) - /setting
[12:48:31] [GET] [NORMAL] (ID : 2) - /my_space
[12:48:55] [GET] [NORMAL] (ID : 0) - /setting
[12:48:55] [GET] [NORMAL] (ID : 0) - /auth
[12:49:00] [GET] [NORMAL] (ID : 1) - /setting
[12:49:05] [GET] [NORMAL] (ID : 1) - /my_space
[12:49:11] [GET] [NORMAL] (ID : 1) - /setting
[12:49:45] [GET] [NORMAL] (ID : 2) - /
[12:49:45] [GET] [NORMAL] (ID : 2) - /home
[12:50:21] [GET] [NORMAL] (ID : 1) - /change_password
[12:50:29] [GET] [NORMAL] (ID : 1) - /setting
[12:56:39] [GET] [NORMAL] (ID : 0) - /change_name
[12:56:39] [GET] [NORMAL] (ID : 0) - /auth
[12:56:45] [GET] [NORMAL] (ID : 1) - /change_name
[12:56:48] [GET] [NORMAL] (ID : 1) - /setting
[12:56:49] [GET] [NORMAL] (ID : 1) - /setting
[12:56:50] [GET] [NORMAL] (ID : 1) - /setting
[12:56:51] [GET] [NORMAL] (ID : 1) - /setting
[12:56:51] [GET] [NORMAL] (ID : 1) - /setting
[12:57:05] [GET] [NORMAL] (ID : 1) - /change_password
[12:57:08] [GET] [NORMAL] (ID : 1) - /setting
[12:57:53] [GET] [NORMAL] (ID : 1) - /my_space
[13:10:22] [GET] [NORMAL] (ID : 0) - /
[13:10:22] [GET] [NORMAL] (ID : 0) - /home
[20:47:57] [GET] [NORMAL] (ID : 1) - /
[20:47:57] [GET] [NORMAL] (ID : 1) - /home
[20:48:02] [GET] [NORMAL] (ID : 1) - /my_space
[20:53:36] [GET] [NORMAL] (ID : 1) - /my_space
[20:53:37] [GET] [NORMAL] (ID : 1) - /123
[20:53:37] [GET] [NORMAL] (ID : 1) - /favicon.ico
[20:53:49] [GET] [NORMAL] (ID : 1) - /123
[20:54:08] [GET] [NORMAL] (ID : 1) - /123
[20:54:22] [GET] [NORMAL] (ID : 1) - /123
[20:54:44] [GET] [NORMAL] (ID : 1) - /my_space
[20:54:47] [GET] [NORMAL] (ID : 1) - /2
[20:55:00] [GET] [NORMAL] (ID : 1) - /2
[20:55:02] [GET] [NORMAL] (ID : 1) - /2
[20:55:06] [GET] [NORMAL] (ID : 1) - /2
[20:55:38] [GET] [NORMAL] (ID : 1) - /2
[20:56:19] [GET] [NORMAL] (ID : 1) - /2
[20:56:36] [GET] [NORMAL] (ID : 1) - /2
[20:57:25] [GET] [NORMAL] (ID : 1) - /2
[20:57:37] [GET] [NORMAL] (ID : 1) - /2
[20:57:44] [GET] [NORMAL] (ID : 1) - /2
[20:58:00] [GET] [NORMAL] (ID : 1) - /2
[20:58:20] [GET] [NORMAL] (ID : 1) - /2
[20:58:25] [GET] [NORMAL] (ID : 1) - /2
[20:58:44] [GET] [NORMAL] (ID : 1) - /2
[20:59:00] [GET] [NORMAL] (ID : 1) - /2
[20:59:10] [GET] [NORMAL] (ID : 1) - /2
[20:59:28] [GET] [NORMAL] (ID : 1) - /2
[21:00:13] [GET] [NORMAL] (ID : 1) - /2
[21:00:21] [GET] [NORMAL] (ID : 1) - /2
[21:00:29] [GET] [NORMAL] (ID : 1) - /2
[21:00:44] [GET] [NORMAL] (ID : 1) - /2
[21:00:59] [GET] [NORMAL] (ID : 1) - /home
[21:01:09] [GET] [NORMAL] (ID : 1) - /home
[21:01:12] [GET] [NORMAL] (ID : 1) - /123
[21:01:17] [GET] [NORMAL] (ID : 1) - /home
[21:01:27] [GET] [NORMAL] (ID : 1) - /home
[21:01:29] [GET] [NORMAL] (ID : 1) - /123
[21:01:42] [GET] [NORMAL] (ID : 1) - /123
[21:01:59] [GET] [NORMAL] (ID : 1) - /123
[21:02:11] [GET] [NORMAL] (ID : 1) - /123
[21:02:18] [GET] [NORMAL] (ID : 1) - /123
[21:02:25] [GET] [NORMAL] (ID : 1) - /123
[21:03:04] [GET] [NORMAL] (ID : 1) - /123
[21:03:09] [GET] [NORMAL] (ID : 1) - /home
[21:03:17] [GET] [NORMAL] (ID : 1) - /setting
[21:03:21] [GET] [NORMAL] (ID : 1) - /123
[21:03:22] [GET] [NORMAL] (ID : 1) - /123
[21:03:25] [GET] [NORMAL] (ID : 1) - /home
[21:03:49] [GET] [NORMAL] (ID : 1) - /home
[21:03:50] [GET] [NORMAL] (ID : 1) - /123
[21:03:50] [GET] [NORMAL] (ID : 1) - /123
[21:04:04] [GET] [NORMAL] (ID : 1) - /123
[21:04:10] [GET] [NORMAL] (ID : 1) - /123
[21:04:48] [GET] [NORMAL] (ID : 1) - /123
[21:04:52] [GET] [NORMAL] (ID : 1) - /home
[21:04:54] [GET] [NORMAL] (ID : 1) - /home
[21:04:57] [GET] [NORMAL] (ID : 1) - /setting
[21:05:35] [GET] [NORMAL] (ID : 1) - /change_password
[21:05:38] [GET] [NORMAL] (ID : 1) - /setting
[21:05:41] [GET] [NORMAL] (ID : 1) - /change_password
[21:05:49] [GET] [NORMAL] (ID : 1) - /setting
[21:06:01] [GET] [NORMAL] (ID : 1) - /123
[21:06:02] [GET] [NORMAL] (ID : 1) - /123123
[21:06:13] [GET] [NORMAL] (ID : 1) - /home
[21:06:51] [GET] [NORMAL] (ID : 1) - /home
[21:06:57] [GET] [NORMAL] (ID : 1) - /user_info
[21:07:01] [GET] [NORMAL] (ID : 1) - /user_space
[21:07:06] [GET] [NORMAL] (ID : 1) - /user_space/AprilQM
[21:07:22] [GET] [NORMAL] (ID : 1) - /user_space/AprilQM
[21:07:38] [GET] [NORMAL] (ID : 1) - /user_space/AprilQM
[21:08:12] [GET] [NORMAL] (ID : 1) - /user_sapce/AprilQM
[21:09:35] [GET] [NORMAL] (ID : 1) - /user_sapce/AprilQM
[21:09:37] [GET] [NORMAL] (ID : 1) - /user_space/AprilQM
[21:10:15] [GET] [NORMAL] (ID : 1) - /user_space/AprilQM
[21:11:34] [GET] [NORMAL] (ID : 1) - /user_space
[21:11:39] [GET] [NORMAL] (ID : 1) - /user_info
[21:11:42] [GET] [NORMAL] (ID : 1) - /user
[21:11:48] [GET] [NORMAL] (ID : 1) - /user/AprilQM
[21:12:24] [GET] [NORMAL] (ID : 1) - /user/AprilQM
[21:13:03] [GET] [NORMAL] (ID : 1) - /user/AprilQM
[21:13:10] [GET] [NORMAL] (ID : 1) - /user/AprilQM
[21:13:12] [GET] [NORMAL] (ID : 1) - /user/AprilQM
[21:13:16] [GET] [NORMAL] (ID : 1) - /user/AprilQM
[21:13:17] [GET] [NORMAL] (ID : 1) - /user/AprilQM
[21:13:40] [GET] [NORMAL] (ID : 1) - /user/AprilQM
[21:14:16] [GET] [NORMAL] (ID : 1) - /user/AprilQM
[21:14:46] [GET] [NORMAL] (ID : 1) - /user/AprilQM
[21:15:06] [GET] [NORMAL] (ID : 1) - /space/AprilQM
[21:15:18] [GET] [NORMAL] (ID : 1) - /space/AprilQM
[21:15:50] [GET] [NORMAL] (ID : 1) - /space/AprilQM
[21:16:01] [GET] [NORMAL] (ID : 1) - /space/AprilQM
[21:16:17] [GET] [NORMAL] (ID : 1) - /space/AprilQM
[21:16:24] [GET] [NORMAL] (ID : 1) - /user_sapce/AprilQM
[21:16:41] [GET] [NORMAL] (ID : 1) - /user_sapce/AprilQM
[21:17:20] [GET] [NORMAL] (ID : 1) - /user_sapce/AprilQM
[21:23:11] [GET] [NORMAL] (ID : 1) - /user_sapce/AprilQM
[21:24:13] [GET] [NORMAL] (ID : 1) - /user_sapce/AprilQM
[21:24:15] [GET] [NORMAL] (ID : 1) - /user_sapce/AprilQM
[21:24:25] [GET] [NORMAL] (ID : 1) - /user_sapce/AprilQM
[21:24:29] [GET] [NORMAL] (ID : 1) - /user_sapce/AprilQM
[21:24:37] [GET] [NORMAL] (ID : 1) - /user_sapce/AprilQM
[21:24:55] [GET] [NORMAL] (ID : 1) - /user_sapce/AprilQM
[21:24:57] [GET] [NORMAL] (ID : 1) - /user_sapce/AprilQM
[21:25:14] [GET] [NORMAL] (ID : 1) - /user_sapce/AprilQM
[21:25:32] [GET] [NORMAL] (ID : 1) - /user_sapce/AprilQM
[21:26:17] [GET] [NORMAL] (ID : 1) - /user_sapce/AprilQM
[21:26:41] [GET] [NORMAL] (ID : 1) - /user_sapce/AprilQM
[21:26:42] [GET] [NORMAL] (ID : 1) - /user_sapce/AprilQM
[21:26:53] [GET] [NORMAL] (ID : 1) - /user_sapce/AprilQM
[21:27:02] [GET] [NORMAL] (ID : 1) - /user_sapce/AprilQM
[21:27:04] [GET] [NORMAL] (ID : 1) - /user_sapce/AprilQM
[21:27:27] [GET] [NORMAL] (ID : 1) - /user_sapce/AprilQM
[21:27:30] [GET] [NORMAL] (ID : 1) - /user_sapce/AprilQM
[21:27:44] [GET] [NORMAL] (ID : 1) - /user_sapce/AprilQM
[21:29:00] [GET] [NORMAL] (ID : 1) - /user_sapce/AprilQM
[21:29:36] [GET] [NORMAL] (ID : 1) - /user_sapce/AprilQM
[21:29:49] [GET] [NORMAL] (ID : 1) - /user_sapce/AprilQM
[21:30:23] [GET] [NORMAL] (ID : 1) - /user_sapce/AprilQM
[21:30:35] [GET] [NORMAL] (ID : 1) - /user_sapce/AprilQM
[21:30:42] [GET] [NORMAL] (ID : 1) - /user_sapce/AprilQM
[21:31:51] [GET] [NORMAL] (ID : 1) - /user_sapce/AprilQM
[21:32:31] [GET] [NORMAL] (ID : 1) - /user_sapce/AprilQM
[21:32:43] [GET] [NORMAL] (ID : 1) - /user_sapce/AprilQM
[21:32:54] [GET] [NORMAL] (ID : 1) - /user_sapce/AprilQM
[21:33:17] [GET] [NORMAL] (ID : 1) - /user_sapce/AprilQM
[21:33:18] [GET] [NORMAL] (ID : 1) - /user_sapce/AprilQM
[21:33:18] [GET] [NORMAL] (ID : 1) - /user_sapce/AprilQM
[21:33:41] [GET] [NORMAL] (ID : 1) - /user_sapce/AprilQM
[21:33:45] [GET] [NORMAL] (ID : 1) - /user_sapce/AprilQM
[21:34:00] [GET] [NORMAL] (ID : 1) - /user_sapce/AprilQM
[21:35:05] [GET] [NORMAL] (ID : 1) - /user_sapce/AprilQM
[21:36:25] [GET] [NORMAL] (ID : 1) - /user_sapce/Apri
[21:36:30] [GET] [NORMAL] (ID : 1) - /user_sapce/April
[21:36:52] [GET] [NORMAL] (ID : 1) - /
[21:36:52] [GET] [NORMAL] (ID : 1) - /home
[21:36:57] [GET] [NORMAL] (ID : 1) - /setting
[21:37:00] [GET] [NORMAL] (ID : 0) - /home
[21:37:03] [GET] [NORMAL] (ID : 0) - /cloud
[21:37:03] [GET] [NORMAL] (ID : 0) - /auth
[21:37:20] [GET] [NORMAL] (ID : 5) - /cloud
[21:37:25] [GET] [NORMAL] (ID : 5) - /setting
[21:37:34] [GET] [NORMAL] (ID : 1) - /user_sapce/April
[21:37:37] [GET] [NORMAL] (ID : 1) - /user_sapce/April
[21:38:20] [GET] [NORMAL] (ID : 1) - /user_sapce/April
[21:38:59] [GET] [NORMAL] (ID : 1) - /user_sapce/April
[21:39:17] [GET] [NORMAL] (ID : 1) - /user_sapce/April
[21:39:34] [GET] [NORMAL] (ID : 1) - /user_sapce/April
[21:39:35] [GET] [NORMAL] (ID : 1) - /user_sapce/April
[21:39:55] [GET] [NORMAL] (ID : 1) - /user_sapce/April
[21:40:27] [GET] [NORMAL] (ID : 1) - /user_sapce/April
[21:40:37] [GET] [NORMAL] (ID : 1) - /user_sapce/April
[21:41:00] [GET] [NORMAL] (ID : 1) - /user_sapce/April
[21:41:29] [GET] [NORMAL] (ID : 1) - /user_sapce/April
[21:41:39] [GET] [NORMAL] (ID : 1) - /my_space
[21:41:46] [GET] [NORMAL] (ID : 1) - /user_sapce/April
[21:42:30] [GET] [NORMAL] (ID : 1) - /user_sapce/April
[21:42:41] [GET] [NORMAL] (ID : 1) - /user_sapce/April
[21:43:50] [GET] [NORMAL] (ID : 1) - /user_sapce/April
[21:44:08] [GET] [NORMAL] (ID : 1) - /user_sapce/April
[21:44:48] [GET] [NORMAL] (ID : 1) - /user_sapce/April
[21:45:01] [GET] [NORMAL] (ID : 1) - /user_sapce/April
[21:45:36] [GET] [NORMAL] (ID : 1) - /user_sapce/April
[21:45:47] [GET] [NORMAL] (ID : 1) - /user_sapce/April
[21:45:53] [GET] [NORMAL] (ID : 1) - /user_sapce/April
[21:45:55] [GET] [NORMAL] (ID : 1) - /user_sapce/April
[21:46:50] [GET] [NORMAL] (ID : 1) - /my_space
[21:46:57] [GET] [NORMAL] (ID : 1) - /user_sapce/April
[21:47:06] [GET] [NORMAL] (ID : 1) - /user_sapce/AprilQM
[21:47:11] [GET] [NORMAL] (ID : 1) - /my_space
[21:47:41] [GET] [NORMAL] (ID : 1) - /my_space
[21:47:45] [GET] [NORMAL] (ID : 1) - /user_sapce/April
[21:47:48] [GET] [NORMAL] (ID : 1) - /user_sapce/AprilQM
[21:48:16] [GET] [NORMAL] (ID : 1) - /user_sapce/AprilQM
[21:48:21] [GET] [NORMAL] (ID : 1) - /user_sapce/April
[21:48:48] [GET] [NORMAL] (ID : 1) - /user_sapce/April
[21:49:00] [GET] [NORMAL] (ID : 1) - /user_sapce/April
[21:49:14] [GET] [NORMAL] (ID : 1) - /user_sapce/April
[21:49:17] [GET] [NORMAL] (ID : 1) - /user_sapce/April
[21:50:02] [GET] [NORMAL] (ID : 1) - /user_sapce/April
[21:50:27] [GET] [NORMAL] (ID : 1) - /user_sapce/April
[21:51:15] [GET] [NORMAL] (ID : 1) - /user_sapce/April
[21:52:15] [GET] [NORMAL] (ID : 1) - /user_sapce/April
[21:53:40] [GET] [NORMAL] (ID : 1) - /user_sapce/April
[21:53:44] [GET] [NORMAL] (ID : 1) - /user_sapce/April
[21:54:52] [GET] [NORMAL] (ID : 1) - /user_sapce/AprilQM
[21:54:54] [GET] [NORMAL] (ID : 1) - /user_sapce/AprilQM
[21:55:32] [GET] [NORMAL] (ID : 1) - /user_sapce/AprilQM
[21:55:53] [GET] [NORMAL] (ID : 1) - /user_sapce/AprilQM
[21:56:05] [GET] [NORMAL] (ID : 1) - /user_sapce/AprilQM
[21:56:29] [GET] [NORMAL] (ID : 1) - /user_sapce/AprilQM
[21:56:31] [GET] [NORMAL] (ID : 1) - /user_sapce/AprilQM
[21:56:41] [GET] [NORMAL] (ID : 1) - /setting
[21:56:46] [GET] [NORMAL] (ID : 1) - /user_sapce/April
[21:56:49] [GET] [NORMAL] (ID : 1) - /user_sapce/AprilQM
[21:56:52] [GET] [NORMAL] (ID : 1) - /setting
[21:56:56] [GET] [NORMAL] (ID : 1) - /user_sapce/AprilQM
[21:58:11] [GET] [NORMAL] (ID : 1) - /user_sapce/AprilQM
[21:58:13] [GET] [NORMAL] (ID : 1) - /user_sapce/April
[21:58:22] [GET] [NORMAL] (ID : 1) - /user_sapce/April
[21:59:01] [GET] [NORMAL] (ID : 1) - /user_sapce/April
[21:59:29] [GET] [NORMAL] (ID : 1) - /user_sapce/April
[21:59:42] [GET] [NORMAL] (ID : 1) - /user_sapce/April
[21:59:49] [GET] [NORMAL] (ID : 1) - /user_sapce/April
[22:00:05] [GET] [NORMAL] (ID : 1) - /user_sapce/April
[22:00:08] [GET] [NORMAL] (ID : 0) - /home
[22:00:13] [GET] [NORMAL] (ID : 0) - /my_space
[22:00:13] [GET] [NORMAL] (ID : 0) - /auth
[22:00:46] [GET] [NORMAL] (ID : 1) - /user_sapce/April
[22:01:11] [GET] [NORMAL] (ID : 1) - /user_sapce/April
[22:01:18] [GET] [NORMAL] (ID : 5) - /my_space
[22:01:24] [GET] [NORMAL] (ID : 5) - /setting
[22:01:28] [GET] [NORMAL] (ID : 1) - /user_sapce/April
[22:01:38] [GET] [NORMAL] (ID : 1) - /user_sapce/April
[22:01:46] [GET] [NORMAL] (ID : 1) - /my_space
[22:01:51] [GET] [NORMAL] (ID : 1) - /user_sapce/April
[22:02:53] [GET] [NORMAL] (ID : 1) - /user_sapce/April
[22:02:57] [GET] [NORMAL] (ID : 1) - /user_sapce/April
[22:03:09] [GET] [NORMAL] (ID : 1) - /user_sapce/April
[22:03:20] [GET] [NORMAL] (ID : 1) - /user_sapce/April
[22:04:01] [GET] [NORMAL] (ID : 1) - /user_sapce/April
[22:04:10] [GET] [NORMAL] (ID : 1) - /my_space
[22:04:13] [GET] [NORMAL] (ID : 1) - /user_sapce/April
[22:04:15] [GET] [NORMAL] (ID : 1) - /user_sapce/April
[22:04:53] [GET] [NORMAL] (ID : 1) - /user_sapce/April
[22:05:04] [GET] [NORMAL] (ID : 1) - /user_sapce/April
[22:05:10] [GET] [NORMAL] (ID : 1) - /user_sapce/April
[22:05:15] [GET] [NORMAL] (ID : 1) - /user_sapce/April
[22:05:21] [GET] [NORMAL] (ID : 1) - /user_sapce/AprilQM
[22:06:32] [GET] [NORMAL] (ID : 1) - /user_sapce/AprilQM
[22:06:44] [GET] [NORMAL] (ID : 1) - /user_sapce/AprilQM
[22:06:51] [GET] [NORMAL] (ID : 1) - /user_sapce/AprilQM
[22:06:59] [GET] [NORMAL] (ID : 5) - /my_space
[22:07:04] [GET] [NORMAL] (ID : 5) - /setting
[22:07:06] [GET] [NORMAL] (ID : 0) - /home
[22:07:09] [GET] [NORMAL] (ID : 0) - /forum
[22:07:09] [GET] [NORMAL] (ID : 0) - /auth
[22:07:13] [GET] [NORMAL] (ID : 1) - /forum
[22:07:17] [GET] [NORMAL] (ID : 1) - /setting
[22:07:21] [GET] [NORMAL] (ID : 1) - /user_sapce/AprilQM
[22:08:08] [GET] [NORMAL] (ID : 1) - /user_sapce/AprilQM
[22:08:22] [GET] [NORMAL] (ID : 1) - /user_sapce/AprilQM
[22:08:43] [GET] [NORMAL] (ID : 1) - /user_sapce/AprilQM
[22:09:22] [GET] [NORMAL] (ID : 1) - /user_sapce/AprilQM
[22:09:33] [GET] [NORMAL] (ID : 1) - /user_sapce/AprilQM
[22:10:05] [GET] [NORMAL] (ID : 1) - /user_sapce/AprilQM
[22:10:25] [GET] [NORMAL] (ID : 1) - /user_sapce/AprilQM
[22:10:32] [GET] [NORMAL] (ID : 1) - /user_sapce/AprilQM
[22:10:38] [GET] [NORMAL] (ID : 1) - /user_sapce/AprilQM
[22:11:30] [GET] [NORMAL] (ID : 1) - /user_sapce/AprilQM
[22:12:44] [GET] [NORMAL] (ID : 1) - /user_sapce/AprilQM
[22:12:45] [GET] [NORMAL] (ID : 1) - /user_sapce/AprilQM
[22:12:46] [GET] [NORMAL] (ID : 1) - /user_sapce/AprilQM
[22:12:46] [GET] [NORMAL] (ID : 1) - /user_sapce/AprilQM
[22:14:00] [GET] [NORMAL] (ID : 1) - /user_sapce/AprilQM
[22:14:20] [GET] [NORMAL] (ID : 1) - /user_sapce/AprilQM
[22:14:33] [GET] [NORMAL] (ID : 1) - /user_sapce/AprilQM
[22:14:43] [GET] [NORMAL] (ID : 1) - /user_sapce/AprilQM
[22:14:46] [GET] [NORMAL] (ID : 1) - /user_sapce/AprilQM
[22:15:56] [GET] [NORMAL] (ID : 1) - /user_sapce/AprilQM
[22:16:01] [GET] [NORMAL] (ID : 1) - /setting
[22:16:02] [GET] [NORMAL] (ID : 0) - /home
[22:16:06] [GET] [NORMAL] (ID : 0) - /my_space
[22:16:06] [GET] [NORMAL] (ID : 0) - /auth
[22:16:13] [GET] [NORMAL] (ID : 1) - /my_space
[22:16:44] [GET] [NORMAL] (ID : 1) - /my_space
[22:16:55] [GET] [NORMAL] (ID : 1) - /my_space
[22:17:01] [GET] [NORMAL] (ID : 1) - /setting
[22:17:02] [GET] [NORMAL] (ID : 0) - /home
[22:17:07] [GET] [NORMAL] (ID : 0) - /my_space
[22:17:07] [GET] [NORMAL] (ID : 0) - /auth
[22:17:13] [GET] [NORMAL] (ID : 1) - /my_space
[22:17:16] [GET] [NORMAL] (ID : 1) - /my_space
[22:17:28] [GET] [NORMAL] (ID : 1) - /my_space
[22:17:34] [GET] [NORMAL] (ID : 1) - /user_sapce/April
[22:17:37] [GET] [NORMAL] (ID : 1) - /user_sapce/AprilQM
[22:20:48] [GET] [NORMAL] (ID : 1) - /user_sapce/AprilQM
[22:21:04] [GET] [NORMAL] (ID : 1) - /user_sapce/AprilQM
[22:21:30] [GET] [NORMAL] (ID : 1) - /user_sapce/AprilQM
[22:26:36] [GET] [NORMAL] (ID : 1) - /user_sapce/AprilQM
[22:26:59] [GET] [NORMAL] (ID : 1) - /user_sapce/AprilQM
[22:27:48] [GET] [NORMAL] (ID : 1) - /user_sapce/AprilQM
[22:28:01] [GET] [NORMAL] (ID : 1) - /user_sapce/AprilQM
[22:28:16] [GET] [NORMAL] (ID : 1) - /user_sapce/AprilQM
[22:28:26] [GET] [NORMAL] (ID : 1) - /user_sapce/AprilQM
[22:29:04] [GET] [NORMAL] (ID : 1) - /user_sapce/AprilQM
[22:29:43] [GET] [NORMAL] (ID : 1) - /user_sapce/AprilQM
[22:30:14] [GET] [NORMAL] (ID : 1) - /user_sapce/AprilQM
[22:30:36] [GET] [NORMAL] (ID : 1) - /user_sapce/AprilQM
[22:30:43] [GET] [NORMAL] (ID : 1) - /user_sapce/AprilQM
[22:31:15] [GET] [NORMAL] (ID : 1) - /user_sapce/AprilQM
[22:33:00] [GET] [NORMAL] (ID : 1) - /user_sapce/AprilQM
[22:33:09] [GET] [NORMAL] (ID : 0) - /auth
[22:33:16] [GET] [NORMAL] (ID : 1) - /user_sapce/AprilQM
[22:33:27] [GET] [NORMAL] (ID : 1) - /user_sapce/AprilQM
[22:34:09] [GET] [NORMAL] (ID : 1) - /user_sapce/AprilQM
[22:34:46] [GET] [NORMAL] (ID : 1) - /user_sapce/AprilQM
[22:34:56] [GET] [NORMAL] (ID : 1) - /user_sapce/AprilQM
[22:35:06] [GET] [NORMAL] (ID : 1) - /user_sapce/AprilQM
[22:35:19] [GET] [NORMAL] (ID : 1) - /user_sapce/AprilQM
[22:35:58] [GET] [NORMAL] (ID : 1) - /user_sapce/AprilQM
[22:36:06] [GET] [NORMAL] (ID : 1) - /user_sapce/AprilQM
[22:36:19] [GET] [NORMAL] (ID : 1) - /user_sapce/AprilQM
[22:36:28] [GET] [NORMAL] (ID : 1) - /user_sapce/AprilQM
[22:36:40] [GET] [NORMAL] (ID : 1) - /user_sapce/AprilQM
[22:36:43] [GET] [NORMAL] (ID : 1) - /user_sapce/AprilQM
[22:37:57] [GET] [NORMAL] (ID : 1) - /user_sapce/AprilQM
[22:38:05] [GET] [NORMAL] (ID : 1) - /user_sapce/AprilQM
[22:38:36] [GET] [NORMAL] (ID : 1) - /user_sapce/AprilQM
[22:38:45] [GET] [NORMAL] (ID : 1) - /user_sapce/AprilQM
[22:38:48] [GET] [NORMAL] (ID : 1) - /user_sapce/AprilQM
[22:38:56] [GET] [NORMAL] (ID : 1) - /user_sapce/AprilQM
[22:38:59] [GET] [NORMAL] (ID : 1) - /my_space
[22:39:08] [GET] [NORMAL] (ID : 1) - /my_space
[22:39:12] [GET] [NORMAL] (ID : 0) - /home
[22:39:16] [GET] [NORMAL] (ID : 0) - /my_space
[22:39:16] [GET] [NORMAL] (ID : 0) - /auth
[22:39:20] [GET] [NORMAL] (ID : 5) - /my_space
[22:39:24] [GET] [NORMAL] (ID : 1) - /user_sapce/April
[22:39:29] [GET] [NORMAL] (ID : 5) - /my_space
[22:39:38] [GET] [NORMAL] (ID : 5) - /setting
[22:39:41] [GET] [NORMAL] (ID : 1) - /user_sapce/April
[22:39:44] [GET] [NORMAL] (ID : 1) - /user_sapce/April
