[11:15:35] [GET] [NORMAL] (ID : 0) - /
[11:15:35] [GET] [NORMAL] (ID : 0) - /home
[11:15:44] [GET] [NORMAL] (ID : 0) - /my_space
[11:15:44] [GET] [NORMAL] (ID : 0) - /auth
[11:16:02] [GET] [NORMAL] (ID : 3) - /my_space
[11:16:47] [GET] [NORMAL] (ID : 0) - /
[11:16:47] [GET] [NORMAL] (ID : 0) - /home
[11:16:52] [GET] [NORMAL] (ID : 0) - /my_space
[11:16:52] [GET] [NORMAL] (ID : 0) - /auth
[11:17:00] [GET] [NORMAL] (ID : 1) - /my_space
[11:17:09] [GET] [NORMAL] (ID : 1) - /my_space
[11:36:00] [GET] [NORMAL] (ID : 1) - /my_space
[11:36:07] [GET] [NORMAL] (ID : 1) - /my_space
[11:36:16] [GET] [NORMAL] (ID : 1) - /my_space
[11:37:51] [GET] [NORMAL] (ID : 1) - /my_space
[11:38:00] [GET] [NORMAL] (ID : 1) - /my_space
[11:38:49] [GET] [NORMAL] (ID : 1) - /my_space
[11:39:25] [GET] [NORMAL] (ID : 1) - /my_space
[11:39:56] [GET] [NORMAL] (ID : 1) - /my_space
[11:40:12] [GET] [NORMAL] (ID : 1) - /my_space
[11:40:18] [GET] [NORMAL] (ID : 1) - /my_space
[11:40:30] [GET] [NORMAL] (ID : 1) - /my_space
[11:40:49] [GET] [NORMAL] (ID : 1) - /my_space
[11:41:28] [GET] [NORMAL] (ID : 1) - /my_space
[11:41:36] [GET] [NORMAL] (ID : 1) - /my_space
[11:42:11] [GET] [NORMAL] (ID : 1) - /my_space
[11:42:45] [GET] [NORMAL] (ID : 1) - /my_space
[11:43:09] [GET] [NORMAL] (ID : 1) - /my_space
[11:44:28] [GET] [NORMAL] (ID : 1) - /my_space
[11:45:58] [GET] [NORMAL] (ID : 1) - /my_space
[11:46:37] [GET] [NORMAL] (ID : 3) - /my_space
[11:47:50] [GET] [NORMAL] (ID : 1) - /my_space
[11:48:42] [GET] [NORMAL] (ID : 1) - /my_space
[11:49:35] [GET] [NORMAL] (ID : 1) - /my_space
[11:50:04] [GET] [NORMAL] (ID : 1) - /my_space
[11:50:20] [GET] [NORMAL] (ID : 1) - /my_space
[11:50:21] [GET] [NORMAL] (ID : 1) - /my_space
[11:50:44] [GET] [NORMAL] (ID : 1) - /my_space
[11:51:00] [GET] [NORMAL] (ID : 1) - /my_space
[11:51:21] [GET] [NORMAL] (ID : 1) - /my_space
[11:51:37] [GET] [NORMAL] (ID : 1) - /my_space
[11:52:00] [GET] [NORMAL] (ID : 1) - /my_space
[11:52:33] [GET] [NORMAL] (ID : 1) - /my_space
[11:52:44] [GET] [NORMAL] (ID : 1) - /my_space
[11:53:50] [GET] [NORMAL] (ID : 1) - /my_space
[11:57:33] [GET] [NORMAL] (ID : 1) - /
[11:57:33] [GET] [NORMAL] (ID : 1) - /home
[11:57:35] [GET] [NORMAL] (ID : 1) - /
[11:57:35] [GET] [NORMAL] (ID : 1) - /home
[12:01:26] [GET] [NORMAL] (ID : 0) - /my_space
[12:01:26] [GET] [NORMAL] (ID : 0) - /auth
[12:01:33] [GET] [NORMAL] (ID : 1) - /my_space
[12:03:40] [GET] [NORMAL] (ID : 1) - /my_space
[12:05:12] [GET] [NORMAL] (ID : 1) - /my_space
[12:06:11] [GET] [NORMAL] (ID : 1) - /
[12:06:11] [GET] [NORMAL] (ID : 1) - /home
[12:06:39] [GET] [NORMAL] (ID : 1) - /my_space
[12:10:50] [GET] [NORMAL] (ID : 1) - /my_space
[12:10:57] [GET] [NORMAL] (ID : 1) - /my_space
[12:11:55] [GET] [NORMAL] (ID : 1) - /my_space
[12:12:03] [GET] [NORMAL] (ID : 1) - /my_space
[12:12:12] [GET] [NORMAL] (ID : 1) - /my_space
[12:13:16] [GET] [NORMAL] (ID : 1) - /my_space
[12:13:49] [GET] [NORMAL] (ID : 1) - /my_space
[12:14:16] [GET] [NORMAL] (ID : 1) - /my_space
[12:14:18] [GET] [NORMAL] (ID : 1) - /my_space
[12:14:26] [GET] [NORMAL] (ID : 1) - /my_space
[12:14:38] [GET] [NORMAL] (ID : 1) - /my_space
[12:14:58] [GET] [NORMAL] (ID : 1) - /my_space
[12:15:06] [GET] [NORMAL] (ID : 1) - /my_space
[12:15:33] [GET] [NORMAL] (ID : 1) - /my_space
[12:16:02] [GET] [NORMAL] (ID : 1) - /my_space
[12:18:29] [GET] [NORMAL] (ID : 1) - /my_space
[12:18:46] [GET] [NORMAL] (ID : 1) - /my_space
[12:18:51] [GET] [NORMAL] (ID : 1) - /my_space
[12:19:24] [GET] [NORMAL] (ID : 1) - /my_space
[12:19:38] [GET] [NORMAL] (ID : 1) - /my_space
[12:20:15] [GET] [NORMAL] (ID : 1) - /my_space
[12:20:27] [GET] [NORMAL] (ID : 1) - /my_space
[12:20:43] [GET] [NORMAL] (ID : 1) - /my_space
[12:20:49] [GET] [NORMAL] (ID : 3) - /my_space
[12:21:23] [GET] [NORMAL] (ID : 1) - /my_space
[12:21:47] [GET] [NORMAL] (ID : 1) - /my_space
[12:22:04] [GET] [NORMAL] (ID : 1) - /my_space
[12:22:33] [GET] [NORMAL] (ID : 1) - /my_space
[15:11:27] [GET] [NORMAL] (ID : 0) - /
[15:11:27] [GET] [NORMAL] (ID : 0) - /home
[15:11:35] [GET] [NORMAL] (ID : 0) - /my_space
[15:11:35] [GET] [NORMAL] (ID : 0) - /auth
[15:11:42] [GET] [NORMAL] (ID : 1) - /my_space
[15:12:25] [GET] [NORMAL] (ID : 1) - /home
[15:12:30] [GET] [NORMAL] (ID : 1) - /my_space
[15:12:53] [GET] [NORMAL] (ID : 1) - /home
[15:13:08] [GET] [NORMAL] (ID : 1) - /my_space
[15:13:11] [GET] [NORMAL] (ID : 1) - /my_space
[15:13:13] [GET] [NORMAL] (ID : 1) - /my_space
[15:13:40] [GET] [NORMAL] (ID : 0) - /
[15:13:40] [GET] [NORMAL] (ID : 0) - /home
[15:13:45] [GET] [NORMAL] (ID : 0) - /my_space
[15:13:45] [GET] [NORMAL] (ID : 0) - /auth
[15:13:53] [GET] [NORMAL] (ID : 1) - /my_space
[15:16:26] [GET] [NORMAL] (ID : 4) - /my_space
[15:16:43] [GET] [NORMAL] (ID : 4) - /home
[15:16:54] [GET] [NORMAL] (ID : 4) - /favicon.ico
[15:17:17] [GET] [NORMAL] (ID : 4) - /home
[15:17:26] [GET] [NORMAL] (ID : 4) - /notification
[15:17:29] [GET] [NORMAL] (ID : 4) - /setting
[15:17:32] [GET] [NORMAL] (ID : 4) - /forum
[15:17:35] [GET] [NORMAL] (ID : 4) - /project
[15:17:38] [GET] [NORMAL] (ID : 4) - /cloud
[15:17:43] [GET] [NORMAL] (ID : 4) - /home
[15:19:34] [GET] [NORMAL] (ID : 4) - /my_space
[15:20:49] [GET] [NORMAL] (ID : 1) - /my_space
[15:21:04] [GET] [NORMAL] (ID : 4) - /my_space
[15:22:17] [GET] [NORMAL] (ID : 1) - /my_space
[15:23:01] [GET] [NORMAL] (ID : 1) - /my_space
[15:25:16] [GET] [NORMAL] (ID : 1) - /my_space
[15:26:15] [GET] [NORMAL] (ID : 4) - /my_space
[15:26:27] [GET] [NORMAL] (ID : 4) - /my_space
[15:26:35] [GET] [NORMAL] (ID : 4) - /my_space
[15:27:22] [GET] [NORMAL] (ID : 4) - /my_space
[15:27:30] [GET] [NORMAL] (ID : 4) - /my_space
[15:27:37] [GET] [NORMAL] (ID : 4) - /my_space
[15:27:51] [GET] [NORMAL] (ID : 4) - /my_space
[15:27:53] [GET] [NORMAL] (ID : 4) - /my_space
[15:27:55] [GET] [NORMAL] (ID : 4) - /my_space
[15:28:04] [GET] [NORMAL] (ID : 4) - /my_space
[15:29:15] [GET] [NORMAL] (ID : 4) - /my_space
[15:29:39] [GET] [NORMAL] (ID : 0) - /
[15:29:39] [GET] [NORMAL] (ID : 0) - /home
[15:29:49] [GET] [NORMAL] (ID : 0) - /my_space
[15:29:49] [GET] [NORMAL] (ID : 0) - /auth
[15:30:05] [GET] [NORMAL] (ID : 3) - /my_space
[15:30:15] [GET] [NORMAL] (ID : 1) - /my_space
[15:30:52] [GET] [NORMAL] (ID : 4) - /home
[15:30:57] [GET] [NORMAL] (ID : 4) - /setting
[15:31:03] [GET] [NORMAL] (ID : 4) - /setting
[15:31:08] [GET] [NORMAL] (ID : 4) - /my_space
[15:31:38] [GET] [NORMAL] (ID : 1) - /my_space
[15:31:56] [GET] [NORMAL] (ID : 4) - /my_space
[15:33:33] [GET] [NORMAL] (ID : 4) - /my_space
[15:33:41] [GET] [NORMAL] (ID : 4) - /my_space
[15:33:48] [GET] [NORMAL] (ID : 4) - /my_space
[15:33:50] [GET] [NORMAL] (ID : 4) - /my_space
[15:33:51] [GET] [NORMAL] (ID : 4) - /my_space
[15:33:53] [GET] [NORMAL] (ID : 4) - /my_space
[15:33:55] [GET] [NORMAL] (ID : 4) - /my_space
[15:33:56] [GET] [NORMAL] (ID : 4) - /my_space
[15:33:57] [GET] [NORMAL] (ID : 4) - /my_space
[15:33:59] [GET] [NORMAL] (ID : 4) - /my_space
[15:34:03] [GET] [NORMAL] (ID : 4) - /my_space
[15:34:09] [GET] [NORMAL] (ID : 4) - /my_space
[15:34:18] [GET] [NORMAL] (ID : 4) - /my_space
[15:34:30] [GET] [NORMAL] (ID : 4) - /my_space
[15:34:35] [GET] [NORMAL] (ID : 4) - /my_space
[15:34:45] [GET] [NORMAL] (ID : 4) - /my_space
[15:35:29] [GET] [NORMAL] (ID : 1) - /my_space
[15:35:32] [GET] [NORMAL] (ID : 1) - /my_space
[15:35:35] [GET] [NORMAL] (ID : 1) - /my_space
[15:35:37] [GET] [NORMAL] (ID : 1) - /my_space
[15:35:47] [GET] [NORMAL] (ID : 1) - /home
[15:35:51] [GET] [NORMAL] (ID : 1) - /my_space
[15:37:02] [GET] [NORMAL] (ID : 1) - /my_space
[15:37:04] [GET] [NORMAL] (ID : 1) - /my_space
[15:37:07] [GET] [NORMAL] (ID : 1) - /my_space
[15:37:32] [GET] [NORMAL] (ID : 1) - /my_space
[15:37:34] [GET] [NORMAL] (ID : 1) - /my_space
[15:37:49] [GET] [NORMAL] (ID : 1) - /my_space
[15:37:52] [GET] [NORMAL] (ID : 1) - /my_space
[15:38:03] [GET] [NORMAL] (ID : 4) - /my_space
[15:38:05] [GET] [NORMAL] (ID : 4) - /my_space
[15:38:07] [GET] [NORMAL] (ID : 4) - /my_space
[15:38:08] [GET] [NORMAL] (ID : 4) - /my_space
[15:38:09] [GET] [NORMAL] (ID : 4) - /my_space
[15:38:30] [GET] [NORMAL] (ID : 1) - /my_space
[15:38:55] [GET] [NORMAL] (ID : 1) - /my_space
[15:39:27] [GET] [NORMAL] (ID : 1) - /my_space
[15:39:33] [GET] [NORMAL] (ID : 1) - /my_space
[15:39:35] [GET] [NORMAL] (ID : 1) - /my_space
[15:39:47] [GET] [NORMAL] (ID : 1) - /my_space
[15:40:06] [GET] [NORMAL] (ID : 1) - /my_space
[15:40:13] [GET] [NORMAL] (ID : 1) - /favicon.ico
[15:40:49] [GET] [NORMAL] (ID : 1) - /my_space
[15:41:25] [GET] [NORMAL] (ID : 1) - /my_space
[15:41:44] [GET] [NORMAL] (ID : 1) - /my_space
[15:42:08] [GET] [NORMAL] (ID : 1) - /my_space
[15:43:16] [GET] [NORMAL] (ID : 1) - /my_space
[15:44:50] [GET] [NORMAL] (ID : 4) - /my_space
[15:44:53] [GET] [NORMAL] (ID : 1) - /my_space
[15:45:58] [GET] [NORMAL] (ID : 1) - /test
[15:46:08] [GET] [NORMAL] (ID : 1) - /test
[15:46:12] [GET] [NORMAL] (ID : 1) - /test
[15:46:15] [GET] [NORMAL] (ID : 1) - /test
[15:46:16] [GET] [NORMAL] (ID : 1) - /test
[15:46:16] [GET] [NORMAL] (ID : 1) - /test
[15:46:16] [GET] [NORMAL] (ID : 1) - /test
[15:46:16] [GET] [NORMAL] (ID : 1) - /test
[15:46:16] [GET] [NORMAL] (ID : 1) - /test
[15:46:17] [GET] [NORMAL] (ID : 1) - /test
[15:46:17] [GET] [NORMAL] (ID : 1) - /test
[15:46:17] [GET] [NORMAL] (ID : 1) - /test
[15:46:17] [GET] [NORMAL] (ID : 1) - /test
[15:46:17] [GET] [NORMAL] (ID : 1) - /test
[15:46:17] [GET] [NORMAL] (ID : 1) - /test
[15:46:23] [GET] [NORMAL] (ID : 1) - /test
[15:46:31] [GET] [NORMAL] (ID : 1) - /test
[15:46:34] [GET] [NORMAL] (ID : 1) - /test
[15:47:44] [GET] [NORMAL] (ID : 1) - /test
[15:47:46] [GET] [NORMAL] (ID : 1) - /test
[15:47:46] [GET] [NORMAL] (ID : 1) - /test
[15:47:47] [GET] [NORMAL] (ID : 1) - /test
[15:48:17] [GET] [NORMAL] (ID : 1) - /test
[15:48:18] [GET] [NORMAL] (ID : 1) - /test
[15:48:19] [GET] [NORMAL] (ID : 1) - /test
[15:48:19] [GET] [NORMAL] (ID : 1) - /test
[15:48:19] [GET] [NORMAL] (ID : 1) - /test
[15:48:19] [GET] [NORMAL] (ID : 1) - /test
[15:48:39] [GET] [NORMAL] (ID : 4) - /my_space
[15:48:41] [GET] [NORMAL] (ID : 1) - /test
[15:48:41] [GET] [NORMAL] (ID : 1) - /test
[15:48:42] [GET] [NORMAL] (ID : 1) - /test
[15:48:58] [GET] [NORMAL] (ID : 1) - /test
[15:49:01] [GET] [NORMAL] (ID : 1) - /test
[15:49:10] [GET] [NORMAL] (ID : 1) - /my_space
[15:49:42] [GET] [NORMAL] (ID : 1) - /my_space
[15:49:48] [GET] [NORMAL] (ID : 1) - /test
[15:51:26] [GET] [NORMAL] (ID : 1) - /my_space
[15:51:27] [GET] [NORMAL] (ID : 1) - /test
[15:52:02] [GET] [NORMAL] (ID : 1) - /test
[15:52:03] [GET] [NORMAL] (ID : 4) - /home
[15:52:03] [GET] [NORMAL] (ID : 4) - /home
[15:52:03] [GET] [NORMAL] (ID : 4) - /home
[15:52:03] [GET] [NORMAL] (ID : 4) - /home
[15:52:18] [GET] [NORMAL] (ID : 4) - /my_space
[15:52:19] [GET] [NORMAL] (ID : 1) - /test
[15:52:20] [GET] [NORMAL] (ID : 4) - /home
[15:52:25] [GET] [NORMAL] (ID : 4) - /my_space
[15:52:26] [GET] [NORMAL] (ID : 1) - /test
[15:52:28] [GET] [NORMAL] (ID : 4) - /home
[15:52:37] [GET] [NORMAL] (ID : 1) - /test
[15:52:39] [GET] [NORMAL] (ID : 1) - /test
[15:52:39] [GET] [NORMAL] (ID : 1) - /test
[15:52:39] [GET] [NORMAL] (ID : 1) - /test
[15:52:39] [GET] [NORMAL] (ID : 1) - /test
[15:52:39] [GET] [NORMAL] (ID : 1) - /test
[15:52:40] [GET] [NORMAL] (ID : 1) - /test
[15:52:40] [GET] [NORMAL] (ID : 1) - /test
[15:52:40] [GET] [NORMAL] (ID : 1) - /test
[15:52:40] [GET] [NORMAL] (ID : 1) - /test
[15:52:40] [GET] [NORMAL] (ID : 1) - /test
[15:52:40] [GET] [NORMAL] (ID : 1) - /test
[15:52:40] [GET] [NORMAL] (ID : 1) - /test
[15:52:40] [GET] [NORMAL] (ID : 1) - /test
[15:52:40] [GET] [NORMAL] (ID : 1) - /test
[15:52:40] [GET] [NORMAL] (ID : 1) - /test
[15:52:41] [GET] [NORMAL] (ID : 1) - /test
[15:52:41] [GET] [NORMAL] (ID : 1) - /test
[15:52:41] [GET] [NORMAL] (ID : 1) - /test
[15:52:41] [GET] [NORMAL] (ID : 1) - /test
[15:52:41] [GET] [NORMAL] (ID : 1) - /test
[15:52:41] [GET] [NORMAL] (ID : 1) - /test
[15:52:41] [GET] [NORMAL] (ID : 1) - /test
[15:52:42] [GET] [NORMAL] (ID : 1) - /test
[15:52:42] [GET] [NORMAL] (ID : 4) - /notification
[15:52:42] [GET] [NORMAL] (ID : 1) - /test
[15:52:42] [GET] [NORMAL] (ID : 1) - /test
[15:52:42] [GET] [NORMAL] (ID : 1) - /test
[15:52:42] [GET] [NORMAL] (ID : 1) - /test
[15:52:42] [GET] [NORMAL] (ID : 1) - /test
[15:52:42] [GET] [NORMAL] (ID : 1) - /test
[15:52:42] [GET] [NORMAL] (ID : 1) - /test
[15:52:43] [GET] [NORMAL] (ID : 1) - /test
[15:52:43] [GET] [NORMAL] (ID : 4) - /home
[15:53:33] [GET] [NORMAL] (ID : 1) - /my_space
[15:53:35] [GET] [NORMAL] (ID : 1) - /test
[15:53:48] [GET] [NORMAL] (ID : 1) - /test
[15:53:50] [GET] [NORMAL] (ID : 1) - /test
[15:53:51] [GET] [NORMAL] (ID : 1) - /test
[15:53:51] [GET] [NORMAL] (ID : 1) - /test
[15:54:01] [GET] [NORMAL] (ID : 1) - /test
[15:54:04] [GET] [NORMAL] (ID : 1) - /test
[15:54:14] [GET] [NORMAL] (ID : 0) - /my_space
[15:54:14] [GET] [NORMAL] (ID : 0) - /auth
[15:54:23] [GET] [NORMAL] (ID : 4) - /my_space
[15:54:36] [GET] [NORMAL] (ID : 1) - /test
[15:54:37] [GET] [NORMAL] (ID : 0) - /home
[15:54:41] [GET] [NORMAL] (ID : 0) - /my_space
[15:54:41] [GET] [NORMAL] (ID : 0) - /auth
[16:50:43] [GET] [NORMAL] (ID : 0) - /
[16:50:43] [GET] [NORMAL] (ID : 0) - /home
[16:50:47] [GET] [NORMAL] (ID : 0) - /my_space
[16:50:47] [GET] [NORMAL] (ID : 0) - /auth
[16:50:56] [GET] [NORMAL] (ID : 1) - /my_space
[16:51:37] [GET] [NORMAL] (ID : 0) - /home
[16:51:40] [GET] [NORMAL] (ID : 0) - /my_space
[16:51:40] [GET] [NORMAL] (ID : 0) - /auth
[16:52:30] [GET] [NORMAL] (ID : 1) - /my_space
[16:52:42] [GET] [NORMAL] (ID : 1) - /my_space
[16:53:19] [GET] [NORMAL] (ID : 1) - /setting
[16:53:31] [GET] [NORMAL] (ID : 1) - /my_space
[16:53:42] [GET] [NORMAL] (ID : 1) - /setting
[16:53:51] [GET] [NORMAL] (ID : 1) - /my_space
[16:54:00] [GET] [NORMAL] (ID : 1) - /setting
[16:54:16] [GET] [NORMAL] (ID : 1) - /setting
[16:54:22] [GET] [NORMAL] (ID : 1) - /setting
[16:54:26] [GET] [NORMAL] (ID : 1) - /my_space
[16:54:28] [GET] [NORMAL] (ID : 1) - /my_space
[16:54:29] [GET] [NORMAL] (ID : 1) - /my_space
[16:54:30] [GET] [NORMAL] (ID : 1) - /my_space
[16:54:31] [GET] [NORMAL] (ID : 1) - /my_space
[16:54:33] [GET] [NORMAL] (ID : 1) - /my_space
[16:54:34] [GET] [NORMAL] (ID : 1) - /my_space
[16:54:35] [GET] [NORMAL] (ID : 1) - /my_space
[16:54:36] [GET] [NORMAL] (ID : 1) - /my_space
[16:54:37] [GET] [NORMAL] (ID : 1) - /my_space
[16:54:38] [GET] [NORMAL] (ID : 1) - /my_space
[16:54:38] [GET] [NORMAL] (ID : 1) - /my_space
[16:54:39] [GET] [NORMAL] (ID : 1) - /my_space
[16:54:39] [GET] [NORMAL] (ID : 1) - /my_space
[16:54:39] [GET] [NORMAL] (ID : 1) - /my_space
[16:54:40] [GET] [NORMAL] (ID : 1) - /my_space
[16:54:40] [GET] [NORMAL] (ID : 1) - /my_space
[16:54:40] [GET] [NORMAL] (ID : 1) - /my_space
[16:54:41] [GET] [NORMAL] (ID : 1) - /my_space
[16:54:44] [GET] [NORMAL] (ID : 1) - /home
[16:54:51] [GET] [NORMAL] (ID : 1) - /setting
[16:55:32] [GET] [NORMAL] (ID : 1) - /my_space
[16:57:10] [GET] [NORMAL] (ID : 1) - /setting
[16:59:38] [GET] [NORMAL] (ID : 1) - /setting
[17:00:16] [GET] [NORMAL] (ID : 1) - /setting
[17:01:12] [GET] [NORMAL] (ID : 1) - /setting
[17:01:21] [GET] [NORMAL] (ID : 1) - /setting
[17:01:54] [GET] [NORMAL] (ID : 1) - /setting
[17:02:29] [GET] [NORMAL] (ID : 1) - /setting
[17:04:09] [GET] [NORMAL] (ID : 1) - /setting
[17:04:23] [GET] [NORMAL] (ID : 1) - /setting
[17:04:40] [GET] [NORMAL] (ID : 1) - /setting
[17:04:56] [GET] [NORMAL] (ID : 1) - /setting
[17:05:11] [GET] [NORMAL] (ID : 1) - /setting
[17:05:21] [GET] [NORMAL] (ID : 1) - /setting
[17:05:59] [GET] [NORMAL] (ID : 1) - /setting
[17:06:06] [GET] [NORMAL] (ID : 1) - /setting
[17:06:10] [GET] [NORMAL] (ID : 1) - /setting
[17:06:19] [GET] [NORMAL] (ID : 1) - /setting
[17:06:43] [GET] [NORMAL] (ID : 1) - /setting
[17:06:47] [GET] [NORMAL] (ID : 1) - /setting
[17:07:13] [GET] [NORMAL] (ID : 1) - /setting
[17:07:26] [GET] [NORMAL] (ID : 1) - /setting
[17:07:37] [GET] [NORMAL] (ID : 1) - /setting
[17:07:47] [GET] [NORMAL] (ID : 1) - /setting
[17:08:12] [GET] [NORMAL] (ID : 1) - /setting
[17:08:20] [GET] [NORMAL] (ID : 1) - /setting
[17:09:26] [GET] [NORMAL] (ID : 1) - /setting
[17:09:42] [GET] [NORMAL] (ID : 1) - /setting
[17:09:51] [GET] [NORMAL] (ID : 1) - /setting
[17:10:08] [GET] [NORMAL] (ID : 1) - /setting
[17:10:17] [GET] [NORMAL] (ID : 1) - /setting
[17:11:26] [GET] [NORMAL] (ID : 1) - /setting
[17:12:00] [GET] [NORMAL] (ID : 1) - /setting
[17:12:04] [GET] [NORMAL] (ID : 1) - /setting
[17:12:38] [GET] [NORMAL] (ID : 1) - /setting
[17:12:58] [GET] [NORMAL] (ID : 1) - /setting
[17:13:40] [GET] [NORMAL] (ID : 1) - /setting
[17:14:01] [GET] [NORMAL] (ID : 1) - /setting
[17:14:55] [GET] [NORMAL] (ID : 1) - /setting
[17:15:03] [GET] [NORMAL] (ID : 1) - /setting
