[20:02:31] [GET] [NORMAL] (ID : 1) - /
[20:02:31] [GET] [NORMAL] (ID : 1) - /home
[20:02:34] [GET] [NORMAL] (ID : 1) - /setting
[20:11:03] [GET] [NORMAL] (ID : 1) - /friend
[20:11:06] [GET] [NORMAL] (ID : 1) - /notification
[20:30:24] [GET] [NORMAL] (ID : 1) - /notification
[20:30:34] [GET] [NORMAL] (ID : 1) - /notification
[20:30:54] [GET] [NORMAL] (ID : 1) - /notification
[20:36:01] [GET] [NORMAL] (ID : 1) - /my_space
[20:36:04] [GET] [NORMAL] (ID : 1) - /setting
[20:36:06] [GET] [NORMAL] (ID : 0) - /home
[20:36:08] [GET] [NORMAL] (ID : 0) - /my_space
[20:36:08] [GET] [NORMAL] (ID : 0) - /auth
[20:36:14] [GET] [NORMAL] (ID : 1) - /my_space
[20:37:43] [GET] [NORMAL] (ID : 1) - /setting
[20:37:45] [GET] [NORMAL] (ID : 0) - /home
[20:37:47] [GET] [NORMAL] (ID : 0) - /my_space
[20:37:47] [GET] [NORMAL] (ID : 0) - /auth
[20:37:53] [GET] [NORMAL] (ID : 1) - /my_space
[20:38:06] [GET] [NORMAL] (ID : 5) - /friend
[20:38:08] [GET] [NORMAL] (ID : 5) - /setting
[20:38:14] [GET] [NORMAL] (ID : 5) - /setting
[20:38:17] [GET] [NORMAL] (ID : 0) - /home
[20:38:20] [GET] [NORMAL] (ID : 0) - /my_space
[20:38:20] [GET] [NORMAL] (ID : 0) - /auth
[20:38:24] [GET] [NORMAL] (ID : 1) - /my_space
[20:38:46] [GET] [NORMAL] (ID : 1) - /notification
[20:39:48] [GET] [NORMAL] (ID : 1) - /notification
[20:39:56] [GET] [NORMAL] (ID : 1) - /notification
[20:40:41] [GET] [NORMAL] (ID : 1) - /notification
[20:41:25] [GET] [NORMAL] (ID : 1) - /notification
[20:41:46] [GET] [NORMAL] (ID : 1) - /notification
[20:43:22] [GET] [NORMAL] (ID : 1) - /notification
[20:45:07] [GET] [NORMAL] (ID : 1) - /notification
[20:46:07] [GET] [NORMAL] (ID : 1) - /notification
[20:46:29] [GET] [NORMAL] (ID : 1) - /notification
[20:47:32] [GET] [NORMAL] (ID : 1) - /notification
[20:49:01] [GET] [NORMAL] (ID : 1) - /notification
[20:49:11] [GET] [NORMAL] (ID : 1) - /notification
[20:49:21] [GET] [NORMAL] (ID : 1) - /notification
[20:49:35] [GET] [NORMAL] (ID : 1) - /notification
[20:50:23] [GET] [NORMAL] (ID : 1) - /notification
[20:50:37] [GET] [NORMAL] (ID : 1) - /notification
[20:50:51] [GET] [NORMAL] (ID : 1) - /notification
[20:50:59] [GET] [NORMAL] (ID : 1) - /notification
[20:51:07] [GET] [NORMAL] (ID : 1) - /notification
[20:51:10] [GET] [NORMAL] (ID : 1) - /notification
[20:51:57] [GET] [NORMAL] (ID : 1) - /notification
[20:52:18] [GET] [NORMAL] (ID : 1) - /notification
[20:52:44] [GET] [NORMAL] (ID : 1) - /notification
[20:52:52] [GET] [NORMAL] (ID : 1) - /notification
[20:53:02] [GET] [NORMAL] (ID : 1) - /notification
[20:53:11] [GET] [NORMAL] (ID : 1) - /notification
[20:53:21] [GET] [NORMAL] (ID : 1) - /notification
[20:53:28] [GET] [NORMAL] (ID : 1) - /notification
[20:55:24] [GET] [NORMAL] (ID : 1) - /notification
[20:55:47] [GET] [NORMAL] (ID : 1) - /notification
[20:55:56] [GET] [NORMAL] (ID : 1) - /notification
[20:56:04] [GET] [NORMAL] (ID : 1) - /notification
[20:58:28] [GET] [NORMAL] (ID : 1) - /notification
[20:58:51] [GET] [NORMAL] (ID : 1) - /notification
[20:58:59] [GET] [NORMAL] (ID : 1) - /notification
[20:59:23] [GET] [NORMAL] (ID : 1) - /notification
[20:59:35] [GET] [NORMAL] (ID : 1) - /notification
[20:59:58] [GET] [NORMAL] (ID : 1) - /notification
[21:00:05] [GET] [NORMAL] (ID : 1) - /notification
[21:03:31] [GET] [NORMAL] (ID : 1) - /notification
[21:03:34] [GET] [NORMAL] (ID : 1) - /home
[21:03:42] [GET] [NORMAL] (ID : 1) - /setting
[21:03:45] [GET] [NORMAL] (ID : 0) - /home
[21:03:49] [GET] [NORMAL] (ID : 0) - /setting
[21:03:49] [GET] [NORMAL] (ID : 0) - /auth
[21:03:53] [GET] [NORMAL] (ID : 1) - /setting
[21:03:55] [GET] [NORMAL] (ID : 1) - /notification
[21:04:25] [GET] [NORMAL] (ID : 1) - /notification
[21:04:59] [GET] [NORMAL] (ID : 1) - /setting
[21:05:03] [GET] [NORMAL] (ID : 1) - /notification
[21:05:32] [GET] [NORMAL] (ID : 1) - /notification
[21:05:46] [GET] [NORMAL] (ID : 1) - /notification
[21:06:02] [GET] [NORMAL] (ID : 1) - /notification
[21:07:03] [GET] [NORMAL] (ID : 1) - /notification
[21:08:17] [GET] [NORMAL] (ID : 1) - /notification
[21:08:55] [GET] [NORMAL] (ID : 1) - /notification
[21:09:14] [GET] [NORMAL] (ID : 1) - /notification
[21:09:27] [GET] [NORMAL] (ID : 1) - /notification
[21:10:23] [GET] [NORMAL] (ID : 1) - /notification
[21:10:27] [GET] [NORMAL] (ID : 1) - /notification
[21:11:42] [GET] [NORMAL] (ID : 1) - /notification
[21:11:48] [GET] [NORMAL] (ID : 1) - /notification
[21:12:09] [GET] [NORMAL] (ID : 0) - /home
[21:12:13] [GET] [NORMAL] (ID : 0) - /setting
[21:12:13] [GET] [NORMAL] (ID : 0) - /auth
[21:12:17] [GET] [NORMAL] (ID : 1) - /setting
[21:12:53] [GET] [NORMAL] (ID : 1) - /notification
