[20:08:45] [GET] [NORMAL] (ID : 1) - /
[20:08:45] [GET] [NORMAL] (ID : 1) - /home
[20:08:49] [GET] [NORMAL] (ID : 1) - /my_space
[20:12:53] [GET] [NORMAL] (ID : 1) - /my_space
[20:13:40] [GET] [NORMAL] (ID : 1) - /my_space
[20:14:21] [GET] [NORMAL] (ID : 1) - /my_space
[20:14:49] [GET] [NORMAL] (ID : 1) - /my_space
[20:16:19] [GET] [NORMAL] (ID : 1) - /my_space
[20:17:03] [GET] [NORMAL] (ID : 1) - /my_space
[20:17:36] [GET] [NORMAL] (ID : 1) - /my_space
[20:19:22] [GET] [NORMAL] (ID : 1) - /my_space
[20:19:57] [GET] [NORMAL] (ID : 1) - /my_space
[20:43:45] [GET] [NORMAL] (ID : 1) - /my_space
[20:44:22] [GET] [NORMAL] (ID : 1) - /my_space
[20:44:57] [GET] [NORMAL] (ID : 1) - /my_space
[20:45:23] [GET] [NORMAL] (ID : 1) - /my_space
[20:45:44] [GET] [NORMAL] (ID : 1) - /my_space
[20:46:52] [GET] [NORMAL] (ID : 1) - /my_space
[20:47:07] [GET] [NORMAL] (ID : 1) - /my_space
[20:47:12] [GET] [NORMAL] (ID : 1) - /my_space
[20:47:41] [GET] [NORMAL] (ID : 1) - /my_space
[20:47:47] [GET] [NORMAL] (ID : 1) - /my_space
[20:48:17] [GET] [NORMAL] (ID : 1) - /my_space
[20:48:22] [GET] [NORMAL] (ID : 1) - /my_space
[20:48:58] [GET] [NORMAL] (ID : 1) - /my_space
[20:49:08] [GET] [NORMAL] (ID : 1) - /my_space
[20:49:42] [GET] [NORMAL] (ID : 1) - /my_space
[20:50:17] [GET] [NORMAL] (ID : 1) - /my_space
[20:52:50] [GET] [NORMAL] (ID : 1) - /my_space
[20:52:51] [GET] [NORMAL] (ID : 1) - /my_space
[20:52:52] [GET] [NORMAL] (ID : 1) - /my_space
[20:52:53] [GET] [NORMAL] (ID : 1) - /my_space
[20:52:54] [GET] [NORMAL] (ID : 1) - /my_space
[20:52:55] [GET] [NORMAL] (ID : 1) - /my_space
[20:52:56] [GET] [NORMAL] (ID : 1) - /my_space
[20:53:12] [GET] [NORMAL] (ID : 1) - /my_space
[20:53:47] [GET] [NORMAL] (ID : 1) - /my_space
[20:53:51] [GET] [NORMAL] (ID : 1) - /my_space
[20:53:53] [GET] [NORMAL] (ID : 1) - /my_space
[20:53:54] [GET] [NORMAL] (ID : 1) - /my_space
[20:53:55] [GET] [NORMAL] (ID : 1) - /my_space
[20:53:56] [GET] [NORMAL] (ID : 1) - /my_space
[20:53:57] [GET] [NORMAL] (ID : 1) - /my_space
[20:53:58] [GET] [NORMAL] (ID : 1) - /my_space
[20:53:59] [GET] [NORMAL] (ID : 1) - /my_space
[20:54:42] [GET] [NORMAL] (ID : 1) - /my_space
[20:54:49] [GET] [NORMAL] (ID : 1) - /my_space
[20:54:56] [GET] [NORMAL] (ID : 1) - /my_space
[20:54:58] [GET] [NORMAL] (ID : 1) - /my_space
[20:54:58] [GET] [NORMAL] (ID : 1) - /my_space
[20:55:20] [GET] [NORMAL] (ID : 1) - /my_space
[20:55:32] [GET] [NORMAL] (ID : 1) - /my_space
[20:56:06] [GET] [NORMAL] (ID : 1) - /my_space
[20:56:18] [GET] [NORMAL] (ID : 1) - /my_space
[20:56:48] [GET] [NORMAL] (ID : 1) - /my_space
[20:56:53] [GET] [NORMAL] (ID : 1) - /my_space
[20:57:04] [GET] [NORMAL] (ID : 1) - /my_space
[20:59:28] [GET] [NORMAL] (ID : 1) - /my_space
[20:59:28] [GET] [NORMAL] (ID : 1) - /my_space
[21:00:14] [GET] [NORMAL] (ID : 1) - /my_space
[21:01:29] [GET] [NORMAL] (ID : 1) - /my_space
[21:01:47] [GET] [NORMAL] (ID : 1) - /my_space
[21:02:11] [GET] [NORMAL] (ID : 1) - /my_space
[21:02:28] [GET] [NORMAL] (ID : 1) - /my_space
[21:02:52] [GET] [NORMAL] (ID : 1) - /my_space
[21:03:06] [GET] [NORMAL] (ID : 1) - /my_space
[21:03:46] [GET] [NORMAL] (ID : 1) - /my_space
[21:03:55] [GET] [NORMAL] (ID : 1) - /my_space
[21:05:04] [GET] [NORMAL] (ID : 1) - /my_space
[21:05:14] [GET] [NORMAL] (ID : 1) - /my_space
[21:05:20] [GET] [NORMAL] (ID : 1) - /my_space
[21:05:26] [GET] [NORMAL] (ID : 1) - /my_space
[21:05:41] [GET] [NORMAL] (ID : 1) - /my_space
[21:05:53] [GET] [NORMAL] (ID : 1) - /my_space
[21:06:06] [GET] [NORMAL] (ID : 1) - /my_space
[21:06:26] [GET] [NORMAL] (ID : 1) - /my_space
[21:06:49] [GET] [NORMAL] (ID : 1) - /my_space
[21:06:54] [GET] [NORMAL] (ID : 1) - /my_space
[21:07:10] [GET] [NORMAL] (ID : 1) - /my_space
[21:07:16] [GET] [NORMAL] (ID : 1) - /my_space
[21:07:23] [GET] [NORMAL] (ID : 1) - /my_space
[21:07:31] [GET] [NORMAL] (ID : 1) - /my_space
[21:07:41] [GET] [NORMAL] (ID : 1) - /my_space
[21:08:16] [GET] [NORMAL] (ID : 1) - /my_space
[21:08:29] [GET] [NORMAL] (ID : 1) - /my_space
[21:08:36] [GET] [NORMAL] (ID : 1) - /my_space
[21:08:48] [GET] [NORMAL] (ID : 1) - /my_space
[21:09:23] [GET] [NORMAL] (ID : 1) - /my_space
[21:09:45] [GET] [NORMAL] (ID : 1) - /my_space
[21:10:41] [GET] [NORMAL] (ID : 1) - /my_space
[21:11:00] [GET] [NORMAL] (ID : 1) - /my_space
[21:11:27] [GET] [NORMAL] (ID : 1) - /my_space
[21:12:06] [GET] [NORMAL] (ID : 1) - /my_space
[21:12:21] [GET] [NORMAL] (ID : 1) - /my_space
[21:12:27] [GET] [NORMAL] (ID : 1) - /my_space
[21:12:38] [GET] [NORMAL] (ID : 1) - /my_space
[21:13:16] [GET] [NORMAL] (ID : 1) - /my_space
[21:13:34] [GET] [NORMAL] (ID : 1) - /my_space
[21:14:25] [GET] [NORMAL] (ID : 1) - /my_space
[21:15:05] [GET] [NORMAL] (ID : 1) - /my_space
[21:17:17] [GET] [NORMAL] (ID : 1) - /my_space
[21:17:42] [GET] [NORMAL] (ID : 1) - /my_space
[21:17:53] [GET] [NORMAL] (ID : 1) - /my_space
[21:18:38] [GET] [NORMAL] (ID : 1) - /my_space
[21:19:09] [GET] [NORMAL] (ID : 1) - /my_space
[21:19:36] [GET] [NORMAL] (ID : 1) - /my_space
[21:19:47] [GET] [NORMAL] (ID : 1) - /my_space
[21:21:11] [GET] [NORMAL] (ID : 1) - /my_space
[21:21:37] [GET] [NORMAL] (ID : 1) - /my_space
[21:21:49] [GET] [NORMAL] (ID : 1) - /my_space
[21:22:04] [GET] [NORMAL] (ID : 1) - /my_space
[21:22:25] [GET] [NORMAL] (ID : 1) - /my_space
[21:22:51] [GET] [NORMAL] (ID : 1) - /my_space
[21:23:04] [GET] [NORMAL] (ID : 1) - /my_space
[21:23:35] [GET] [NORMAL] (ID : 1) - /my_space
[21:23:49] [GET] [NORMAL] (ID : 1) - /my_space
[21:24:07] [GET] [NORMAL] (ID : 1) - /my_space
[21:24:33] [GET] [NORMAL] (ID : 1) - /my_space
[21:24:46] [GET] [NORMAL] (ID : 1) - /my_space
[21:25:30] [GET] [NORMAL] (ID : 1) - /my_space
[21:25:34] [GET] [NORMAL] (ID : 1) - /my_space
[21:25:42] [GET] [NORMAL] (ID : 1) - /my_space
[21:25:52] [GET] [NORMAL] (ID : 1) - /my_space
[21:26:28] [GET] [NORMAL] (ID : 1) - /my_space
[21:26:38] [GET] [NORMAL] (ID : 1) - /my_space
[21:27:12] [GET] [NORMAL] (ID : 1) - /my_space
[21:28:23] [GET] [NORMAL] (ID : 1) - /my_space
[21:28:40] [GET] [NORMAL] (ID : 1) - /my_space
[21:28:47] [GET] [NORMAL] (ID : 1) - /my_space
[21:29:50] [GET] [NORMAL] (ID : 1) - /my_space
[21:30:05] [GET] [NORMAL] (ID : 1) - /my_space
[21:30:31] [GET] [NORMAL] (ID : 1) - /my_space
[21:30:56] [GET] [NORMAL] (ID : 1) - /my_space
[21:31:13] [GET] [NORMAL] (ID : 1) - /my_space
[21:31:20] [GET] [NORMAL] (ID : 1) - /my_space
[21:31:42] [GET] [NORMAL] (ID : 1) - /my_space
[21:32:24] [GET] [NORMAL] (ID : 1) - /my_space
[21:33:05] [GET] [NORMAL] (ID : 1) - /my_space
[21:33:11] [GET] [NORMAL] (ID : 1) - /my_space
[21:33:19] [GET] [NORMAL] (ID : 1) - /my_space
[21:33:23] [GET] [NORMAL] (ID : 1) - /my_space
[21:33:34] [GET] [NORMAL] (ID : 1) - /my_space
[21:34:19] [GET] [NORMAL] (ID : 1) - /my_space
[21:35:39] [GET] [NORMAL] (ID : 1) - /my_space
[21:36:01] [GET] [NORMAL] (ID : 1) - /my_space
[21:36:21] [GET] [NORMAL] (ID : 1) - /my_space
[21:36:44] [GET] [NORMAL] (ID : 1) - /my_space
[21:36:54] [GET] [NORMAL] (ID : 1) - /my_space
[21:37:07] [GET] [NORMAL] (ID : 1) - /my_space
[21:37:12] [GET] [NORMAL] (ID : 1) - /my_space
[21:37:31] [GET] [NORMAL] (ID : 1) - /my_space
[21:37:42] [GET] [NORMAL] (ID : 1) - /my_space
[21:37:58] [GET] [NORMAL] (ID : 1) - /my_space
[21:38:02] [GET] [NORMAL] (ID : 1) - /my_space
[21:38:22] [GET] [NORMAL] (ID : 1) - /my_space
[21:38:28] [GET] [NORMAL] (ID : 1) - /my_space
[21:38:51] [GET] [NORMAL] (ID : 1) - /my_space
[21:38:57] [GET] [NORMAL] (ID : 1) - /my_space
[21:39:02] [GET] [NORMAL] (ID : 1) - /my_space
[21:39:40] [GET] [NORMAL] (ID : 1) - /my_space
[21:40:10] [GET] [NORMAL] (ID : 1) - /my_space
[21:40:26] [GET] [NORMAL] (ID : 1) - /my_space
[21:40:37] [GET] [NORMAL] (ID : 1) - /my_space
[21:40:53] [GET] [NORMAL] (ID : 1) - /my_space
[21:41:12] [GET] [NORMAL] (ID : 1) - /my_space
[21:42:00] [GET] [NORMAL] (ID : 1) - /my_space
[21:42:10] [GET] [NORMAL] (ID : 1) - /my_space
[21:42:23] [GET] [NORMAL] (ID : 1) - /my_space
[21:42:43] [GET] [NORMAL] (ID : 1) - /my_space
[21:43:34] [GET] [NORMAL] (ID : 1) - /my_space
[21:43:47] [GET] [NORMAL] (ID : 1) - /my_space
[21:43:56] [GET] [NORMAL] (ID : 1) - /my_space
[21:44:08] [GET] [NORMAL] (ID : 1) - /my_space
[21:44:20] [GET] [NORMAL] (ID : 1) - /my_space
[21:44:27] [GET] [NORMAL] (ID : 1) - /my_space
[21:44:41] [GET] [NORMAL] (ID : 1) - /my_space
[21:44:56] [GET] [NORMAL] (ID : 1) - /my_space
[21:45:10] [GET] [NORMAL] (ID : 1) - /my_space
[21:45:14] [GET] [NORMAL] (ID : 1) - /my_space
[21:45:32] [GET] [NORMAL] (ID : 1) - /my_space
[21:46:01] [GET] [NORMAL] (ID : 1) - /my_space
[21:46:08] [GET] [NORMAL] (ID : 1) - /my_space
[21:46:14] [GET] [NORMAL] (ID : 1) - /my_space
[21:46:49] [GET] [NORMAL] (ID : 1) - /my_space
[21:46:57] [GET] [NORMAL] (ID : 1) - /my_space
[21:47:05] [GET] [NORMAL] (ID : 1) - /my_space
[21:47:20] [GET] [NORMAL] (ID : 1) - /my_space
[21:47:59] [GET] [NORMAL] (ID : 1) - /my_space
[21:49:49] [GET] [NORMAL] (ID : 1) - /my_space
[21:50:08] [GET] [NORMAL] (ID : 1) - /my_space
[21:50:42] [GET] [NORMAL] (ID : 1) - /my_space
[21:50:50] [GET] [NORMAL] (ID : 1) - /my_space
[21:51:02] [GET] [NORMAL] (ID : 1) - /my_space
[21:51:12] [GET] [NORMAL] (ID : 1) - /my_space
[21:51:24] [GET] [NORMAL] (ID : 1) - /my_space
[21:51:30] [GET] [NORMAL] (ID : 1) - /my_space
[21:51:37] [GET] [NORMAL] (ID : 1) - /my_space
[21:51:50] [GET] [NORMAL] (ID : 1) - /my_space
[21:52:02] [GET] [NORMAL] (ID : 1) - /my_space
[21:52:24] [GET] [NORMAL] (ID : 1) - /my_space
[21:53:12] [GET] [NORMAL] (ID : 1) - /my_space
[21:53:21] [GET] [NORMAL] (ID : 1) - /my_space
[21:53:45] [GET] [NORMAL] (ID : 1) - /my_space
[21:54:20] [GET] [NORMAL] (ID : 1) - /my_space
[21:54:23] [GET] [NORMAL] (ID : 1) - /my_space
[21:54:40] [GET] [NORMAL] (ID : 1) - /my_space
[21:55:13] [GET] [NORMAL] (ID : 0) - /user_space
[21:55:13] [GET] [NORMAL] (ID : 0) - /favicon.ico
[21:55:15] [GET] [NORMAL] (ID : 0) - /cloud
[21:55:16] [GET] [NORMAL] (ID : 0) - /auth
[21:55:19] [GET] [NORMAL] (ID : 1) - /cloud
[21:55:22] [GET] [NORMAL] (ID : 1) - /my_space
[21:56:12] [GET] [NORMAL] (ID : 1) - /my_space
[21:56:17] [GET] [NORMAL] (ID : 1) - /my_space
[21:56:43] [GET] [NORMAL] (ID : 1) - /my_space
[21:56:50] [GET] [NORMAL] (ID : 1) - /my_space
[21:59:13] [GET] [NORMAL] (ID : 1) - /my_space
[22:01:13] [GET] [NORMAL] (ID : 1) - /
[22:01:13] [GET] [NORMAL] (ID : 1) - /home
[22:01:15] [GET] [NORMAL] (ID : 1) - /my_space
[22:01:56] [GET] [NORMAL] (ID : 1) - /my_space
[22:02:12] [GET] [NORMAL] (ID : 1) - /my_space
[22:02:21] [GET] [NORMAL] (ID : 1) - /my_space
[22:02:40] [GET] [NORMAL] (ID : 1) - /my_space
[22:02:55] [GET] [NORMAL] (ID : 1) - /my_space
[22:03:27] [GET] [NORMAL] (ID : 1) - /my_space
[22:03:33] [GET] [NORMAL] (ID : 1) - /my_space
[22:03:57] [GET] [NORMAL] (ID : 1) - /my_space
[22:04:10] [GET] [NORMAL] (ID : 1) - /my_space
[22:04:50] [GET] [NORMAL] (ID : 1) - /my_space
[22:04:56] [GET] [NORMAL] (ID : 1) - /my_space
[22:05:14] [GET] [NORMAL] (ID : 1) - /my_space
[22:05:36] [GET] [NORMAL] (ID : 1) - /my_space
[22:05:47] [GET] [NORMAL] (ID : 1) - /my_space
[22:05:51] [GET] [NORMAL] (ID : 1) - /my_space
[22:06:04] [GET] [NORMAL] (ID : 1) - /my_space
[22:06:38] [GET] [NORMAL] (ID : 1) - /my_space
[22:06:54] [GET] [NORMAL] (ID : 1) - /my_space
[22:07:12] [GET] [NORMAL] (ID : 1) - /my_space
[22:07:19] [GET] [NORMAL] (ID : 1) - /my_space
[22:07:25] [GET] [NORMAL] (ID : 1) - /my_space
[22:08:04] [GET] [NORMAL] (ID : 1) - /my_space
[22:08:26] [GET] [NORMAL] (ID : 1) - /my_space
[22:08:36] [GET] [NORMAL] (ID : 1) - /my_space
[22:08:40] [GET] [NORMAL] (ID : 1) - /my_space
[22:08:56] [GET] [NORMAL] (ID : 1) - /my_space
[22:09:23] [GET] [NORMAL] (ID : 1) - /my_space
[22:09:41] [GET] [NORMAL] (ID : 1) - /my_space
[22:10:28] [GET] [NORMAL] (ID : 1) - /my_space
[22:11:06] [GET] [NORMAL] (ID : 1) - /my_space
[22:11:42] [GET] [NORMAL] (ID : 1) - /my_space
[22:11:53] [GET] [NORMAL] (ID : 1) - /my_space
[22:12:09] [GET] [NORMAL] (ID : 1) - /my_space
[22:12:19] [GET] [NORMAL] (ID : 1) - /my_space
[22:12:33] [GET] [NORMAL] (ID : 1) - /my_space
[22:12:45] [GET] [NORMAL] (ID : 1) - /my_space
[22:15:33] [GET] [NORMAL] (ID : 1) - /my_space
[22:16:57] [GET] [NORMAL] (ID : 1) - /my_space
[22:17:22] [GET] [NORMAL] (ID : 1) - /my_space
[22:17:57] [GET] [NORMAL] (ID : 1) - /my_space
[22:18:28] [GET] [NORMAL] (ID : 1) - /my_space
[22:18:45] [GET] [NORMAL] (ID : 1) - /my_space
[22:18:54] [GET] [NORMAL] (ID : 1) - /my_space
[22:19:04] [GET] [NORMAL] (ID : 1) - /my_space
[22:19:30] [GET] [NORMAL] (ID : 1) - /my_space
[22:21:09] [GET] [NORMAL] (ID : 1) - /my_space
[22:22:25] [GET] [NORMAL] (ID : 1) - /my_space
[22:22:34] [GET] [NORMAL] (ID : 1) - /my_space
[22:22:48] [GET] [NORMAL] (ID : 1) - /my_space
[22:23:12] [GET] [NORMAL] (ID : 1) - /my_space
[22:23:39] [GET] [NORMAL] (ID : 1) - /my_space
[22:23:52] [GET] [NORMAL] (ID : 1) - /my_space
[22:24:00] [GET] [NORMAL] (ID : 1) - /my_space
[22:24:07] [GET] [NORMAL] (ID : 1) - /my_space
[22:24:13] [GET] [NORMAL] (ID : 1) - /my_space
[22:24:25] [GET] [NORMAL] (ID : 1) - /my_space
[22:24:35] [GET] [NORMAL] (ID : 1) - /my_space
[22:24:41] [GET] [NORMAL] (ID : 1) - /my_space
[22:24:57] [GET] [NORMAL] (ID : 1) - /my_space
[22:25:08] [GET] [NORMAL] (ID : 1) - /my_space
[22:25:21] [GET] [NORMAL] (ID : 1) - /my_space
[22:25:29] [GET] [NORMAL] (ID : 1) - /my_space
[22:25:50] [GET] [NORMAL] (ID : 1) - /my_space
[22:26:02] [GET] [NORMAL] (ID : 1) - /my_space
[22:26:16] [GET] [NORMAL] (ID : 1) - /my_space
[22:28:16] [GET] [NORMAL] (ID : 1) - /my_space
[22:28:34] [GET] [NORMAL] (ID : 1) - /my_space
[22:29:00] [GET] [NORMAL] (ID : 1) - /my_space
[22:29:07] [GET] [NORMAL] (ID : 1) - /my_space
[22:29:47] [GET] [NORMAL] (ID : 1) - /my_space
[22:29:53] [GET] [NORMAL] (ID : 1) - /my_space
[22:30:11] [GET] [NORMAL] (ID : 1) - /my_space
[22:30:19] [GET] [NORMAL] (ID : 1) - /my_space
[22:30:26] [GET] [NORMAL] (ID : 1) - /my_space
[22:30:29] [GET] [NORMAL] (ID : 1) - /my_space
[22:30:48] [GET] [NORMAL] (ID : 1) - /my_space
[22:32:15] [GET] [NORMAL] (ID : 1) - /my_space
[22:32:22] [GET] [NORMAL] (ID : 1) - /my_space
[22:32:26] [GET] [NORMAL] (ID : 1) - /my_space
[22:32:32] [GET] [NORMAL] (ID : 1) - /my_space
[22:32:36] [GET] [NORMAL] (ID : 1) - /my_space
[22:32:40] [GET] [NORMAL] (ID : 1) - /my_space
[22:32:45] [GET] [NORMAL] (ID : 1) - /my_space
[22:32:48] [GET] [NORMAL] (ID : 1) - /my_space
[22:33:03] [GET] [NORMAL] (ID : 1) - /my_space
[22:33:38] [GET] [NORMAL] (ID : 1) - /my_space
[22:34:00] [GET] [NORMAL] (ID : 1) - /my_space
[22:34:06] [GET] [NORMAL] (ID : 1) - /my_space
[22:34:11] [GET] [NORMAL] (ID : 1) - /my_space
[22:34:15] [GET] [NORMAL] (ID : 1) - /my_space
[22:34:19] [GET] [NORMAL] (ID : 1) - /my_space
[22:34:26] [GET] [NORMAL] (ID : 1) - /my_space
[22:34:30] [GET] [NORMAL] (ID : 1) - /my_space
[22:34:35] [GET] [NORMAL] (ID : 1) - /my_space
[22:34:39] [GET] [NORMAL] (ID : 1) - /my_space
[22:34:43] [GET] [NORMAL] (ID : 1) - /my_space
[22:34:49] [GET] [NORMAL] (ID : 1) - /my_space
[22:35:01] [GET] [NORMAL] (ID : 1) - /my_space
[22:35:05] [GET] [NORMAL] (ID : 1) - /my_space
[22:35:10] [GET] [NORMAL] (ID : 1) - /my_space
[22:35:13] [GET] [NORMAL] (ID : 1) - /my_space
[22:35:18] [GET] [NORMAL] (ID : 1) - /my_space
[22:35:23] [GET] [NORMAL] (ID : 1) - /my_space
[22:35:29] [GET] [NORMAL] (ID : 1) - /my_space
[22:35:33] [GET] [NORMAL] (ID : 1) - /my_space
[22:35:41] [GET] [NORMAL] (ID : 1) - /my_space
[22:35:45] [GET] [NORMAL] (ID : 1) - /my_space
[22:36:45] [GET] [NORMAL] (ID : 1) - /my_space
[22:36:52] [GET] [NORMAL] (ID : 1) - /my_space
[22:37:17] [GET] [NORMAL] (ID : 1) - /my_space
[22:37:23] [GET] [NORMAL] (ID : 1) - /my_space
[22:37:45] [GET] [NORMAL] (ID : 1) - /my_space
[22:37:51] [GET] [NORMAL] (ID : 1) - /my_space
[22:38:07] [GET] [NORMAL] (ID : 1) - /my_space
[22:38:23] [GET] [NORMAL] (ID : 1) - /my_space
