[11:34:26] [GET] [NORMAL] (ID : 1) - /
[11:34:26] [GET] [NORMAL] (ID : 1) - /home
[11:34:33] [GET] [NORMAL] (ID : 1) - /my_space
[11:34:38] [GET] [NORMAL] (ID : 1) - /praise_list
[11:34:45] [GET] [NORMAL] (ID : 1) - /setting
[11:34:58] [GET] [NORMAL] (ID : 1) - /notification
[11:35:25] [GET] [NORMAL] (ID : 1) - /notification
[11:35:35] [GET] [NORMAL] (ID : 1) - /user_space/April
[11:35:41] [GET] [NORMAL] (ID : 1) - /friend
[11:35:48] [GET] [NORMAL] (ID : 1) - /user_space/AprilQM
[12:00:26] [GET] [NORMAL] (ID : 1) - /setting
[12:00:33] [GET] [NORMAL] (ID : 1) - /my_space
[12:00:56] [GET] [NORMAL] (ID : 1) - /notification
[12:02:33] [GET] [NORMAL] (ID : 1) - /setting
[12:02:34] [GET] [NORMAL] (ID : 0) - /home
[12:02:37] [GET] [NORMAL] (ID : 0) - /my_space
[12:02:37] [GET] [NORMAL] (ID : 0) - /auth
[12:02:45] [GET] [NORMAL] (ID : 5) - /my_space
[12:02:48] [GET] [NORMAL] (ID : 5) - /notification
[12:03:02] [GET] [NORMAL] (ID : 5) - /user_space/AprilQM
[12:13:09] [GET] [NORMAL] (ID : 5) - /
[12:13:09] [GET] [NORMAL] (ID : 5) - /home
[12:13:13] [GET] [NORMAL] (ID : 5) - /my_space
[12:13:21] [GET] [NORMAL] (ID : 5) - /praise_list
[12:13:23] [GET] [NORMAL] (ID : 5) - /user_space/AprilQM
[12:13:34] [GET] [NORMAL] (ID : 5) - /notification
[12:13:58] [GET] [NORMAL] (ID : 5) - /notification
[12:14:41] [GET] [NORMAL] (ID : 5) - /notification
[12:14:55] [GET] [NORMAL] (ID : 5) - /notification
[12:15:10] [GET] [NORMAL] (ID : 5) - /my_space
[12:15:26] [GET] [NORMAL] (ID : 5) - /setting
[12:15:29] [GET] [NORMAL] (ID : 5) - /my_space
[12:15:31] [GET] [NORMAL] (ID : 0) - /home
[12:15:34] [GET] [NORMAL] (ID : 0) - /my_space
[12:15:34] [GET] [NORMAL] (ID : 0) - /auth
[12:15:40] [GET] [NORMAL] (ID : 1) - /my_space
[12:15:42] [GET] [NORMAL] (ID : 1) - /notification
[12:17:08] [GET] [NORMAL] (ID : 1) - /notification
[12:17:19] [GET] [NORMAL] (ID : 1) - /notification
[12:17:21] [GET] [NORMAL] (ID : 5) - /my_space
[12:17:23] [GET] [NORMAL] (ID : 5) - /praise_list
[12:17:26] [GET] [NORMAL] (ID : 5) - /user_space/AprilQM
[12:17:29] [GET] [NORMAL] (ID : 1) - /praise_list
[12:17:32] [GET] [NORMAL] (ID : 1) - /user_space/April
[12:17:35] [GET] [NORMAL] (ID : 1) - /notification
[12:18:33] [GET] [NORMAL] (ID : 1) - /notification
[12:18:35] [GET] [NORMAL] (ID : 5) - /user_space/AprilQM
[12:18:38] [GET] [NORMAL] (ID : 1) - /praise_list
[12:18:41] [GET] [NORMAL] (ID : 1) - /notification
[12:19:40] [GET] [NORMAL] (ID : 5) - /user_space/AprilQM
[12:19:44] [GET] [NORMAL] (ID : 1) - /praise_list
[12:19:47] [GET] [NORMAL] (ID : 1) - /notification
[12:20:38] [GET] [NORMAL] (ID : 1) - /friend_request
[12:20:43] [GET] [NORMAL] (ID : 5) - /friend
[12:20:47] [GET] [NORMAL] (ID : 5) - /notification
[12:20:49] [GET] [NORMAL] (ID : 1) - /friend_request
[12:21:00] [GET] [NORMAL] (ID : 1) - /friend_request
[12:21:05] [GET] [NORMAL] (ID : 5) - /friend
[12:21:52] [GET] [NORMAL] (ID : 1) - /test
[12:22:39] [GET] [NORMAL] (ID : 1) - /test
[12:22:39] [GET] [NORMAL] (ID : 1) - /favicon.ico
[12:22:41] [GET] [NORMAL] (ID : 5) - /friend
[12:23:07] [GET] [NORMAL] (ID : 1) - /test
[12:24:18] [GET] [NORMAL] (ID : 1) - /test
[12:44:54] [GET] [NORMAL] (ID : 1) - /test
[12:45:01] [GET] [NORMAL] (ID : 5) - /friend
[12:45:08] [GET] [NORMAL] (ID : 5) - /notification
[12:46:43] [GET] [NORMAL] (ID : 1) - /test
[12:46:50] [GET] [NORMAL] (ID : 5) - /notification
[12:46:55] [GET] [NORMAL] (ID : 1) - /friend_request
[12:47:03] [GET] [NORMAL] (ID : 1) - /friend_request
[12:47:07] [GET] [NORMAL] (ID : 5) - /friend
[12:47:08] [GET] [NORMAL] (ID : 5) - /friend
[12:47:22] [GET] [NORMAL] (ID : 1) - /friend_request
[12:47:46] [GET] [NORMAL] (ID : 1) - /friend_request
[12:47:57] [GET] [NORMAL] (ID : 1) - /friend_request
[12:48:01] [GET] [NORMAL] (ID : 5) - /friend
[12:48:18] [GET] [NORMAL] (ID : 5) - /notification
[12:48:26] [GET] [NORMAL] (ID : 1) - /test
[12:49:00] [GET] [NORMAL] (ID : 1) - /test
[12:49:19] [GET] [NORMAL] (ID : 1) - /test
[12:49:28] [GET] [NORMAL] (ID : 5) - /friend
[12:49:39] [GET] [NORMAL] (ID : 1) - /friend_request
[12:49:44] [GET] [NORMAL] (ID : 5) - /friend
[12:50:00] [GET] [NORMAL] (ID : 1) - /test
[12:50:02] [GET] [NORMAL] (ID : 5) - /notification
[12:50:12] [GET] [NORMAL] (ID : 1) - /friend_request
[12:50:14] [GET] [NORMAL] (ID : 1) - /friend
[12:53:03] [GET] [NORMAL] (ID : 1) - /friend
[12:53:08] [GET] [NORMAL] (ID : 1) - /friend
[12:53:14] [GET] [NORMAL] (ID : 1) - /friend_request
[12:53:23] [GET] [NORMAL] (ID : 1) - /friend_request
[12:53:27] [GET] [NORMAL] (ID : 5) - /friend
[12:53:31] [GET] [NORMAL] (ID : 5) - /notification
[12:53:36] [GET] [NORMAL] (ID : 1) - /test
[12:53:52] [GET] [NORMAL] (ID : 1) - /friend_request
[12:53:56] [GET] [NORMAL] (ID : 1) - /friend
[12:54:33] [GET] [NORMAL] (ID : 1) - /test
[12:54:38] [GET] [NORMAL] (ID : 1) - /friend
[12:55:03] [GET] [NORMAL] (ID : 1) - /test
