[07:39:01] [GET] [NORMAL] (ID : 0) - /
[07:39:01] [GET] [NORMAL] (ID : 0) - /home
[07:39:04] [GET] [NORMAL] (ID : 0) - /my_space
[07:39:04] [GET] [NORMAL] (ID : 0) - /auth
[07:39:13] [GET] [NORMAL] (ID : 1) - /my_space
[07:39:16] [GET] [NORMAL] (ID : 1) - /setting
[07:39:23] [GET] [NORMAL] (ID : 0) - /
[07:39:23] [GET] [NORMAL] (ID : 0) - /home
[07:39:31] [GET] [NORMAL] (ID : 0) - /my_space
[07:39:31] [GET] [NORMAL] (ID : 0) - /auth
[07:39:32] [GET] [NORMAL] (ID : 1) - /change_name
[07:39:35] [GET] [NORMAL] (ID : 1) - /setting
[07:39:40] [GET] [NORMAL] (ID : 4) - /my_space
[07:39:49] [GET] [NORMAL] (ID : 4) - /setting
[07:39:50] [GET] [NORMAL] (ID : 1) - /user_space/feiherui
[07:40:07] [GET] [NORMAL] (ID : 4) - /change_password
[07:40:12] [GET] [NORMAL] (ID : 4) - /setting
[07:40:59] [GET] [NORMAL] (ID : 4) - /my_space
[07:41:36] [GET] [NORMAL] (ID : 4) - /setting
[07:41:46] [GET] [NORMAL] (ID : 4) - /setting
[07:42:40] [GET] [NORMAL] (ID : 4) - /home
[07:42:43] [GET] [NORMAL] (ID : 4) - /cloud
[07:42:46] [GET] [NORMAL] (ID : 4) - /project
[07:42:52] [GET] [NORMAL] (ID : 1) - /user_space/feiherui
[07:42:54] [GET] [NORMAL] (ID : 4) - /forum
[07:42:57] [GET] [NORMAL] (ID : 4) - /notification
[07:43:00] [GET] [NORMAL] (ID : 4) - /setting
[07:43:09] [GET] [NORMAL] (ID : 4) - /my_space
[07:44:16] [GET] [NORMAL] (ID : 4) - /setting
[07:44:19] [GET] [NORMAL] (ID : 1) - /user_space/feiherui
[07:44:27] [GET] [NORMAL] (ID : 4) - /my_space
[07:44:34] [GET] [NORMAL] (ID : 1) - /my_space
[07:44:40] [GET] [NORMAL] (ID : 1) - /setting
[07:44:49] [GET] [NORMAL] (ID : 4) - /user_space/AprilQM
[07:44:55] [GET] [NORMAL] (ID : 4) - /my_space
[07:45:00] [GET] [NORMAL] (ID : 4) - /user_space/AprilQM
[07:45:17] [GET] [NORMAL] (ID : 4) - /setting
[07:45:56] [GET] [NORMAL] (ID : 4) - /user_space/AprilQM
[07:46:02] [GET] [NORMAL] (ID : 4) - /user_space/AprilQM
[07:46:19] [GET] [NORMAL] (ID : 4) - /user_space/AprilQM
[07:47:01] [GET] [NORMAL] (ID : 4) - /user_space/yueyan
[07:47:17] [GET] [NORMAL] (ID : 1) - /my_space
[07:47:31] [GET] [NORMAL] (ID : 4) - /my_space
[07:47:42] [GET] [NORMAL] (ID : 1) - /setting
[07:47:45] [GET] [NORMAL] (ID : 0) - /
[07:47:45] [GET] [NORMAL] (ID : 0) - /home
[07:47:49] [GET] [NORMAL] (ID : 0) - /my_space
[07:47:49] [GET] [NORMAL] (ID : 0) - /auth
[07:47:55] [GET] [NORMAL] (ID : 0) - /forget_password
[07:47:58] [GET] [NORMAL] (ID : 0) - /home
[07:48:01] [GET] [NORMAL] (ID : 0) - /my_space
[07:48:01] [GET] [NORMAL] (ID : 0) - /auth
[07:48:29] [GET] [NORMAL] (ID : 1) - /1891351
[07:48:39] [GET] [NORMAL] (ID : 3) - /my_space
[07:49:06] [GET] [NORMAL] (ID : 3) - /user_space
[07:49:23] [GET] [NORMAL] (ID : 1) - /my_space
[07:49:24] [GET] [NORMAL] (ID : 3) - /user_space/AprilQM
[07:49:26] [GET] [NORMAL] (ID : 1) - /setting
[07:49:28] [GET] [NORMAL] (ID : 0) - /auth
[07:49:30] [GET] [NORMAL] (ID : 3) - /user_space/AprilQM
[07:49:39] [GET] [NORMAL] (ID : 1) - /my_space
[07:49:44] [GET] [NORMAL] (ID : 1) - /setting
[07:49:44] [GET] [NORMAL] (ID : 0) - /auth
[07:51:14] [GET] [NORMAL] (ID : 1) - /test
[07:51:14] [GET] [NORMAL] (ID : 1) - /favicon.ico
[07:51:15] [GET] [NORMAL] (ID : 3) - /home
[07:51:18] [GET] [NORMAL] (ID : 0) - /auth
[07:51:28] [GET] [NORMAL] (ID : 3) - /user_space/AprilQM
[07:51:29] [GET] [NORMAL] (ID : 0) - /auth
[07:51:31] [GET] [NORMAL] (ID : 1) - /test
[07:51:32] [GET] [NORMAL] (ID : 3) - /home
[07:51:40] [GET] [NORMAL] (ID : 1) - /test
[07:51:48] [GET] [NORMAL] (ID : 0) - /auth
[07:52:17] [GET] [NORMAL] (ID : 1) - /my_space
[07:52:22] [GET] [NORMAL] (ID : 0) - /auth
[07:52:46] [GET] [NORMAL] (ID : 0) - /auth
[07:52:56] [GET] [NORMAL] (ID : 0) - /auth
[07:53:14] [GET] [NORMAL] (ID : 0) - /my_space
[07:53:14] [GET] [NORMAL] (ID : 0) - /auth
[07:53:15] [GET] [NORMAL] (ID : 1) - /my_space
[07:53:23] [GET] [NORMAL] (ID : 4) - /my_space
[07:53:34] [GET] [NORMAL] (ID : 1) - /setting
[07:54:11] [GET] [NORMAL] (ID : 4) - /my_space
[07:54:23] [GET] [NORMAL] (ID : 1) - /change_password
[07:54:27] [GET] [NORMAL] (ID : 1) - /setting
[07:54:32] [GET] [NORMAL] (ID : 1) - /my_space
[07:54:52] [GET] [NORMAL] (ID : 4) - /setting
[07:56:23] [GET] [NORMAL] (ID : 0) - /setting
[07:56:23] [GET] [NORMAL] (ID : 0) - /auth
[07:56:25] [GET] [NORMAL] (ID : 0) - /my_space
[07:56:25] [GET] [NORMAL] (ID : 0) - /auth
[07:56:31] [GET] [NORMAL] (ID : 4) - /my_space
[07:56:51] [GET] [NORMAL] (ID : 4) - /admin
[07:58:02] [GET] [NORMAL] (ID : 1) - /setting
[07:58:45] [GET] [NORMAL] (ID : 1) - /my_space
[07:58:59] [GET] [NORMAL] (ID : 1) - /user_space/August13
[07:59:34] [GET] [NORMAL] (ID : 1) - /user_space/August13
[07:59:42] [GET] [NORMAL] (ID : 1) - /my_space
[08:01:40] [GET] [NORMAL] (ID : 0) - /my_space
[08:01:40] [GET] [NORMAL] (ID : 0) - /auth
[08:01:52] [POST] [API] (ID : 0) - /api/login
[08:01:53] [GET] [NORMAL] (ID : 4) - /my_space
[08:01:53] [GET] [API] (ID : 4) - /api/get_user_avatar_small/feiherui
[08:01:53] [GET] [API] (ID : 4) - /api/get_user_background/feiherui
[08:01:53] [GET] [API] (ID : 4) - /api/get_user_avatar/feiherui
[08:02:05] [GET] [NORMAL] (ID : 4) - /my_space
[08:02:06] [GET] [API] (ID : 4) - /api/get_user_avatar_small/feiherui
[08:02:06] [GET] [API] (ID : 4) - /api/get_user_background/feiherui
[08:02:06] [GET] [API] (ID : 4) - /api/get_user_avatar/feiherui
[08:02:07] [GET] [NORMAL] (ID : 4) - /my_space
[08:02:07] [GET] [API] (ID : 4) - /api/get_user_avatar_small/feiherui
[08:02:07] [GET] [API] (ID : 4) - /api/get_user_background/feiherui
[08:02:07] [GET] [API] (ID : 4) - /api/get_user_avatar/feiherui
[08:02:08] [GET] [NORMAL] (ID : 4) - /my_space
[08:02:08] [GET] [API] (ID : 4) - /api/get_user_background/feiherui
[08:02:08] [GET] [API] (ID : 4) - /api/get_user_avatar_small/feiherui
[08:02:08] [GET] [API] (ID : 4) - /api/get_user_avatar/feiherui
[08:02:08] [GET] [NORMAL] (ID : 4) - /my_space
[08:02:08] [GET] [API] (ID : 4) - /api/get_user_avatar_small/feiherui
[08:02:08] [GET] [API] (ID : 4) - /api/get_user_background/feiherui
[08:02:08] [GET] [API] (ID : 4) - /api/get_user_avatar/feiherui
[08:02:08] [GET] [NORMAL] (ID : 4) - /my_space
[08:02:08] [GET] [API] (ID : 4) - /api/get_user_avatar_small/feiherui
[08:02:08] [GET] [API] (ID : 4) - /api/get_user_background/feiherui
[08:02:08] [GET] [API] (ID : 4) - /api/get_user_avatar/feiherui
[08:02:08] [GET] [NORMAL] (ID : 4) - /my_space
[08:02:09] [GET] [API] (ID : 4) - /api/get_user_avatar_small/feiherui
[08:02:09] [GET] [API] (ID : 4) - /api/get_user_background/feiherui
[08:02:09] [GET] [API] (ID : 4) - /api/get_user_avatar/feiherui
[08:02:09] [GET] [NORMAL] (ID : 4) - /my_space
[08:02:09] [GET] [API] (ID : 4) - /api/get_user_background/feiherui
[08:02:09] [GET] [API] (ID : 4) - /api/get_user_avatar_small/feiherui
[08:02:09] [GET] [API] (ID : 4) - /api/get_user_avatar/feiherui
[08:02:09] [GET] [NORMAL] (ID : 4) - /my_space
[08:02:09] [GET] [API] (ID : 4) - /api/get_user_avatar_small/feiherui
[08:02:09] [GET] [API] (ID : 4) - /api/get_user_background/feiherui
[08:02:09] [GET] [API] (ID : 4) - /api/get_user_avatar/feiherui
[08:02:09] [GET] [NORMAL] (ID : 4) - /my_space
[08:02:09] [GET] [API] (ID : 4) - /api/get_user_avatar_small/feiherui
[08:02:09] [GET] [API] (ID : 4) - /api/get_user_background/feiherui
[08:02:09] [GET] [API] (ID : 4) - /api/get_user_avatar/feiherui
[08:02:09] [GET] [NORMAL] (ID : 4) - /my_space
[08:02:09] [GET] [API] (ID : 4) - /api/get_user_avatar_small/feiherui
[08:02:09] [GET] [API] (ID : 4) - /api/get_user_background/feiherui
[08:02:09] [GET] [API] (ID : 4) - /api/get_user_avatar/feiherui
[08:02:09] [GET] [NORMAL] (ID : 4) - /my_space
[08:02:10] [GET] [API] (ID : 4) - /api/get_user_avatar_small/feiherui
[08:02:10] [GET] [API] (ID : 4) - /api/get_user_background/feiherui
[08:02:10] [GET] [API] (ID : 4) - /api/get_user_avatar/feiherui
[08:02:10] [GET] [NORMAL] (ID : 4) - /my_space
[08:02:10] [GET] [API] (ID : 4) - /api/get_user_avatar_small/feiherui
[08:02:10] [GET] [API] (ID : 4) - /api/get_user_background/feiherui
[08:02:10] [GET] [API] (ID : 4) - /api/get_user_avatar/feiherui
[08:02:10] [GET] [NORMAL] (ID : 4) - /my_space
[08:02:10] [GET] [API] (ID : 4) - /api/get_user_avatar_small/feiherui
[08:02:10] [GET] [API] (ID : 4) - /api/get_user_background/feiherui
[08:02:10] [GET] [API] (ID : 4) - /api/get_user_avatar/feiherui
[08:02:10] [GET] [NORMAL] (ID : 4) - /my_space
[08:02:10] [GET] [API] (ID : 4) - /api/get_user_avatar_small/feiherui
[08:02:10] [GET] [API] (ID : 4) - /api/get_user_background/feiherui
[08:02:10] [GET] [API] (ID : 4) - /api/get_user_avatar/feiherui
[08:02:10] [GET] [NORMAL] (ID : 4) - /my_space
[08:02:10] [GET] [API] (ID : 4) - /api/get_user_avatar_small/feiherui
[08:02:10] [GET] [API] (ID : 4) - /api/get_user_background/feiherui
[08:02:10] [GET] [API] (ID : 4) - /api/get_user_avatar/feiherui
[08:02:10] [GET] [NORMAL] (ID : 4) - /my_space
[08:02:11] [GET] [API] (ID : 4) - /api/get_user_avatar_small/feiherui
[08:02:11] [GET] [API] (ID : 4) - /api/get_user_background/feiherui
[08:02:11] [GET] [API] (ID : 4) - /api/get_user_avatar/feiherui
[08:02:11] [GET] [NORMAL] (ID : 4) - /my_space
[08:02:11] [GET] [API] (ID : 4) - /api/get_user_avatar_small/feiherui
[08:02:11] [GET] [API] (ID : 4) - /api/get_user_background/feiherui
[08:02:11] [GET] [API] (ID : 4) - /api/get_user_avatar/feiherui
[08:02:11] [GET] [NORMAL] (ID : 4) - /my_space
[08:02:11] [GET] [API] (ID : 4) - /api/get_user_avatar_small/feiherui
[08:02:11] [GET] [API] (ID : 4) - /api/get_user_background/feiherui
[08:02:11] [GET] [API] (ID : 4) - /api/get_user_avatar/feiherui
[08:02:11] [GET] [NORMAL] (ID : 4) - /my_space
[08:02:11] [GET] [API] (ID : 4) - /api/get_user_avatar_small/feiherui
[08:02:11] [GET] [API] (ID : 4) - /api/get_user_background/feiherui
[08:02:11] [GET] [API] (ID : 4) - /api/get_user_avatar/feiherui
[08:02:11] [GET] [NORMAL] (ID : 4) - /my_space
[08:02:11] [GET] [API] (ID : 4) - /api/get_user_avatar_small/feiherui
[08:02:11] [GET] [API] (ID : 4) - /api/get_user_background/feiherui
[08:02:11] [GET] [API] (ID : 4) - /api/get_user_avatar/feiherui
[08:02:11] [GET] [NORMAL] (ID : 4) - /my_space
[08:02:12] [GET] [API] (ID : 4) - /api/get_user_background/feiherui
[08:02:12] [GET] [API] (ID : 4) - /api/get_user_avatar_small/feiherui
[08:02:12] [GET] [API] (ID : 4) - /api/get_user_avatar/feiherui
[08:02:12] [GET] [NORMAL] (ID : 4) - /my_space
[08:02:12] [GET] [API] (ID : 4) - /api/get_user_avatar_small/feiherui
[08:02:12] [GET] [API] (ID : 4) - /api/get_user_avatar/feiherui
[08:02:12] [GET] [API] (ID : 4) - /api/get_user_background/feiherui
[08:02:12] [GET] [NORMAL] (ID : 4) - /my_space
[08:02:12] [GET] [API] (ID : 4) - /api/get_user_background/feiherui
[08:02:12] [GET] [API] (ID : 4) - /api/get_user_avatar_small/feiherui
[08:02:12] [GET] [API] (ID : 4) - /api/get_user_avatar/feiherui
[08:02:12] [GET] [NORMAL] (ID : 4) - /my_space
[08:02:12] [GET] [API] (ID : 4) - /api/get_user_background/feiherui
[08:02:12] [GET] [API] (ID : 4) - /api/get_user_avatar_small/feiherui
[08:02:12] [GET] [API] (ID : 4) - /api/get_user_avatar/feiherui
[08:02:12] [GET] [NORMAL] (ID : 4) - /my_space
[08:02:12] [GET] [API] (ID : 4) - /api/get_user_background/feiherui
[08:02:12] [GET] [API] (ID : 4) - /api/get_user_avatar_small/feiherui
[08:02:12] [GET] [API] (ID : 4) - /api/get_user_avatar/feiherui
[08:02:12] [GET] [NORMAL] (ID : 4) - /my_space
[08:02:12] [GET] [API] (ID : 4) - /api/get_user_avatar_small/feiherui
[08:02:13] [GET] [API] (ID : 4) - /api/get_user_background/feiherui
[08:02:13] [GET] [API] (ID : 4) - /api/get_user_avatar/feiherui
[08:02:13] [GET] [NORMAL] (ID : 4) - /my_space
[08:02:13] [GET] [API] (ID : 4) - /api/get_user_avatar_small/feiherui
[08:02:13] [GET] [API] (ID : 4) - /api/get_user_avatar/feiherui
[08:02:13] [GET] [API] (ID : 4) - /api/get_user_background/feiherui
[08:02:13] [GET] [NORMAL] (ID : 4) - /my_space
[08:02:13] [GET] [API] (ID : 4) - /api/get_user_avatar_small/feiherui
[08:02:13] [GET] [API] (ID : 4) - /api/get_user_avatar/feiherui
[08:02:13] [GET] [API] (ID : 4) - /api/get_user_background/feiherui
[08:02:13] [GET] [NORMAL] (ID : 4) - /my_space
[08:02:13] [GET] [API] (ID : 4) - /api/get_user_avatar_small/feiherui
[08:02:13] [GET] [API] (ID : 4) - /api/get_user_avatar/feiherui
[08:02:13] [GET] [API] (ID : 4) - /api/get_user_background/feiherui
[08:02:13] [GET] [NORMAL] (ID : 4) - /my_space
[08:02:13] [GET] [API] (ID : 4) - /api/get_user_avatar_small/feiherui
[08:02:13] [GET] [API] (ID : 4) - /api/get_user_background/feiherui
[08:02:13] [GET] [API] (ID : 4) - /api/get_user_avatar/feiherui
[08:02:13] [GET] [NORMAL] (ID : 4) - /my_space
[08:02:14] [GET] [API] (ID : 4) - /api/get_user_avatar_small/feiherui
[08:02:14] [GET] [API] (ID : 4) - /api/get_user_background/feiherui
[08:02:14] [GET] [API] (ID : 4) - /api/get_user_avatar/feiherui
[08:02:14] [GET] [NORMAL] (ID : 4) - /my_space
[08:02:14] [GET] [API] (ID : 4) - /api/get_user_avatar_small/feiherui
[08:02:14] [GET] [API] (ID : 4) - /api/get_user_background/feiherui
[08:02:14] [GET] [API] (ID : 4) - /api/get_user_avatar/feiherui
[08:02:15] [GET] [NORMAL] (ID : 4) - /my_space
[08:02:15] [GET] [API] (ID : 4) - /api/get_user_avatar_small/feiherui
[08:02:15] [GET] [API] (ID : 4) - /api/get_user_avatar/feiherui
[08:02:15] [GET] [API] (ID : 4) - /api/get_user_background/feiherui
[08:02:15] [GET] [NORMAL] (ID : 4) - /my_space
[08:02:15] [GET] [API] (ID : 4) - /api/get_user_background/feiherui
[08:02:15] [GET] [API] (ID : 4) - /api/get_user_avatar_small/feiherui
[08:02:15] [GET] [API] (ID : 4) - /api/get_user_avatar/feiherui
[08:02:15] [GET] [NORMAL] (ID : 4) - /my_space
[08:02:15] [GET] [API] (ID : 4) - /api/get_user_avatar_small/feiherui
[08:02:15] [GET] [API] (ID : 4) - /api/get_user_background/feiherui
[08:02:15] [GET] [API] (ID : 4) - /api/get_user_avatar/feiherui
[08:02:16] [GET] [NORMAL] (ID : 4) - /my_space
[08:02:16] [GET] [API] (ID : 4) - /api/get_user_avatar_small/feiherui
[08:02:16] [GET] [API] (ID : 4) - /api/get_user_background/feiherui
[08:02:16] [GET] [API] (ID : 4) - /api/get_user_avatar/feiherui
[08:02:16] [GET] [NORMAL] (ID : 4) - /my_space
[08:02:16] [GET] [API] (ID : 4) - /api/get_user_avatar_small/feiherui
[08:02:16] [GET] [API] (ID : 4) - /api/get_user_background/feiherui
[08:02:16] [GET] [API] (ID : 4) - /api/get_user_avatar/feiherui
[08:02:16] [GET] [NORMAL] (ID : 4) - /my_space
[08:02:16] [GET] [API] (ID : 4) - /api/get_user_avatar_small/feiherui
[08:02:16] [GET] [API] (ID : 4) - /api/get_user_background/feiherui
[08:02:16] [GET] [API] (ID : 4) - /api/get_user_avatar/feiherui
[08:02:16] [GET] [NORMAL] (ID : 4) - /my_space
[08:02:16] [GET] [API] (ID : 4) - /api/get_user_avatar_small/feiherui
[08:02:16] [GET] [API] (ID : 4) - /api/get_user_background/feiherui
[08:02:16] [GET] [API] (ID : 4) - /api/get_user_avatar/feiherui
[08:02:17] [GET] [NORMAL] (ID : 4) - /my_space
[08:02:17] [GET] [API] (ID : 4) - /api/get_user_avatar_small/feiherui
[08:02:17] [GET] [API] (ID : 4) - /api/get_user_background/feiherui
[08:02:17] [GET] [API] (ID : 4) - /api/get_user_avatar/feiherui
[08:02:17] [GET] [NORMAL] (ID : 4) - /my_space
[08:02:17] [GET] [API] (ID : 4) - /api/get_user_avatar_small/feiherui
[08:02:17] [GET] [API] (ID : 4) - /api/get_user_avatar/feiherui
[08:02:17] [GET] [API] (ID : 4) - /api/get_user_background/feiherui
[08:02:17] [GET] [NORMAL] (ID : 4) - /my_space
[08:02:17] [GET] [API] (ID : 4) - /api/get_user_avatar_small/feiherui
[08:02:17] [GET] [API] (ID : 4) - /api/get_user_avatar/feiherui
[08:02:17] [GET] [API] (ID : 4) - /api/get_user_background/feiherui
[08:02:21] [GET] [NORMAL] (ID : 4) - /my_space
[08:02:21] [GET] [API] (ID : 4) - /api/get_user_avatar_small/feiherui
[08:02:21] [GET] [API] (ID : 4) - /api/get_user_avatar/feiherui
[08:02:21] [GET] [API] (ID : 4) - /api/get_user_background/feiherui
[08:02:21] [GET] [NORMAL] (ID : 4) - /my_space
[08:02:21] [GET] [API] (ID : 4) - /api/get_user_avatar_small/feiherui
[08:02:21] [GET] [API] (ID : 4) - /api/get_user_avatar/feiherui
[08:02:21] [GET] [API] (ID : 4) - /api/get_user_background/feiherui
[08:02:21] [GET] [NORMAL] (ID : 4) - /my_space
[08:02:21] [GET] [API] (ID : 4) - /api/get_user_avatar_small/feiherui
[08:02:21] [GET] [API] (ID : 4) - /api/get_user_background/feiherui
[08:02:21] [GET] [API] (ID : 4) - /api/get_user_avatar/feiherui
[08:02:21] [GET] [NORMAL] (ID : 4) - /my_space
[08:02:21] [GET] [API] (ID : 4) - /api/get_user_avatar_small/feiherui
[08:02:21] [GET] [API] (ID : 4) - /api/get_user_background/feiherui
[08:02:22] [GET] [API] (ID : 4) - /api/get_user_avatar/feiherui
[08:02:22] [GET] [NORMAL] (ID : 4) - /my_space
[08:02:22] [GET] [API] (ID : 4) - /api/get_user_background/feiherui
[08:02:22] [GET] [API] (ID : 4) - /api/get_user_avatar_small/feiherui
[08:02:22] [GET] [API] (ID : 4) - /api/get_user_avatar/feiherui
[08:02:22] [GET] [NORMAL] (ID : 4) - /my_space
[08:02:22] [GET] [API] (ID : 4) - /api/get_user_avatar_small/feiherui
[08:02:22] [GET] [API] (ID : 4) - /api/get_user_background/feiherui
[08:02:22] [GET] [API] (ID : 4) - /api/get_user_avatar/feiherui
[08:02:22] [GET] [NORMAL] (ID : 4) - /my_space
[08:02:22] [GET] [API] (ID : 4) - /api/get_user_avatar_small/feiherui
[08:02:22] [GET] [API] (ID : 4) - /api/get_user_background/feiherui
[08:02:22] [GET] [API] (ID : 4) - /api/get_user_avatar/feiherui
[08:02:22] [GET] [NORMAL] (ID : 4) - /my_space
[08:02:22] [GET] [API] (ID : 4) - /api/get_user_avatar_small/feiherui
[08:02:22] [GET] [API] (ID : 4) - /api/get_user_background/feiherui
[08:02:22] [GET] [API] (ID : 4) - /api/get_user_avatar/feiherui
[08:02:22] [GET] [NORMAL] (ID : 4) - /my_space
[08:02:22] [GET] [API] (ID : 4) - /api/get_user_avatar_small/feiherui
[08:02:22] [GET] [API] (ID : 4) - /api/get_user_background/feiherui
[08:02:22] [GET] [API] (ID : 4) - /api/get_user_avatar/feiherui
[08:02:22] [GET] [NORMAL] (ID : 4) - /my_space
[08:02:23] [GET] [API] (ID : 4) - /api/get_user_avatar_small/feiherui
[08:02:23] [GET] [API] (ID : 4) - /api/get_user_avatar/feiherui
[08:02:23] [GET] [API] (ID : 4) - /api/get_user_background/feiherui
[08:02:23] [GET] [NORMAL] (ID : 4) - /my_space
[08:02:23] [GET] [API] (ID : 4) - /api/get_user_avatar_small/feiherui
[08:02:23] [GET] [API] (ID : 4) - /api/get_user_background/feiherui
[08:02:23] [GET] [API] (ID : 4) - /api/get_user_avatar/feiherui
[08:02:23] [GET] [NORMAL] (ID : 4) - /my_space
[08:02:23] [GET] [API] (ID : 4) - /api/get_user_avatar_small/feiherui
[08:02:23] [GET] [API] (ID : 4) - /api/get_user_avatar/feiherui
[08:02:23] [GET] [API] (ID : 4) - /api/get_user_background/feiherui
[08:02:23] [GET] [NORMAL] (ID : 4) - /my_space
[08:02:23] [GET] [API] (ID : 4) - /api/get_user_avatar_small/feiherui
[08:02:23] [GET] [API] (ID : 4) - /api/get_user_avatar/feiherui
[08:02:23] [GET] [API] (ID : 4) - /api/get_user_background/feiherui
[08:02:23] [GET] [NORMAL] (ID : 4) - /my_space
[08:02:23] [GET] [API] (ID : 4) - /api/get_user_avatar_small/feiherui
[08:02:23] [GET] [API] (ID : 4) - /api/get_user_avatar/feiherui
[08:02:23] [GET] [API] (ID : 4) - /api/get_user_background/feiherui
[08:02:23] [GET] [NORMAL] (ID : 4) - /my_space
[08:02:24] [GET] [API] (ID : 4) - /api/get_user_background/feiherui
[08:02:24] [GET] [API] (ID : 4) - /api/get_user_avatar_small/feiherui
[08:02:24] [GET] [API] (ID : 4) - /api/get_user_avatar/feiherui
[08:02:24] [GET] [NORMAL] (ID : 4) - /my_space
[08:02:24] [GET] [API] (ID : 4) - /api/get_user_avatar_small/feiherui
[08:02:24] [GET] [API] (ID : 4) - /api/get_user_background/feiherui
[08:02:24] [GET] [API] (ID : 4) - /api/get_user_avatar/feiherui
[08:02:24] [GET] [NORMAL] (ID : 4) - /my_space
[08:02:24] [GET] [API] (ID : 4) - /api/get_user_avatar_small/feiherui
[08:02:24] [GET] [API] (ID : 4) - /api/get_user_background/feiherui
[08:02:24] [GET] [API] (ID : 4) - /api/get_user_avatar/feiherui
[08:02:24] [GET] [NORMAL] (ID : 4) - /my_space
[08:02:24] [GET] [API] (ID : 4) - /api/get_user_avatar_small/feiherui
[08:02:24] [GET] [API] (ID : 4) - /api/get_user_background/feiherui
[08:02:24] [GET] [API] (ID : 4) - /api/get_user_avatar/feiherui
[08:02:24] [GET] [NORMAL] (ID : 4) - /my_space
[08:02:24] [GET] [API] (ID : 4) - /api/get_user_avatar_small/feiherui
[08:02:24] [GET] [API] (ID : 4) - /api/get_user_avatar/feiherui
[08:02:24] [GET] [API] (ID : 4) - /api/get_user_background/feiherui
[08:02:24] [GET] [NORMAL] (ID : 4) - /my_space
[08:02:24] [GET] [API] (ID : 4) - /api/get_user_avatar_small/feiherui
[08:02:25] [GET] [API] (ID : 4) - /api/get_user_background/feiherui
[08:02:25] [GET] [API] (ID : 4) - /api/get_user_avatar/feiherui
[08:02:25] [GET] [NORMAL] (ID : 4) - /my_space
[08:02:25] [GET] [API] (ID : 4) - /api/get_user_avatar_small/feiherui
[08:02:25] [GET] [API] (ID : 4) - /api/get_user_avatar/feiherui
[08:02:25] [GET] [API] (ID : 4) - /api/get_user_background/feiherui
[08:02:25] [GET] [NORMAL] (ID : 4) - /my_space
[08:02:25] [GET] [API] (ID : 4) - /api/get_user_avatar_small/feiherui
[08:02:25] [GET] [API] (ID : 4) - /api/get_user_background/feiherui
[08:02:25] [GET] [API] (ID : 4) - /api/get_user_avatar/feiherui
[08:02:25] [GET] [NORMAL] (ID : 4) - /my_space
[08:02:25] [GET] [API] (ID : 4) - /api/get_user_avatar_small/feiherui
[08:02:25] [GET] [API] (ID : 4) - /api/get_user_background/feiherui
[08:02:25] [GET] [API] (ID : 4) - /api/get_user_avatar/feiherui
[08:02:25] [GET] [NORMAL] (ID : 4) - /my_space
[08:02:25] [GET] [API] (ID : 4) - /api/get_user_avatar_small/feiherui
[08:02:25] [GET] [API] (ID : 4) - /api/get_user_background/feiherui
[08:02:25] [GET] [API] (ID : 4) - /api/get_user_avatar/feiherui
[08:02:26] [GET] [NORMAL] (ID : 4) - /my_space
[08:02:26] [GET] [API] (ID : 4) - /api/get_user_avatar_small/feiherui
[08:02:26] [GET] [API] (ID : 4) - /api/get_user_background/feiherui
[08:02:26] [GET] [API] (ID : 4) - /api/get_user_avatar/feiherui
[08:02:26] [GET] [NORMAL] (ID : 4) - /my_space
[08:02:26] [GET] [API] (ID : 4) - /api/get_user_avatar_small/feiherui
[08:02:26] [GET] [API] (ID : 4) - /api/get_user_background/feiherui
[08:02:26] [GET] [API] (ID : 4) - /api/get_user_avatar/feiherui
[08:02:26] [GET] [NORMAL] (ID : 4) - /my_space
[08:02:26] [GET] [API] (ID : 4) - /api/get_user_avatar_small/feiherui
[08:02:26] [GET] [API] (ID : 4) - /api/get_user_background/feiherui
[08:02:26] [GET] [API] (ID : 4) - /api/get_user_avatar/feiherui
[08:02:26] [GET] [NORMAL] (ID : 4) - /my_space
[08:02:26] [GET] [API] (ID : 4) - /api/get_user_avatar/feiherui
[08:02:26] [GET] [API] (ID : 4) - /api/get_user_avatar_small/feiherui
[08:02:26] [GET] [API] (ID : 4) - /api/get_user_background/feiherui
[08:02:27] [GET] [NORMAL] (ID : 4) - /my_space
[08:02:27] [GET] [API] (ID : 4) - /api/get_user_avatar_small/feiherui
[08:02:27] [GET] [API] (ID : 4) - /api/get_user_background/feiherui
[08:02:27] [GET] [API] (ID : 4) - /api/get_user_avatar/feiherui
[08:02:27] [GET] [NORMAL] (ID : 4) - /my_space
[08:02:27] [GET] [API] (ID : 4) - /api/get_user_avatar_small/feiherui
[08:02:27] [GET] [API] (ID : 4) - /api/get_user_background/feiherui
[08:02:27] [GET] [API] (ID : 4) - /api/get_user_avatar/feiherui
[08:02:27] [GET] [NORMAL] (ID : 4) - /my_space
[08:02:27] [GET] [API] (ID : 4) - /api/get_user_avatar_small/feiherui
[08:02:27] [GET] [API] (ID : 4) - /api/get_user_background/feiherui
[08:02:27] [GET] [API] (ID : 4) - /api/get_user_avatar/feiherui
[08:02:27] [GET] [NORMAL] (ID : 4) - /my_space
[08:02:27] [GET] [API] (ID : 4) - /api/get_user_avatar_small/feiherui
[08:02:27] [GET] [API] (ID : 4) - /api/get_user_background/feiherui
[08:02:27] [GET] [API] (ID : 4) - /api/get_user_avatar/feiherui
[08:02:28] [GET] [NORMAL] (ID : 4) - /my_space
[08:02:28] [GET] [API] (ID : 4) - /api/get_user_avatar_small/feiherui
[08:02:28] [GET] [API] (ID : 4) - /api/get_user_background/feiherui
[08:02:28] [GET] [API] (ID : 4) - /api/get_user_avatar/feiherui
[08:02:28] [GET] [NORMAL] (ID : 4) - /my_space
[08:02:28] [GET] [API] (ID : 4) - /api/get_user_avatar_small/feiherui
[08:02:28] [GET] [API] (ID : 4) - /api/get_user_background/feiherui
[08:02:28] [GET] [API] (ID : 4) - /api/get_user_avatar/feiherui
[08:02:28] [GET] [NORMAL] (ID : 4) - /my_space
[08:02:28] [GET] [API] (ID : 4) - /api/get_user_avatar_small/feiherui
[08:02:28] [GET] [API] (ID : 4) - /api/get_user_background/feiherui
[08:02:28] [GET] [API] (ID : 4) - /api/get_user_avatar/feiherui
[08:02:28] [GET] [NORMAL] (ID : 4) - /my_space
[08:02:28] [GET] [API] (ID : 4) - /api/get_user_avatar_small/feiherui
[08:02:28] [GET] [API] (ID : 4) - /api/get_user_background/feiherui
[08:02:28] [GET] [API] (ID : 4) - /api/get_user_avatar/feiherui
[08:02:28] [GET] [NORMAL] (ID : 4) - /my_space
[08:02:29] [GET] [API] (ID : 4) - /api/get_user_avatar_small/feiherui
[08:02:29] [GET] [API] (ID : 4) - /api/get_user_background/feiherui
[08:02:29] [GET] [API] (ID : 4) - /api/get_user_avatar/feiherui
[08:02:29] [GET] [NORMAL] (ID : 4) - /my_space
[08:02:29] [GET] [API] (ID : 4) - /api/get_user_avatar_small/feiherui
[08:02:29] [GET] [API] (ID : 4) - /api/get_user_avatar/feiherui
[08:02:29] [GET] [API] (ID : 4) - /api/get_user_background/feiherui
[08:02:29] [GET] [NORMAL] (ID : 4) - /my_space
[08:02:29] [GET] [API] (ID : 4) - /api/get_user_avatar_small/feiherui
[08:02:29] [GET] [API] (ID : 4) - /api/get_user_avatar/feiherui
[08:02:29] [GET] [API] (ID : 4) - /api/get_user_background/feiherui
[08:02:29] [GET] [NORMAL] (ID : 4) - /my_space
[08:02:29] [GET] [API] (ID : 4) - /api/get_user_background/feiherui
[08:02:29] [GET] [API] (ID : 4) - /api/get_user_avatar/feiherui
[08:02:29] [GET] [API] (ID : 4) - /api/get_user_avatar_small/feiherui
[08:02:29] [GET] [NORMAL] (ID : 4) - /my_space
[08:02:29] [GET] [API] (ID : 4) - /api/get_user_background/feiherui
[08:02:29] [GET] [API] (ID : 4) - /api/get_user_avatar_small/feiherui
[08:02:29] [GET] [API] (ID : 4) - /api/get_user_avatar/feiherui
[08:02:30] [GET] [NORMAL] (ID : 4) - /my_space
[08:02:30] [GET] [API] (ID : 4) - /api/get_user_avatar_small/feiherui
[08:02:30] [GET] [API] (ID : 4) - /api/get_user_background/feiherui
[08:02:30] [GET] [API] (ID : 4) - /api/get_user_avatar/feiherui
[08:02:30] [GET] [NORMAL] (ID : 4) - /my_space
[08:02:30] [GET] [API] (ID : 4) - /api/get_user_avatar_small/feiherui
[08:02:30] [GET] [API] (ID : 4) - /api/get_user_background/feiherui
[08:02:30] [GET] [API] (ID : 4) - /api/get_user_avatar/feiherui
[08:02:30] [GET] [NORMAL] (ID : 4) - /my_space
[08:02:30] [GET] [API] (ID : 4) - /api/get_user_avatar_small/feiherui
[08:02:30] [GET] [API] (ID : 4) - /api/get_user_background/feiherui
[08:02:30] [GET] [API] (ID : 4) - /api/get_user_avatar/feiherui
[08:02:30] [GET] [NORMAL] (ID : 4) - /my_space
[08:02:30] [GET] [API] (ID : 4) - /api/get_user_avatar_small/feiherui
[08:02:30] [GET] [API] (ID : 4) - /api/get_user_background/feiherui
[08:02:30] [GET] [API] (ID : 4) - /api/get_user_avatar/feiherui
[08:02:31] [GET] [NORMAL] (ID : 4) - /my_space
[08:02:31] [GET] [API] (ID : 4) - /api/get_user_avatar_small/feiherui
[08:02:31] [GET] [API] (ID : 4) - /api/get_user_background/feiherui
[08:02:31] [GET] [API] (ID : 4) - /api/get_user_avatar/feiherui
[08:02:31] [GET] [NORMAL] (ID : 4) - /my_space
[08:02:31] [GET] [API] (ID : 4) - /api/get_user_avatar_small/feiherui
[08:02:31] [GET] [API] (ID : 4) - /api/get_user_background/feiherui
[08:02:31] [GET] [API] (ID : 4) - /api/get_user_avatar/feiherui
[08:02:31] [GET] [NORMAL] (ID : 4) - /my_space
[08:02:31] [GET] [API] (ID : 4) - /api/get_user_avatar_small/feiherui
[08:02:31] [GET] [API] (ID : 4) - /api/get_user_background/feiherui
[08:02:31] [GET] [API] (ID : 4) - /api/get_user_avatar/feiherui
[08:02:31] [GET] [NORMAL] (ID : 4) - /my_space
[08:02:31] [GET] [API] (ID : 4) - /api/get_user_avatar_small/feiherui
[08:02:31] [GET] [API] (ID : 4) - /api/get_user_avatar/feiherui
[08:02:31] [GET] [API] (ID : 4) - /api/get_user_background/feiherui
[08:02:32] [GET] [NORMAL] (ID : 4) - /my_space
[08:02:32] [GET] [API] (ID : 4) - /api/get_user_avatar_small/feiherui
[08:02:32] [GET] [API] (ID : 4) - /api/get_user_background/feiherui
[08:02:32] [GET] [API] (ID : 4) - /api/get_user_avatar/feiherui
[08:02:32] [GET] [NORMAL] (ID : 4) - /my_space
[08:02:32] [GET] [API] (ID : 4) - /api/get_user_avatar_small/feiherui
[08:02:32] [GET] [API] (ID : 4) - /api/get_user_background/feiherui
[08:02:32] [GET] [API] (ID : 4) - /api/get_user_avatar/feiherui
[08:02:32] [GET] [NORMAL] (ID : 4) - /my_space
[08:02:32] [GET] [API] (ID : 4) - /api/get_user_avatar_small/feiherui
[08:02:32] [GET] [API] (ID : 4) - /api/get_user_background/feiherui
[08:02:32] [GET] [API] (ID : 4) - /api/get_user_avatar/feiherui
[08:02:32] [GET] [NORMAL] (ID : 4) - /my_space
[08:02:32] [GET] [API] (ID : 4) - /api/get_user_background/feiherui
[08:02:32] [GET] [API] (ID : 4) - /api/get_user_avatar_small/feiherui
[08:02:32] [GET] [API] (ID : 4) - /api/get_user_avatar/feiherui
[08:02:32] [GET] [NORMAL] (ID : 4) - /my_space
[08:02:32] [GET] [API] (ID : 4) - /api/get_user_avatar_small/feiherui
[08:02:32] [GET] [API] (ID : 4) - /api/get_user_background/feiherui
[08:02:32] [GET] [API] (ID : 4) - /api/get_user_avatar/feiherui
[08:02:33] [GET] [NORMAL] (ID : 4) - /my_space
[08:02:33] [GET] [API] (ID : 4) - /api/get_user_avatar_small/feiherui
[08:02:33] [GET] [API] (ID : 4) - /api/get_user_background/feiherui
[08:02:33] [GET] [API] (ID : 4) - /api/get_user_avatar/feiherui
[08:02:33] [GET] [NORMAL] (ID : 4) - /my_space
[08:02:33] [GET] [API] (ID : 4) - /api/get_user_avatar_small/feiherui
[08:02:33] [GET] [API] (ID : 4) - /api/get_user_background/feiherui
[08:02:33] [GET] [API] (ID : 4) - /api/get_user_avatar/feiherui
[08:02:33] [GET] [NORMAL] (ID : 4) - /my_space
[08:02:33] [GET] [API] (ID : 4) - /api/get_user_avatar_small/feiherui
[08:02:33] [GET] [API] (ID : 4) - /api/get_user_background/feiherui
[08:02:33] [GET] [API] (ID : 4) - /api/get_user_avatar/feiherui
[08:02:33] [GET] [NORMAL] (ID : 4) - /my_space
[08:02:33] [GET] [API] (ID : 4) - /api/get_user_avatar_small/feiherui
[08:02:33] [GET] [API] (ID : 4) - /api/get_user_background/feiherui
[08:02:33] [GET] [API] (ID : 4) - /api/get_user_avatar/feiherui
[08:02:33] [GET] [NORMAL] (ID : 4) - /my_space
[08:02:34] [GET] [API] (ID : 4) - /api/get_user_avatar_small/feiherui
[08:02:34] [GET] [API] (ID : 4) - /api/get_user_background/feiherui
[08:02:34] [GET] [API] (ID : 4) - /api/get_user_avatar/feiherui
[08:02:34] [GET] [NORMAL] (ID : 4) - /my_space
[08:02:34] [GET] [API] (ID : 4) - /api/get_user_background/feiherui
[08:02:34] [GET] [API] (ID : 4) - /api/get_user_avatar_small/feiherui
[08:02:34] [GET] [API] (ID : 4) - /api/get_user_avatar/feiherui
[08:02:34] [GET] [NORMAL] (ID : 4) - /my_space
[08:02:34] [GET] [API] (ID : 4) - /api/get_user_avatar_small/feiherui
[08:02:34] [GET] [API] (ID : 4) - /api/get_user_avatar/feiherui
[08:02:34] [GET] [API] (ID : 4) - /api/get_user_background/feiherui
[08:02:34] [GET] [NORMAL] (ID : 4) - /my_space
[08:02:34] [GET] [API] (ID : 4) - /api/get_user_avatar_small/feiherui
[08:02:34] [GET] [API] (ID : 4) - /api/get_user_background/feiherui
[08:02:34] [GET] [API] (ID : 4) - /api/get_user_avatar/feiherui
[08:02:34] [GET] [NORMAL] (ID : 4) - /my_space
[08:02:34] [GET] [API] (ID : 4) - /api/get_user_avatar_small/feiherui
[08:02:34] [GET] [API] (ID : 4) - /api/get_user_background/feiherui
[08:02:34] [GET] [API] (ID : 4) - /api/get_user_avatar/feiherui
[08:02:35] [GET] [NORMAL] (ID : 4) - /my_space
[08:02:35] [GET] [API] (ID : 4) - /api/get_user_avatar_small/feiherui
[08:02:35] [GET] [API] (ID : 4) - /api/get_user_background/feiherui
[08:02:35] [GET] [API] (ID : 4) - /api/get_user_avatar/feiherui
[08:02:35] [GET] [NORMAL] (ID : 4) - /my_space
[08:02:35] [GET] [API] (ID : 4) - /api/get_user_avatar_small/feiherui
[08:02:35] [GET] [API] (ID : 4) - /api/get_user_background/feiherui
[08:02:35] [GET] [API] (ID : 4) - /api/get_user_avatar/feiherui
[08:02:35] [GET] [NORMAL] (ID : 4) - /my_space
[08:02:35] [GET] [API] (ID : 4) - /api/get_user_avatar_small/feiherui
[08:02:35] [GET] [API] (ID : 4) - /api/get_user_background/feiherui
[08:02:35] [GET] [API] (ID : 4) - /api/get_user_avatar/feiherui
[08:02:35] [GET] [NORMAL] (ID : 4) - /my_space
[08:02:35] [GET] [API] (ID : 4) - /api/get_user_avatar_small/feiherui
[08:02:35] [GET] [API] (ID : 4) - /api/get_user_background/feiherui
[08:02:35] [GET] [API] (ID : 4) - /api/get_user_avatar/feiherui
[08:02:35] [GET] [NORMAL] (ID : 4) - /my_space
[08:02:36] [GET] [API] (ID : 4) - /api/get_user_avatar_small/feiherui
[08:02:36] [GET] [API] (ID : 4) - /api/get_user_background/feiherui
[08:02:36] [GET] [API] (ID : 4) - /api/get_user_avatar/feiherui
[08:02:36] [GET] [NORMAL] (ID : 4) - /my_space
[08:02:36] [GET] [API] (ID : 4) - /api/get_user_avatar_small/feiherui
[08:02:36] [GET] [API] (ID : 4) - /api/get_user_background/feiherui
[08:02:36] [GET] [API] (ID : 4) - /api/get_user_avatar/feiherui
[08:02:36] [GET] [NORMAL] (ID : 4) - /my_space
[08:02:36] [GET] [API] (ID : 4) - /api/get_user_avatar_small/feiherui
[08:02:36] [GET] [API] (ID : 4) - /api/get_user_background/feiherui
[08:02:36] [GET] [API] (ID : 4) - /api/get_user_avatar/feiherui
[08:02:36] [GET] [NORMAL] (ID : 4) - /my_space
[08:02:36] [GET] [API] (ID : 4) - /api/get_user_avatar_small/feiherui
[08:02:36] [GET] [API] (ID : 4) - /api/get_user_background/feiherui
[08:02:36] [GET] [API] (ID : 4) - /api/get_user_avatar/feiherui
[08:02:36] [GET] [NORMAL] (ID : 4) - /my_space
[08:02:36] [GET] [API] (ID : 4) - /api/get_user_avatar_small/feiherui
[08:02:36] [GET] [API] (ID : 4) - /api/get_user_background/feiherui
[08:02:36] [GET] [API] (ID : 4) - /api/get_user_avatar/feiherui
[08:02:37] [GET] [NORMAL] (ID : 4) - /my_space
[08:02:37] [GET] [API] (ID : 4) - /api/get_user_avatar_small/feiherui
[08:02:37] [GET] [API] (ID : 4) - /api/get_user_background/feiherui
[08:02:37] [GET] [API] (ID : 4) - /api/get_user_avatar/feiherui
[08:02:37] [GET] [NORMAL] (ID : 4) - /my_space
[08:02:37] [GET] [API] (ID : 4) - /api/get_user_avatar_small/feiherui
[08:02:37] [GET] [API] (ID : 4) - /api/get_user_avatar/feiherui
[08:02:37] [GET] [API] (ID : 4) - /api/get_user_background/feiherui
[08:02:37] [GET] [NORMAL] (ID : 4) - /my_space
[08:02:37] [GET] [API] (ID : 4) - /api/get_user_avatar_small/feiherui
[08:02:37] [GET] [API] (ID : 4) - /api/get_user_background/feiherui
[08:02:37] [GET] [API] (ID : 4) - /api/get_user_avatar/feiherui
[08:02:37] [GET] [NORMAL] (ID : 4) - /my_space
[08:02:37] [GET] [API] (ID : 4) - /api/get_user_avatar_small/feiherui
[08:02:37] [GET] [API] (ID : 4) - /api/get_user_background/feiherui
[08:02:37] [GET] [API] (ID : 4) - /api/get_user_avatar/feiherui
[08:02:37] [GET] [NORMAL] (ID : 4) - /my_space
[08:02:38] [GET] [API] (ID : 4) - /api/get_user_background/feiherui
[08:02:38] [GET] [API] (ID : 4) - /api/get_user_avatar_small/feiherui
[08:02:38] [GET] [API] (ID : 4) - /api/get_user_avatar/feiherui
[08:02:38] [GET] [NORMAL] (ID : 4) - /my_space
[08:02:38] [GET] [API] (ID : 4) - /api/get_user_avatar_small/feiherui
[08:02:38] [GET] [API] (ID : 4) - /api/get_user_avatar/feiherui
[08:02:38] [GET] [API] (ID : 4) - /api/get_user_background/feiherui
[08:02:38] [GET] [NORMAL] (ID : 4) - /my_space
[08:02:38] [GET] [API] (ID : 4) - /api/get_user_avatar_small/feiherui
[08:02:38] [GET] [API] (ID : 4) - /api/get_user_background/feiherui
[08:02:38] [GET] [API] (ID : 4) - /api/get_user_avatar/feiherui
[08:02:38] [GET] [NORMAL] (ID : 4) - /my_space
[08:02:38] [GET] [API] (ID : 4) - /api/get_user_background/feiherui
[08:02:38] [GET] [API] (ID : 4) - /api/get_user_avatar_small/feiherui
[08:02:38] [GET] [API] (ID : 4) - /api/get_user_avatar/feiherui
[08:02:38] [GET] [NORMAL] (ID : 4) - /my_space
[08:02:38] [GET] [API] (ID : 4) - /api/get_user_avatar_small/feiherui
[08:02:38] [GET] [API] (ID : 4) - /api/get_user_background/feiherui
[08:02:38] [GET] [API] (ID : 4) - /api/get_user_avatar/feiherui
[08:02:39] [GET] [NORMAL] (ID : 4) - /my_space
[08:02:39] [GET] [API] (ID : 4) - /api/get_user_avatar_small/feiherui
[08:02:39] [GET] [API] (ID : 4) - /api/get_user_background/feiherui
[08:02:39] [GET] [API] (ID : 4) - /api/get_user_avatar/feiherui
[08:02:39] [GET] [NORMAL] (ID : 4) - /my_space
[08:02:39] [GET] [API] (ID : 4) - /api/get_user_avatar_small/feiherui
[08:02:39] [GET] [API] (ID : 4) - /api/get_user_background/feiherui
[08:02:39] [GET] [API] (ID : 4) - /api/get_user_avatar/feiherui
[08:02:39] [GET] [NORMAL] (ID : 4) - /my_space
[08:02:39] [GET] [API] (ID : 4) - /api/get_user_background/feiherui
[08:02:39] [GET] [API] (ID : 4) - /api/get_user_avatar_small/feiherui
[08:02:39] [GET] [API] (ID : 4) - /api/get_user_avatar/feiherui
[08:02:39] [GET] [NORMAL] (ID : 4) - /my_space
[08:02:39] [GET] [API] (ID : 4) - /api/get_user_avatar_small/feiherui
[08:02:39] [GET] [API] (ID : 4) - /api/get_user_background/feiherui
[08:02:39] [GET] [API] (ID : 4) - /api/get_user_avatar/feiherui
[08:02:39] [GET] [NORMAL] (ID : 4) - /my_space
[08:02:39] [GET] [API] (ID : 4) - /api/get_user_avatar_small/feiherui
[08:02:40] [GET] [API] (ID : 4) - /api/get_user_avatar/feiherui
[08:02:40] [GET] [API] (ID : 4) - /api/get_user_background/feiherui
[08:02:40] [GET] [NORMAL] (ID : 4) - /my_space
[08:02:40] [GET] [API] (ID : 4) - /api/get_user_avatar_small/feiherui
[08:02:40] [GET] [API] (ID : 4) - /api/get_user_background/feiherui
[08:02:40] [GET] [API] (ID : 4) - /api/get_user_avatar/feiherui
[08:02:40] [GET] [NORMAL] (ID : 4) - /my_space
[08:02:40] [GET] [API] (ID : 4) - /api/get_user_avatar_small/feiherui
[08:02:40] [GET] [API] (ID : 4) - /api/get_user_avatar/feiherui
[08:02:40] [GET] [API] (ID : 4) - /api/get_user_background/feiherui
[08:02:40] [GET] [NORMAL] (ID : 4) - /my_space
[08:02:40] [GET] [API] (ID : 4) - /api/get_user_avatar_small/feiherui
[08:02:40] [GET] [API] (ID : 4) - /api/get_user_background/feiherui
[08:02:40] [GET] [API] (ID : 4) - /api/get_user_avatar/feiherui
[08:02:40] [GET] [NORMAL] (ID : 4) - /my_space
[08:02:40] [GET] [API] (ID : 4) - /api/get_user_avatar_small/feiherui
[08:02:40] [GET] [API] (ID : 4) - /api/get_user_background/feiherui
[08:02:40] [GET] [API] (ID : 4) - /api/get_user_avatar/feiherui
[08:02:41] [GET] [NORMAL] (ID : 4) - /my_space
[08:02:41] [GET] [API] (ID : 4) - /api/get_user_avatar_small/feiherui
[08:02:41] [GET] [API] (ID : 4) - /api/get_user_background/feiherui
[08:02:41] [GET] [API] (ID : 4) - /api/get_user_avatar/feiherui
[08:02:41] [GET] [NORMAL] (ID : 4) - /my_space
[08:02:41] [GET] [API] (ID : 4) - /api/get_user_avatar_small/feiherui
[08:02:41] [GET] [API] (ID : 4) - /api/get_user_background/feiherui
[08:02:41] [GET] [API] (ID : 4) - /api/get_user_avatar/feiherui
[08:02:41] [GET] [NORMAL] (ID : 4) - /my_space
[08:02:41] [GET] [API] (ID : 4) - /api/get_user_avatar_small/feiherui
[08:02:41] [GET] [API] (ID : 4) - /api/get_user_background/feiherui
[08:02:41] [GET] [API] (ID : 4) - /api/get_user_avatar/feiherui
[08:02:41] [GET] [NORMAL] (ID : 4) - /my_space
[08:02:41] [GET] [API] (ID : 4) - /api/get_user_avatar_small/feiherui
[08:02:41] [GET] [API] (ID : 4) - /api/get_user_avatar/feiherui
[08:02:41] [GET] [API] (ID : 4) - /api/get_user_background/feiherui
[08:02:42] [GET] [NORMAL] (ID : 4) - /my_space
[08:02:42] [GET] [API] (ID : 4) - /api/get_user_avatar_small/feiherui
[08:02:42] [GET] [API] (ID : 4) - /api/get_user_background/feiherui
[08:02:42] [GET] [API] (ID : 4) - /api/get_user_avatar/feiherui
[08:02:42] [GET] [NORMAL] (ID : 4) - /my_space
[08:02:42] [GET] [API] (ID : 4) - /api/get_user_avatar_small/feiherui
[08:02:42] [GET] [API] (ID : 4) - /api/get_user_background/feiherui
[08:02:42] [GET] [API] (ID : 4) - /api/get_user_avatar/feiherui
[08:02:42] [GET] [NORMAL] (ID : 4) - /my_space
[08:02:42] [GET] [API] (ID : 4) - /api/get_user_background/feiherui
[08:02:42] [GET] [API] (ID : 4) - /api/get_user_avatar_small/feiherui
[08:02:42] [GET] [API] (ID : 4) - /api/get_user_avatar/feiherui
[08:02:42] [GET] [NORMAL] (ID : 4) - /my_space
[08:02:42] [GET] [API] (ID : 4) - /api/get_user_avatar_small/feiherui
[08:02:42] [GET] [API] (ID : 4) - /api/get_user_avatar/feiherui
[08:02:42] [GET] [API] (ID : 4) - /api/get_user_background/feiherui
[08:02:42] [GET] [NORMAL] (ID : 4) - /my_space
[08:02:43] [GET] [API] (ID : 4) - /api/get_user_avatar_small/feiherui
[08:02:43] [GET] [API] (ID : 4) - /api/get_user_background/feiherui
[08:02:43] [GET] [API] (ID : 4) - /api/get_user_avatar/feiherui
[08:02:43] [GET] [NORMAL] (ID : 4) - /my_space
[08:02:43] [GET] [API] (ID : 4) - /api/get_user_avatar_small/feiherui
[08:02:43] [GET] [API] (ID : 4) - /api/get_user_background/feiherui
[08:02:43] [GET] [API] (ID : 4) - /api/get_user_avatar/feiherui
[08:02:43] [GET] [NORMAL] (ID : 4) - /my_space
[08:02:43] [GET] [API] (ID : 4) - /api/get_user_avatar_small/feiherui
[08:02:43] [GET] [API] (ID : 4) - /api/get_user_background/feiherui
[08:02:43] [GET] [API] (ID : 4) - /api/get_user_avatar/feiherui
[08:02:43] [GET] [NORMAL] (ID : 4) - /my_space
[08:02:43] [GET] [API] (ID : 4) - /api/get_user_avatar_small/feiherui
[08:02:43] [GET] [API] (ID : 4) - /api/get_user_background/feiherui
[08:02:43] [GET] [API] (ID : 4) - /api/get_user_avatar/feiherui
[08:02:43] [GET] [NORMAL] (ID : 4) - /my_space
[08:02:43] [GET] [API] (ID : 4) - /api/get_user_avatar_small/feiherui
[08:02:43] [GET] [API] (ID : 4) - /api/get_user_background/feiherui
[08:02:43] [GET] [API] (ID : 4) - /api/get_user_avatar/feiherui
[08:02:44] [GET] [NORMAL] (ID : 4) - /my_space
[08:02:44] [GET] [API] (ID : 4) - /api/get_user_avatar_small/feiherui
[08:02:44] [GET] [API] (ID : 4) - /api/get_user_background/feiherui
[08:02:44] [GET] [API] (ID : 4) - /api/get_user_avatar/feiherui
[08:02:44] [GET] [NORMAL] (ID : 4) - /my_space
[08:02:44] [GET] [API] (ID : 4) - /api/get_user_avatar_small/feiherui
[08:02:44] [GET] [API] (ID : 4) - /api/get_user_background/feiherui
[08:02:44] [GET] [API] (ID : 4) - /api/get_user_avatar/feiherui
[08:02:44] [GET] [NORMAL] (ID : 4) - /my_space
[08:02:44] [GET] [API] (ID : 4) - /api/get_user_avatar_small/feiherui
[08:02:44] [GET] [API] (ID : 4) - /api/get_user_background/feiherui
[08:02:44] [GET] [API] (ID : 4) - /api/get_user_avatar/feiherui
[08:02:44] [GET] [NORMAL] (ID : 4) - /my_space
[08:02:44] [GET] [API] (ID : 4) - /api/get_user_avatar_small/feiherui
[08:02:44] [GET] [API] (ID : 4) - /api/get_user_background/feiherui
[08:02:44] [GET] [API] (ID : 4) - /api/get_user_avatar/feiherui
[08:02:44] [GET] [NORMAL] (ID : 4) - /my_space
[08:02:45] [GET] [API] (ID : 4) - /api/get_user_avatar_small/feiherui
[08:02:45] [GET] [API] (ID : 4) - /api/get_user_background/feiherui
[08:02:45] [GET] [API] (ID : 4) - /api/get_user_avatar/feiherui
[08:02:45] [GET] [NORMAL] (ID : 4) - /my_space
[08:02:45] [GET] [API] (ID : 4) - /api/get_user_background/feiherui
[08:02:45] [GET] [API] (ID : 4) - /api/get_user_avatar_small/feiherui
[08:02:45] [GET] [API] (ID : 4) - /api/get_user_avatar/feiherui
[08:02:51] [GET] [NORMAL] (ID : 4) - /my_space
[08:02:51] [GET] [API] (ID : 4) - /api/get_user_avatar_small/feiherui
[08:02:51] [GET] [API] (ID : 4) - /api/get_user_background/feiherui
[08:02:51] [GET] [API] (ID : 4) - /api/get_user_avatar/feiherui
[08:02:52] [GET] [NORMAL] (ID : 4) - /my_space
[08:02:52] [GET] [API] (ID : 4) - /api/get_user_avatar_small/feiherui
[08:02:52] [GET] [API] (ID : 4) - /api/get_user_background/feiherui
[08:02:52] [GET] [API] (ID : 4) - /api/get_user_avatar/feiherui
[08:02:52] [GET] [NORMAL] (ID : 4) - /my_space
[08:02:52] [GET] [API] (ID : 4) - /api/get_user_avatar_small/feiherui
[08:02:52] [GET] [API] (ID : 4) - /api/get_user_avatar/feiherui
[08:02:52] [GET] [API] (ID : 4) - /api/get_user_background/feiherui
[08:02:52] [GET] [NORMAL] (ID : 4) - /my_space
[08:02:52] [GET] [API] (ID : 4) - /api/get_user_avatar_small/feiherui
[08:02:52] [GET] [API] (ID : 4) - /api/get_user_background/feiherui
[08:02:52] [GET] [API] (ID : 4) - /api/get_user_avatar/feiherui
[08:02:52] [GET] [NORMAL] (ID : 4) - /my_space
[08:02:52] [GET] [API] (ID : 4) - /api/get_user_avatar_small/feiherui
[08:02:52] [GET] [API] (ID : 4) - /api/get_user_background/feiherui
[08:02:52] [GET] [API] (ID : 4) - /api/get_user_avatar/feiherui
[08:02:52] [GET] [NORMAL] (ID : 4) - /my_space
[08:02:52] [GET] [API] (ID : 4) - /api/get_user_avatar_small/feiherui
[08:02:52] [GET] [API] (ID : 4) - /api/get_user_background/feiherui
[08:02:52] [GET] [API] (ID : 4) - /api/get_user_avatar/feiherui
[08:02:53] [GET] [NORMAL] (ID : 4) - /my_space
[08:02:53] [GET] [API] (ID : 4) - /api/get_user_avatar_small/feiherui
[08:02:53] [GET] [API] (ID : 4) - /api/get_user_background/feiherui
[08:02:53] [GET] [API] (ID : 4) - /api/get_user_avatar/feiherui
[08:02:53] [GET] [NORMAL] (ID : 4) - /my_space
[08:02:53] [GET] [API] (ID : 4) - /api/get_user_avatar_small/feiherui
[08:02:53] [GET] [API] (ID : 4) - /api/get_user_background/feiherui
[08:02:53] [GET] [API] (ID : 4) - /api/get_user_avatar/feiherui
[08:02:53] [GET] [NORMAL] (ID : 4) - /my_space
[08:02:53] [GET] [API] (ID : 4) - /api/get_user_avatar_small/feiherui
[08:02:53] [GET] [API] (ID : 4) - /api/get_user_background/feiherui
[08:02:53] [GET] [API] (ID : 4) - /api/get_user_avatar/feiherui
[08:02:53] [GET] [NORMAL] (ID : 4) - /my_space
[08:02:53] [GET] [API] (ID : 4) - /api/get_user_background/feiherui
[08:02:53] [GET] [API] (ID : 4) - /api/get_user_avatar/feiherui
[08:02:53] [GET] [API] (ID : 4) - /api/get_user_avatar_small/feiherui
[08:02:54] [GET] [NORMAL] (ID : 4) - /my_space
[08:02:54] [GET] [API] (ID : 4) - /api/get_user_avatar_small/feiherui
[08:02:54] [GET] [API] (ID : 4) - /api/get_user_background/feiherui
[08:02:54] [GET] [API] (ID : 4) - /api/get_user_avatar/feiherui
[08:02:54] [GET] [NORMAL] (ID : 4) - /my_space
[08:02:54] [GET] [API] (ID : 4) - /api/get_user_avatar_small/feiherui
[08:02:54] [GET] [API] (ID : 4) - /api/get_user_background/feiherui
[08:02:54] [GET] [API] (ID : 4) - /api/get_user_avatar/feiherui
[08:02:54] [GET] [NORMAL] (ID : 4) - /my_space
[08:02:54] [GET] [API] (ID : 4) - /api/get_user_avatar_small/feiherui
[08:02:54] [GET] [API] (ID : 4) - /api/get_user_background/feiherui
[08:02:54] [GET] [API] (ID : 4) - /api/get_user_avatar/feiherui
[08:02:55] [GET] [NORMAL] (ID : 4) - /my_space
[08:02:55] [GET] [API] (ID : 4) - /api/get_user_avatar_small/feiherui
[08:02:55] [GET] [API] (ID : 4) - /api/get_user_background/feiherui
[08:02:55] [GET] [API] (ID : 4) - /api/get_user_avatar/feiherui
[08:02:55] [GET] [NORMAL] (ID : 4) - /my_space
[08:02:55] [GET] [API] (ID : 4) - /api/get_user_avatar_small/feiherui
[08:02:55] [GET] [API] (ID : 4) - /api/get_user_background/feiherui
[08:02:55] [GET] [API] (ID : 4) - /api/get_user_avatar/feiherui
[08:02:55] [GET] [NORMAL] (ID : 4) - /my_space
[08:02:55] [GET] [API] (ID : 4) - /api/get_user_avatar_small/feiherui
[08:02:55] [GET] [API] (ID : 4) - /api/get_user_background/feiherui
[08:02:55] [GET] [API] (ID : 4) - /api/get_user_avatar/feiherui
[08:02:55] [GET] [NORMAL] (ID : 4) - /my_space
[08:02:55] [GET] [API] (ID : 4) - /api/get_user_avatar_small/feiherui
[08:02:55] [GET] [API] (ID : 4) - /api/get_user_background/feiherui
[08:02:55] [GET] [API] (ID : 4) - /api/get_user_avatar/feiherui
[08:02:55] [GET] [NORMAL] (ID : 4) - /my_space
[08:02:56] [GET] [API] (ID : 4) - /api/get_user_avatar_small/feiherui
[08:02:56] [GET] [API] (ID : 4) - /api/get_user_background/feiherui
[08:02:56] [GET] [API] (ID : 4) - /api/get_user_avatar/feiherui
[08:02:56] [GET] [NORMAL] (ID : 4) - /my_space
[08:02:56] [GET] [API] (ID : 4) - /api/get_user_avatar_small/feiherui
[08:02:56] [GET] [API] (ID : 4) - /api/get_user_background/feiherui
[08:02:56] [GET] [API] (ID : 4) - /api/get_user_avatar/feiherui
[08:02:57] [GET] [NORMAL] (ID : 4) - /my_space
[08:02:57] [GET] [NORMAL] (ID : 4) - /my_space
[08:02:57] [GET] [NORMAL] (ID : 4) - /my_space
[08:02:58] [GET] [NORMAL] (ID : 4) - /my_space
[08:03:01] [GET] [NORMAL] (ID : 4) - /my_space
[08:03:01] [GET] [NORMAL] (ID : 4) - /my_space
[08:03:01] [GET] [NORMAL] (ID : 4) - /my_space
[08:03:01] [GET] [NORMAL] (ID : 4) - /my_space
[08:03:02] [GET] [NORMAL] (ID : 4) - /my_space
[08:03:02] [GET] [NORMAL] (ID : 4) - /my_space
[08:03:03] [GET] [NORMAL] (ID : 4) - /my_space
[08:03:04] [GET] [NORMAL] (ID : 4) - /my_space
[08:03:04] [GET] [NORMAL] (ID : 4) - /my_space
[08:03:04] [GET] [NORMAL] (ID : 4) - /my_space
[08:03:07] [GET] [NORMAL] (ID : 4) - /my_space
[08:03:07] [GET] [NORMAL] (ID : 4) - /my_space
[08:03:08] [GET] [NORMAL] (ID : 4) - /my_space
[08:03:08] [GET] [NORMAL] (ID : 4) - /my_space
[08:03:08] [GET] [NORMAL] (ID : 4) - /my_space
[08:03:08] [GET] [NORMAL] (ID : 4) - /my_space
[08:03:09] [GET] [NORMAL] (ID : 4) - /my_space
[08:03:09] [GET] [NORMAL] (ID : 4) - /my_space
[08:03:09] [GET] [NORMAL] (ID : 4) - /my_space
[08:03:09] [GET] [NORMAL] (ID : 4) - /my_space
[08:03:09] [GET] [NORMAL] (ID : 4) - /my_space
[08:03:10] [GET] [NORMAL] (ID : 4) - /my_space
[08:03:10] [GET] [NORMAL] (ID : 4) - /my_space
[08:03:10] [GET] [NORMAL] (ID : 4) - /my_space
[08:03:11] [GET] [NORMAL] (ID : 4) - /my_space
[08:03:11] [GET] [NORMAL] (ID : 4) - /my_space
[08:03:11] [GET] [NORMAL] (ID : 4) - /my_space
[08:03:11] [GET] [NORMAL] (ID : 4) - /my_space
[08:03:11] [GET] [NORMAL] (ID : 4) - /my_space
[08:03:12] [GET] [NORMAL] (ID : 4) - /my_space
[08:03:12] [GET] [NORMAL] (ID : 4) - /my_space
[08:03:12] [GET] [NORMAL] (ID : 4) - /my_space
[08:03:12] [GET] [NORMAL] (ID : 4) - /my_space
[08:03:13] [GET] [NORMAL] (ID : 4) - /my_space
[08:03:13] [GET] [NORMAL] (ID : 4) - /my_space
[08:03:13] [GET] [NORMAL] (ID : 4) - /my_space
[08:03:13] [GET] [NORMAL] (ID : 4) - /my_space
[08:03:13] [GET] [NORMAL] (ID : 4) - /my_space
[08:03:14] [GET] [NORMAL] (ID : 4) - /my_space
[08:03:14] [GET] [NORMAL] (ID : 4) - /my_space
[08:03:14] [GET] [NORMAL] (ID : 4) - /my_space
[08:03:14] [GET] [NORMAL] (ID : 4) - /my_space
[08:03:14] [GET] [NORMAL] (ID : 4) - /my_space
[08:03:15] [GET] [NORMAL] (ID : 4) - /my_space
[08:03:15] [GET] [NORMAL] (ID : 4) - /my_space
[08:03:15] [GET] [NORMAL] (ID : 4) - /my_space
[08:03:16] [GET] [NORMAL] (ID : 4) - /my_space
[08:03:16] [GET] [NORMAL] (ID : 4) - /my_space
[08:03:16] [GET] [NORMAL] (ID : 4) - /my_space
[08:03:16] [GET] [NORMAL] (ID : 4) - /my_space
[08:03:17] [GET] [NORMAL] (ID : 4) - /my_space
[08:03:17] [GET] [NORMAL] (ID : 4) - /my_space
[08:03:17] [GET] [NORMAL] (ID : 4) - /my_space
[08:03:17] [GET] [NORMAL] (ID : 4) - /my_space
[08:03:18] [GET] [NORMAL] (ID : 4) - /my_space
[08:03:18] [GET] [NORMAL] (ID : 4) - /my_space
[08:03:18] [GET] [NORMAL] (ID : 4) - /my_space
[08:03:18] [GET] [NORMAL] (ID : 4) - /my_space
[08:03:18] [GET] [NORMAL] (ID : 4) - /my_space
[08:03:19] [GET] [NORMAL] (ID : 4) - /my_space
[08:03:19] [GET] [NORMAL] (ID : 4) - /my_space
[08:03:19] [GET] [NORMAL] (ID : 4) - /my_space
[08:03:19] [GET] [NORMAL] (ID : 4) - /my_space
[08:03:20] [GET] [NORMAL] (ID : 4) - /my_space
[08:03:20] [GET] [NORMAL] (ID : 4) - /my_space
[08:03:20] [GET] [NORMAL] (ID : 4) - /my_space
[08:03:20] [GET] [NORMAL] (ID : 4) - /my_space
[08:03:20] [GET] [NORMAL] (ID : 4) - /my_space
[08:03:21] [GET] [NORMAL] (ID : 4) - /my_space
[08:03:21] [GET] [NORMAL] (ID : 4) - /my_space
[08:03:21] [GET] [NORMAL] (ID : 4) - /my_space
[08:03:21] [GET] [NORMAL] (ID : 4) - /my_space
[08:03:22] [GET] [NORMAL] (ID : 4) - /my_space
[08:03:22] [GET] [NORMAL] (ID : 4) - /my_space
[08:03:23] [GET] [NORMAL] (ID : 4) - /my_space
[08:03:23] [GET] [NORMAL] (ID : 4) - /my_space
[08:03:23] [GET] [NORMAL] (ID : 4) - /my_space
[08:03:23] [GET] [NORMAL] (ID : 4) - /my_space
[08:03:24] [GET] [NORMAL] (ID : 4) - /my_space
[08:03:24] [GET] [NORMAL] (ID : 4) - /my_space
[08:03:24] [GET] [NORMAL] (ID : 4) - /my_space
[08:03:24] [GET] [NORMAL] (ID : 4) - /my_space
[08:03:24] [GET] [NORMAL] (ID : 4) - /my_space
[08:03:25] [GET] [NORMAL] (ID : 4) - /my_space
[08:03:25] [GET] [NORMAL] (ID : 4) - /my_space
[08:03:25] [GET] [NORMAL] (ID : 4) - /my_space
[08:03:25] [GET] [NORMAL] (ID : 4) - /my_space
[08:03:26] [GET] [NORMAL] (ID : 4) - /my_space
[08:03:26] [GET] [NORMAL] (ID : 4) - /my_space
[08:03:26] [GET] [NORMAL] (ID : 4) - /my_space
[08:03:26] [GET] [NORMAL] (ID : 4) - /my_space
[08:03:27] [GET] [NORMAL] (ID : 4) - /my_space
[08:03:27] [GET] [NORMAL] (ID : 4) - /my_space
[08:03:27] [GET] [NORMAL] (ID : 4) - /my_space
[08:03:27] [GET] [NORMAL] (ID : 4) - /my_space
[08:03:28] [GET] [NORMAL] (ID : 4) - /my_space
[08:03:28] [GET] [NORMAL] (ID : 4) - /my_space
[08:03:28] [GET] [NORMAL] (ID : 4) - /my_space
[08:03:28] [GET] [NORMAL] (ID : 4) - /my_space
[08:03:29] [GET] [NORMAL] (ID : 4) - /my_space
[08:03:29] [GET] [NORMAL] (ID : 4) - /my_space
[08:03:29] [GET] [NORMAL] (ID : 4) - /my_space
[08:03:29] [GET] [NORMAL] (ID : 4) - /my_space
[08:03:29] [GET] [NORMAL] (ID : 4) - /my_space
[08:03:30] [GET] [NORMAL] (ID : 4) - /my_space
[08:03:30] [GET] [NORMAL] (ID : 4) - /my_space
[08:03:30] [GET] [NORMAL] (ID : 4) - /my_space
[08:03:31] [GET] [NORMAL] (ID : 4) - /my_space
[08:03:31] [GET] [NORMAL] (ID : 4) - /my_space
[08:03:31] [GET] [NORMAL] (ID : 4) - /my_space
[08:03:31] [GET] [NORMAL] (ID : 4) - /my_space
[08:03:32] [GET] [NORMAL] (ID : 4) - /my_space
[08:03:32] [GET] [NORMAL] (ID : 4) - /my_space
[08:03:32] [GET] [NORMAL] (ID : 4) - /my_space
[08:03:32] [GET] [NORMAL] (ID : 4) - /my_space
[08:03:33] [GET] [NORMAL] (ID : 4) - /my_space
[08:03:33] [GET] [NORMAL] (ID : 4) - /my_space
[08:03:33] [GET] [NORMAL] (ID : 4) - /my_space
[08:03:33] [GET] [NORMAL] (ID : 4) - /my_space
[08:03:33] [GET] [NORMAL] (ID : 4) - /my_space
[08:03:34] [GET] [NORMAL] (ID : 4) - /my_space
[08:03:34] [GET] [NORMAL] (ID : 4) - /my_space
[08:03:34] [GET] [NORMAL] (ID : 4) - /my_space
[08:03:34] [GET] [NORMAL] (ID : 4) - /my_space
[08:03:35] [GET] [NORMAL] (ID : 4) - /my_space
[08:03:35] [GET] [NORMAL] (ID : 4) - /my_space
[08:03:35] [GET] [NORMAL] (ID : 4) - /my_space
[08:03:35] [GET] [NORMAL] (ID : 4) - /my_space
[08:03:36] [GET] [NORMAL] (ID : 4) - /my_space
[08:03:36] [GET] [NORMAL] (ID : 4) - /my_space
[08:03:36] [GET] [NORMAL] (ID : 4) - /my_space
[08:03:37] [GET] [NORMAL] (ID : 4) - /my_space
[08:03:53] [GET] [NORMAL] (ID : 4) - /my_space
[08:03:53] [GET] [NORMAL] (ID : 4) - /my_space
[08:03:54] [GET] [NORMAL] (ID : 4) - /my_space
[08:03:54] [GET] [NORMAL] (ID : 4) - /my_space
[08:03:54] [GET] [NORMAL] (ID : 4) - /my_space
[08:03:54] [GET] [NORMAL] (ID : 4) - /my_space
[08:03:54] [GET] [NORMAL] (ID : 4) - /my_space
[08:03:55] [GET] [NORMAL] (ID : 4) - /my_space
[08:03:55] [GET] [NORMAL] (ID : 4) - /my_space
[08:03:55] [GET] [NORMAL] (ID : 4) - /my_space
[08:03:55] [GET] [NORMAL] (ID : 4) - /my_space
[08:03:55] [GET] [NORMAL] (ID : 4) - /my_space
[08:03:56] [GET] [NORMAL] (ID : 4) - /my_space
[08:03:56] [GET] [NORMAL] (ID : 4) - /my_space
[08:03:56] [GET] [NORMAL] (ID : 4) - /my_space
[08:03:56] [GET] [NORMAL] (ID : 4) - /my_space
[08:04:53] [GET] [NORMAL] (ID : 4) - /setting
[08:05:08] [GET] [NORMAL] (ID : 1) - /user_space/August13
[08:05:16] [GET] [NORMAL] (ID : 1) - /my_space
[08:05:58] [GET] [NORMAL] (ID : 1) - /notification
[08:06:01] [GET] [NORMAL] (ID : 1) - /setting
[08:06:03] [GET] [NORMAL] (ID : 1) - /change_name
[08:06:06] [GET] [NORMAL] (ID : 1) - /setting
[08:06:09] [GET] [NORMAL] (ID : 1) - /change_password
[08:06:17] [GET] [NORMAL] (ID : 1) - /setting
[08:06:21] [GET] [NORMAL] (ID : 1) - /change_name
[08:06:25] [GET] [NORMAL] (ID : 1) - /setting
[08:06:30] [GET] [NORMAL] (ID : 1) - /change_name
[08:06:40] [GET] [NORMAL] (ID : 1) - /setting
[08:06:45] [GET] [NORMAL] (ID : 1) - /change_name
[08:06:49] [GET] [NORMAL] (ID : 1) - /setting
[08:07:24] [GET] [NORMAL] (ID : 1) - /change_name
[08:07:49] [GET] [NORMAL] (ID : 1) - /test
[08:09:00] [GET] [NORMAL] (ID : 0) - /setting
[08:09:00] [GET] [NORMAL] (ID : 0) - /auth
[08:09:14] [GET] [NORMAL] (ID : 1) - /setting
[08:09:23] [GET] [NORMAL] (ID : 1) - /my_space
[08:09:27] [GET] [NORMAL] (ID : 1) - /test
[08:09:41] [GET] [NORMAL] (ID : 0) - /my_space
[08:09:41] [GET] [NORMAL] (ID : 0) - /auth
[08:19:36] [GET] [NORMAL] (ID : 0) - /my_space
[08:19:36] [GET] [NORMAL] (ID : 0) - /auth
[12:30:19] [GET] [NORMAL] (ID : 0) - /
[12:30:19] [GET] [NORMAL] (ID : 0) - /home
[12:30:24] [GET] [NORMAL] (ID : 0) - /my_space
[12:30:24] [GET] [NORMAL] (ID : 0) - /auth
[12:30:34] [GET] [NORMAL] (ID : 1) - /my_space
[12:30:41] [GET] [NORMAL] (ID : 0) - /
[12:30:41] [GET] [NORMAL] (ID : 0) - /home
[12:30:45] [GET] [NORMAL] (ID : 0) - /my_space
[12:30:45] [GET] [NORMAL] (ID : 0) - /auth
[12:31:03] [GET] [NORMAL] (ID : 2) - /my_space
[12:31:21] [GET] [NORMAL] (ID : 1) - /user_space/AprilQM
[12:31:25] [GET] [NORMAL] (ID : 1) - /setting
[12:31:34] [GET] [NORMAL] (ID : 1) - /user_space/yueyan
[12:31:57] [GET] [NORMAL] (ID : 1) - /my_space
[12:32:02] [GET] [NORMAL] (ID : 2) - /user_space/AprilQM
[12:32:07] [GET] [NORMAL] (ID : 1) - /my_space
[12:32:39] [GET] [NORMAL] (ID : 2) - /my_space
[12:32:40] [GET] [NORMAL] (ID : 1) - /user_space/yueyan
[12:32:54] [GET] [NORMAL] (ID : 1) - /user_space/yueyan
[12:33:10] [GET] [NORMAL] (ID : 1) - /user_space/feiherui
[12:33:28] [GET] [NORMAL] (ID : 2) - /my_space
[12:33:51] [GET] [NORMAL] (ID : 1) - /user_space/feiherui12
[12:33:54] [GET] [NORMAL] (ID : 1) - /user_space/feiherui
[12:34:19] [GET] [NORMAL] (ID : 2) - /user_space/feihenrui
[12:34:24] [GET] [NORMAL] (ID : 1) - /user_space/feiherui
[12:34:28] [GET] [NORMAL] (ID : 2) - /user_space/feihenrui
[12:34:53] [GET] [NORMAL] (ID : 2) - /user_space/feiherui
[12:37:11] [GET] [NORMAL] (ID : 1) - /user_space/feiherui
[12:37:14] [GET] [NORMAL] (ID : 1) - /user_spac
[12:37:31] [GET] [NORMAL] (ID : 1) - /user_space/feiherui2
[12:37:45] [GET] [NORMAL] (ID : 1) - /user_space/feiherui2
[12:38:03] [GET] [NORMAL] (ID : 1) - /user_space/feiherui2
[12:38:17] [GET] [NORMAL] (ID : 1) - /user_space/feiherui2
[12:38:25] [GET] [NORMAL] (ID : 1) - /user_space/feiherui2
[12:38:37] [GET] [NORMAL] (ID : 1) - /user_space/feiherui2
[12:39:18] [GET] [NORMAL] (ID : 1) - /user_space/feiherui2
[12:39:23] [GET] [NORMAL] (ID : 1) - /user_space/feiherui2
[12:39:25] [GET] [NORMAL] (ID : 1) - /user_space/feiherui
[12:39:45] [GET] [NORMAL] (ID : 1) - /user_space/feiherui
[12:39:51] [GET] [NORMAL] (ID : 1) - /setting
[12:40:00] [GET] [NORMAL] (ID : 1) - /my_space
[12:42:30] [GET] [NORMAL] (ID : 1) - /my_space
[12:43:28] [GET] [NORMAL] (ID : 1) - /my_space
[12:43:32] [GET] [NORMAL] (ID : 1) - /praise_list
[12:43:32] [GET] [NORMAL] (ID : 1) - /favicon.ico
[12:45:14] [GET] [NORMAL] (ID : 1) - /praise_list
[12:45:38] [GET] [NORMAL] (ID : 1) - /praise_list
[12:46:00] [GET] [NORMAL] (ID : 1) - /praise_list
[12:47:36] [GET] [NORMAL] (ID : 1) - /praise_list
[12:49:11] [GET] [NORMAL] (ID : 1) - /praise_list
[12:49:45] [GET] [NORMAL] (ID : 1) - /praise_list
[12:50:44] [GET] [NORMAL] (ID : 1) - /praise_list
[12:50:59] [GET] [NORMAL] (ID : 1) - /praise_list
[12:51:12] [GET] [NORMAL] (ID : 1) - /praise_list
[12:52:16] [GET] [NORMAL] (ID : 1) - /praise_list
[12:52:38] [GET] [NORMAL] (ID : 1) - /praise_list
[12:54:05] [GET] [NORMAL] (ID : 1) - /praise_list
[12:54:18] [GET] [NORMAL] (ID : 1) - /praise_list
[12:54:24] [GET] [NORMAL] (ID : 1) - /praise_list
[12:54:48] [GET] [NORMAL] (ID : 1) - /praise_list
[12:55:11] [GET] [NORMAL] (ID : 1) - /praise_list
[12:55:24] [GET] [NORMAL] (ID : 1) - /praise_list
[12:55:47] [GET] [NORMAL] (ID : 1) - /praise_list
[12:56:05] [GET] [NORMAL] (ID : 1) - /praise_list
[12:56:20] [GET] [NORMAL] (ID : 1) - /praise_list
[12:57:50] [GET] [NORMAL] (ID : 1) - /praise_list
[12:57:59] [GET] [NORMAL] (ID : 1) - /praise_list
[12:58:10] [GET] [NORMAL] (ID : 1) - /praise_list
[12:58:28] [GET] [NORMAL] (ID : 1) - /praise_list
[12:58:49] [GET] [NORMAL] (ID : 1) - /praise_list
[12:59:01] [GET] [NORMAL] (ID : 1) - /praise_list
[12:59:17] [GET] [NORMAL] (ID : 1) - /praise_list
[12:59:31] [GET] [NORMAL] (ID : 1) - /praise_list
[12:59:49] [GET] [NORMAL] (ID : 1) - /praise_list
[12:59:55] [GET] [NORMAL] (ID : 1) - /praise_list
[13:00:09] [GET] [NORMAL] (ID : 1) - /praise_list
[13:00:22] [GET] [NORMAL] (ID : 1) - /praise_list
[13:00:48] [GET] [NORMAL] (ID : 1) - /praise_list
[13:01:25] [GET] [NORMAL] (ID : 1) - /praise_list
[13:01:35] [GET] [NORMAL] (ID : 1) - /praise_list
[13:01:54] [GET] [NORMAL] (ID : 1) - /praise_list
[13:02:13] [GET] [NORMAL] (ID : 1) - /praise_list
[13:02:26] [GET] [NORMAL] (ID : 1) - /praise_list
[13:02:40] [GET] [NORMAL] (ID : 1) - /praise_list
[13:03:00] [GET] [NORMAL] (ID : 1) - /praise_list
[13:03:18] [GET] [NORMAL] (ID : 1) - /praise_list
[13:03:54] [GET] [NORMAL] (ID : 1) - /praise_list
[13:04:21] [GET] [NORMAL] (ID : 1) - /praise_list
[13:04:34] [GET] [NORMAL] (ID : 1) - /praise_list
[13:04:50] [GET] [NORMAL] (ID : 1) - /praise_list
[13:05:00] [GET] [NORMAL] (ID : 1) - /praise_list
[13:05:13] [GET] [NORMAL] (ID : 1) - /praise_list
[13:06:09] [GET] [NORMAL] (ID : 1) - /praise_list
[13:06:26] [GET] [NORMAL] (ID : 1) - /praise_list
[13:06:49] [GET] [NORMAL] (ID : 1) - /praise_list
[13:06:58] [GET] [NORMAL] (ID : 1) - /praise_list
[13:07:17] [GET] [NORMAL] (ID : 1) - /praise_list
[13:10:23] [GET] [NORMAL] (ID : 1) - /praise_list
[13:11:00] [GET] [NORMAL] (ID : 1) - /praise_list
[13:11:12] [GET] [NORMAL] (ID : 1) - /praise_list
[13:11:34] [GET] [NORMAL] (ID : 1) - /praise_list
[13:11:51] [GET] [NORMAL] (ID : 1) - /praise_list
[13:12:04] [GET] [NORMAL] (ID : 1) - /praise_list
[13:12:10] [GET] [NORMAL] (ID : 1) - /praise_list
[13:12:28] [GET] [NORMAL] (ID : 1) - /praise_list
[13:12:44] [GET] [NORMAL] (ID : 1) - /praise_list
[13:13:37] [GET] [NORMAL] (ID : 1) - /praise_list
[13:14:01] [GET] [NORMAL] (ID : 1) - /praise_list
[13:14:21] [GET] [NORMAL] (ID : 1) - /praise_list
[13:14:40] [GET] [NORMAL] (ID : 1) - /praise_list
[13:14:48] [GET] [NORMAL] (ID : 1) - /praise_list
[13:14:56] [GET] [NORMAL] (ID : 1) - /praise_list
[13:15:06] [GET] [NORMAL] (ID : 1) - /praise_list
[13:15:32] [GET] [NORMAL] (ID : 1) - /praise_list
[13:15:51] [GET] [NORMAL] (ID : 1) - /praise_list
[13:16:03] [GET] [NORMAL] (ID : 1) - /praise_list
[13:17:30] [GET] [NORMAL] (ID : 1) - /praise_list
[13:17:33] [GET] [NORMAL] (ID : 1) - /user_space/AprilQM
[13:17:36] [GET] [NORMAL] (ID : 1) - /praise_list
[13:17:39] [GET] [NORMAL] (ID : 1) - /user_space/August13
[13:17:43] [GET] [NORMAL] (ID : 1) - /user_space/AprilQM
[13:17:54] [GET] [NORMAL] (ID : 1) - /praise_list
[13:17:56] [GET] [NORMAL] (ID : 1) - /my_space
[13:17:59] [GET] [NORMAL] (ID : 1) - /praise_list
[13:18:03] [GET] [NORMAL] (ID : 1) - /user_space/yueyan
[13:18:08] [GET] [NORMAL] (ID : 1) - /my_space
[13:18:12] [GET] [NORMAL] (ID : 1) - /praise_list
[13:18:26] [GET] [NORMAL] (ID : 1) - /my_space
[13:18:37] [GET] [NORMAL] (ID : 1) - /praise_list
[13:18:40] [GET] [NORMAL] (ID : 1) - /user_space/yueyan
[13:18:45] [GET] [NORMAL] (ID : 1) - /my_space
[13:18:49] [GET] [NORMAL] (ID : 1) - /praise_list
[13:18:52] [GET] [NORMAL] (ID : 1) - /user_space/feiherui
[16:50:50] [GET] [NORMAL] (ID : 0) - /
[16:50:50] [GET] [NORMAL] (ID : 0) - /home
[16:50:54] [GET] [NORMAL] (ID : 0) - /my_space
[16:50:54] [GET] [NORMAL] (ID : 0) - /auth
[16:51:01] [GET] [NORMAL] (ID : 0) - /
[16:51:01] [GET] [NORMAL] (ID : 0) - /home
[16:51:11] [GET] [NORMAL] (ID : 0) - /my_space
[16:51:11] [GET] [NORMAL] (ID : 0) - /auth
[16:51:20] [GET] [NORMAL] (ID : 1) - /my_space
[16:51:27] [GET] [NORMAL] (ID : 1) - /praise_list
[16:51:49] [GET] [NORMAL] (ID : 1) - /setting
[16:51:55] [GET] [NORMAL] (ID : 1) - /my_space
[16:51:59] [GET] [NORMAL] (ID : 1) - /praise_list
[16:52:52] [GET] [NORMAL] (ID : 1) - /praise_list
[16:53:52] [GET] [NORMAL] (ID : 1) - /praise_list
[16:54:39] [GET] [NORMAL] (ID : 1) - /praise_list
[16:54:47] [GET] [NORMAL] (ID : 1) - /praise_list
[16:54:59] [GET] [NORMAL] (ID : 1) - /praise_list
[16:56:09] [GET] [NORMAL] (ID : 1) - /praise_list
[16:56:32] [GET] [NORMAL] (ID : 1) - /praise_list
[16:57:31] [GET] [NORMAL] (ID : 1) - /praise_list
[16:57:40] [GET] [NORMAL] (ID : 1) - /praise_list
[16:57:59] [GET] [NORMAL] (ID : 1) - /praise_list
[16:58:29] [GET] [NORMAL] (ID : 1) - /praise_list
[16:58:45] [GET] [NORMAL] (ID : 1) - /praise_list
[16:58:47] [GET] [NORMAL] (ID : 1) - /praise_list
[16:58:48] [GET] [NORMAL] (ID : 1) - /praise_list
[16:58:51] [GET] [NORMAL] (ID : 1) - /praise_list
[16:58:58] [GET] [NORMAL] (ID : 1) - /user_space/August13
[16:59:04] [GET] [NORMAL] (ID : 1) - /my_space
[16:59:08] [GET] [NORMAL] (ID : 1) - /praise_list
[16:59:21] [GET] [NORMAL] (ID : 1) - /my_space
[16:59:24] [GET] [NORMAL] (ID : 1) - /setting
[16:59:26] [GET] [NORMAL] (ID : 0) - /home
[16:59:29] [GET] [NORMAL] (ID : 0) - /my_space
[16:59:29] [GET] [NORMAL] (ID : 0) - /auth
[16:59:36] [GET] [NORMAL] (ID : 5) - /my_space
[16:59:42] [GET] [NORMAL] (ID : 5) - /praise_list
[16:59:45] [GET] [NORMAL] (ID : 5) - /user_space/AprilQM
[16:59:54] [GET] [NORMAL] (ID : 5) - /setting
[16:59:58] [GET] [NORMAL] (ID : 0) - /
[16:59:58] [GET] [NORMAL] (ID : 0) - /home
[16:59:59] [GET] [NORMAL] (ID : 5) - /my_space
[17:00:01] [GET] [NORMAL] (ID : 0) - /my_space
[17:00:01] [GET] [NORMAL] (ID : 0) - /auth
[17:00:02] [GET] [NORMAL] (ID : 5) - /setting
[17:00:05] [GET] [NORMAL] (ID : 5) - /my_space
[17:00:11] [GET] [NORMAL] (ID : 3) - /my_space
[17:00:14] [GET] [NORMAL] (ID : 3) - /praise_list
[17:00:17] [GET] [NORMAL] (ID : 3) - /user_space/AprilQM
[17:00:29] [GET] [NORMAL] (ID : 3) - /user_space/April
[17:00:31] [GET] [NORMAL] (ID : 5) - /praise_list
[17:00:36] [GET] [NORMAL] (ID : 5) - /my_space
[17:00:40] [GET] [NORMAL] (ID : 5) - /praise_list
[17:00:43] [GET] [NORMAL] (ID : 5) - /user_space/August13
[17:01:14] [GET] [NORMAL] (ID : 5) - /setting
[17:01:50] [GET] [NORMAL] (ID : 5) - /my_space
[17:01:59] [GET] [NORMAL] (ID : 5) - /setting
[17:02:03] [GET] [NORMAL] (ID : 5) - /home
[17:02:06] [GET] [NORMAL] (ID : 5) - /notification
[17:02:10] [GET] [NORMAL] (ID : 5) - /setting
[17:02:25] [GET] [NORMAL] (ID : 0) - /home
[17:02:29] [GET] [NORMAL] (ID : 0) - /my_space
[17:02:29] [GET] [NORMAL] (ID : 0) - /auth
[17:02:35] [GET] [NORMAL] (ID : 1) - /my_space
[17:02:39] [GET] [NORMAL] (ID : 1) - /praise_list
[17:03:09] [GET] [NORMAL] (ID : 1) - /my_space
[17:04:27] [GET] [NORMAL] (ID : 1) - /
[17:04:27] [GET] [NORMAL] (ID : 1) - /home
[17:04:33] [GET] [NORMAL] (ID : 1) - /my_space
[17:04:37] [GET] [NORMAL] (ID : 1) - /praise_list
[17:04:41] [GET] [NORMAL] (ID : 1) - /user_space/yueyan
[17:05:09] [GET] [NORMAL] (ID : 1) - /setting
[17:05:26] [GET] [NORMAL] (ID : 1) - /user_space/AprilQM
[17:05:34] [GET] [NORMAL] (ID : 3) - /user_space/AprilQM
[17:05:38] [GET] [NORMAL] (ID : 3) - /my_space
[17:05:47] [GET] [NORMAL] (ID : 1) - /my_space
[17:05:50] [GET] [NORMAL] (ID : 1) - /favicon.ico
[17:06:00] [GET] [NORMAL] (ID : 3) - /favicon.ico
[17:06:30] [GET] [NORMAL] (ID : 3) - /my_space
[17:06:36] [GET] [NORMAL] (ID : 3) - /my_space
