[09:58:47] [GET] [NORMAL] (ID : 1) - /
[09:58:47] [GET] [NORMAL] (ID : 1) - /home
[09:58:51] [GET] [NORMAL] (ID : 1) - /setting
[09:58:53] [GET] [NORMAL] (ID : 1) - /my_space
[09:58:59] [GET] [NORMAL] (ID : 1) - /setting
[09:59:07] [GET] [NORMAL] (ID : 1) - /friend
[09:59:13] [GET] [NORMAL] (ID : 1) - /user_space/yueyan
[10:00:15] [GET] [NORMAL] (ID : 1) - /user_space/yueyan
[10:00:25] [GET] [NORMAL] (ID : 1) - /my_space
[10:01:03] [GET] [NORMAL] (ID : 1) - /my_space
[10:01:10] [GET] [NORMAL] (ID : 1) - /praise_list
[10:01:13] [GET] [NORMAL] (ID : 1) - /user_space/AprilQM
[10:01:16] [GET] [NORMAL] (ID : 1) - /my_space
[10:01:38] [GET] [NORMAL] (ID : 1) - /friend
[10:01:44] [GET] [NORMAL] (ID : 1) - /user_space/April
[10:09:44] [GET] [NORMAL] (ID : 1) - /user_space/April
[10:09:52] [GET] [NORMAL] (ID : 1) - /notification
[10:10:32] [GET] [NORMAL] (ID : 1) - /notification
[10:20:36] [GET] [NORMAL] (ID : 1) - /friend
[10:20:43] [GET] [NORMAL] (ID : 1) - /user_space/yueyan
[10:21:02] [GET] [NORMAL] (ID : 1) - /friend
[10:21:52] [GET] [NORMAL] (ID : 1) - /user_space/August13
[10:22:01] [GET] [NORMAL] (ID : 1) - /friend
[10:22:04] [GET] [NORMAL] (ID : 1) - /notification
[10:31:35] [GET] [NORMAL] (ID : 1) - /notification
[10:31:47] [GET] [NORMAL] (ID : 1) - /notification
[10:36:06] [GET] [NORMAL] (ID : 1) - /notification
[10:40:53] [GET] [NORMAL] (ID : 1) - /notification
[10:42:38] [GET] [NORMAL] (ID : 1) - /notification
[10:43:00] [GET] [NORMAL] (ID : 1) - /notification
[10:43:03] [GET] [NORMAL] (ID : 1) - /notification
[10:56:05] [GET] [NORMAL] (ID : 1) - /notification
[10:56:43] [GET] [NORMAL] (ID : 1) - /notification
[10:56:54] [GET] [NORMAL] (ID : 1) - /notification
[10:57:06] [GET] [NORMAL] (ID : 1) - /notification
[10:57:18] [GET] [NORMAL] (ID : 1) - /notification
[10:57:26] [GET] [NORMAL] (ID : 1) - /notification
[10:57:41] [GET] [NORMAL] (ID : 1) - /notification
[10:57:51] [GET] [NORMAL] (ID : 1) - /notification
[10:57:56] [GET] [NORMAL] (ID : 1) - /notification
[10:59:07] [GET] [NORMAL] (ID : 1) - /notification
[10:59:14] [GET] [NORMAL] (ID : 1) - /notification
[10:59:23] [GET] [NORMAL] (ID : 1) - /friend
[11:00:10] [GET] [NORMAL] (ID : 1) - /friend
[11:00:17] [GET] [NORMAL] (ID : 1) - /friend
[11:00:29] [GET] [NORMAL] (ID : 1) - /friend
[11:00:42] [GET] [NORMAL] (ID : 1) - /friend
[11:01:17] [GET] [NORMAL] (ID : 1) - /friend
[11:01:41] [GET] [NORMAL] (ID : 1) - /friend
[11:01:52] [GET] [NORMAL] (ID : 1) - /friend
[11:02:07] [GET] [NORMAL] (ID : 1) - /friend
[11:02:29] [GET] [NORMAL] (ID : 1) - /friend
[11:02:41] [GET] [NORMAL] (ID : 1) - /friend
[11:03:07] [GET] [NORMAL] (ID : 1) - /friend
[11:03:34] [GET] [NORMAL] (ID : 1) - /friend
[11:03:52] [GET] [NORMAL] (ID : 1) - /friend
[11:04:05] [GET] [NORMAL] (ID : 1) - /friend
[11:04:33] [GET] [NORMAL] (ID : 1) - /friend
[11:05:06] [GET] [NORMAL] (ID : 1) - /friend
[11:05:18] [GET] [NORMAL] (ID : 1) - /friend
[11:05:30] [GET] [NORMAL] (ID : 1) - /friend
[11:05:54] [GET] [NORMAL] (ID : 1) - /friend
[11:06:02] [GET] [NORMAL] (ID : 1) - /friend
[11:06:39] [GET] [NORMAL] (ID : 1) - /friend
[11:07:34] [GET] [NORMAL] (ID : 1) - /friend
[11:08:26] [GET] [NORMAL] (ID : 5) - /
[11:08:26] [GET] [NORMAL] (ID : 5) - /home
[11:08:30] [GET] [NORMAL] (ID : 5) - /my_space
[11:08:36] [GET] [NORMAL] (ID : 5) - /friend
[11:08:38] [GET] [NORMAL] (ID : 5) - /friend
[11:08:41] [GET] [NORMAL] (ID : 1) - /friend
[11:08:49] [GET] [NORMAL] (ID : 1) - /friend
[11:10:06] [GET] [NORMAL] (ID : 1) - /friend
[11:10:12] [GET] [NORMAL] (ID : 5) - /friend
[11:10:19] [GET] [NORMAL] (ID : 5) - /forum
[11:10:22] [GET] [NORMAL] (ID : 5) - /friend
[11:10:28] [GET] [NORMAL] (ID : 5) - /friend
[11:10:39] [GET] [NORMAL] (ID : 5) - /friend
[11:11:10] [GET] [NORMAL] (ID : 0) - /
[11:11:10] [GET] [NORMAL] (ID : 0) - /home
[11:11:14] [GET] [NORMAL] (ID : 0) - /my_space
[11:11:14] [GET] [NORMAL] (ID : 0) - /auth
[11:11:18] [GET] [NORMAL] (ID : 1) - /my_space
[11:11:24] [GET] [NORMAL] (ID : 1) - /friend
[11:11:40] [GET] [NORMAL] (ID : 5) - /friend
[11:11:42] [GET] [NORMAL] (ID : 5) - /friend
[11:11:52] [GET] [NORMAL] (ID : 1) - /friend
[11:12:08] [GET] [NORMAL] (ID : 5) - /friend
[11:12:26] [GET] [NORMAL] (ID : 1) - /friend
[11:12:47] [GET] [NORMAL] (ID : 1) - /friend
[11:12:58] [GET] [NORMAL] (ID : 1) - /friend
[11:13:11] [GET] [NORMAL] (ID : 5) - /my_space
[11:13:19] [GET] [NORMAL] (ID : 5) - /praise_list
[11:13:21] [GET] [NORMAL] (ID : 5) - /user_space/AprilQM
[11:13:26] [GET] [NORMAL] (ID : 5) - /setting
[11:13:30] [GET] [NORMAL] (ID : 5) - /my_space
[11:13:34] [GET] [NORMAL] (ID : 5) - /praise_list
[11:13:40] [GET] [NORMAL] (ID : 5) - /user_space/AprilQM
[11:13:44] [GET] [NORMAL] (ID : 1) - /my_space
[11:13:47] [GET] [NORMAL] (ID : 1) - /praise_list
[11:14:15] [GET] [NORMAL] (ID : 1) - /praise_list
[11:14:22] [GET] [NORMAL] (ID : 5) - /my_space
[11:14:24] [GET] [NORMAL] (ID : 5) - /praise_list
[11:14:28] [GET] [NORMAL] (ID : 5) - /user_space/AprilQM
[11:14:36] [GET] [NORMAL] (ID : 1) - /setting
[11:14:38] [GET] [NORMAL] (ID : 5) - /user_space/AprilQM
[11:14:48] [GET] [NORMAL] (ID : 5) - /my_space
[11:14:52] [GET] [NORMAL] (ID : 5) - /friend
[11:15:01] [GET] [NORMAL] (ID : 1) - /friend
[11:15:19] [GET] [NORMAL] (ID : 5) - /friend
[11:15:38] [GET] [NORMAL] (ID : 5) - /notification
[11:15:44] [GET] [NORMAL] (ID : 5) - /friend
[11:18:25] [GET] [NORMAL] (ID : 5) - /friend
[11:18:48] [GET] [NORMAL] (ID : 5) - /friend
[11:19:07] [GET] [NORMAL] (ID : 1) - /friend
[11:19:22] [GET] [NORMAL] (ID : 1) - /friend
[11:19:32] [GET] [NORMAL] (ID : 1) - /friend
[11:19:39] [GET] [NORMAL] (ID : 5) - /friend
[11:21:19] [GET] [NORMAL] (ID : 1) - /friend
[11:22:07] [GET] [NORMAL] (ID : 1) - /friend
[11:22:09] [GET] [NORMAL] (ID : 5) - /friend
[11:22:33] [GET] [NORMAL] (ID : 1) - /friend
[11:22:35] [GET] [NORMAL] (ID : 5) - /friend
[11:23:08] [GET] [NORMAL] (ID : 1) - /friend
[11:23:13] [GET] [NORMAL] (ID : 1) - /friend
[11:23:27] [GET] [NORMAL] (ID : 5) - /user_space/AprilQM
[11:23:55] [GET] [NORMAL] (ID : 1) - /friend
[11:24:03] [GET] [NORMAL] (ID : 5) - /user_space/AprilQM
[11:24:06] [GET] [NORMAL] (ID : 5) - /friend
[11:24:26] [GET] [NORMAL] (ID : 0) - /
[11:24:26] [GET] [NORMAL] (ID : 0) - /home
[11:24:30] [GET] [NORMAL] (ID : 0) - /my_space
[11:24:30] [GET] [NORMAL] (ID : 0) - /auth
[11:24:40] [GET] [NORMAL] (ID : 1) - /my_space
[11:24:46] [GET] [NORMAL] (ID : 1) - /friend
[11:25:17] [GET] [NORMAL] (ID : 1) - /friend
[11:25:35] [GET] [NORMAL] (ID : 5) - /friend
[11:27:05] [GET] [NORMAL] (ID : 5) - /friend
[11:27:58] [GET] [NORMAL] (ID : 1) - /friend
[11:28:01] [GET] [NORMAL] (ID : 5) - /friend
[11:28:12] [GET] [NORMAL] (ID : 1) - /friend
[11:28:13] [GET] [NORMAL] (ID : 5) - /friend
[11:28:39] [GET] [NORMAL] (ID : 1) - /friend
[11:28:41] [GET] [NORMAL] (ID : 5) - /friend
[11:29:00] [GET] [NORMAL] (ID : 5) - /friend
[11:29:17] [GET] [NORMAL] (ID : 5) - /notification
[11:29:50] [GET] [NORMAL] (ID : 5) - /notification
[11:30:03] [GET] [NORMAL] (ID : 5) - /notification
[11:30:13] [GET] [NORMAL] (ID : 1) - /friend
[11:30:44] [GET] [NORMAL] (ID : 1) - /friend
[11:31:30] [GET] [NORMAL] (ID : 1) - /friend
[11:31:44] [GET] [NORMAL] (ID : 1) - /friend
[11:32:01] [GET] [NORMAL] (ID : 1) - /friend
[11:32:10] [GET] [NORMAL] (ID : 5) - /friend
[11:32:54] [GET] [NORMAL] (ID : 1) - /friend
[11:32:56] [GET] [NORMAL] (ID : 1) - /notification
[11:33:00] [GET] [NORMAL] (ID : 1) - /friend
[11:33:16] [GET] [NORMAL] (ID : 1) - /notification
[11:33:25] [GET] [NORMAL] (ID : 1) - /notification
[11:33:28] [GET] [NORMAL] (ID : 1) - /friend
[11:33:45] [GET] [NORMAL] (ID : 1) - /friend
[11:34:03] [GET] [NORMAL] (ID : 1) - /friend
[11:34:11] [GET] [NORMAL] (ID : 1) - /friend
[11:34:19] [GET] [NORMAL] (ID : 1) - /friend
[11:34:37] [GET] [NORMAL] (ID : 1) - /friend
[11:34:52] [GET] [NORMAL] (ID : 1) - /notification
[11:35:06] [GET] [NORMAL] (ID : 1) - /notification
[11:35:21] [GET] [NORMAL] (ID : 1) - /notification
[11:35:29] [GET] [NORMAL] (ID : 1) - /notification
[11:35:39] [GET] [NORMAL] (ID : 1) - /notification
[11:35:53] [GET] [NORMAL] (ID : 1) - /friend
[11:41:40] [GET] [NORMAL] (ID : 1) - /user_space/AprilQM
[11:41:44] [GET] [NORMAL] (ID : 1) - /friend
[11:41:47] [GET] [NORMAL] (ID : 1) - /notification
[11:42:56] [GET] [NORMAL] (ID : 1) - /notification
[11:43:03] [GET] [NORMAL] (ID : 1) - /notification
[11:43:19] [GET] [NORMAL] (ID : 1) - /notification
[11:43:26] [GET] [NORMAL] (ID : 1) - /notification
[11:43:34] [GET] [NORMAL] (ID : 1) - /notification
[11:43:50] [GET] [NORMAL] (ID : 1) - /notification
[11:43:57] [GET] [NORMAL] (ID : 1) - /notification
[11:44:09] [GET] [NORMAL] (ID : 1) - /notification
[11:44:21] [GET] [NORMAL] (ID : 1) - /notification
[11:44:44] [GET] [NORMAL] (ID : 1) - /notification
[11:44:49] [GET] [NORMAL] (ID : 1) - /notification
[11:44:58] [GET] [NORMAL] (ID : 1) - /notification
[11:45:03] [GET] [NORMAL] (ID : 1) - /notification
[11:45:24] [GET] [NORMAL] (ID : 1) - /notification
[11:46:42] [GET] [NORMAL] (ID : 1) - /notification
[11:46:46] [GET] [NORMAL] (ID : 1) - /notification
[11:47:05] [GET] [NORMAL] (ID : 1) - /notification
[11:47:11] [GET] [NORMAL] (ID : 1) - /notification
[11:47:19] [GET] [NORMAL] (ID : 1) - /notification
[11:47:41] [GET] [NORMAL] (ID : 1) - /notification
[11:48:16] [GET] [NORMAL] (ID : 1) - /notification
[11:48:51] [GET] [NORMAL] (ID : 1) - /notification
[11:49:08] [GET] [NORMAL] (ID : 1) - /notification
[11:49:14] [GET] [NORMAL] (ID : 1) - /notification
[11:49:32] [GET] [NORMAL] (ID : 1) - /notification
[11:49:41] [GET] [NORMAL] (ID : 1) - /notification
[11:49:50] [GET] [NORMAL] (ID : 1) - /notification
[11:50:25] [GET] [NORMAL] (ID : 1) - /notification
[11:51:21] [GET] [NORMAL] (ID : 1) - /notification
[11:52:33] [GET] [NORMAL] (ID : 1) - /notification
[11:53:16] [GET] [NORMAL] (ID : 1) - /notification
[11:53:37] [GET] [NORMAL] (ID : 1) - /notification
[11:54:13] [GET] [NORMAL] (ID : 1) - /notification
[11:54:49] [GET] [NORMAL] (ID : 1) - /notification
[11:55:10] [GET] [NORMAL] (ID : 1) - /notification
[11:55:24] [GET] [NORMAL] (ID : 1) - /notification
[11:55:38] [GET] [NORMAL] (ID : 1) - /notification
[11:55:48] [GET] [NORMAL] (ID : 1) - /notification
[11:55:54] [GET] [NORMAL] (ID : 1) - /notification
[11:56:08] [GET] [NORMAL] (ID : 1) - /notification
[11:56:24] [GET] [NORMAL] (ID : 1) - /notification
[11:56:30] [GET] [NORMAL] (ID : 1) - /notification
[11:56:37] [GET] [NORMAL] (ID : 1) - /notification
[11:56:43] [GET] [NORMAL] (ID : 1) - /setting
[11:56:47] [GET] [NORMAL] (ID : 1) - /friend
[11:56:50] [GET] [NORMAL] (ID : 1) - /notification
[11:57:00] [GET] [NORMAL] (ID : 1) - /notification
[11:57:06] [GET] [NORMAL] (ID : 1) - /notification
[11:57:14] [GET] [NORMAL] (ID : 1) - /setting
[11:57:19] [GET] [NORMAL] (ID : 1) - /notification
[11:57:28] [GET] [NORMAL] (ID : 1) - /notification
[11:57:42] [GET] [NORMAL] (ID : 1) - /notification
[11:58:24] [GET] [NORMAL] (ID : 1) - /notification
[11:58:30] [GET] [NORMAL] (ID : 1) - /notification
[11:58:50] [GET] [NORMAL] (ID : 1) - /notification
[11:59:00] [GET] [NORMAL] (ID : 1) - /notification
[11:59:06] [GET] [NORMAL] (ID : 1) - /notification
[11:59:13] [GET] [NORMAL] (ID : 1) - /notification
[11:59:19] [GET] [NORMAL] (ID : 1) - /notification
[11:59:37] [GET] [NORMAL] (ID : 1) - /notification
[11:59:49] [GET] [NORMAL] (ID : 1) - /notification
[12:00:02] [GET] [NORMAL] (ID : 1) - /notification
[12:00:54] [GET] [NORMAL] (ID : 1) - /notification
[12:01:08] [GET] [NORMAL] (ID : 1) - /notification
[12:01:49] [GET] [NORMAL] (ID : 1) - /notification
[12:01:58] [GET] [NORMAL] (ID : 1) - /notification
[12:02:11] [GET] [NORMAL] (ID : 1) - /notification
[12:02:21] [GET] [NORMAL] (ID : 1) - /notification
[12:02:45] [GET] [NORMAL] (ID : 1) - /notification
[12:02:52] [GET] [NORMAL] (ID : 1) - /notification
[12:03:49] [GET] [NORMAL] (ID : 1) - /notification
[12:04:44] [GET] [NORMAL] (ID : 1) - /notification
[12:04:52] [GET] [NORMAL] (ID : 1) - /notification
[12:05:08] [GET] [NORMAL] (ID : 1) - /notification
[12:05:23] [GET] [NORMAL] (ID : 1) - /notification
[12:05:35] [GET] [NORMAL] (ID : 1) - /notification
[12:06:03] [GET] [NORMAL] (ID : 1) - /notification
[12:24:15] [GET] [NORMAL] (ID : 1) - /notification
[12:27:39] [GET] [NORMAL] (ID : 1) - /notification
[12:27:51] [GET] [NORMAL] (ID : 1) - /notification
[12:28:16] [GET] [NORMAL] (ID : 1) - /notification
[12:28:30] [GET] [NORMAL] (ID : 1) - /notification
[12:29:06] [GET] [NORMAL] (ID : 1) - /notification
[12:29:11] [GET] [NORMAL] (ID : 1) - /notification
[12:29:42] [GET] [NORMAL] (ID : 1) - /notification
[12:30:04] [GET] [NORMAL] (ID : 1) - /notification
[12:30:29] [GET] [NORMAL] (ID : 1) - /notification
[12:31:01] [GET] [NORMAL] (ID : 1) - /notification
[12:31:07] [GET] [NORMAL] (ID : 1) - /notification
[12:31:11] [GET] [NORMAL] (ID : 1) - /notification
[12:32:43] [GET] [NORMAL] (ID : 1) - /notification
[12:32:48] [GET] [NORMAL] (ID : 1) - /notification
[12:32:57] [GET] [NORMAL] (ID : 1) - /notification
[12:33:04] [GET] [NORMAL] (ID : 5) - /friend
[12:33:09] [GET] [NORMAL] (ID : 5) - /notification
[12:33:21] [GET] [NORMAL] (ID : 5) - /forum
[12:33:28] [GET] [NORMAL] (ID : 1) - /setting
[12:33:34] [GET] [NORMAL] (ID : 1) - /notification
[12:34:07] [GET] [NORMAL] (ID : 1) - /notification
[12:34:47] [GET] [NORMAL] (ID : 1) - /notification
[12:35:09] [GET] [NORMAL] (ID : 1) - /notification
[12:35:24] [GET] [NORMAL] (ID : 1) - /notification
[12:36:08] [GET] [NORMAL] (ID : 1) - /notification
[12:36:31] [GET] [NORMAL] (ID : 1) - /notification
[12:37:03] [GET] [NORMAL] (ID : 1) - /notification
[12:37:07] [GET] [NORMAL] (ID : 1) - /notification
[12:37:27] [GET] [NORMAL] (ID : 1) - /notification
[12:37:42] [GET] [NORMAL] (ID : 1) - /notification
[12:40:56] [GET] [NORMAL] (ID : 1) - /notification
[12:41:12] [GET] [NORMAL] (ID : 1) - /notification
[12:41:27] [GET] [NORMAL] (ID : 1) - /setting
[12:42:06] [GET] [NORMAL] (ID : 1) - /setting
[12:42:22] [GET] [NORMAL] (ID : 1) - /setting
[12:42:31] [GET] [NORMAL] (ID : 1) - /setting
[12:42:53] [GET] [NORMAL] (ID : 1) - /setting
[12:42:57] [GET] [NORMAL] (ID : 1) - /setting
[12:43:09] [GET] [NORMAL] (ID : 1) - /setting
[12:43:27] [GET] [NORMAL] (ID : 1) - /setting
[12:43:45] [GET] [NORMAL] (ID : 1) - /friend
[12:43:49] [GET] [NORMAL] (ID : 1) - /notification
[12:44:46] [GET] [NORMAL] (ID : 1) - /notification
[12:44:58] [GET] [NORMAL] (ID : 1) - /notification
[12:45:08] [GET] [NORMAL] (ID : 1) - /notification
[12:45:17] [GET] [NORMAL] (ID : 1) - /notification
[12:45:57] [GET] [NORMAL] (ID : 1) - /notification
[12:46:02] [GET] [NORMAL] (ID : 1) - /notification
[12:58:08] [GET] [NORMAL] (ID : 5) - /friend
[12:58:11] [GET] [NORMAL] (ID : 5) - /my_space
[12:58:14] [GET] [NORMAL] (ID : 5) - /praise_list
[12:58:25] [GET] [NORMAL] (ID : 5) - /praise_list
[12:58:28] [GET] [NORMAL] (ID : 5) - /my_space
[12:58:32] [GET] [NORMAL] (ID : 1) - /friend
[12:58:37] [GET] [NORMAL] (ID : 1) - /user_space/April
[12:59:00] [GET] [NORMAL] (ID : 5) - /my_space
[12:59:04] [GET] [NORMAL] (ID : 1) - /my_space
[12:59:08] [GET] [NORMAL] (ID : 5) - /friend
[12:59:14] [GET] [NORMAL] (ID : 5) - /user_space/AprilQM
[13:00:13] [GET] [NORMAL] (ID : 5) - /user_space/AprilQM
[13:00:25] [GET] [NORMAL] (ID : 1) - /my_space
[13:00:26] [GET] [NORMAL] (ID : 5) - /user_space/AprilQM
[13:01:00] [GET] [NORMAL] (ID : 5) - /user_space/AprilQM
[13:01:07] [GET] [NORMAL] (ID : 1) - /my_space
[13:01:09] [GET] [NORMAL] (ID : 5) - /user_space/AprilQM
[13:02:10] [GET] [NORMAL] (ID : 1) - /my_space
[13:02:11] [GET] [NORMAL] (ID : 5) - /user_space/AprilQM
[13:02:15] [GET] [NORMAL] (ID : 1) - /praise_list
[13:02:19] [GET] [NORMAL] (ID : 1) - /user_space/April
[13:02:32] [GET] [NORMAL] (ID : 1) - /user_space/April
[13:02:33] [GET] [NORMAL] (ID : 5) - /user_space/AprilQM
[13:02:37] [GET] [NORMAL] (ID : 1) - /praise_list
[13:02:39] [GET] [NORMAL] (ID : 1) - /user_space/April
[13:02:44] [GET] [NORMAL] (ID : 5) - /praise_list
[13:02:46] [GET] [NORMAL] (ID : 5) - /user_space/AprilQM
[13:03:15] [GET] [NORMAL] (ID : 1) - /user_space/April
[13:03:18] [GET] [NORMAL] (ID : 1) - /friend
[13:03:20] [GET] [NORMAL] (ID : 1) - /notification
