[17:45:43] [GET] [NORMAL] (ID : 1) - /
[17:45:43] [GET] [NORMAL] (ID : 1) - /home
[17:45:43] [GET] [API] (ID : 1) - /api/get_user_avatar_small
[17:45:47] [GET] [NORMAL] (ID : 1) - /my_space
[17:45:47] [GET] [API] (ID : 1) - /api/get_user_avatar_small
[17:47:20] [GET] [API] (ID : 1) - /api/get_user_avatar_small
[17:47:20] [GET] [NORMAL] (ID : 1) - /favicon.ico
[17:47:30] [GET] [API] (ID : 1) - /api/get_user_avatar_small/
[17:47:34] [GET] [API] (ID : 1) - /api/get_user_avatar_small/AprilQM
[17:48:27] [GET] [API] (ID : 1) - /api/get_user_avatar_small/AprilQM
[17:48:39] [GET] [API] (ID : 1) - /api/get_user_avatar_small/AprilQM
[17:48:53] [GET] [API] (ID : 1) - /api/get_user_avatar_small/AprilQM
[17:48:59] [GET] [API] (ID : 1) - /api/get_user_avatar_small
[17:48:59] [GET] [API] (ID : 1) - /api/get_user_avatar_small
[17:49:13] [GET] [API] (ID : 1) - /api/get_user_avatar_small
[17:49:20] [GET] [API] (ID : 1) - /api/get_user_avatar_small/AprilQM
[17:49:22] [GET] [API] (ID : 1) - /api/get_user_avatar_small
[17:49:22] [GET] [API] (ID : 1) - /api/get_user_avatar_small
[17:49:27] [GET] [NORMAL] (ID : 1) - /my_space
[17:49:28] [GET] [API] (ID : 1) - /api/get_user_avatar_small
[17:54:12] [GET] [NORMAL] (ID : 1) - /my_space
[17:54:12] [GET] [NORMAL] (ID : 1) - /my_space
[17:54:50] [GET] [NORMAL] (ID : 1) - /my_space
[17:55:15] [GET] [NORMAL] (ID : 1) - /my_space
[17:55:16] [GET] [NORMAL] (ID : 1) - /my_space
[17:55:17] [GET] [NORMAL] (ID : 1) - /home
[17:55:43] [GET] [NORMAL] (ID : 1) - /home
[17:55:58] [GET] [NORMAL] (ID : 1) - /home
[17:56:24] [GET] [NORMAL] (ID : 1) - /home
[17:56:50] [GET] [NORMAL] (ID : 1) - /home
[17:56:50] [GET] [API] (ID : 1) - /api/get_user_avatar_small/
[17:56:50] [GET] [API] (ID : 1) - /api/get_user_avatar_small
[17:57:03] [GET] [NORMAL] (ID : 1) - /home
[17:57:03] [GET] [API] (ID : 1) - /api/get_user_avatar_small/AprilQM
[17:57:03] [GET] [API] (ID : 1) - /api/get_user_avatar_small
[17:57:26] [GET] [NORMAL] (ID : 1) - /home
[17:57:26] [GET] [API] (ID : 1) - /api/get_user_avatar_small/AprilQM
[17:57:26] [GET] [API] (ID : 1) - /api/get_user_avatar_small
[17:57:38] [GET] [API] (ID : 1) - /api/logout
[17:57:38] [GET] [NORMAL] (ID : 0) - /home
[17:57:42] [GET] [API] (ID : 0) - /api/get_user_avatar_small
[17:57:46] [GET] [API] (ID : 0) - /api/get_user_avatar
[17:58:02] [GET] [NORMAL] (ID : 0) - /home
[17:58:12] [GET] [NORMAL] (ID : 0) - /
[17:58:12] [GET] [NORMAL] (ID : 0) - /home
[17:58:47] [GET] [NORMAL] (ID : 0) - /home
[17:58:47] [GET] [API] (ID : 0) - /api/get_user_avatar_small/游客
[17:58:47] [GET] [API] (ID : 0) - /api/get_user_avatar_small
[17:59:29] [GET] [NORMAL] (ID : 0) - /home
[17:59:29] [GET] [API] (ID : 0) - /api/get_user_avatar_small/游客
[17:59:29] [GET] [API] (ID : 0) - /api/get_user_avatar_small
[17:59:50] [GET] [NORMAL] (ID : 0) - /home
[17:59:50] [GET] [API] (ID : 0) - /api/get_user_avatar_small/游客
[17:59:55] [GET] [NORMAL] (ID : 0) - /cloud
[17:59:55] [GET] [NORMAL] (ID : 0) - /auth
[17:59:55] [GET] [API] (ID : 0) - /api/get_user_avatar_small/游客
[18:00:00] [POST] [API] (ID : 0) - /api/login
[18:00:01] [GET] [NORMAL] (ID : 1) - /cloud
[18:00:01] [GET] [API] (ID : 1) - /api/get_user_avatar_small/AprilQM
[18:00:21] [GET] [NORMAL] (ID : 1) - /cloud
[18:00:21] [GET] [API] (ID : 1) - /api/get_user_avatar_small/AprilQM
[18:00:25] [GET] [API] (ID : 1) - /api/get_user_avatar_small/AprilQM
[18:00:33] [GET] [API] (ID : 1) - /api/get_user_avatar_small/AprilQM
[18:00:36] [GET] [NORMAL] (ID : 1) - /cloud
[18:00:36] [GET] [API] (ID : 1) - /api/get_user_avatar_small/AprilQM
[18:00:42] [GET] [API] (ID : 1) - /api/get_user_avatar_small/AprilQM
[18:00:46] [GET] [API] (ID : 1) - /api/get_user_avatar
[18:01:03] [GET] [NORMAL] (ID : 1) - /my_space
[18:01:03] [GET] [API] (ID : 1) - /api/get_user_avatar_small/AprilQM
[18:05:05] [GET] [NORMAL] (ID : 1) - /my_space
[18:05:05] [GET] [API] (ID : 1) - /api/get_user_avatar_small/AprilQM
[18:05:11] [GET] [NORMAL] (ID : 1) - /home
[18:05:11] [GET] [API] (ID : 1) - /api/get_user_avatar_small/AprilQM
[18:05:13] [GET] [NORMAL] (ID : 1) - /cloud
[18:05:13] [GET] [API] (ID : 1) - /api/get_user_avatar_small/AprilQM
[18:05:16] [GET] [NORMAL] (ID : 1) - /my_space
[18:05:16] [GET] [API] (ID : 1) - /api/get_user_avatar_small/AprilQM
[18:05:54] [GET] [NORMAL] (ID : 1) - /my_space
[18:05:54] [GET] [API] (ID : 1) - /api/get_user_avatar_small/AprilQM
[18:06:07] [GET] [API] (ID : 1) - /api/get_user_avatar_small/AprilQM
[18:23:13] [GET] [NORMAL] (ID : 1) - /my_space
[18:23:13] [GET] [API] (ID : 1) - /api/get_user_avatar_small/AprilQM
[18:23:31] [GET] [NORMAL] (ID : 1) - /my_space
[18:23:31] [GET] [API] (ID : 1) - /api/get_user_avatar_small/AprilQM
[18:24:13] [GET] [NORMAL] (ID : 1) - /my_space
[18:24:13] [GET] [API] (ID : 1) - /api/get_user_avatar_small/AprilQM
[18:24:20] [GET] [NORMAL] (ID : 1) - /my_space
[18:24:20] [GET] [API] (ID : 1) - /api/get_user_avatar_small/AprilQM
[18:24:54] [GET] [NORMAL] (ID : 1) - /my_space
[18:24:54] [GET] [API] (ID : 1) - /api/get_user_avatar_small/AprilQM
[18:25:03] [GET] [NORMAL] (ID : 1) - /my_space
[18:25:03] [GET] [API] (ID : 1) - /api/get_user_avatar_small/AprilQM
[18:25:07] [GET] [NORMAL] (ID : 1) - /my_space
[18:25:07] [GET] [API] (ID : 1) - /api/get_user_avatar_small/AprilQM
[18:25:32] [GET] [NORMAL] (ID : 1) - /my_space
[18:25:32] [GET] [API] (ID : 1) - /api/get_user_avatar_small/AprilQM
[18:25:36] [GET] [NORMAL] (ID : 1) - /my_space
[18:25:36] [GET] [API] (ID : 1) - /api/get_user_avatar_small/AprilQM
[18:25:57] [GET] [NORMAL] (ID : 1) - /my_space
[18:25:57] [GET] [API] (ID : 1) - /api/get_user_avatar_small/AprilQM
[18:26:47] [GET] [NORMAL] (ID : 1) - /my_space
[18:26:47] [GET] [API] (ID : 1) - /api/get_user_avatar_small/AprilQM
[18:26:53] [GET] [NORMAL] (ID : 1) - /my_space
[18:26:53] [GET] [API] (ID : 1) - /api/get_user_avatar_small/AprilQM
[18:27:26] [GET] [NORMAL] (ID : 1) - /my_space
[18:27:26] [GET] [API] (ID : 1) - /api/get_user_avatar_small/AprilQM
[18:27:39] [GET] [NORMAL] (ID : 1) - /my_space
[18:27:39] [GET] [API] (ID : 1) - /api/get_user_avatar_small/AprilQM
[18:28:07] [GET] [NORMAL] (ID : 1) - /my_space
[18:28:07] [GET] [API] (ID : 1) - /api/get_user_avatar_small/AprilQM
[18:28:18] [GET] [NORMAL] (ID : 1) - /my_space
[18:28:18] [GET] [API] (ID : 1) - /api/get_user_avatar_small/AprilQM
[18:29:10] [GET] [NORMAL] (ID : 1) - /my_space
[18:29:10] [GET] [API] (ID : 1) - /api/get_user_avatar_small/AprilQM
[18:29:10] [GET] [API] (ID : 1) - /api/get_user_avatar
[18:29:32] [GET] [NORMAL] (ID : 1) - /my_space
[18:29:32] [GET] [API] (ID : 1) - /api/get_user_avatar_small/AprilQM
[18:29:32] [GET] [API] (ID : 1) - /api/get_user_avatar
[18:29:43] [GET] [NORMAL] (ID : 1) - /my_space
[18:29:43] [GET] [API] (ID : 1) - /api/get_user_avatar_small/AprilQM
[18:29:43] [GET] [API] (ID : 1) - /api/get_user_avatar
[18:30:03] [GET] [NORMAL] (ID : 1) - /my_space
[18:30:03] [GET] [API] (ID : 1) - /api/get_user_avatar_small/AprilQM
[18:30:03] [GET] [API] (ID : 1) - /api/get_user_avatar
[18:30:15] [GET] [NORMAL] (ID : 1) - /my_space
[18:30:15] [GET] [API] (ID : 1) - /api/get_user_avatar_small/AprilQM
[18:30:15] [GET] [API] (ID : 1) - /api/get_user_avatar
[18:30:25] [GET] [NORMAL] (ID : 1) - /my_space
[18:30:25] [GET] [API] (ID : 1) - /api/get_user_avatar_small/AprilQM
[18:30:25] [GET] [API] (ID : 1) - /api/get_user_avatar
[18:30:38] [GET] [NORMAL] (ID : 1) - /my_space
[18:30:38] [GET] [API] (ID : 1) - /api/get_user_avatar_small/AprilQM
[18:30:38] [GET] [API] (ID : 1) - /api/get_user_avatar
[18:31:07] [GET] [NORMAL] (ID : 1) - /home
[18:31:07] [GET] [API] (ID : 1) - /api/get_user_avatar_small/AprilQM
[18:31:09] [GET] [NORMAL] (ID : 1) - /my_space
[18:31:09] [GET] [API] (ID : 1) - /api/get_user_avatar_small/AprilQM
[18:31:09] [GET] [API] (ID : 1) - /api/get_user_avatar
[18:31:36] [GET] [NORMAL] (ID : 1) - /my_space
[18:31:36] [GET] [API] (ID : 1) - /api/get_user_avatar_small/AprilQM
[18:31:36] [GET] [API] (ID : 1) - /api/get_user_avatar
[18:31:41] [GET] [NORMAL] (ID : 1) - /my_space
[18:31:41] [GET] [API] (ID : 1) - /api/get_user_avatar_small/AprilQM
[18:31:41] [GET] [API] (ID : 1) - /api/get_user_avatar
[18:31:49] [GET] [NORMAL] (ID : 1) - /my_space
[18:31:49] [GET] [API] (ID : 1) - /api/get_user_avatar_small/AprilQM
[18:31:49] [GET] [API] (ID : 1) - /api/get_user_avatar
[18:31:55] [GET] [NORMAL] (ID : 1) - /my_space
[18:31:55] [GET] [API] (ID : 1) - /api/get_user_avatar_small/AprilQM
[18:31:55] [GET] [API] (ID : 1) - /api/get_user_avatar
[18:32:01] [GET] [NORMAL] (ID : 1) - /my_space
[18:32:01] [GET] [API] (ID : 1) - /api/get_user_avatar_small/AprilQM
[18:32:01] [GET] [API] (ID : 1) - /api/get_user_avatar
[18:32:17] [GET] [NORMAL] (ID : 1) - /my_space
[18:32:17] [GET] [API] (ID : 1) - /api/get_user_avatar_small/AprilQM
[18:32:17] [GET] [API] (ID : 1) - /api/get_user_avatar
[18:32:45] [GET] [NORMAL] (ID : 1) - /my_space
[18:32:45] [GET] [API] (ID : 1) - /api/get_user_avatar_small/AprilQM
[18:32:45] [GET] [API] (ID : 1) - /api/get_user_avatar
[18:32:57] [GET] [NORMAL] (ID : 1) - /my_space
[18:32:57] [GET] [API] (ID : 1) - /api/get_user_avatar
[18:32:57] [GET] [API] (ID : 1) - /api/get_user_avatar_small/AprilQM
[18:33:29] [GET] [NORMAL] (ID : 1) - /my_space
[18:33:29] [GET] [API] (ID : 1) - /api/get_user_avatar_small/AprilQM
[18:33:29] [GET] [API] (ID : 1) - /api/get_user_avatar
[18:34:05] [GET] [NORMAL] (ID : 1) - /my_space
[18:34:05] [GET] [API] (ID : 1) - /api/get_user_avatar
[18:34:05] [GET] [API] (ID : 1) - /api/get_user_avatar_small/AprilQM
[18:34:20] [GET] [NORMAL] (ID : 1) - /my_space
[18:34:20] [GET] [API] (ID : 1) - /api/get_user_avatar_small/AprilQM
[18:34:20] [GET] [API] (ID : 1) - /api/get_user_avatar
[18:34:40] [GET] [NORMAL] (ID : 1) - /my_space
[18:34:40] [GET] [API] (ID : 1) - /api/get_user_avatar_small/AprilQM
[18:34:40] [GET] [API] (ID : 1) - /api/get_user_avatar
[18:34:43] [GET] [API] (ID : 0) - /api/get_user_avatar
[18:34:54] [GET] [NORMAL] (ID : 1) - /my_space
[18:34:54] [GET] [API] (ID : 1) - /api/get_user_avatar_small/AprilQM
[18:34:54] [GET] [API] (ID : 1) - /api/get_user_avatar
[18:35:09] [GET] [NORMAL] (ID : 1) - /my_space
[18:35:10] [GET] [API] (ID : 1) - /api/get_user_avatar_small/AprilQM
[18:35:10] [GET] [API] (ID : 1) - /api/get_user_avatar
[18:35:16] [GET] [NORMAL] (ID : 1) - /my_space
[18:35:16] [GET] [API] (ID : 1) - /api/get_user_avatar_small/AprilQM
[18:35:16] [GET] [API] (ID : 1) - /api/get_user_avatar
[18:35:21] [GET] [NORMAL] (ID : 1) - /my_space
[18:35:21] [GET] [API] (ID : 1) - /api/get_user_avatar_small/AprilQM
[18:35:21] [GET] [API] (ID : 1) - /api/get_user_avatar
[18:35:31] [GET] [NORMAL] (ID : 1) - /my_space
[18:35:31] [GET] [API] (ID : 1) - /api/get_user_avatar_small/AprilQM
[18:35:31] [GET] [API] (ID : 1) - /api/get_user_avatar
[18:36:13] [GET] [NORMAL] (ID : 1) - /my_space
[18:36:13] [GET] [API] (ID : 1) - /api/get_user_avatar_small/AprilQM
[18:36:13] [GET] [API] (ID : 1) - /api/get_user_avatar
[18:36:28] [GET] [NORMAL] (ID : 1) - /my_space
[18:36:28] [GET] [API] (ID : 1) - /api/get_user_avatar_small/AprilQM
[18:36:28] [GET] [API] (ID : 1) - /api/get_user_avatar
[18:36:36] [GET] [NORMAL] (ID : 1) - /my_space
[18:36:36] [GET] [API] (ID : 1) - /api/get_user_avatar
[18:36:36] [GET] [API] (ID : 1) - /api/get_user_avatar_small/AprilQM
[18:36:39] [GET] [NORMAL] (ID : 1) - /my_space
[18:36:39] [GET] [API] (ID : 1) - /api/get_user_avatar_small/AprilQM
[18:36:39] [GET] [API] (ID : 1) - /api/get_user_avatar
[18:37:36] [GET] [NORMAL] (ID : 1) - /my_space
[18:37:36] [GET] [API] (ID : 1) - /api/get_user_avatar
[18:37:36] [GET] [API] (ID : 1) - /api/get_user_avatar_small/AprilQM
[18:37:51] [GET] [NORMAL] (ID : 1) - /my_space
[18:37:51] [GET] [API] (ID : 1) - /api/get_user_avatar_small/AprilQM
[18:37:51] [GET] [API] (ID : 1) - /api/get_user_avatar
[18:38:15] [GET] [NORMAL] (ID : 1) - /my_space
[18:38:15] [GET] [API] (ID : 1) - /api/get_user_avatar_small/AprilQM
[18:38:15] [GET] [API] (ID : 1) - /api/get_user_avatar
[18:38:26] [GET] [NORMAL] (ID : 1) - /my_space
[18:38:27] [GET] [API] (ID : 1) - /api/get_user_avatar
[18:38:27] [GET] [API] (ID : 1) - /api/get_user_avatar_small/AprilQM
[18:38:34] [GET] [NORMAL] (ID : 1) - /my_space
[18:38:34] [GET] [API] (ID : 1) - /api/get_user_avatar_small/AprilQM
[18:38:34] [GET] [API] (ID : 1) - /api/get_user_avatar
[18:39:00] [GET] [NORMAL] (ID : 1) - /my_space
[18:39:00] [GET] [API] (ID : 1) - /api/get_user_avatar_small/AprilQM
[18:39:00] [GET] [API] (ID : 1) - /api/get_user_avatar
[18:40:02] [GET] [NORMAL] (ID : 1) - /my_space
[18:40:02] [GET] [API] (ID : 1) - /api/get_user_avatar_small/AprilQM
[18:40:02] [GET] [API] (ID : 1) - /api/get_user_avatar
[18:40:17] [GET] [NORMAL] (ID : 1) - /my_space
[18:40:17] [GET] [API] (ID : 1) - /api/get_user_avatar
[18:40:17] [GET] [API] (ID : 1) - /api/get_user_avatar_small/AprilQM
[18:40:50] [GET] [NORMAL] (ID : 1) - /my_space
[18:40:50] [GET] [API] (ID : 1) - /api/get_user_avatar_small/AprilQM
[18:40:50] [GET] [API] (ID : 1) - /api/get_user_avatar
[18:40:58] [GET] [NORMAL] (ID : 1) - /my_space
[18:40:58] [GET] [API] (ID : 1) - /api/get_user_avatar
[18:40:58] [GET] [API] (ID : 1) - /api/get_user_avatar_small/AprilQM
[18:41:04] [GET] [NORMAL] (ID : 1) - /my_space
[18:41:04] [GET] [API] (ID : 1) - /api/get_user_avatar_small/AprilQM
[18:41:04] [GET] [API] (ID : 1) - /api/get_user_avatar
[18:41:24] [GET] [NORMAL] (ID : 1) - /my_space
[18:41:24] [GET] [API] (ID : 1) - /api/get_user_avatar
[18:41:24] [GET] [API] (ID : 1) - /api/get_user_avatar_small/AprilQM
[18:41:38] [GET] [NORMAL] (ID : 1) - /my_space
[18:41:38] [GET] [API] (ID : 1) - /api/get_user_avatar_small/AprilQM
[18:41:38] [GET] [API] (ID : 1) - /api/get_user_avatar
[18:41:50] [GET] [API] (ID : 0) - /api/get_user_avatar
[18:41:52] [GET] [API] (ID : 0) - /api/get_user_avatar
[18:42:25] [GET] [NORMAL] (ID : 1) - /my_space
[18:42:25] [GET] [API] (ID : 1) - /api/get_user_avatar_small/AprilQM
[18:42:25] [GET] [API] (ID : 1) - /api/get_user_avatar
[18:42:38] [GET] [NORMAL] (ID : 1) - /my_space
[18:42:38] [GET] [API] (ID : 1) - /api/get_user_avatar_small/AprilQM
[18:42:38] [GET] [API] (ID : 1) - /api/get_user_avatar
[18:42:43] [GET] [NORMAL] (ID : 1) - /my_space
[18:42:43] [GET] [API] (ID : 1) - /api/get_user_avatar_small/AprilQM
[18:42:43] [GET] [API] (ID : 1) - /api/get_user_avatar
[18:43:01] [GET] [NORMAL] (ID : 1) - /my_space
[18:43:01] [GET] [API] (ID : 1) - /api/get_user_avatar
[18:43:01] [GET] [API] (ID : 1) - /api/get_user_avatar_small/AprilQM
[18:43:11] [GET] [NORMAL] (ID : 1) - /my_space
[18:43:11] [GET] [API] (ID : 1) - /api/get_user_avatar_small/AprilQM
[18:43:11] [GET] [API] (ID : 1) - /api/get_user_avatar
[18:43:19] [GET] [NORMAL] (ID : 1) - /my_space
[18:43:19] [GET] [API] (ID : 1) - /api/get_user_avatar_small/AprilQM
[18:43:19] [GET] [API] (ID : 1) - /api/get_user_avatar
[18:43:35] [GET] [NORMAL] (ID : 1) - /my_space
[18:43:35] [GET] [API] (ID : 1) - /api/get_user_avatar_small/AprilQM
[18:43:35] [GET] [API] (ID : 1) - /api/get_user_avatar
[18:43:49] [GET] [NORMAL] (ID : 1) - /my_space
[18:43:49] [GET] [API] (ID : 1) - /api/get_user_avatar_small/AprilQM
[18:43:49] [GET] [API] (ID : 1) - /api/get_user_avatar
[18:43:52] [GET] [API] (ID : 0) - /api/get_user_avatar
[18:44:04] [GET] [NORMAL] (ID : 1) - /my_space
[18:44:04] [GET] [API] (ID : 1) - /api/get_user_avatar_small/AprilQM
[18:44:04] [GET] [API] (ID : 1) - /api/get_user_avatar
[18:44:20] [GET] [NORMAL] (ID : 1) - /my_space
[18:44:20] [GET] [API] (ID : 1) - /api/get_user_avatar_small/AprilQM
[18:44:20] [GET] [API] (ID : 1) - /api/get_user_avatar
[18:44:27] [GET] [NORMAL] (ID : 1) - /my_space
[18:44:27] [GET] [API] (ID : 1) - /api/get_user_avatar_small/AprilQM
[18:44:27] [GET] [API] (ID : 1) - /api/get_user_avatar
[18:44:34] [GET] [NORMAL] (ID : 1) - /my_space
[18:44:34] [GET] [API] (ID : 1) - /api/get_user_avatar_small/AprilQM
[18:44:34] [GET] [API] (ID : 1) - /api/get_user_avatar
[18:44:39] [GET] [NORMAL] (ID : 1) - /my_space
[18:44:39] [GET] [API] (ID : 1) - /api/get_user_avatar_small/AprilQM
[18:44:39] [GET] [API] (ID : 1) - /api/get_user_avatar
[18:45:05] [GET] [NORMAL] (ID : 1) - /my_space
[18:45:05] [GET] [API] (ID : 1) - /api/get_user_avatar_small/AprilQM
[18:45:05] [GET] [API] (ID : 1) - /api/get_user_avatar
[18:45:20] [GET] [NORMAL] (ID : 1) - /my_space
[18:45:20] [GET] [API] (ID : 1) - /api/get_user_avatar_small/AprilQM
[18:45:20] [GET] [API] (ID : 1) - /api/get_user_avatar
[18:45:29] [GET] [NORMAL] (ID : 1) - /my_space
[18:45:29] [GET] [API] (ID : 1) - /api/get_user_avatar_small/AprilQM
[18:45:29] [GET] [API] (ID : 1) - /api/get_user_avatar
[18:45:38] [GET] [NORMAL] (ID : 1) - /my_space
[18:45:38] [GET] [API] (ID : 1) - /api/get_user_avatar_small/AprilQM
[18:45:38] [GET] [API] (ID : 1) - /api/get_user_avatar
[18:45:54] [GET] [NORMAL] (ID : 1) - /my_space
[18:45:54] [GET] [API] (ID : 1) - /api/get_user_avatar_small/AprilQM
[18:45:54] [GET] [API] (ID : 1) - /api/get_user_avatar
[18:46:02] [GET] [NORMAL] (ID : 1) - /my_space
[18:46:02] [GET] [API] (ID : 1) - /api/get_user_avatar_small/AprilQM
[18:46:02] [GET] [API] (ID : 1) - /api/get_user_avatar
[18:46:06] [GET] [NORMAL] (ID : 1) - /my_space
[18:46:06] [GET] [API] (ID : 1) - /api/get_user_avatar_small/AprilQM
[18:46:06] [GET] [API] (ID : 1) - /api/get_user_avatar
[18:46:32] [GET] [API] (ID : 0) - /api/get_user_avatar
[18:47:16] [GET] [NORMAL] (ID : 1) - /my_space
[18:47:16] [GET] [API] (ID : 1) - /api/get_user_avatar_small/AprilQM
[18:47:16] [GET] [API] (ID : 1) - /api/get_user_avatar
[18:47:26] [GET] [NORMAL] (ID : 1) - /my_space
[18:47:26] [GET] [API] (ID : 1) - /api/get_user_avatar_small/AprilQM
[18:47:26] [GET] [API] (ID : 1) - /api/get_user_avatar
[18:47:46] [GET] [NORMAL] (ID : 1) - /my_space
[18:47:46] [GET] [API] (ID : 1) - /api/get_user_avatar_small/AprilQM
[18:47:46] [GET] [API] (ID : 1) - /api/get_user_avatar
[18:47:52] [GET] [NORMAL] (ID : 1) - /my_space
[18:47:52] [GET] [API] (ID : 1) - /api/get_user_avatar_small/AprilQM
[18:47:52] [GET] [API] (ID : 1) - /api/get_user_avatar
[18:47:59] [GET] [NORMAL] (ID : 1) - /my_space
[18:47:59] [GET] [API] (ID : 1) - /api/get_user_avatar_small/AprilQM
[18:47:59] [GET] [API] (ID : 1) - /api/get_user_avatar
[18:48:12] [GET] [NORMAL] (ID : 1) - /my_space
[18:48:12] [GET] [API] (ID : 1) - /api/get_user_avatar_small/AprilQM
[18:48:12] [GET] [API] (ID : 1) - /api/get_user_avatar
[18:48:21] [GET] [NORMAL] (ID : 1) - /my_space
[18:48:21] [GET] [API] (ID : 1) - /api/get_user_avatar_small/AprilQM
[18:48:21] [GET] [API] (ID : 1) - /api/get_user_avatar
[18:48:25] [GET] [NORMAL] (ID : 1) - /my_space
[18:48:25] [GET] [API] (ID : 1) - /api/get_user_avatar_small/AprilQM
[18:48:25] [GET] [API] (ID : 1) - /api/get_user_avatar
[18:48:37] [GET] [NORMAL] (ID : 1) - /my_space
[18:48:37] [GET] [API] (ID : 1) - /api/get_user_avatar_small/AprilQM
[18:48:37] [GET] [API] (ID : 1) - /api/get_user_avatar
[18:48:56] [GET] [NORMAL] (ID : 1) - /my_space
[18:48:56] [GET] [API] (ID : 1) - /api/get_user_avatar_small/AprilQM
[18:48:56] [GET] [API] (ID : 1) - /api/get_user_avatar
[18:49:05] [GET] [NORMAL] (ID : 1) - /my_space
[18:49:05] [GET] [API] (ID : 1) - /api/get_user_avatar_small/AprilQM
[18:49:05] [GET] [API] (ID : 1) - /api/get_user_avatar
[18:49:11] [GET] [NORMAL] (ID : 1) - /my_space
[18:49:11] [GET] [API] (ID : 1) - /api/get_user_avatar_small/AprilQM
[18:49:11] [GET] [API] (ID : 1) - /api/get_user_avatar
[18:49:16] [GET] [NORMAL] (ID : 1) - /my_space
[18:49:16] [GET] [API] (ID : 1) - /api/get_user_avatar_small/AprilQM
[18:49:16] [GET] [API] (ID : 1) - /api/get_user_avatar
[18:49:26] [GET] [NORMAL] (ID : 1) - /my_space
[18:49:26] [GET] [API] (ID : 1) - /api/get_user_avatar_small/AprilQM
[18:49:26] [GET] [API] (ID : 1) - /api/get_user_avatar
[18:49:49] [GET] [NORMAL] (ID : 1) - /my_space
[18:49:49] [GET] [API] (ID : 1) - /api/get_user_avatar_small/AprilQM
[18:49:49] [GET] [API] (ID : 1) - /api/get_user_avatar
[18:50:10] [GET] [NORMAL] (ID : 1) - /my_space
[18:50:10] [GET] [API] (ID : 1) - /api/get_user_avatar_small/AprilQM
[18:50:10] [GET] [API] (ID : 1) - /api/get_user_avatar
[18:50:21] [GET] [NORMAL] (ID : 1) - /my_space
[18:50:21] [GET] [API] (ID : 1) - /api/get_user_avatar_small/AprilQM
[18:50:21] [GET] [API] (ID : 1) - /api/get_user_avatar
[18:50:38] [GET] [NORMAL] (ID : 1) - /my_space
[18:50:38] [GET] [API] (ID : 1) - /api/get_user_avatar
[18:50:38] [GET] [API] (ID : 1) - /api/get_user_avatar_small/AprilQM
[18:51:43] [GET] [NORMAL] (ID : 1) - /my_space
[18:51:43] [GET] [API] (ID : 1) - /api/get_user_avatar_small/AprilQM
[18:51:43] [GET] [API] (ID : 1) - /api/get_user_avatar
[18:51:54] [GET] [NORMAL] (ID : 1) - /my_space
[18:51:54] [GET] [API] (ID : 1) - /api/get_user_avatar_small/AprilQM
[18:51:54] [GET] [API] (ID : 1) - /api/get_user_avatar
[18:52:11] [GET] [NORMAL] (ID : 1) - /my_space
[18:52:11] [GET] [API] (ID : 1) - /api/get_user_avatar_small/AprilQM
[18:52:11] [GET] [API] (ID : 1) - /api/get_user_avatar
[18:52:18] [GET] [NORMAL] (ID : 1) - /my_space
[18:52:18] [GET] [API] (ID : 1) - /api/get_user_avatar_small/AprilQM
[18:52:18] [GET] [API] (ID : 1) - /api/get_user_avatar
[18:52:23] [GET] [NORMAL] (ID : 1) - /my_space
[18:52:23] [GET] [API] (ID : 1) - /api/get_user_avatar_small/AprilQM
[18:52:23] [GET] [API] (ID : 1) - /api/get_user_avatar
[18:52:37] [GET] [NORMAL] (ID : 1) - /my_space
[18:52:37] [GET] [API] (ID : 1) - /api/get_user_avatar_small/AprilQM
[18:52:37] [GET] [API] (ID : 1) - /api/get_user_avatar
[18:52:59] [GET] [NORMAL] (ID : 1) - /my_space
[18:52:59] [GET] [API] (ID : 1) - /api/get_user_avatar_small/AprilQM
[18:52:59] [GET] [API] (ID : 1) - /api/get_user_avatar
[19:16:21] [GET] [NORMAL] (ID : 1) - /my_space
[19:16:21] [GET] [API] (ID : 1) - /api/get_user_avatar_small/AprilQM
[19:16:21] [GET] [API] (ID : 1) - /api/get_user_avatar
[19:16:26] [GET] [NORMAL] (ID : 1) - /my_space
[19:16:26] [GET] [API] (ID : 1) - /api/get_user_avatar_small/AprilQM
[19:16:26] [GET] [API] (ID : 1) - /api/get_user_avatar
[19:16:31] [GET] [NORMAL] (ID : 1) - /my_space
[19:16:31] [GET] [API] (ID : 1) - /api/get_user_avatar_small/AprilQM
[19:16:31] [GET] [API] (ID : 1) - /api/get_user_avatar
[19:23:06] [GET] [API] (ID : 1) - /api/logout
[19:23:06] [GET] [NORMAL] (ID : 0) - /home
[19:23:06] [GET] [API] (ID : 0) - /api/get_user_avatar_small/游客
[19:23:09] [GET] [API] (ID : 0) - /api/get_user_avatar
[19:23:15] [GET] [NORMAL] (ID : 0) - /my_space
[19:23:15] [GET] [NORMAL] (ID : 0) - /auth
[19:23:15] [GET] [API] (ID : 0) - /api/get_user_avatar_small/游客
[19:23:20] [POST] [API] (ID : 0) - /api/login
[19:23:22] [GET] [NORMAL] (ID : 1) - /my_space
[19:23:22] [GET] [API] (ID : 1) - /api/get_user_avatar_small/AprilQM
[19:23:22] [GET] [API] (ID : 1) - /api/get_user_avatar
[19:23:25] [GET] [API] (ID : 1) - /api/get_user_lv_img
[19:24:21] [GET] [API] (ID : 1) - /api/get_user_lv_img
[19:24:36] [GET] [API] (ID : 1) - /api/get_user_lv_img
[19:24:39] [GET] [API] (ID : 1) - /api/get_user_lv_img
[19:27:28] [GET] [API] (ID : 1) - /api/get_user_lv_img
[19:27:32] [GET] [API] (ID : 1) - /api/get_user_lv_img/AprilQM
[19:27:51] [GET] [NORMAL] (ID : 1) - /my_space
[19:28:05] [GET] [NORMAL] (ID : 1) - /my_space
[19:28:05] [GET] [API] (ID : 1) - /api/get_user_avatar/AprilQM
[19:28:05] [GET] [API] (ID : 1) - /api/get_user_avatar_small/AprilQM
[19:28:05] [GET] [API] (ID : 1) - /api/get_user_lv_img/AprilQM
[20:41:42] [GET] [NORMAL] (ID : 1) - /my_space
[20:41:43] [GET] [API] (ID : 1) - /api/get_user_avatar/AprilQM
[20:41:43] [GET] [API] (ID : 1) - /api/get_user_avatar_small/AprilQM
[20:41:43] [GET] [API] (ID : 1) - /api/get_user_lv_img/AprilQM
[20:51:51] [GET] [NORMAL] (ID : 1) - /my_space
[20:51:51] [GET] [API] (ID : 1) - /api/get_user_avatar_small/AprilQM
[20:51:51] [GET] [API] (ID : 1) - /api/get_user_avatar/AprilQM
[21:43:46] [GET] [NORMAL] (ID : 1) - /my_space
[21:43:46] [GET] [API] (ID : 1) - /api/get_user_avatar_small/AprilQM
[21:43:46] [GET] [API] (ID : 1) - /api/get_user_avatar/AprilQM
[21:43:46] [GET] [API] (ID : 1) - /api/get_user_lv_img/AprilQM
[21:43:53] [GET] [NORMAL] (ID : 1) - /my_space
[21:43:53] [GET] [API] (ID : 1) - /api/get_user_avatar_small/AprilQM
[21:43:53] [GET] [API] (ID : 1) - /api/get_user_avatar/AprilQM
[21:43:53] [GET] [API] (ID : 1) - /api/get_user_lv_img/AprilQM
[22:10:57] [GET] [NORMAL] (ID : 1) - /my_space
[22:10:57] [GET] [API] (ID : 1) - /api/get_user_avatar_small/AprilQM
[22:10:57] [GET] [API] (ID : 1) - /api/get_user_avatar/AprilQM
[22:10:57] [GET] [API] (ID : 1) - /api/get_user_lv_img/AprilQM
[22:12:15] [GET] [NORMAL] (ID : 1) - /my_space
[22:12:15] [GET] [API] (ID : 1) - /api/get_user_avatar_small/AprilQM
[22:12:15] [GET] [API] (ID : 1) - /api/get_user_avatar/AprilQM
[22:12:15] [GET] [API] (ID : 1) - /api/get_user_lv_img/AprilQM
[22:12:21] [GET] [NORMAL] (ID : 1) - /my_space
[22:12:21] [GET] [API] (ID : 1) - /api/get_user_avatar_small/AprilQM
[22:12:21] [GET] [API] (ID : 1) - /api/get_user_avatar/AprilQM
[22:12:21] [GET] [API] (ID : 1) - /api/get_user_lv_img/AprilQM
[22:12:28] [GET] [API] (ID : 0) - /api/get_user_avatar/AprilQM
[22:12:55] [GET] [NORMAL] (ID : 1) - /my_space
[22:12:55] [GET] [API] (ID : 1) - /api/get_user_avatar_small/AprilQM
[22:12:55] [GET] [API] (ID : 1) - /api/get_user_avatar/AprilQM
[22:12:55] [GET] [API] (ID : 1) - /api/get_user_lv_img/AprilQM
[22:14:35] [GET] [NORMAL] (ID : 1) - /my_space
[22:14:35] [GET] [API] (ID : 1) - /api/get_user_avatar_small/AprilQM
[22:14:35] [GET] [API] (ID : 1) - /api/get_user_avatar/AprilQM
[22:14:35] [GET] [API] (ID : 1) - /api/get_user_lv_img/AprilQM
[22:16:21] [GET] [NORMAL] (ID : 1) - /my_space
[22:16:21] [GET] [API] (ID : 1) - /api/get_user_avatar_small/AprilQM
[22:16:21] [GET] [API] (ID : 1) - /api/get_user_avatar/AprilQM
[22:16:21] [GET] [API] (ID : 1) - /api/get_user_lv_img/AprilQM
[22:16:27] [GET] [NORMAL] (ID : 1) - /my_space
[22:16:27] [GET] [API] (ID : 1) - /api/get_user_avatar_small/AprilQM
[22:16:27] [GET] [API] (ID : 1) - /api/get_user_avatar/AprilQM
[22:16:27] [GET] [API] (ID : 1) - /api/get_user_lv_img/AprilQM
[22:16:57] [GET] [API] (ID : 0) - /api/get_user_avatar/AprilQM
[22:17:24] [GET] [NORMAL] (ID : 1) - /my_space
[22:17:24] [GET] [API] (ID : 1) - /api/get_user_avatar_small/AprilQM
[22:17:24] [GET] [API] (ID : 1) - /api/get_user_avatar/AprilQM
[22:17:24] [GET] [API] (ID : 1) - /api/get_user_lv_img/AprilQM
[22:17:33] [GET] [NORMAL] (ID : 1) - /my_space
[22:17:33] [GET] [API] (ID : 1) - /api/get_user_avatar_small/AprilQM
[22:17:33] [GET] [API] (ID : 1) - /api/get_user_avatar/AprilQM
[22:17:33] [GET] [API] (ID : 1) - /api/get_user_lv_img/AprilQM
[22:17:46] [GET] [NORMAL] (ID : 1) - /my_space
[22:17:46] [GET] [API] (ID : 1) - /api/get_user_avatar_small/AprilQM
[22:17:46] [GET] [API] (ID : 1) - /api/get_user_avatar/AprilQM
[22:17:46] [GET] [API] (ID : 1) - /api/get_user_lv_img/AprilQM
[22:17:56] [GET] [NORMAL] (ID : 1) - /my_space
[22:17:56] [GET] [API] (ID : 1) - /api/get_user_avatar_small/AprilQM
[22:17:56] [GET] [API] (ID : 1) - /api/get_user_avatar/AprilQM
[22:17:56] [GET] [API] (ID : 1) - /api/get_user_lv_img/AprilQM
[22:18:02] [GET] [NORMAL] (ID : 1) - /my_space
[22:18:02] [GET] [API] (ID : 1) - /api/get_user_avatar_small/AprilQM
[22:18:02] [GET] [API] (ID : 1) - /api/get_user_avatar/AprilQM
[22:18:02] [GET] [API] (ID : 1) - /api/get_user_lv_img/AprilQM
[22:18:17] [GET] [NORMAL] (ID : 1) - /my_space
[22:18:17] [GET] [API] (ID : 1) - /api/get_user_avatar_small/AprilQM
[22:18:17] [GET] [API] (ID : 1) - /api/get_user_avatar/AprilQM
[22:18:17] [GET] [API] (ID : 1) - /api/get_user_lv_img/AprilQM
[22:18:29] [GET] [NORMAL] (ID : 1) - /my_space
[22:18:29] [GET] [API] (ID : 1) - /api/get_user_avatar_small/AprilQM
[22:18:29] [GET] [API] (ID : 1) - /api/get_user_avatar/AprilQM
[22:18:29] [GET] [API] (ID : 1) - /api/get_user_lv_img/AprilQM
[22:18:35] [GET] [NORMAL] (ID : 1) - /my_space
[22:18:35] [GET] [API] (ID : 1) - /api/get_user_avatar_small/AprilQM
[22:18:35] [GET] [API] (ID : 1) - /api/get_user_avatar/AprilQM
[22:18:35] [GET] [API] (ID : 1) - /api/get_user_lv_img/AprilQM
[22:18:43] [GET] [NORMAL] (ID : 1) - /my_space
[22:18:43] [GET] [API] (ID : 1) - /api/get_user_avatar_small/AprilQM
[22:18:43] [GET] [API] (ID : 1) - /api/get_user_avatar/AprilQM
[22:18:43] [GET] [API] (ID : 1) - /api/get_user_lv_img/AprilQM
[22:18:51] [GET] [NORMAL] (ID : 1) - /my_space
[22:18:51] [GET] [API] (ID : 1) - /api/get_user_avatar_small/AprilQM
[22:18:51] [GET] [API] (ID : 1) - /api/get_user_avatar/AprilQM
[22:18:51] [GET] [API] (ID : 1) - /api/get_user_lv_img/AprilQM
[22:19:08] [GET] [NORMAL] (ID : 1) - /my_space
[22:19:08] [GET] [API] (ID : 1) - /api/get_user_avatar_small/AprilQM
[22:19:08] [GET] [API] (ID : 1) - /api/get_user_avatar/AprilQM
[22:19:08] [GET] [API] (ID : 1) - /api/get_user_lv_img/AprilQM
[22:19:31] [GET] [NORMAL] (ID : 1) - /my_space
[22:19:31] [GET] [API] (ID : 1) - /api/get_user_avatar_small/AprilQM
[22:19:31] [GET] [API] (ID : 1) - /api/get_user_avatar/AprilQM
[22:19:31] [GET] [API] (ID : 1) - /api/get_user_lv_img/AprilQM
[22:19:40] [GET] [NORMAL] (ID : 1) - /my_space
[22:19:40] [GET] [API] (ID : 1) - /api/get_user_avatar_small/AprilQM
[22:19:40] [GET] [API] (ID : 1) - /api/get_user_avatar/AprilQM
[22:19:40] [GET] [API] (ID : 1) - /api/get_user_lv_img/AprilQM
[22:19:51] [GET] [NORMAL] (ID : 1) - /my_space
[22:19:51] [GET] [API] (ID : 1) - /api/get_user_avatar_small/AprilQM
[22:19:51] [GET] [API] (ID : 1) - /api/get_user_avatar/AprilQM
[22:19:51] [GET] [API] (ID : 1) - /api/get_user_lv_img/AprilQM
[22:20:06] [GET] [NORMAL] (ID : 1) - /my_space
[22:20:06] [GET] [API] (ID : 1) - /api/get_user_avatar_small/AprilQM
[22:20:06] [GET] [API] (ID : 1) - /api/get_user_avatar/AprilQM
[22:20:06] [GET] [API] (ID : 1) - /api/get_user_lv_img/AprilQM
[22:20:14] [GET] [NORMAL] (ID : 1) - /my_space
[22:20:14] [GET] [API] (ID : 1) - /api/get_user_avatar/AprilQM
[22:20:14] [GET] [API] (ID : 1) - /api/get_user_avatar_small/AprilQM
[22:20:14] [GET] [API] (ID : 1) - /api/get_user_lv_img/AprilQM
[22:20:25] [GET] [NORMAL] (ID : 1) - /my_space
[22:20:25] [GET] [API] (ID : 1) - /api/get_user_avatar_small/AprilQM
[22:20:25] [GET] [API] (ID : 1) - /api/get_user_avatar/AprilQM
[22:20:25] [GET] [API] (ID : 1) - /api/get_user_lv_img/AprilQM
[22:20:46] [GET] [NORMAL] (ID : 1) - /my_space
[22:20:46] [GET] [API] (ID : 1) - /api/get_user_avatar_small/AprilQM
[22:20:46] [GET] [API] (ID : 1) - /api/get_user_avatar/AprilQM
[22:20:46] [GET] [API] (ID : 1) - /api/get_user_lv_img/AprilQM
[22:21:17] [GET] [NORMAL] (ID : 1) - /my_space
[22:21:17] [GET] [API] (ID : 1) - /api/get_user_avatar_small/AprilQM
[22:21:17] [GET] [API] (ID : 1) - /api/get_user_avatar/AprilQM
[22:21:17] [GET] [API] (ID : 1) - /api/get_user_lv_img/AprilQM
[22:21:31] [GET] [NORMAL] (ID : 1) - /my_space
[22:21:31] [GET] [API] (ID : 1) - /api/get_user_avatar_small/AprilQM
[22:21:31] [GET] [API] (ID : 1) - /api/get_user_avatar/AprilQM
[22:21:31] [GET] [API] (ID : 1) - /api/get_user_lv_img/AprilQM
[22:21:37] [GET] [API] (ID : 0) - /api/get_user_avatar/AprilQM
[22:21:47] [GET] [NORMAL] (ID : 1) - /my_space
[22:21:47] [GET] [API] (ID : 1) - /api/get_user_avatar_small/AprilQM
[22:21:47] [GET] [API] (ID : 1) - /api/get_user_avatar/AprilQM
[22:21:47] [GET] [API] (ID : 1) - /api/get_user_lv_img/AprilQM
[22:22:11] [GET] [NORMAL] (ID : 1) - /my_space
[22:22:11] [GET] [API] (ID : 1) - /api/get_user_avatar_small/AprilQM
[22:22:11] [GET] [API] (ID : 1) - /api/get_user_avatar/AprilQM
[22:22:11] [GET] [API] (ID : 1) - /api/get_user_lv_img/AprilQM
[22:22:17] [GET] [NORMAL] (ID : 1) - /my_space
[22:22:17] [GET] [API] (ID : 1) - /api/get_user_avatar_small/AprilQM
[22:22:17] [GET] [API] (ID : 1) - /api/get_user_avatar/AprilQM
[22:22:17] [GET] [API] (ID : 1) - /api/get_user_lv_img/AprilQM
[22:22:41] [GET] [NORMAL] (ID : 1) - /my_space
[22:22:41] [GET] [API] (ID : 1) - /api/get_user_avatar/AprilQM
[22:22:41] [GET] [API] (ID : 1) - /api/get_user_avatar_small/AprilQM
[22:22:41] [GET] [API] (ID : 1) - /api/get_user_lv_img/AprilQM
