[12:06:29] [GET] [NORMAL] (ID : 0) - /
[12:06:29] [GET] [NORMAL] (ID : 0) - /home
[12:06:44] [GET] [NORMAL] (ID : 0) - /my_space
[12:06:44] [GET] [NORMAL] (ID : 0) - /auth
[12:06:53] [GET] [NORMAL] (ID : 1) - /my_space
[12:06:56] [GET] [NORMAL] (ID : 1) - /notification
[12:07:18] [GET] [NORMAL] (ID : 1) - /setting
[12:07:22] [GET] [NORMAL] (ID : 1) - /my_space
[12:07:26] [GET] [NORMAL] (ID : 1) - /praise_list
[12:07:34] [GET] [NORMAL] (ID : 1) - /friend
[12:07:42] [GET] [NORMAL] (ID : 1) - /user_space/August13
[12:07:52] [GET] [NORMAL] (ID : 1) - /setting
[12:07:57] [GET] [NORMAL] (ID : 1) - /friend
[12:08:02] [GET] [NORMAL] (ID : 1) - /user_space/AprilQM
[12:08:06] [GET] [NORMAL] (ID : 1) - /my_space
[12:08:08] [GET] [NORMAL] (ID : 1) - /notification
[12:08:51] [GET] [NORMAL] (ID : 1) - /setting
[12:08:54] [GET] [NORMAL] (ID : 1) - /change_name
[12:09:02] [GET] [NORMAL] (ID : 1) - /setting
[12:09:04] [GET] [NORMAL] (ID : 1) - /change_name
[12:09:09] [GET] [NORMAL] (ID : 1) - /setting
[12:09:42] [GET] [NORMAL] (ID : 1) - /setting
[12:09:45] [GET] [NORMAL] (ID : 1) - /my_space
[12:09:48] [GET] [NORMAL] (ID : 1) - /setting
[12:09:53] [GET] [NORMAL] (ID : 1) - /my_space
[12:10:00] [GET] [NORMAL] (ID : 1) - /setting
[12:10:08] [GET] [NORMAL] (ID : 1) - /notification
[12:10:32] [GET] [NORMAL] (ID : 1) - /home
[12:10:40] [GET] [NORMAL] (ID : 0) - /
[12:10:40] [GET] [NORMAL] (ID : 0) - /home
[12:10:41] [GET] [NORMAL] (ID : 1) - /my_space
[12:10:49] [GET] [NORMAL] (ID : 0) - /my_space
[12:10:49] [GET] [NORMAL] (ID : 0) - /auth
[12:11:13] [GET] [NORMAL] (ID : 3) - /my_space
[12:11:19] [GET] [NORMAL] (ID : 3) - /notification
[12:11:36] [GET] [NORMAL] (ID : 3) - /setting
[12:11:41] [GET] [NORMAL] (ID : 3) - /change_mail
[12:11:58] [GET] [NORMAL] (ID : 3) - /setting
[12:12:01] [GET] [NORMAL] (ID : 3) - /change_mail
[12:12:03] [GET] [NORMAL] (ID : 3) - /setting
[12:12:06] [GET] [NORMAL] (ID : 3) - /change_password
[12:12:09] [GET] [NORMAL] (ID : 3) - /setting
[12:12:12] [GET] [NORMAL] (ID : 3) - /my_space
[12:12:17] [GET] [NORMAL] (ID : 3) - /setting
[12:12:22] [GET] [NORMAL] (ID : 3) - /my_space
[12:12:27] [GET] [NORMAL] (ID : 3) - /praise_list
[12:12:30] [GET] [NORMAL] (ID : 3) - /user_space/AprilQM
[12:12:35] [GET] [NORMAL] (ID : 1) - /praise_list
[12:12:38] [GET] [NORMAL] (ID : 1) - /user_space/August13
[12:12:48] [GET] [NORMAL] (ID : 3) - /my_space
[12:12:56] [GET] [NORMAL] (ID : 3) - /April
[12:12:56] [GET] [NORMAL] (ID : 3) - /favicon.ico
[12:13:03] [GET] [NORMAL] (ID : 1) - /friend
[12:13:10] [GET] [NORMAL] (ID : 3) - /friend
[12:13:11] [GET] [NORMAL] (ID : 1) - /user_space/April
[12:13:18] [GET] [NORMAL] (ID : 3) - /user_space/April
[12:15:00] [GET] [NORMAL] (ID : 1) - /
[12:15:00] [GET] [NORMAL] (ID : 1) - /home
[12:15:02] [GET] [NORMAL] (ID : 1) - /
[12:15:02] [GET] [NORMAL] (ID : 1) - /home
[13:48:14] [GET] [NORMAL] (ID : 0) - /
[13:48:14] [GET] [NORMAL] (ID : 0) - /home
[13:50:23] [GET] [NORMAL] (ID : 0) - /home
[13:50:42] [GET] [NORMAL] (ID : 0) - /home
[13:50:53] [GET] [NORMAL] (ID : 0) - /home
[13:51:03] [GET] [NORMAL] (ID : 0) - /home
[13:51:46] [GET] [NORMAL] (ID : 0) - /home
[13:51:56] [GET] [NORMAL] (ID : 0) - /my_space
[13:51:56] [GET] [NORMAL] (ID : 0) - /auth
[13:52:08] [GET] [NORMAL] (ID : 1) - /my_space
[13:52:12] [GET] [NORMAL] (ID : 1) - /notification
[13:52:23] [GET] [NORMAL] (ID : 1) - /friend
[13:52:29] [GET] [NORMAL] (ID : 1) - /user_space/yueyan
[13:53:27] [GET] [NORMAL] (ID : 1) - /user_space/yueyan
[13:53:36] [GET] [NORMAL] (ID : 1) - /my_space
[14:55:03] [GET] [NORMAL] (ID : 1) - /
[14:55:03] [GET] [NORMAL] (ID : 1) - /home
[14:55:09] [GET] [NORMAL] (ID : 1) - /notification
[15:03:51] [GET] [NORMAL] (ID : 1) - /notification
[15:06:39] [GET] [NORMAL] (ID : 0) - /
[15:06:39] [GET] [NORMAL] (ID : 0) - /home
[15:06:42] [GET] [NORMAL] (ID : 0) - /my_space
[15:06:42] [GET] [NORMAL] (ID : 0) - /auth
[15:06:52] [GET] [NORMAL] (ID : 5) - /my_space
[15:06:56] [GET] [NORMAL] (ID : 5) - /notification
[15:07:00] [GET] [NORMAL] (ID : 5) - /my_space
[15:07:07] [GET] [NORMAL] (ID : 5) - /friend
[15:07:15] [GET] [NORMAL] (ID : 5) - /user_space/AprilQM
[15:07:34] [GET] [NORMAL] (ID : 1) - /notification
[15:07:39] [GET] [NORMAL] (ID : 1) - /praise_list
[15:07:43] [GET] [NORMAL] (ID : 1) - /notification
[15:08:32] [GET] [NORMAL] (ID : 1) - /notification
[15:08:44] [GET] [NORMAL] (ID : 1) - /notification
[15:10:53] [GET] [NORMAL] (ID : 5) - /user_space/AprilQM
[15:11:07] [GET] [NORMAL] (ID : 5) - /user_space/AprilQM
[15:12:18] [GET] [NORMAL] (ID : 5) - /user_space/AprilQM
[15:12:28] [GET] [NORMAL] (ID : 1) - /notification
[15:12:39] [GET] [NORMAL] (ID : 5) - /user_space/AprilQM
[15:12:53] [GET] [NORMAL] (ID : 1) - /
[15:12:53] [GET] [NORMAL] (ID : 1) - /home
[15:12:55] [GET] [NORMAL] (ID : 1) - /notification
[15:14:53] [GET] [NORMAL] (ID : 1) - /notification
[15:14:59] [GET] [NORMAL] (ID : 1) - /notification
[15:15:30] [GET] [NORMAL] (ID : 1) - /notification
[15:16:09] [GET] [NORMAL] (ID : 1) - /notification
[15:16:32] [GET] [NORMAL] (ID : 1) - /notification
[15:17:02] [GET] [NORMAL] (ID : 1) - /notification
[15:17:07] [GET] [NORMAL] (ID : 1) - /notification
[15:17:17] [GET] [NORMAL] (ID : 1) - /notification
[15:17:20] [GET] [NORMAL] (ID : 5) - /user_space/AprilQM
[15:17:25] [GET] [NORMAL] (ID : 1) - /praise_list
[15:17:27] [GET] [NORMAL] (ID : 1) - /user_space/April
[15:17:33] [GET] [NORMAL] (ID : 1) - /notification
[15:18:59] [GET] [NORMAL] (ID : 1) - /notification
[15:19:09] [GET] [NORMAL] (ID : 1) - /notification
[15:19:44] [GET] [NORMAL] (ID : 1) - /notification
[15:19:51] [GET] [NORMAL] (ID : 5) - /user_space/AprilQM
[15:19:55] [GET] [NORMAL] (ID : 1) - /praise_list
[15:19:59] [GET] [NORMAL] (ID : 1) - /notification
[15:20:57] [GET] [NORMAL] (ID : 1) - /notification
[15:21:08] [GET] [NORMAL] (ID : 1) - /notification
[15:21:24] [GET] [NORMAL] (ID : 1) - /my_space
[15:21:27] [GET] [NORMAL] (ID : 1) - /praise_list
[15:21:30] [GET] [NORMAL] (ID : 1) - /user_space/April
[15:21:38] [GET] [NORMAL] (ID : 1) - /my_space
[15:21:45] [GET] [NORMAL] (ID : 5) - /my_space
[15:22:10] [GET] [NORMAL] (ID : 1) - /praise_list
[15:22:13] [GET] [NORMAL] (ID : 1) - /user_space/April
[15:22:38] [GET] [NORMAL] (ID : 1) - /user_space/April
[15:22:44] [GET] [NORMAL] (ID : 1) - /user_space/April
[15:22:54] [GET] [NORMAL] (ID : 1) - /user_space/April
[15:23:16] [GET] [NORMAL] (ID : 1) - /my_space
[15:23:52] [GET] [NORMAL] (ID : 1) - /my_space
[15:23:57] [GET] [NORMAL] (ID : 1) - /friend
[15:24:05] [GET] [NORMAL] (ID : 1) - /user_space/yueyan
[15:24:14] [GET] [NORMAL] (ID : 1) - /friend
[15:24:23] [GET] [NORMAL] (ID : 1) - /user_space/feiherui
[16:07:42] [GET] [NORMAL] (ID : 1) - /
[16:07:42] [GET] [NORMAL] (ID : 1) - /home
[16:07:59] [GET] [NORMAL] (ID : 1) - /my_space
[16:11:41] [GET] [NORMAL] (ID : 1) - /my_space
[16:12:02] [GET] [NORMAL] (ID : 5) - /
[16:12:02] [GET] [NORMAL] (ID : 5) - /home
[16:12:06] [GET] [NORMAL] (ID : 5) - /my_space
[16:12:08] [GET] [NORMAL] (ID : 5) - /friend
[16:12:18] [GET] [NORMAL] (ID : 5) - /user_space/AprilQM
[16:12:42] [GET] [NORMAL] (ID : 5) - /user_space/AprilQM
[16:12:55] [GET] [NORMAL] (ID : 5) - /user_space/AprilQM
[16:13:10] [GET] [NORMAL] (ID : 5) - /user_space/AprilQM
[16:13:31] [GET] [NORMAL] (ID : 5) - /user_space/AprilQM
[16:13:58] [GET] [NORMAL] (ID : 5) - /user_space/AprilQM
[16:14:25] [GET] [NORMAL] (ID : 5) - /user_space/AprilQM
[16:14:30] [GET] [NORMAL] (ID : 5) - /my_space
[16:14:33] [GET] [NORMAL] (ID : 5) - /friend
[16:14:41] [GET] [NORMAL] (ID : 5) - /user_space/AprilQM
[16:14:52] [GET] [NORMAL] (ID : 1) - /my_space
[16:14:55] [GET] [NORMAL] (ID : 1) - /setting
[16:14:59] [GET] [NORMAL] (ID : 5) - /user_space/AprilQM
[16:15:04] [GET] [NORMAL] (ID : 5) - /my_space
[16:15:13] [GET] [NORMAL] (ID : 5) - /home
