[18:32:08] [GET] [NORMAL] (ID : 1) - /
[18:32:08] [GET] [NORMAL] (ID : 1) - /home
[18:32:11] [GET] [NORMAL] (ID : 1) - /friend
[18:33:01] [GET] [NORMAL] (ID : 1) - /friend
[18:35:40] [GET] [NORMAL] (ID : 1) - /friend
[18:35:43] [GET] [NORMAL] (ID : 1) - /test
[18:36:00] [GET] [NORMAL] (ID : 1) - /test
[18:36:00] [GET] [NORMAL] (ID : 1) - /favicon.ico
[18:36:58] [GET] [NORMAL] (ID : 1) - /test
[18:37:05] [GET] [NORMAL] (ID : 1) - /test
[18:37:05] [GET] [NORMAL] (ID : 1) - /test
[18:37:05] [GET] [NORMAL] (ID : 1) - /test
[18:37:05] [GET] [NORMAL] (ID : 1) - /test
[18:37:06] [GET] [NORMAL] (ID : 1) - /test
[18:37:06] [GET] [NORMAL] (ID : 1) - /test
[18:37:06] [GET] [NORMAL] (ID : 1) - /test
[18:37:06] [GET] [NORMAL] (ID : 1) - /test
[18:37:06] [GET] [NORMAL] (ID : 1) - /test
[18:37:06] [GET] [NORMAL] (ID : 1) - /test
[18:37:06] [GET] [NORMAL] (ID : 1) - /test
[18:37:06] [GET] [NORMAL] (ID : 1) - /test
[18:37:06] [GET] [NORMAL] (ID : 1) - /test
[18:37:07] [GET] [NORMAL] (ID : 1) - /test
[18:37:08] [GET] [NORMAL] (ID : 1) - /test
[18:37:08] [GET] [NORMAL] (ID : 1) - /test
[18:37:08] [GET] [NORMAL] (ID : 1) - /test
[18:37:08] [GET] [NORMAL] (ID : 1) - /test
[18:37:08] [GET] [NORMAL] (ID : 1) - /test
[18:37:09] [GET] [NORMAL] (ID : 1) - /test
[18:37:09] [GET] [NORMAL] (ID : 1) - /test
[18:37:09] [GET] [NORMAL] (ID : 1) - /test
[18:37:09] [GET] [NORMAL] (ID : 1) - /test
[18:37:09] [GET] [NORMAL] (ID : 1) - /test
[18:37:09] [GET] [NORMAL] (ID : 1) - /test
[18:37:09] [GET] [NORMAL] (ID : 1) - /test
[18:37:09] [GET] [NORMAL] (ID : 1) - /test
[18:37:09] [GET] [NORMAL] (ID : 1) - /test
[18:37:10] [GET] [NORMAL] (ID : 1) - /test
[18:37:10] [GET] [NORMAL] (ID : 1) - /test
[18:37:10] [GET] [NORMAL] (ID : 1) - /test
[18:37:10] [GET] [NORMAL] (ID : 1) - /test
[18:37:10] [GET] [NORMAL] (ID : 1) - /test
[18:37:10] [GET] [NORMAL] (ID : 1) - /test
[18:37:10] [GET] [NORMAL] (ID : 1) - /test
[18:37:10] [GET] [NORMAL] (ID : 1) - /test
[18:37:11] [GET] [NORMAL] (ID : 1) - /test
[18:37:11] [GET] [NORMAL] (ID : 1) - /test
[18:37:11] [GET] [NORMAL] (ID : 1) - /test
[18:37:11] [GET] [NORMAL] (ID : 1) - /test
[18:37:11] [GET] [NORMAL] (ID : 1) - /test
[18:37:11] [GET] [NORMAL] (ID : 1) - /test
[18:37:11] [GET] [NORMAL] (ID : 1) - /test
[18:37:11] [GET] [NORMAL] (ID : 1) - /test
[18:37:12] [GET] [NORMAL] (ID : 1) - /test
[18:37:12] [GET] [NORMAL] (ID : 1) - /test
[18:37:12] [GET] [NORMAL] (ID : 1) - /test
[18:37:12] [GET] [NORMAL] (ID : 1) - /test
[18:37:12] [GET] [NORMAL] (ID : 1) - /test
[18:37:12] [GET] [NORMAL] (ID : 1) - /test
[18:37:12] [GET] [NORMAL] (ID : 1) - /test
[18:37:12] [GET] [NORMAL] (ID : 1) - /test
[18:37:13] [GET] [NORMAL] (ID : 1) - /test
[18:37:13] [GET] [NORMAL] (ID : 1) - /test
[18:37:13] [GET] [NORMAL] (ID : 1) - /test
[18:37:13] [GET] [NORMAL] (ID : 1) - /test
[18:37:13] [GET] [NORMAL] (ID : 1) - /test
[18:37:13] [GET] [NORMAL] (ID : 1) - /test
[18:37:13] [GET] [NORMAL] (ID : 1) - /test
[18:37:13] [GET] [NORMAL] (ID : 1) - /test
[18:37:13] [GET] [NORMAL] (ID : 1) - /test
[18:37:14] [GET] [NORMAL] (ID : 1) - /test
[18:37:14] [GET] [NORMAL] (ID : 1) - /test
[18:37:14] [GET] [NORMAL] (ID : 1) - /test
[18:37:14] [GET] [NORMAL] (ID : 1) - /test
[18:37:14] [GET] [NORMAL] (ID : 1) - /test
[18:37:14] [GET] [NORMAL] (ID : 1) - /test
[18:37:14] [GET] [NORMAL] (ID : 1) - /test
[18:37:15] [GET] [NORMAL] (ID : 1) - /test
[18:37:15] [GET] [NORMAL] (ID : 1) - /test
[18:37:15] [GET] [NORMAL] (ID : 1) - /test
[18:37:15] [GET] [NORMAL] (ID : 1) - /test
[18:37:15] [GET] [NORMAL] (ID : 1) - /test
[18:37:15] [GET] [NORMAL] (ID : 1) - /test
[18:37:15] [GET] [NORMAL] (ID : 1) - /test
[18:37:16] [GET] [NORMAL] (ID : 1) - /test
[18:37:18] [GET] [NORMAL] (ID : 1) - /test
[18:37:18] [GET] [NORMAL] (ID : 1) - /test
[18:37:18] [GET] [NORMAL] (ID : 1) - /test
[18:37:18] [GET] [NORMAL] (ID : 1) - /test
[18:37:18] [GET] [NORMAL] (ID : 1) - /test
[18:37:18] [GET] [NORMAL] (ID : 1) - /test
[18:37:18] [GET] [NORMAL] (ID : 1) - /test
[18:37:18] [GET] [NORMAL] (ID : 1) - /test
[18:37:21] [GET] [NORMAL] (ID : 1) - /test
[18:37:21] [GET] [NORMAL] (ID : 1) - /test
[18:37:21] [GET] [NORMAL] (ID : 1) - /test
[18:37:21] [GET] [NORMAL] (ID : 1) - /test
[18:37:21] [GET] [NORMAL] (ID : 1) - /test
[18:37:21] [GET] [NORMAL] (ID : 1) - /test
[18:37:22] [GET] [NORMAL] (ID : 1) - /test
[18:37:22] [GET] [NORMAL] (ID : 1) - /test
[18:37:22] [GET] [NORMAL] (ID : 1) - /test
[18:37:23] [GET] [NORMAL] (ID : 1) - /test
[18:37:24] [GET] [NORMAL] (ID : 1) - /test
[18:37:24] [GET] [NORMAL] (ID : 1) - /test
[18:37:24] [GET] [NORMAL] (ID : 1) - /test
[18:37:25] [GET] [NORMAL] (ID : 1) - /test
[18:37:26] [GET] [NORMAL] (ID : 1) - /test
[18:37:26] [GET] [NORMAL] (ID : 1) - /test
[18:37:27] [GET] [NORMAL] (ID : 1) - /test
[18:37:28] [GET] [NORMAL] (ID : 1) - /test
[18:37:28] [GET] [NORMAL] (ID : 1) - /test
[18:37:28] [GET] [NORMAL] (ID : 1) - /test
[18:37:28] [GET] [NORMAL] (ID : 1) - /test
[18:38:43] [GET] [NORMAL] (ID : 1) - /test
[18:38:44] [GET] [NORMAL] (ID : 1) - /test
[18:39:04] [GET] [NORMAL] (ID : 1) - /test
[18:39:05] [GET] [NORMAL] (ID : 1) - /test
[18:39:06] [GET] [NORMAL] (ID : 1) - /test
[18:39:16] [GET] [NORMAL] (ID : 1) - /test
[18:39:17] [GET] [NORMAL] (ID : 1) - /test
[18:39:17] [GET] [NORMAL] (ID : 1) - /test
[18:39:18] [GET] [NORMAL] (ID : 1) - /test
[18:39:18] [GET] [NORMAL] (ID : 1) - /test
[18:39:31] [GET] [NORMAL] (ID : 1) - /test
[18:39:56] [GET] [NORMAL] (ID : 1) - /test
[18:39:58] [GET] [NORMAL] (ID : 1) - /test
[18:39:58] [GET] [NORMAL] (ID : 1) - /test
[18:39:58] [GET] [NORMAL] (ID : 1) - /test
[18:39:58] [GET] [NORMAL] (ID : 1) - /test
[18:39:59] [GET] [NORMAL] (ID : 1) - /test
[18:39:59] [GET] [NORMAL] (ID : 1) - /test
[18:39:59] [GET] [NORMAL] (ID : 1) - /test
[18:39:59] [GET] [NORMAL] (ID : 1) - /test
[18:39:59] [GET] [NORMAL] (ID : 1) - /test
[18:39:59] [GET] [NORMAL] (ID : 1) - /test
[18:40:00] [GET] [NORMAL] (ID : 1) - /test
[18:40:00] [GET] [NORMAL] (ID : 1) - /test
[18:40:00] [GET] [NORMAL] (ID : 1) - /test
[18:40:00] [GET] [NORMAL] (ID : 1) - /test
[18:40:00] [GET] [NORMAL] (ID : 1) - /test
[18:40:00] [GET] [NORMAL] (ID : 1) - /test
[18:40:00] [GET] [NORMAL] (ID : 1) - /test
[18:40:00] [GET] [NORMAL] (ID : 1) - /test
[18:40:01] [GET] [NORMAL] (ID : 1) - /test
[18:40:01] [GET] [NORMAL] (ID : 1) - /test
[18:40:01] [GET] [NORMAL] (ID : 1) - /test
[18:40:01] [GET] [NORMAL] (ID : 1) - /test
[18:40:01] [GET] [NORMAL] (ID : 1) - /test
[18:40:01] [GET] [NORMAL] (ID : 1) - /test
[18:40:01] [GET] [NORMAL] (ID : 1) - /test
[18:40:01] [GET] [NORMAL] (ID : 1) - /test
[18:40:01] [GET] [NORMAL] (ID : 1) - /test
[18:40:01] [GET] [NORMAL] (ID : 1) - /test
[18:40:02] [GET] [NORMAL] (ID : 1) - /test
[18:40:02] [GET] [NORMAL] (ID : 1) - /test
[18:40:02] [GET] [NORMAL] (ID : 1) - /test
[18:40:02] [GET] [NORMAL] (ID : 1) - /test
[18:40:02] [GET] [NORMAL] (ID : 1) - /test
[18:40:02] [GET] [NORMAL] (ID : 1) - /test
[18:40:02] [GET] [NORMAL] (ID : 1) - /test
[18:40:02] [GET] [NORMAL] (ID : 1) - /test
[18:40:03] [GET] [NORMAL] (ID : 1) - /test
[18:40:03] [GET] [NORMAL] (ID : 1) - /test
[18:40:04] [GET] [NORMAL] (ID : 1) - /test
[18:40:04] [GET] [NORMAL] (ID : 1) - /test
[18:40:04] [GET] [NORMAL] (ID : 1) - /test
[18:40:04] [GET] [NORMAL] (ID : 1) - /test
[18:40:04] [GET] [NORMAL] (ID : 1) - /test
[18:40:05] [GET] [NORMAL] (ID : 1) - /test
[18:40:05] [GET] [NORMAL] (ID : 1) - /test
[18:40:05] [GET] [NORMAL] (ID : 1) - /test
[18:40:05] [GET] [NORMAL] (ID : 1) - /test
[18:40:05] [GET] [NORMAL] (ID : 1) - /test
[18:40:05] [GET] [NORMAL] (ID : 1) - /test
[18:40:05] [GET] [NORMAL] (ID : 1) - /test
[18:40:05] [GET] [NORMAL] (ID : 1) - /test
[18:40:05] [GET] [NORMAL] (ID : 1) - /test
[18:40:06] [GET] [NORMAL] (ID : 1) - /test
[18:40:06] [GET] [NORMAL] (ID : 1) - /test
[18:40:06] [GET] [NORMAL] (ID : 1) - /test
[18:40:06] [GET] [NORMAL] (ID : 1) - /test
[18:40:06] [GET] [NORMAL] (ID : 1) - /test
[18:40:06] [GET] [NORMAL] (ID : 1) - /test
[18:40:06] [GET] [NORMAL] (ID : 1) - /test
[18:40:06] [GET] [NORMAL] (ID : 1) - /test
[18:40:06] [GET] [NORMAL] (ID : 1) - /test
[18:40:06] [GET] [NORMAL] (ID : 1) - /test
[18:40:07] [GET] [NORMAL] (ID : 1) - /test
[18:40:08] [GET] [NORMAL] (ID : 1) - /test
[18:40:08] [GET] [NORMAL] (ID : 1) - /test
[18:40:08] [GET] [NORMAL] (ID : 1) - /test
[18:40:08] [GET] [NORMAL] (ID : 1) - /test
[18:40:08] [GET] [NORMAL] (ID : 1) - /test
[18:40:09] [GET] [NORMAL] (ID : 1) - /test
[18:40:09] [GET] [NORMAL] (ID : 1) - /test
[18:40:09] [GET] [NORMAL] (ID : 1) - /test
[18:40:09] [GET] [NORMAL] (ID : 1) - /test
[18:40:09] [GET] [NORMAL] (ID : 1) - /test
[18:40:09] [GET] [NORMAL] (ID : 1) - /test
[18:40:09] [GET] [NORMAL] (ID : 1) - /test
[18:40:11] [GET] [NORMAL] (ID : 1) - /test
[18:40:11] [GET] [NORMAL] (ID : 1) - /test
[18:40:11] [GET] [NORMAL] (ID : 1) - /test
[18:40:11] [GET] [NORMAL] (ID : 1) - /test
[18:40:11] [GET] [NORMAL] (ID : 1) - /test
[18:40:11] [GET] [NORMAL] (ID : 1) - /test
[18:40:11] [GET] [NORMAL] (ID : 1) - /test
[18:40:11] [GET] [NORMAL] (ID : 1) - /test
[18:40:11] [GET] [NORMAL] (ID : 1) - /test
[18:40:12] [GET] [NORMAL] (ID : 1) - /test
[18:40:12] [GET] [NORMAL] (ID : 1) - /test
[18:40:12] [GET] [NORMAL] (ID : 1) - /test
[18:40:12] [GET] [NORMAL] (ID : 1) - /test
[18:40:12] [GET] [NORMAL] (ID : 1) - /test
[18:40:12] [GET] [NORMAL] (ID : 1) - /test
[18:40:12] [GET] [NORMAL] (ID : 1) - /test
[18:40:13] [GET] [NORMAL] (ID : 1) - /test
[18:40:13] [GET] [NORMAL] (ID : 1) - /test
[18:40:14] [GET] [NORMAL] (ID : 1) - /test
[18:40:14] [GET] [NORMAL] (ID : 1) - /test
[18:40:14] [GET] [NORMAL] (ID : 1) - /test
[18:40:14] [GET] [NORMAL] (ID : 1) - /test
[18:40:14] [GET] [NORMAL] (ID : 1) - /test
[18:40:14] [GET] [NORMAL] (ID : 1) - /test
[18:40:15] [GET] [NORMAL] (ID : 1) - /test
[18:40:16] [GET] [NORMAL] (ID : 1) - /test
[18:40:16] [GET] [NORMAL] (ID : 1) - /test
[18:40:16] [GET] [NORMAL] (ID : 1) - /test
[18:40:16] [GET] [NORMAL] (ID : 1) - /test
[18:41:28] [GET] [NORMAL] (ID : 1) - /test
[18:41:55] [GET] [NORMAL] (ID : 1) - /test
[18:42:14] [GET] [NORMAL] (ID : 1) - /test
[18:42:14] [GET] [NORMAL] (ID : 1) - /test
[18:43:34] [GET] [NORMAL] (ID : 1) - /test
[18:43:37] [GET] [NORMAL] (ID : 1) - /test
[18:43:38] [GET] [NORMAL] (ID : 1) - /test
[18:43:38] [GET] [NORMAL] (ID : 1) - /test
[18:43:38] [GET] [NORMAL] (ID : 1) - /test
[18:43:38] [GET] [NORMAL] (ID : 1) - /test
[18:43:38] [GET] [NORMAL] (ID : 1) - /test
[18:43:39] [GET] [NORMAL] (ID : 1) - /test
[18:43:39] [GET] [NORMAL] (ID : 1) - /test
[18:44:04] [GET] [NORMAL] (ID : 1) - /test
[18:48:07] [GET] [NORMAL] (ID : 1) - /friend
[18:50:42] [GET] [NORMAL] (ID : 1) - /friend
[18:53:34] [GET] [NORMAL] (ID : 1) - /friend
[18:54:05] [GET] [NORMAL] (ID : 1) - /friend
[18:54:33] [GET] [NORMAL] (ID : 1) - /friend
[18:54:44] [GET] [NORMAL] (ID : 1) - /
[18:54:44] [GET] [NORMAL] (ID : 1) - /home
[18:54:47] [GET] [NORMAL] (ID : 1) - /friend
[19:04:24] [GET] [NORMAL] (ID : 1) - /setting
[19:04:30] [GET] [NORMAL] (ID : 1) - /friend
[19:06:32] [GET] [NORMAL] (ID : 1) - /friend
[19:08:09] [GET] [NORMAL] (ID : 1) - /friend
[19:08:21] [GET] [NORMAL] (ID : 1) - /friend
[19:08:31] [GET] [NORMAL] (ID : 1) - /friend
[19:09:14] [GET] [NORMAL] (ID : 1) - /friend
[19:09:51] [GET] [NORMAL] (ID : 1) - /friend
[19:10:06] [GET] [NORMAL] (ID : 1) - /friend
[19:10:16] [GET] [NORMAL] (ID : 1) - /friend
[19:10:30] [GET] [NORMAL] (ID : 1) - /friend
[19:10:56] [GET] [NORMAL] (ID : 1) - /friend
[19:11:12] [GET] [NORMAL] (ID : 1) - /friend
[19:11:50] [GET] [NORMAL] (ID : 1) - /friend
[19:12:00] [GET] [NORMAL] (ID : 1) - /friend
[19:12:09] [GET] [NORMAL] (ID : 1) - /friend
[19:13:06] [GET] [NORMAL] (ID : 1) - /friend
[19:13:33] [GET] [NORMAL] (ID : 1) - /friend
[19:13:47] [GET] [NORMAL] (ID : 1) - /friend
[19:13:52] [GET] [NORMAL] (ID : 1) - /friend
[19:14:17] [GET] [NORMAL] (ID : 1) - /friend
[19:14:30] [GET] [NORMAL] (ID : 1) - /friend
[19:14:42] [GET] [NORMAL] (ID : 1) - /friend
[19:14:58] [GET] [NORMAL] (ID : 1) - /friend
[19:19:09] [GET] [NORMAL] (ID : 1) - /friend
[19:19:19] [GET] [NORMAL] (ID : 1) - /friend
[19:19:30] [GET] [NORMAL] (ID : 1) - /friend
[19:20:17] [GET] [NORMAL] (ID : 1) - /friend
[19:20:30] [GET] [NORMAL] (ID : 1) - /friend
[19:20:45] [GET] [NORMAL] (ID : 1) - /friend
[19:20:55] [GET] [NORMAL] (ID : 1) - /friend
[19:21:11] [GET] [NORMAL] (ID : 1) - /friend
[19:21:24] [GET] [NORMAL] (ID : 1) - /friend
[19:21:32] [GET] [NORMAL] (ID : 1) - /friend
[19:21:47] [GET] [NORMAL] (ID : 1) - /friend
[19:21:58] [GET] [NORMAL] (ID : 1) - /friend
[19:22:08] [GET] [NORMAL] (ID : 1) - /friend
[19:22:57] [GET] [NORMAL] (ID : 1) - /friend
[19:23:17] [GET] [NORMAL] (ID : 1) - /friend
[19:23:28] [GET] [NORMAL] (ID : 1) - /friend
[19:23:34] [GET] [NORMAL] (ID : 1) - /friend
[19:23:59] [GET] [NORMAL] (ID : 1) - /friend
[19:24:16] [GET] [NORMAL] (ID : 1) - /friend
[19:24:24] [GET] [NORMAL] (ID : 1) - /friend
[19:54:37] [GET] [NORMAL] (ID : 1) - /friend
[19:54:52] [GET] [NORMAL] (ID : 1) - /friend
[19:55:05] [GET] [NORMAL] (ID : 1) - /friend
[19:55:35] [GET] [NORMAL] (ID : 1) - /friend
[19:55:54] [GET] [NORMAL] (ID : 1) - /friend
[19:56:05] [GET] [NORMAL] (ID : 1) - /friend
[19:56:18] [GET] [NORMAL] (ID : 1) - /friend
[19:57:08] [GET] [NORMAL] (ID : 1) - /friend
[19:57:27] [GET] [NORMAL] (ID : 1) - /friend
[19:58:07] [GET] [NORMAL] (ID : 1) - /friend
[19:58:13] [GET] [NORMAL] (ID : 1) - /friend
[19:58:27] [GET] [NORMAL] (ID : 1) - /friend
[19:59:01] [GET] [NORMAL] (ID : 1) - /friend
[20:00:40] [GET] [NORMAL] (ID : 1) - /friend
[20:00:59] [GET] [NORMAL] (ID : 1) - /friend
[20:01:25] [GET] [NORMAL] (ID : 1) - /friend
[20:01:58] [GET] [NORMAL] (ID : 1) - /friend
[20:02:20] [GET] [NORMAL] (ID : 1) - /friend
[20:02:59] [GET] [NORMAL] (ID : 1) - /friend
[20:03:42] [GET] [NORMAL] (ID : 1) - /friend
[20:03:55] [GET] [NORMAL] (ID : 1) - /friend
[20:04:05] [GET] [NORMAL] (ID : 1) - /friend
[20:04:09] [GET] [NORMAL] (ID : 1) - /friend
[20:04:20] [GET] [NORMAL] (ID : 1) - /friend
[20:04:41] [GET] [NORMAL] (ID : 1) - /friend
[20:05:09] [GET] [NORMAL] (ID : 1) - /friend
[20:05:19] [GET] [NORMAL] (ID : 1) - /friend
[20:05:25] [GET] [NORMAL] (ID : 1) - /friend
[20:05:36] [GET] [NORMAL] (ID : 1) - /friend
[20:05:55] [GET] [NORMAL] (ID : 1) - /friend
[20:06:16] [GET] [NORMAL] (ID : 1) - /friend
[20:07:18] [GET] [NORMAL] (ID : 1) - /friend
[20:07:34] [GET] [NORMAL] (ID : 1) - /friend
[20:07:40] [GET] [NORMAL] (ID : 1) - /friend
[20:07:54] [GET] [NORMAL] (ID : 1) - /friend
[20:08:04] [GET] [NORMAL] (ID : 1) - /friend
[20:08:23] [GET] [NORMAL] (ID : 1) - /friend
[20:08:36] [GET] [NORMAL] (ID : 1) - /friend
[20:08:52] [GET] [NORMAL] (ID : 1) - /friend
[20:09:06] [GET] [NORMAL] (ID : 1) - /friend
[20:09:17] [GET] [NORMAL] (ID : 1) - /friend
[20:09:22] [GET] [NORMAL] (ID : 1) - /friend
[20:09:52] [GET] [NORMAL] (ID : 1) - /friend
[20:10:10] [GET] [NORMAL] (ID : 1) - /friend
[20:10:18] [GET] [NORMAL] (ID : 1) - /friend
[20:10:40] [GET] [NORMAL] (ID : 1) - /friend
[20:10:47] [GET] [NORMAL] (ID : 1) - /friend
[20:10:56] [GET] [NORMAL] (ID : 1) - /friend
[20:11:05] [GET] [NORMAL] (ID : 1) - /friend
[20:11:18] [GET] [NORMAL] (ID : 1) - /friend
[20:11:23] [GET] [NORMAL] (ID : 1) - /friend
[20:11:30] [GET] [NORMAL] (ID : 1) - /friend
[20:11:35] [GET] [NORMAL] (ID : 1) - /setting
[20:11:40] [GET] [NORMAL] (ID : 1) - /friend
[20:12:56] [GET] [NORMAL] (ID : 1) - /friend
[20:13:14] [GET] [NORMAL] (ID : 1) - /setting
[20:13:19] [GET] [NORMAL] (ID : 1) - /friend
[20:14:20] [GET] [NORMAL] (ID : 1) - /friend
[20:14:40] [GET] [NORMAL] (ID : 1) - /friend
[20:14:50] [GET] [NORMAL] (ID : 1) - /friend
[20:15:01] [GET] [NORMAL] (ID : 1) - /setting
[20:15:05] [GET] [NORMAL] (ID : 1) - /friend
[20:15:17] [GET] [NORMAL] (ID : 1) - /friend
[20:15:26] [GET] [NORMAL] (ID : 1) - /setting
[20:15:31] [GET] [NORMAL] (ID : 1) - /friend
[20:15:51] [GET] [NORMAL] (ID : 1) - /setting
[20:15:56] [GET] [NORMAL] (ID : 1) - /friend
[20:16:03] [GET] [NORMAL] (ID : 1) - /notification
[20:16:06] [GET] [NORMAL] (ID : 1) - /setting
[20:16:10] [GET] [NORMAL] (ID : 1) - /friend
[20:16:26] [GET] [NORMAL] (ID : 1) - /friend
[20:16:30] [GET] [NORMAL] (ID : 1) - /setting
[20:16:33] [GET] [NORMAL] (ID : 1) - /friend
[20:16:44] [GET] [NORMAL] (ID : 1) - /friend
[20:16:49] [GET] [NORMAL] (ID : 1) - /setting
[20:16:54] [GET] [NORMAL] (ID : 1) - /friend
[20:17:42] [GET] [NORMAL] (ID : 1) - /friend
[20:17:50] [GET] [NORMAL] (ID : 1) - /friend
[20:17:58] [GET] [NORMAL] (ID : 1) - /friend
[20:18:18] [GET] [NORMAL] (ID : 1) - /friend
[20:18:42] [GET] [NORMAL] (ID : 1) - /friend
[20:18:55] [GET] [NORMAL] (ID : 1) - /friend
[20:19:07] [GET] [NORMAL] (ID : 1) - /friend
[20:19:22] [GET] [NORMAL] (ID : 1) - /friend
[20:19:29] [GET] [NORMAL] (ID : 1) - /friend
[20:19:47] [GET] [NORMAL] (ID : 1) - /friend_request
[20:19:51] [GET] [NORMAL] (ID : 1) - /friend
[20:20:30] [GET] [NORMAL] (ID : 1) - /friend
[20:27:22] [GET] [NORMAL] (ID : 1) - /friend
[20:27:51] [GET] [NORMAL] (ID : 1) - /friend
[20:28:50] [GET] [NORMAL] (ID : 1) - /friend
[20:29:38] [GET] [NORMAL] (ID : 1) - /friend
[20:30:20] [GET] [NORMAL] (ID : 1) - /friend
[20:31:07] [GET] [NORMAL] (ID : 1) - /friend
[20:31:14] [GET] [NORMAL] (ID : 1) - /friend
[20:31:23] [GET] [NORMAL] (ID : 1) - /friend
[20:31:30] [GET] [NORMAL] (ID : 1) - /friend
[20:32:00] [GET] [NORMAL] (ID : 1) - /friend
[20:32:30] [GET] [NORMAL] (ID : 1) - /friend
[20:34:05] [GET] [NORMAL] (ID : 1) - /friend
[20:34:13] [GET] [NORMAL] (ID : 1) - /friend
[20:34:37] [GET] [NORMAL] (ID : 1) - /friend
[20:36:07] [GET] [NORMAL] (ID : 1) - /friend
[20:36:30] [GET] [NORMAL] (ID : 1) - /friend
[20:39:47] [GET] [NORMAL] (ID : 1) - /friend
[20:42:39] [GET] [NORMAL] (ID : 1) - /friend
[20:42:59] [GET] [NORMAL] (ID : 1) - /user_space/April
[20:44:17] [GET] [NORMAL] (ID : 0) - /
[20:44:17] [GET] [NORMAL] (ID : 0) - /home
[20:44:20] [GET] [NORMAL] (ID : 0) - /my_space
[20:44:20] [GET] [NORMAL] (ID : 0) - /auth
[20:44:37] [GET] [NORMAL] (ID : 5) - /my_space
[20:44:40] [GET] [NORMAL] (ID : 5) - /notification
[20:44:47] [GET] [NORMAL] (ID : 5) - /friend
[20:44:49] [GET] [NORMAL] (ID : 5) - /friend_request
[20:44:54] [GET] [NORMAL] (ID : 5) - /friend
[20:45:04] [GET] [NORMAL] (ID : 5) - /friend
[20:45:39] [GET] [NORMAL] (ID : 1) - /friend
[20:45:47] [GET] [NORMAL] (ID : 1) - /friend
[20:45:52] [GET] [NORMAL] (ID : 5) - /friend
[20:46:54] [GET] [NORMAL] (ID : 1) - /friend
[20:47:08] [GET] [NORMAL] (ID : 1) - /friend
[20:48:21] [GET] [NORMAL] (ID : 1) - /friend
[20:49:12] [GET] [NORMAL] (ID : 1) - /friend
[20:49:47] [GET] [NORMAL] (ID : 5) - /friend
[21:03:55] [GET] [NORMAL] (ID : 1) - /test
[21:03:55] [GET] [NORMAL] (ID : 1) - /favicon.ico
[21:04:09] [GET] [NORMAL] (ID : 5) - /friend
[21:04:10] [GET] [NORMAL] (ID : 1) - /test
[21:04:12] [GET] [NORMAL] (ID : 1) - /test
[21:04:29] [GET] [NORMAL] (ID : 5) - /setting
[21:04:31] [GET] [NORMAL] (ID : 0) - /home
[21:04:35] [GET] [NORMAL] (ID : 0) - /my_space
[21:04:35] [GET] [NORMAL] (ID : 0) - /auth
[21:04:53] [GET] [NORMAL] (ID : 1) - /my_space
[21:06:06] [GET] [NORMAL] (ID : 1) - /friend
[21:06:11] [GET] [NORMAL] (ID : 1) - /setting
[21:06:12] [GET] [NORMAL] (ID : 0) - /home
[21:06:15] [GET] [NORMAL] (ID : 0) - /my_space
[21:06:15] [GET] [NORMAL] (ID : 0) - /auth
[21:07:26] [GET] [NORMAL] (ID : 5) - /my_space
[21:07:42] [GET] [NORMAL] (ID : 1) - /test
[21:07:42] [GET] [NORMAL] (ID : 1) - /favicon.ico
[21:07:54] [GET] [NORMAL] (ID : 5) - /my_space
[21:07:56] [GET] [NORMAL] (ID : 1) - /test
[21:08:21] [GET] [NORMAL] (ID : 5) - /my_space
[21:08:52] [GET] [NORMAL] (ID : 5) - /praise_list
[21:08:54] [GET] [NORMAL] (ID : 5) - /user_space/AprilQM
[21:08:57] [GET] [NORMAL] (ID : 5) - /my_space
[21:09:05] [GET] [NORMAL] (ID : 5) - /my_space
[21:09:07] [GET] [NORMAL] (ID : 1) - /test
[21:09:33] [GET] [NORMAL] (ID : 5) - /my_space
[21:09:34] [GET] [NORMAL] (ID : 1) - /test
[21:09:36] [GET] [NORMAL] (ID : 5) - /friend
[21:09:59] [GET] [NORMAL] (ID : 5) - /friend
[21:10:02] [GET] [NORMAL] (ID : 1) - /test
[21:10:12] [GET] [NORMAL] (ID : 1) - /test
[21:10:14] [GET] [NORMAL] (ID : 5) - /home
[21:10:16] [GET] [NORMAL] (ID : 1) - /test
[21:10:18] [GET] [NORMAL] (ID : 5) - /friend
[21:12:17] [GET] [NORMAL] (ID : 1) - /test
[21:12:19] [GET] [NORMAL] (ID : 5) - /friend
[21:12:22] [GET] [NORMAL] (ID : 5) - /my_space
[21:12:24] [GET] [NORMAL] (ID : 5) - /setting
[21:12:26] [GET] [NORMAL] (ID : 0) - /home
[21:12:33] [GET] [NORMAL] (ID : 1) - /test
[21:12:35] [GET] [NORMAL] (ID : 1) - /test
[21:13:00] [GET] [NORMAL] (ID : 0) - /home
[21:13:03] [GET] [NORMAL] (ID : 1) - /test
[21:13:15] [GET] [NORMAL] (ID : 1) - /test
[21:13:47] [GET] [NORMAL] (ID : 1) - /test
[21:13:52] [GET] [NORMAL] (ID : 1) - /test
[21:20:01] [GET] [NORMAL] (ID : 0) - /home
[21:20:03] [GET] [NORMAL] (ID : 0) - /my_space
[21:20:03] [GET] [NORMAL] (ID : 0) - /auth
[21:20:18] [GET] [NORMAL] (ID : 1) - /test
[21:20:46] [GET] [NORMAL] (ID : 1) - /test
[21:21:48] [GET] [NORMAL] (ID : 1) - /test
[21:21:56] [GET] [NORMAL] (ID : 1) - /test
[21:22:10] [GET] [NORMAL] (ID : 1) - /test
[21:22:31] [GET] [NORMAL] (ID : 1) - /test
[21:22:54] [GET] [NORMAL] (ID : 1) - /test
[21:23:02] [GET] [NORMAL] (ID : 1) - /test
[21:23:05] [GET] [NORMAL] (ID : 5) - /my_space
[21:23:08] [GET] [NORMAL] (ID : 5) - /notification
[21:23:10] [GET] [NORMAL] (ID : 5) - /friend
[21:23:40] [GET] [NORMAL] (ID : 1) - /test
[21:23:54] [GET] [NORMAL] (ID : 5) - /friend
[21:23:57] [GET] [NORMAL] (ID : 1) - /test
[21:24:03] [GET] [NORMAL] (ID : 5) - /friend
[21:24:04] [GET] [NORMAL] (ID : 1) - /test
[21:24:05] [GET] [NORMAL] (ID : 1) - /test
[21:24:07] [GET] [NORMAL] (ID : 5) - /friend
[21:29:01] [GET] [NORMAL] (ID : 5) - /friend
[21:29:46] [GET] [NORMAL] (ID : 5) - /friend
[21:29:53] [GET] [NORMAL] (ID : 5) - /friend
[21:30:13] [GET] [NORMAL] (ID : 5) - /friend
[21:33:34] [GET] [NORMAL] (ID : 1) - /test
[21:33:37] [GET] [NORMAL] (ID : 1) - /test
[21:34:16] [GET] [NORMAL] (ID : 5) - /friend
[21:34:18] [GET] [NORMAL] (ID : 1) - /test
[21:34:25] [GET] [NORMAL] (ID : 5) - /friend
[21:34:27] [GET] [NORMAL] (ID : 1) - /test
[21:34:30] [GET] [NORMAL] (ID : 1) - /test
[21:34:30] [GET] [NORMAL] (ID : 1) - /test
[21:34:30] [GET] [NORMAL] (ID : 1) - /test
[21:34:30] [GET] [NORMAL] (ID : 1) - /test
[21:34:30] [GET] [NORMAL] (ID : 1) - /test
[21:34:31] [GET] [NORMAL] (ID : 1) - /test
[21:34:31] [GET] [NORMAL] (ID : 1) - /test
[21:34:31] [GET] [NORMAL] (ID : 1) - /test
[21:34:31] [GET] [NORMAL] (ID : 1) - /test
[21:34:31] [GET] [NORMAL] (ID : 1) - /test
[21:36:42] [GET] [NORMAL] (ID : 5) - /friend
[21:36:45] [GET] [NORMAL] (ID : 1) - /test
[21:36:49] [GET] [NORMAL] (ID : 1) - /friend
[21:36:51] [GET] [NORMAL] (ID : 5) - /friend
[21:37:20] [GET] [NORMAL] (ID : 5) - /friend
[21:37:23] [GET] [NORMAL] (ID : 1) - /friend
[21:39:04] [GET] [NORMAL] (ID : 5) - /friend
