[17:26:24] [GET] [NORMAL] (ID : 5) - /
[17:26:24] [GET] [NORMAL] (ID : 5) - /home
[17:26:28] [GET] [NORMAL] (ID : 5) - /my_space
[17:26:37] [GET] [NORMAL] (ID : 1) - /friend
[17:26:48] [GET] [NORMAL] (ID : 5) - /friend
[17:27:59] [GET] [NORMAL] (ID : 5) - /friend
[17:28:23] [GET] [NORMAL] (ID : 5) - /friend
[17:29:20] [GET] [NORMAL] (ID : 5) - /friend
[17:29:23] [GET] [NORMAL] (ID : 5) - /friend
[17:29:48] [GET] [NORMAL] (ID : 5) - /friend
[17:30:10] [GET] [NORMAL] (ID : 5) - /friend
[17:30:40] [GET] [NORMAL] (ID : 5) - /friend
[17:30:45] [GET] [NORMAL] (ID : 1) - /friend
[17:31:16] [GET] [NORMAL] (ID : 1) - /my_space
[17:32:52] [GET] [NORMAL] (ID : 5) - /friend
[17:32:56] [GET] [NORMAL] (ID : 5) - /cloud
[17:32:59] [GET] [NORMAL] (ID : 5) - /friend
[17:33:03] [GET] [NORMAL] (ID : 1) - /my_space
[17:33:52] [GET] [NORMAL] (ID : 1) - /my_space
[17:34:04] [GET] [NORMAL] (ID : 1) - /my_space
[17:34:05] [GET] [NORMAL] (ID : 5) - /friend
[17:34:39] [GET] [NORMAL] (ID : 1) - /my_space
[17:34:56] [GET] [NORMAL] (ID : 1) - /my_space
[17:35:16] [GET] [NORMAL] (ID : 5) - /friend
[17:35:22] [GET] [NORMAL] (ID : 5) - /friend
[17:35:43] [GET] [NORMAL] (ID : 5) - /friend
[17:35:46] [GET] [NORMAL] (ID : 1) - /friend
[17:39:42] [GET] [NORMAL] (ID : 5) - /
[17:39:42] [GET] [NORMAL] (ID : 5) - /home
[17:39:44] [GET] [NORMAL] (ID : 5) - /notification
[17:39:50] [GET] [NORMAL] (ID : 5) - /friend
[17:40:31] [GET] [NORMAL] (ID : 1) - /friend
[17:40:40] [GET] [NORMAL] (ID : 5) - /
[17:40:40] [GET] [NORMAL] (ID : 5) - /home
[17:40:45] [GET] [NORMAL] (ID : 5) - /notification
[17:41:43] [GET] [NORMAL] (ID : 5) - /notification
[17:42:33] [GET] [NORMAL] (ID : 5) - /
[17:42:33] [GET] [NORMAL] (ID : 5) - /home
[17:42:41] [GET] [NORMAL] (ID : 5) - /friend
[17:42:47] [GET] [NORMAL] (ID : 5) - /friend
[17:43:16] [GET] [NORMAL] (ID : 5) - /friend
[17:43:19] [GET] [NORMAL] (ID : 5) - /friend
[17:43:24] [GET] [NORMAL] (ID : 5) - /friend
[17:43:37] [GET] [NORMAL] (ID : 5) - /
[17:43:37] [GET] [NORMAL] (ID : 5) - /home
[17:43:39] [GET] [NORMAL] (ID : 5) - /friend
[17:43:47] [GET] [NORMAL] (ID : 5) - /
[17:43:47] [GET] [NORMAL] (ID : 5) - /home
[17:43:50] [GET] [NORMAL] (ID : 5) - /friend
[17:44:56] [GET] [NORMAL] (ID : 5) - /friend
[17:44:58] [GET] [NORMAL] (ID : 5) - /friend_request
[17:45:00] [GET] [NORMAL] (ID : 5) - /friend
[17:45:14] [GET] [NORMAL] (ID : 5) - /friend
[17:45:16] [GET] [NORMAL] (ID : 1) - /forum
[17:45:29] [GET] [NORMAL] (ID : 1) - /friend
[17:46:07] [GET] [NORMAL] (ID : 5) - /friend
[17:46:15] [GET] [NORMAL] (ID : 5) - /friend
[17:53:04] [GET] [NORMAL] (ID : 5) - /friend
[17:53:09] [GET] [NORMAL] (ID : 1) - /friend
[17:53:19] [GET] [NORMAL] (ID : 5) - /friend
[17:53:48] [GET] [NORMAL] (ID : 5) - /friend
[17:53:54] [GET] [NORMAL] (ID : 1) - /friend
[17:53:59] [GET] [NORMAL] (ID : 5) - /friend
[17:54:14] [GET] [NORMAL] (ID : 5) - /friend
[17:54:25] [GET] [NORMAL] (ID : 5) - /friend
[17:55:04] [GET] [NORMAL] (ID : 5) - /friend
[17:55:07] [GET] [NORMAL] (ID : 1) - /friend
[17:55:13] [GET] [NORMAL] (ID : 5) - /friend
[17:55:47] [GET] [NORMAL] (ID : 5) - /friend
[17:55:48] [GET] [NORMAL] (ID : 1) - /friend
[17:55:57] [GET] [NORMAL] (ID : 5) - /friend
[17:55:59] [GET] [NORMAL] (ID : 1) - /friend
[17:57:09] [GET] [NORMAL] (ID : 1) - /friend
[17:57:13] [GET] [NORMAL] (ID : 5) - /friend
[17:57:19] [GET] [NORMAL] (ID : 5) - /friend
[17:57:21] [GET] [NORMAL] (ID : 5) - /friend
[17:57:29] [GET] [NORMAL] (ID : 5) - /friend
[17:58:08] [GET] [NORMAL] (ID : 0) - /
[17:58:08] [GET] [NORMAL] (ID : 0) - /home
[17:58:10] [GET] [NORMAL] (ID : 0) - /my_space
[17:58:10] [GET] [NORMAL] (ID : 0) - /auth
[17:58:17] [GET] [NORMAL] (ID : 1) - /my_space
[17:58:19] [GET] [NORMAL] (ID : 1) - /friend
[17:58:42] [GET] [NORMAL] (ID : 5) - /friend
[17:58:48] [GET] [NORMAL] (ID : 1) - /friend
[17:59:01] [GET] [NORMAL] (ID : 1) - /friend
[18:00:54] [GET] [NORMAL] (ID : 5) - /friend
[18:01:12] [GET] [NORMAL] (ID : 5) - /friend
[18:01:12] [GET] [NORMAL] (ID : 1) - /friend
[18:20:10] [GET] [NORMAL] (ID : 5) - /friend
[18:20:41] [GET] [NORMAL] (ID : 5) - /friend
[18:21:26] [GET] [NORMAL] (ID : 5) - /friend
[18:21:38] [GET] [NORMAL] (ID : 5) - /friend
[18:21:54] [GET] [NORMAL] (ID : 5) - /friend
[18:22:39] [GET] [NORMAL] (ID : 5) - /friend
[18:23:05] [GET] [NORMAL] (ID : 5) - /friend
[18:24:32] [GET] [NORMAL] (ID : 5) - /friend
[18:25:30] [GET] [NORMAL] (ID : 5) - /friend
[18:25:37] [GET] [NORMAL] (ID : 1) - /friend
[18:27:11] [GET] [NORMAL] (ID : 5) - /friend
[18:27:17] [GET] [NORMAL] (ID : 1) - /friend
[18:27:42] [GET] [NORMAL] (ID : 5) - /setting
[18:27:45] [GET] [NORMAL] (ID : 5) - /my_space
[18:27:48] [GET] [NORMAL] (ID : 5) - /friend
[18:28:46] [GET] [NORMAL] (ID : 5) - /friend
[18:28:48] [GET] [NORMAL] (ID : 5) - /user_space/AprilQM
[18:29:19] [GET] [NORMAL] (ID : 5) - /friend
[18:29:29] [GET] [NORMAL] (ID : 5) - /friend
[18:29:37] [GET] [NORMAL] (ID : 5) - /friend
[18:29:41] [GET] [NORMAL] (ID : 5) - /user_space/AprilQM
[18:29:47] [GET] [NORMAL] (ID : 5) - /friend
[18:30:34] [GET] [NORMAL] (ID : 5) - /friend
[18:30:36] [GET] [NORMAL] (ID : 5) - /user_space/April
[18:30:41] [GET] [NORMAL] (ID : 5) - /user_space/April
[18:31:22] [GET] [NORMAL] (ID : 1) - /friend
[18:31:31] [GET] [NORMAL] (ID : 5) - /friend
[18:31:32] [GET] [NORMAL] (ID : 1) - /friend
[18:33:49] [GET] [NORMAL] (ID : 5) - /friend
[18:34:15] [GET] [NORMAL] (ID : 5) - /friend
[18:34:55] [GET] [NORMAL] (ID : 5) - /friend
[18:35:04] [GET] [NORMAL] (ID : 5) - /friend
[18:35:18] [GET] [NORMAL] (ID : 5) - /friend
[18:35:38] [GET] [NORMAL] (ID : 5) - /friend
[18:45:23] [GET] [NORMAL] (ID : 5) - /friend
[18:45:54] [GET] [NORMAL] (ID : 1) - /friend
[18:46:02] [GET] [NORMAL] (ID : 5) - /friend
[18:46:20] [GET] [NORMAL] (ID : 5) - /friend
[18:49:44] [GET] [NORMAL] (ID : 5) - /friend
[18:53:39] [GET] [NORMAL] (ID : 5) - /friend
[18:54:09] [GET] [NORMAL] (ID : 5) - /friend
[18:54:21] [GET] [NORMAL] (ID : 5) - /friend
[18:54:43] [GET] [NORMAL] (ID : 5) - /friend
[18:54:58] [GET] [NORMAL] (ID : 5) - /friend
[18:55:38] [GET] [NORMAL] (ID : 5) - /friend
[18:57:18] [GET] [NORMAL] (ID : 5) - /friend
[18:57:25] [GET] [NORMAL] (ID : 5) - /friend
[18:57:44] [GET] [NORMAL] (ID : 5) - /friend
[18:57:58] [GET] [NORMAL] (ID : 1) - /friend
[18:58:10] [GET] [NORMAL] (ID : 1) - /friend
[18:58:20] [GET] [NORMAL] (ID : 1) - /friend
[18:58:26] [GET] [NORMAL] (ID : 5) - /friend
[18:58:43] [GET] [NORMAL] (ID : 5) - /friend
[18:58:49] [GET] [NORMAL] (ID : 5) - /friend
[18:58:57] [GET] [NORMAL] (ID : 5) - /friend
[18:59:00] [GET] [NORMAL] (ID : 5) - /friend
[18:59:06] [GET] [NORMAL] (ID : 5) - /friend
[18:59:14] [GET] [NORMAL] (ID : 5) - /friend
[18:59:21] [GET] [NORMAL] (ID : 5) - /friend
[18:59:27] [GET] [NORMAL] (ID : 5) - /friend
[18:59:34] [GET] [NORMAL] (ID : 1) - /friend
[18:59:40] [GET] [NORMAL] (ID : 1) - /friend
[19:00:13] [GET] [NORMAL] (ID : 5) - /friend
[19:00:16] [GET] [NORMAL] (ID : 5) - /friend
[19:00:23] [GET] [NORMAL] (ID : 1) - /friend
[19:00:29] [GET] [NORMAL] (ID : 1) - /friend
[19:00:40] [GET] [NORMAL] (ID : 5) - /friend
[19:01:10] [GET] [NORMAL] (ID : 5) - /friend
[19:01:26] [GET] [NORMAL] (ID : 5) - /friend
