[09:30:55] [GET] [NORMAL] (ID : 0) - /
[09:30:55] [GET] [NORMAL] (ID : 0) - /home
[09:30:58] [GET] [NORMAL] (ID : 0) - /my_space
[09:30:58] [GET] [NORMAL] (ID : 0) - /auth
[09:30:58] [GET] [NORMAL] (ID : 0) - /
[09:30:58] [GET] [NORMAL] (ID : 0) - /home
[09:31:02] [GET] [NORMAL] (ID : 0) - /my_space
[09:31:02] [GET] [NORMAL] (ID : 0) - /auth
[09:31:07] [GET] [NORMAL] (ID : 1) - /my_space
[09:31:11] [GET] [NORMAL] (ID : 1) - /notification
[09:31:14] [GET] [NORMAL] (ID : 4) - /my_space
[09:31:14] [GET] [NORMAL] (ID : 1) - /project
[09:31:16] [GET] [NORMAL] (ID : 1) - /friend
[09:31:21] [GET] [NORMAL] (ID : 4) - /friend
[09:31:22] [GET] [NORMAL] (ID : 1) - /notification
[09:31:32] [GET] [NORMAL] (ID : 1) - /my_space
[09:31:35] [GET] [NORMAL] (ID : 4) - /my_space
[09:31:40] [GET] [NORMAL] (ID : 1) - /notification
[09:31:52] [GET] [NORMAL] (ID : 1) - /friend
[09:31:55] [GET] [NORMAL] (ID : 1) - /friend_request
[09:31:55] [GET] [NORMAL] (ID : 4) - /friend
[09:31:58] [GET] [NORMAL] (ID : 1) - /my_space
[09:31:59] [GET] [NORMAL] (ID : 4) - /friend_request
[09:32:02] [GET] [NORMAL] (ID : 1) - /praise_list
[09:32:03] [GET] [NORMAL] (ID : 1) - /user_space/哔哩哔哩官方
[09:32:13] [GET] [NORMAL] (ID : 0) - /friend_request
[09:32:13] [GET] [NORMAL] (ID : 0) - /auth
[09:32:18] [GET] [NORMAL] (ID : 4) - /friend_request
[09:32:24] [GET] [NORMAL] (ID : 1) - /friend
[09:32:24] [GET] [NORMAL] (ID : 4) - /friend
[09:33:34] [GET] [NORMAL] (ID : 4) - /friend
[09:33:46] [GET] [NORMAL] (ID : 1) - /setting
[09:33:52] [GET] [NORMAL] (ID : 1) - /friend
[09:35:24] [GET] [NORMAL] (ID : 1) - /friend
[09:35:40] [GET] [NORMAL] (ID : 1) - /friend
[09:36:50] [GET] [NORMAL] (ID : 1) - /friend
[09:37:03] [GET] [NORMAL] (ID : 1) - /friend
[09:37:28] [GET] [NORMAL] (ID : 1) - /friend
[09:37:46] [GET] [NORMAL] (ID : 1) - /friend
[09:38:07] [GET] [NORMAL] (ID : 1) - /friend
[09:38:44] [GET] [NORMAL] (ID : 1) - /friend
[09:38:58] [GET] [NORMAL] (ID : 1) - /friend
[09:39:10] [GET] [NORMAL] (ID : 1) - /friend
[09:41:07] [GET] [NORMAL] (ID : 0) - /
[09:41:07] [GET] [NORMAL] (ID : 0) - /home
[09:41:09] [GET] [NORMAL] (ID : 1) - /friend
[09:41:10] [GET] [NORMAL] (ID : 0) - /my_space
[09:41:10] [GET] [NORMAL] (ID : 0) - /auth
[09:41:19] [GET] [NORMAL] (ID : 0) - /forget_password
[09:41:19] [GET] [NORMAL] (ID : 0) - /favicon.ico
[09:41:21] [GET] [NORMAL] (ID : 0) - /forget_password
[09:41:22] [GET] [NORMAL] (ID : 1) - /friend
[09:41:28] [GET] [NORMAL] (ID : 3) - /my_space
[09:41:32] [GET] [NORMAL] (ID : 3) - /friend
[09:41:34] [GET] [NORMAL] (ID : 3) - /friend_request
[09:41:40] [GET] [NORMAL] (ID : 3) - /friend
[09:41:42] [GET] [NORMAL] (ID : 1) - /friend
[09:42:08] [GET] [NORMAL] (ID : 3) - /friend
[09:42:11] [GET] [NORMAL] (ID : 3) - /friend_request
[09:42:14] [GET] [NORMAL] (ID : 3) - /friend
[09:42:23] [GET] [NORMAL] (ID : 3) - /user_space/AprilQM
[09:42:43] [GET] [NORMAL] (ID : 3) - /friend
[09:42:44] [GET] [NORMAL] (ID : 1) - /friend
[09:42:46] [GET] [NORMAL] (ID : 3) - /my_space
[09:42:51] [GET] [NORMAL] (ID : 3) - /friend
[09:42:53] [GET] [NORMAL] (ID : 3) - /friend_request
[09:42:55] [GET] [NORMAL] (ID : 3) - /friend
[09:43:04] [GET] [NORMAL] (ID : 1) - /friend
[09:43:33] [GET] [NORMAL] (ID : 1) - /friend
[09:44:35] [GET] [NORMAL] (ID : 1) - /friend
[09:44:56] [GET] [NORMAL] (ID : 4) - /friend
[09:45:24] [GET] [NORMAL] (ID : 1) - /friend
[09:45:33] [GET] [NORMAL] (ID : 1) - /friend
[09:45:38] [GET] [NORMAL] (ID : 4) - /friend
[09:45:45] [GET] [NORMAL] (ID : 1) - /friend
[09:45:54] [GET] [NORMAL] (ID : 4) - /friend
[09:45:58] [GET] [NORMAL] (ID : 1) - /friend
[09:46:44] [GET] [NORMAL] (ID : 1) - /friend
[09:46:55] [GET] [NORMAL] (ID : 4) - /friend
[09:47:09] [GET] [NORMAL] (ID : 4) - /friend
[09:47:24] [GET] [NORMAL] (ID : 1) - /friend
[09:47:27] [GET] [NORMAL] (ID : 4) - /my_space
[09:47:46] [GET] [NORMAL] (ID : 4) - /setting
[09:48:02] [GET] [NORMAL] (ID : 4) - /friend
[09:48:13] [GET] [NORMAL] (ID : 1) - /friend
[09:49:04] [GET] [NORMAL] (ID : 1) - /friend
[09:49:42] [GET] [NORMAL] (ID : 1) - /friend
[09:49:54] [GET] [NORMAL] (ID : 1) - /friend
[09:50:16] [GET] [NORMAL] (ID : 4) - /friend
[09:50:24] [GET] [NORMAL] (ID : 1) - /friend
[09:51:06] [GET] [NORMAL] (ID : 1) - /friend
[09:51:16] [GET] [NORMAL] (ID : 1) - /friend
[09:51:21] [GET] [NORMAL] (ID : 1) - /forum
[09:51:24] [GET] [NORMAL] (ID : 4) - /friend
[09:51:26] [GET] [NORMAL] (ID : 1) - /friend
[09:52:16] [GET] [NORMAL] (ID : 4) - /friend
[09:52:28] [GET] [NORMAL] (ID : 1) - /friend
[09:52:43] [GET] [NORMAL] (ID : 4) - /friend
[09:53:49] [GET] [NORMAL] (ID : 4) - /friend
[09:55:00] [GET] [NORMAL] (ID : 4) - /friend
[09:55:17] [GET] [NORMAL] (ID : 4) - /friend
[09:55:31] [GET] [NORMAL] (ID : 4) - /friend
[09:55:40] [GET] [NORMAL] (ID : 4) - /friend
[09:55:56] [GET] [NORMAL] (ID : 4) - /friend
[09:56:08] [GET] [NORMAL] (ID : 4) - /setting
[09:56:16] [GET] [NORMAL] (ID : 4) - /friend
[09:56:27] [GET] [NORMAL] (ID : 4) - /friend
[09:56:45] [GET] [NORMAL] (ID : 4) - /friend
[09:56:46] [GET] [NORMAL] (ID : 4) - /friend
[09:56:46] [GET] [NORMAL] (ID : 4) - /friend
[09:56:47] [GET] [NORMAL] (ID : 4) - /friend
[09:56:47] [GET] [NORMAL] (ID : 4) - /friend
[09:56:47] [GET] [NORMAL] (ID : 4) - /friend
[09:56:48] [GET] [NORMAL] (ID : 4) - /friend
[09:56:48] [GET] [NORMAL] (ID : 4) - /friend
[09:56:48] [GET] [NORMAL] (ID : 4) - /friend
[09:56:48] [GET] [NORMAL] (ID : 4) - /friend
[09:56:49] [GET] [NORMAL] (ID : 4) - /friend
[09:56:49] [GET] [NORMAL] (ID : 4) - /friend
[09:56:49] [GET] [NORMAL] (ID : 4) - /friend
[09:56:50] [GET] [NORMAL] (ID : 4) - /friend
[09:56:50] [GET] [NORMAL] (ID : 4) - /friend
[09:56:51] [GET] [NORMAL] (ID : 4) - /friend
[09:56:51] [GET] [NORMAL] (ID : 4) - /friend
[09:56:51] [GET] [NORMAL] (ID : 4) - /friend
[09:56:51] [GET] [NORMAL] (ID : 4) - /friend
[09:56:51] [GET] [NORMAL] (ID : 4) - /friend
[09:56:52] [GET] [NORMAL] (ID : 4) - /friend
[09:56:52] [GET] [NORMAL] (ID : 4) - /friend
[09:56:52] [GET] [NORMAL] (ID : 4) - /friend
[09:56:53] [GET] [NORMAL] (ID : 4) - /friend
[09:56:53] [GET] [NORMAL] (ID : 4) - /friend
[09:56:53] [GET] [NORMAL] (ID : 4) - /friend
[09:56:53] [GET] [NORMAL] (ID : 4) - /friend
[09:56:54] [GET] [NORMAL] (ID : 4) - /friend
[09:56:54] [GET] [NORMAL] (ID : 4) - /friend
[09:56:54] [GET] [NORMAL] (ID : 4) - /friend
[09:56:54] [GET] [NORMAL] (ID : 4) - /friend
[09:56:55] [GET] [NORMAL] (ID : 4) - /friend
[09:56:55] [GET] [NORMAL] (ID : 4) - /friend
[09:56:55] [GET] [NORMAL] (ID : 4) - /friend
[09:56:55] [GET] [NORMAL] (ID : 4) - /friend
[09:57:09] [GET] [NORMAL] (ID : 4) - /friend
[09:57:28] [GET] [NORMAL] (ID : 4) - /friend
[09:57:36] [GET] [NORMAL] (ID : 4) - /friend
[09:57:37] [GET] [NORMAL] (ID : 4) - /friend
[09:57:37] [GET] [NORMAL] (ID : 4) - /friend
[09:57:37] [GET] [NORMAL] (ID : 4) - /friend
[09:57:50] [GET] [NORMAL] (ID : 4) - /friend
[09:58:01] [GET] [NORMAL] (ID : 4) - /friend
[09:58:08] [GET] [NORMAL] (ID : 1) - /friend
[09:59:20] [GET] [NORMAL] (ID : 4) - /friend
[09:59:41] [GET] [NORMAL] (ID : 4) - /forum
[09:59:46] [GET] [NORMAL] (ID : 4) - /forum
[09:59:51] [GET] [NORMAL] (ID : 4) - /friend
[10:00:03] [GET] [NORMAL] (ID : 4) - /friend
[10:00:04] [GET] [NORMAL] (ID : 1) - /friend
[10:00:19] [GET] [NORMAL] (ID : 1) - /friend
[10:00:29] [GET] [NORMAL] (ID : 4) - /friend
[10:00:35] [GET] [NORMAL] (ID : 1) - /friend
[10:00:40] [GET] [NORMAL] (ID : 4) - /friend
[10:00:48] [GET] [NORMAL] (ID : 4) - /friend
[10:00:53] [GET] [NORMAL] (ID : 4) - /friend
[10:01:05] [GET] [NORMAL] (ID : 4) - /friend
[10:01:05] [GET] [NORMAL] (ID : 4) - /friend
[10:01:06] [GET] [NORMAL] (ID : 4) - /friend
[10:01:06] [GET] [NORMAL] (ID : 4) - /friend
[10:01:07] [GET] [NORMAL] (ID : 4) - /friend
[10:01:29] [GET] [NORMAL] (ID : 1) - /friend
[10:01:36] [GET] [NORMAL] (ID : 4) - /friend
[10:03:42] [GET] [NORMAL] (ID : 1) - /my_space
[10:03:47] [GET] [NORMAL] (ID : 1) - /setting
[10:03:56] [GET] [NORMAL] (ID : 1) - /notification
[10:04:01] [GET] [NORMAL] (ID : 1) - /home
[10:04:05] [GET] [NORMAL] (ID : 1) - /friend
[10:04:20] [GET] [NORMAL] (ID : 4) - /home
[10:04:23] [GET] [NORMAL] (ID : 4) - /cloud
[10:04:25] [GET] [NORMAL] (ID : 4) - /project
[10:04:28] [GET] [NORMAL] (ID : 4) - /forum
[10:04:32] [GET] [NORMAL] (ID : 4) - /my_space
[10:04:51] [GET] [NORMAL] (ID : 0) - /setting
[10:04:51] [GET] [NORMAL] (ID : 0) - /auth
[10:05:01] [GET] [NORMAL] (ID : 1) - /setting
[10:05:01] [GET] [NORMAL] (ID : 4) - /praise_list
[10:05:04] [GET] [NORMAL] (ID : 1) - /notification
[10:05:36] [GET] [NORMAL] (ID : 1) - /my_space
[10:05:39] [GET] [NORMAL] (ID : 1) - /praise_list
[10:05:45] [GET] [NORMAL] (ID : 1) - /user_space/August13
[10:05:57] [GET] [NORMAL] (ID : 1) - /friend
[10:06:00] [GET] [NORMAL] (ID : 1) - /friend_request
[10:06:05] [GET] [NORMAL] (ID : 1) - /setting
[10:06:13] [GET] [NORMAL] (ID : 3) - /friend
[10:06:18] [GET] [NORMAL] (ID : 3) - /friend_request
[10:06:20] [GET] [NORMAL] (ID : 3) - /friend
[10:06:25] [GET] [NORMAL] (ID : 3) - /notification
[10:06:32] [GET] [NORMAL] (ID : 1) - /notification
[10:06:34] [GET] [NORMAL] (ID : 3) - /friend
[10:06:45] [GET] [NORMAL] (ID : 1) - /friend
[10:06:46] [GET] [NORMAL] (ID : 4) - /praise_list
[10:06:47] [GET] [NORMAL] (ID : 3) - /user_space/哔哩哔哩官方
[10:06:50] [GET] [NORMAL] (ID : 4) - /home
[10:06:52] [GET] [NORMAL] (ID : 1) - /user_space/yueyan
[10:06:58] [GET] [NORMAL] (ID : 4) - /friend
[10:07:02] [GET] [NORMAL] (ID : 3) - /friend
[10:07:03] [GET] [NORMAL] (ID : 4) - /praise_list
[10:07:06] [GET] [NORMAL] (ID : 4) - /user_space/August13
[10:07:10] [GET] [NORMAL] (ID : 3) - /user_space/AprilQM
[10:07:17] [GET] [NORMAL] (ID : 4) - /friend
[10:07:20] [GET] [NORMAL] (ID : 4) - /friend_request
[10:07:21] [GET] [NORMAL] (ID : 1) - /friend_request
[10:07:30] [GET] [NORMAL] (ID : 1) - /friend_request
[10:07:36] [GET] [NORMAL] (ID : 1) - /friend_request
[10:07:50] [GET] [NORMAL] (ID : 4) - /friend
[10:08:03] [GET] [NORMAL] (ID : 1) - /setting
[10:08:39] [GET] [NORMAL] (ID : 4) - /user_space/AprilQM
[10:08:47] [GET] [NORMAL] (ID : 4) - /user_space/AprilQM
[10:09:02] [GET] [NORMAL] (ID : 1) - /my_space
[10:09:17] [GET] [NORMAL] (ID : 4) - /user_space/AprilQM
[10:09:22] [GET] [NORMAL] (ID : 4) - /my_space
[10:09:29] [GET] [NORMAL] (ID : 4) - /friend
[10:09:38] [GET] [NORMAL] (ID : 4) - /user_space/AprilQM
[10:12:29] [GET] [NORMAL] (ID : 4) - /user_space/AprilQM
[10:12:31] [GET] [NORMAL] (ID : 1) - /test
[10:12:31] [GET] [NORMAL] (ID : 1) - /favicon.ico
[10:12:32] [GET] [NORMAL] (ID : 4) - /logout
[10:12:32] [GET] [NORMAL] (ID : 4) - /favicon.ico
[10:12:33] [GET] [NORMAL] (ID : 4) - /logout
[10:12:59] [GET] [NORMAL] (ID : 4) - /logout
[10:13:00] [GET] [NORMAL] (ID : 4) - /logout
[10:13:00] [GET] [NORMAL] (ID : 4) - /logout
[10:13:00] [GET] [NORMAL] (ID : 4) - /logout
[10:13:00] [GET] [NORMAL] (ID : 4) - /logout
[10:13:00] [GET] [NORMAL] (ID : 4) - /logout
[10:13:01] [GET] [NORMAL] (ID : 4) - /logout
[10:13:01] [GET] [NORMAL] (ID : 4) - /logout
[10:13:01] [GET] [NORMAL] (ID : 4) - /logout
[10:13:01] [GET] [NORMAL] (ID : 4) - /logout
[10:13:01] [GET] [NORMAL] (ID : 4) - /logout
[10:13:02] [GET] [NORMAL] (ID : 4) - /logout
[10:13:02] [GET] [NORMAL] (ID : 4) - /logout
[10:13:02] [GET] [NORMAL] (ID : 4) - /logout
[10:13:02] [GET] [NORMAL] (ID : 4) - /logout
[10:13:02] [GET] [NORMAL] (ID : 4) - /logout
[10:13:03] [GET] [NORMAL] (ID : 4) - /logout
[10:14:07] [GET] [NORMAL] (ID : 4) - /friend
[10:14:13] [GET] [NORMAL] (ID : 1) - /test
[10:14:14] [GET] [NORMAL] (ID : 0) - /home
